[ 2016-09-14T01:56:17+08:00 ] 66.249.69.225 /user/login.html
INFO: [ app_init ] --START--
INFO: Run Behavior\BuildLiteBehavior [ RunTime:0.000016s ]
INFO: [ app_init ] --END-- [ RunTime:0.000357s ]
INFO: [ app_begin ] --START--
INFO: Run Behavior\ReadHtmlCacheBehavior [ RunTime:0.000413s ]
INFO: [ app_begin ] --END-- [ RunTime:0.000466s ]
SQL: SHOW COLUMNS FROM `user` [ RunTime:0.0011s ]
SQL: SELECT `id`,`name` FROM `user` WHERE `mail` = '' AND `password` = 'd41d8cd98f00b204e9800998ecf8427e' LIMIT 1   [ RunTime:0.0001s ]
INFO: [ view_parse ] --START--
INFO: [ template_filter ] --START--
INFO: Run Behavior\ContentReplaceBehavior [ RunTime:0.000037s ]
INFO: [ template_filter ] --END-- [ RunTime:0.000075s ]
NOTIC: [8] Undefined variable: uname /home/wwwroot/app.czjt.org/Application/Runtime/Cache/User/cd7f950d5de11f03979102b93709231a.php 第 31 行.
INFO: Run Behavior\ParseTemplateBehavior [ RunTime:0.008735s ]
INFO: [ view_parse ] --END-- [ RunTime:0.008806s ]
INFO: [ view_filter ] --START--
INFO: Run Behavior\WriteHtmlCacheBehavior [ RunTime:0.000392s ]
INFO: [ view_filter ] --END-- [ RunTime:0.000422s ]
INFO: [ app_end ] --START--
INFO: Run Behavior\ShowPageTraceBehavior [ RunTime:0.000519s ]
INFO: [ app_end ] --END-- [ RunTime:0.000567s ]

[ 2016-09-14T17:48:05+08:00 ] 5.9.111.70 /user/login.html
INFO: [ app_init ] --START--
INFO: Run Behavior\BuildLiteBehavior [ RunTime:0.000015s ]
INFO: [ app_init ] --END-- [ RunTime:0.000291s ]
INFO: [ app_begin ] --START--
INFO: Run Behavior\ReadHtmlCacheBehavior [ RunTime:0.000388s ]
INFO: [ app_begin ] --END-- [ RunTime:0.000431s ]
SQL: SHOW COLUMNS FROM `user` [ RunTime:0.0011s ]
SQL: SELECT `id`,`name` FROM `user` WHERE `mail` = '' AND `password` = 'd41d8cd98f00b204e9800998ecf8427e' LIMIT 1   [ RunTime:0.0001s ]
INFO: [ view_parse ] --START--
INFO: [ template_filter ] --START--
INFO: Run Behavior\ContentReplaceBehavior [ RunTime:0.000034s ]
INFO: [ template_filter ] --END-- [ RunTime:0.000088s ]
NOTIC: [8] Undefined variable: uname /home/wwwroot/app.czjt.org/Application/Runtime/Cache/User/cd7f950d5de11f03979102b93709231a.php 第 31 行.
INFO: Run Behavior\ParseTemplateBehavior [ RunTime:0.005922s ]
INFO: [ view_parse ] --END-- [ RunTime:0.005957s ]
INFO: [ view_filter ] --START--
INFO: Run Behavior\WriteHtmlCacheBehavior [ RunTime:0.000160s ]
INFO: [ view_filter ] --END-- [ RunTime:0.000189s ]
INFO: [ app_end ] --START--
INFO: Run Behavior\ShowPageTraceBehavior [ RunTime:0.000452s ]
INFO: [ app_end ] --END-- [ RunTime:0.000489s ]

