[ 2016-09-21T03:29:53+08:00 ] 69.30.211.2 /user/login.html
INFO: [ app_init ] --START--
INFO: Run Behavior\BuildLiteBehavior [ RunTime:0.000016s ]
INFO: [ app_init ] --END-- [ RunTime:0.000320s ]
INFO: [ app_begin ] --START--
INFO: Run Behavior\ReadHtmlCacheBehavior [ RunTime:0.000408s ]
INFO: [ app_begin ] --END-- [ RunTime:0.000465s ]
SQL: SHOW COLUMNS FROM `user` [ RunTime:0.0010s ]
SQL: SELECT `id`,`name` FROM `user` WHERE `mail` = '' AND `password` = 'd41d8cd98f00b204e9800998ecf8427e' LIMIT 1   [ RunTime:0.0001s ]
INFO: [ view_parse ] --START--
INFO: [ template_filter ] --START--
INFO: Run Behavior\ContentReplaceBehavior [ RunTime:0.000041s ]
INFO: [ template_filter ] --END-- [ RunTime:0.000094s ]
NOTIC: [8] Undefined variable: uname /home/wwwroot/app.czjt.org/Application/Runtime/Cache/User/cd7f950d5de11f03979102b93709231a.php 第 31 行.
INFO: Run Behavior\ParseTemplateBehavior [ RunTime:0.006717s ]
INFO: [ view_parse ] --END-- [ RunTime:0.006755s ]
INFO: [ view_filter ] --START--
INFO: Run Behavior\WriteHtmlCacheBehavior [ RunTime:0.000166s ]
INFO: [ view_filter ] --END-- [ RunTime:0.000195s ]
INFO: [ app_end ] --START--
INFO: Run Behavior\ShowPageTraceBehavior [ RunTime:0.000480s ]
INFO: [ app_end ] --END-- [ RunTime:0.000526s ]

