[ 2017-06-04T14:57:14+08:00 ] 127.0.0.1 /
INFO: [ app_init ] --START--
INFO: Run Behavior\BuildLiteBehavior [ RunTime:0.000010s ]
INFO: [ app_init ] --END-- [ RunTime:0.000207s ]
INFO: [ app_begin ] --START--
INFO: Run Behavior\ReadHtmlCacheBehavior [ RunTime:0.001768s ]
INFO: [ app_begin ] --END-- [ RunTime:0.001816s ]

[ 2017-06-04T14:57:32+08:00 ] 127.0.0.1 /User/Login
INFO: [ app_init ] --START--
INFO: Run Behavior\BuildLiteBehavior [ RunTime:0.000012s ]
INFO: [ app_init ] --END-- [ RunTime:0.000172s ]
INFO: [ app_begin ] --START--
INFO: Run Behavior\ReadHtmlCacheBehavior [ RunTime:0.012734s ]
INFO: [ app_begin ] --END-- [ RunTime:0.012814s ]

[ 2017-06-04T14:58:17+08:00 ] 127.0.0.1 /
INFO: [ app_init ] --START--
INFO: Run Behavior\BuildLiteBehavior [ RunTime:0.000011s ]
INFO: [ app_init ] --END-- [ RunTime:0.000097s ]
INFO: [ app_begin ] --START--
INFO: Run Behavior\ReadHtmlCacheBehavior [ RunTime:0.001733s ]
INFO: [ app_begin ] --END-- [ RunTime:0.001774s ]

[ 2017-06-04T14:58:21+08:00 ] 127.0.0.1 /User/Login
INFO: [ app_init ] --START--
INFO: Run Behavior\BuildLiteBehavior [ RunTime:0.000011s ]
INFO: [ app_init ] --END-- [ RunTime:0.000099s ]
INFO: [ app_begin ] --START--
INFO: Run Behavior\ReadHtmlCacheBehavior [ RunTime:0.001742s ]
INFO: [ app_begin ] --END-- [ RunTime:0.001788s ]

[ 2017-06-04T14:58:42+08:00 ] 192.168.1.102 /User/login
INFO: [ app_init ] --START--
INFO: Run Behavior\BuildLiteBehavior [ RunTime:0.000007s ]
INFO: [ app_init ] --END-- [ RunTime:0.000057s ]
INFO: [ app_begin ] --START--
INFO: Run Behavior\ReadHtmlCacheBehavior [ RunTime:0.001719s ]
INFO: [ app_begin ] --END-- [ RunTime:0.001753s ]

[ 2017-06-04T15:01:08+08:00 ] 192.168.1.102 /User/login
INFO: [ app_init ] --START--
INFO: Run Behavior\BuildLiteBehavior [ RunTime:0.000019s ]
INFO: [ app_init ] --END-- [ RunTime:0.000111s ]
INFO: [ app_begin ] --START--
INFO: Run Behavior\ReadHtmlCacheBehavior [ RunTime:0.001778s ]
INFO: [ app_begin ] --END-- [ RunTime:0.001818s ]

[ 2017-06-04T15:02:00+08:00 ] 192.168.1.102 /User/login
INFO: [ app_init ] --START--
INFO: Run Behavior\BuildLiteBehavior [ RunTime:0.000007s ]
INFO: [ app_init ] --END-- [ RunTime:0.000062s ]
INFO: [ app_begin ] --START--
INFO: Run Behavior\ReadHtmlCacheBehavior [ RunTime:0.001717s ]
INFO: [ app_begin ] --END-- [ RunTime:0.001756s ]

[ 2017-06-04T15:03:56+08:00 ] 192.168.1.102 /
INFO: [ app_init ] --START--
INFO: Run Behavior\BuildLiteBehavior [ RunTime:0.000024s ]
INFO: [ app_init ] --END-- [ RunTime:0.000130s ]
INFO: [ app_begin ] --START--
INFO: Run Behavior\ReadHtmlCacheBehavior [ RunTime:0.003067s ]
INFO: [ app_begin ] --END-- [ RunTime:0.003140s ]

[ 2017-06-04T15:03:56+08:00 ] 192.168.1.102 /User/Login
INFO: [ app_init ] --START--
INFO: Run Behavior\BuildLiteBehavior [ RunTime:0.000009s ]
INFO: [ app_init ] --END-- [ RunTime:0.000078s ]
INFO: [ app_begin ] --START--
INFO: Run Behavior\ReadHtmlCacheBehavior [ RunTime:0.001765s ]
INFO: [ app_begin ] --END-- [ RunTime:0.001809s ]

[ 2017-06-04T15:04:31+08:00 ] 127.0.0.1 /User/Login
INFO: [ app_init ] --START--
INFO: Run Behavior\BuildLiteBehavior [ RunTime:0.000013s ]
INFO: [ app_init ] --END-- [ RunTime:0.000110s ]
INFO: [ app_begin ] --START--
INFO: Run Behavior\ReadHtmlCacheBehavior [ RunTime:0.002021s ]
INFO: [ app_begin ] --END-- [ RunTime:0.002069s ]

[ 2017-06-04T15:04:31+08:00 ] 127.0.0.1 /User/Login
INFO: [ app_init ] --START--
INFO: Run Behavior\BuildLiteBehavior [ RunTime:0.000008s ]
INFO: [ app_init ] --END-- [ RunTime:0.000064s ]
INFO: [ app_begin ] --START--
INFO: Run Behavior\ReadHtmlCacheBehavior [ RunTime:0.002147s ]
INFO: [ app_begin ] --END-- [ RunTime:0.002207s ]
SQL: SHOW COLUMNS FROM `user` [ RunTime:0.0107s ]
SQL: SELECT COUNT(*) AS tp_count FROM `user` WHERE `openid` = 'opdLfvu_83Lft7YaPtApYkyZzRk8' LIMIT 1   [ RunTime:0.3457s ]
NOTIC: [8] Undefined variable: openid G:\UPUPW_AP7.0\htdocs\Application\User\Controller\LoginController.class.php 第 15 行.
SQL: SELECT `id`,`name`,`openid`,`class` FROM `user` WHERE `openid` = null LIMIT 1   [ RunTime:0.0061s ]

[ 2017-06-04T15:04:47+08:00 ] 127.0.0.1 /User/Login
INFO: [ app_init ] --START--
INFO: Run Behavior\BuildLiteBehavior [ RunTime:0.000011s ]
INFO: [ app_init ] --END-- [ RunTime:0.000094s ]
INFO: [ app_begin ] --START--
INFO: Run Behavior\ReadHtmlCacheBehavior [ RunTime:0.002882s ]
INFO: [ app_begin ] --END-- [ RunTime:0.002943s ]
SQL: SHOW COLUMNS FROM `user` [ RunTime:0.0181s ]
SQL: SELECT COUNT(*) AS tp_count FROM `user` WHERE `openid` = 'opdLfvu_83Lft7YaPtApYkyZzRk8' LIMIT 1   [ RunTime:0.0062s ]
NOTIC: [8] Undefined variable: openid G:\UPUPW_AP7.0\htdocs\Application\User\Controller\LoginController.class.php 第 15 行.
SQL: SELECT `id`,`name`,`openid`,`class` FROM `user` WHERE `openid` = null LIMIT 1   [ RunTime:0.0076s ]

[ 2017-06-04T15:06:34+08:00 ] 127.0.0.1 /User/Login
INFO: [ app_init ] --START--
INFO: Run Behavior\BuildLiteBehavior [ RunTime:0.000010s ]
INFO: [ app_init ] --END-- [ RunTime:0.000081s ]
INFO: [ app_begin ] --START--
INFO: Run Behavior\ReadHtmlCacheBehavior [ RunTime:0.003309s ]
INFO: [ app_begin ] --END-- [ RunTime:0.003379s ]
SQL: SHOW COLUMNS FROM `user` [ RunTime:0.0054s ]
SQL: SELECT COUNT(*) AS tp_count FROM `user` WHERE `openid` = 'opdLfvu_83Lft7YaPtApYkyZzRk8' LIMIT 1   [ RunTime:0.0108s ]
NOTIC: [8] Undefined variable: openid G:\UPUPW_AP7.0\htdocs\Application\User\Controller\LoginController.class.php 第 15 行.
SQL: SELECT `id`,`name`,`openid`,`class` FROM `user` WHERE `openid` = null LIMIT 1   [ RunTime:0.0093s ]

[ 2017-06-04T15:06:39+08:00 ] 127.0.0.1 /User/Login
INFO: [ app_init ] --START--
INFO: Run Behavior\BuildLiteBehavior [ RunTime:0.000011s ]
INFO: [ app_init ] --END-- [ RunTime:0.000100s ]
INFO: [ app_begin ] --START--
INFO: Run Behavior\ReadHtmlCacheBehavior [ RunTime:0.003066s ]
INFO: [ app_begin ] --END-- [ RunTime:0.003142s ]
SQL: SHOW COLUMNS FROM `user` [ RunTime:0.0150s ]
SQL: SELECT COUNT(*) AS tp_count FROM `user` WHERE `openid` = 'opdLfvu_83Lft7YaPtApYkyZzRk8' LIMIT 1   [ RunTime:0.0100s ]
NOTIC: [8] Undefined variable: openid G:\UPUPW_AP7.0\htdocs\Application\User\Controller\LoginController.class.php 第 15 行.
SQL: SELECT `id`,`name`,`openid`,`class` FROM `user` WHERE `openid` = null LIMIT 1   [ RunTime:0.0088s ]

[ 2017-06-04T15:07:13+08:00 ] 127.0.0.1 /
INFO: [ app_init ] --START--
INFO: Run Behavior\BuildLiteBehavior [ RunTime:0.000010s ]
INFO: [ app_init ] --END-- [ RunTime:0.000083s ]
INFO: [ app_begin ] --START--
INFO: Run Behavior\ReadHtmlCacheBehavior [ RunTime:0.001741s ]
INFO: [ app_begin ] --END-- [ RunTime:0.001785s ]

[ 2017-06-04T15:07:15+08:00 ] 127.0.0.1 /User/Login
INFO: [ app_init ] --START--
INFO: Run Behavior\BuildLiteBehavior [ RunTime:0.000008s ]
INFO: [ app_init ] --END-- [ RunTime:0.000071s ]
INFO: [ app_begin ] --START--
INFO: Run Behavior\ReadHtmlCacheBehavior [ RunTime:0.003094s ]
INFO: [ app_begin ] --END-- [ RunTime:0.003157s ]

[ 2017-06-04T15:07:20+08:00 ] 192.168.1.102 /
INFO: [ app_init ] --START--
INFO: Run Behavior\BuildLiteBehavior [ RunTime:0.000008s ]
INFO: [ app_init ] --END-- [ RunTime:0.000061s ]
INFO: [ app_begin ] --START--
INFO: Run Behavior\ReadHtmlCacheBehavior [ RunTime:0.002630s ]
INFO: [ app_begin ] --END-- [ RunTime:0.002921s ]

[ 2017-06-04T15:07:20+08:00 ] 192.168.1.102 /User/Login
INFO: [ app_init ] --START--
INFO: Run Behavior\BuildLiteBehavior [ RunTime:0.000007s ]
INFO: [ app_init ] --END-- [ RunTime:0.000058s ]
INFO: [ app_begin ] --START--
INFO: Run Behavior\ReadHtmlCacheBehavior [ RunTime:0.003100s ]
INFO: [ app_begin ] --END-- [ RunTime:0.003169s ]

[ 2017-06-04T15:07:25+08:00 ] 127.0.0.1 /User/Login
INFO: [ app_init ] --START--
INFO: Run Behavior\BuildLiteBehavior [ RunTime:0.000013s ]
INFO: [ app_init ] --END-- [ RunTime:0.000117s ]
INFO: [ app_begin ] --START--
INFO: Run Behavior\ReadHtmlCacheBehavior [ RunTime:0.004501s ]
INFO: [ app_begin ] --END-- [ RunTime:0.004583s ]
SQL: SHOW COLUMNS FROM `user` [ RunTime:0.0373s ]
SQL: SELECT COUNT(*) AS tp_count FROM `user` WHERE `openid` = 'opdLfvu_83Lft7YaPtApYkyZzRk8' LIMIT 1   [ RunTime:0.0095s ]
INFO: [ view_parse ] --START--
INFO: [ template_filter ] --START--
INFO: Run Behavior\ContentReplaceBehavior [ RunTime:0.000038s ]
INFO: [ template_filter ] --END-- [ RunTime:0.000074s ]
NOTIC: [8] Undefined variable: uname G:\UPUPW_AP7.0\htdocs\Application\Runtime\Cache\User\cd7f950d5de11f03979102b93709231a.php 第 31 行.
INFO: Run Behavior\ParseTemplateBehavior [ RunTime:0.071126s ]
INFO: [ view_parse ] --END-- [ RunTime:0.071244s ]
INFO: [ view_filter ] --START--
INFO: Run Behavior\WriteHtmlCacheBehavior [ RunTime:0.002936s ]
INFO: [ view_filter ] --END-- [ RunTime:0.002981s ]
INFO: [ app_end ] --START--
INFO: Run Behavior\ShowPageTraceBehavior [ RunTime:0.001799s ]
INFO: [ app_end ] --END-- [ RunTime:0.001827s ]

[ 2017-06-04T15:07:50+08:00 ] 127.0.0.1 /
INFO: [ app_init ] --START--
INFO: Run Behavior\BuildLiteBehavior [ RunTime:0.000032s ]
INFO: [ app_init ] --END-- [ RunTime:0.000220s ]
INFO: [ app_begin ] --START--
INFO: Run Behavior\ReadHtmlCacheBehavior [ RunTime:0.003268s ]
INFO: [ app_begin ] --END-- [ RunTime:0.003342s ]

[ 2017-06-04T15:07:50+08:00 ] 127.0.0.1 /User/Login/bindId.html
INFO: [ app_init ] --START--
INFO: Run Behavior\BuildLiteBehavior [ RunTime:0.000009s ]
INFO: [ app_init ] --END-- [ RunTime:0.000082s ]
INFO: [ app_begin ] --START--
INFO: Run Behavior\ReadHtmlCacheBehavior [ RunTime:0.003308s ]
INFO: [ app_begin ] --END-- [ RunTime:0.003387s ]
SQL: SHOW COLUMNS FROM `user` [ RunTime:0.0170s ]
SQL: SELECT COUNT(*) AS tp_count FROM `user` WHERE `id` = '144109150' LIMIT 1   [ RunTime:0.0092s ]
SQL: UPDATE `user` SET `openid`='opdLfvu_83Lft7YaPtApYkyZzRk8' WHERE `id` = '144109150' [ RunTime:0.0816s ]
INFO: [ view_parse ] --START--
INFO: [ template_filter ] --START--
INFO: Run Behavior\ContentReplaceBehavior [ RunTime:0.000022s ]
INFO: [ template_filter ] --END-- [ RunTime:0.000059s ]
INFO: Run Behavior\ParseTemplateBehavior [ RunTime:0.011005s ]
INFO: [ view_parse ] --END-- [ RunTime:0.011051s ]
INFO: [ view_filter ] --START--
INFO: Run Behavior\WriteHtmlCacheBehavior [ RunTime:0.001850s ]
INFO: [ view_filter ] --END-- [ RunTime:0.001885s ]
INFO: [ app_end ] --START--
INFO: Run Behavior\ShowPageTraceBehavior [ RunTime:0.001813s ]
INFO: [ app_end ] --END-- [ RunTime:0.001853s ]

[ 2017-06-04T15:07:59+08:00 ] 127.0.0.1 /User/Login
INFO: [ app_init ] --START--
INFO: Run Behavior\BuildLiteBehavior [ RunTime:0.000011s ]
INFO: [ app_init ] --END-- [ RunTime:0.000098s ]
INFO: [ app_begin ] --START--
INFO: Run Behavior\ReadHtmlCacheBehavior [ RunTime:0.002214s ]
INFO: [ app_begin ] --END-- [ RunTime:0.002259s ]

[ 2017-06-04T15:08:05+08:00 ] 127.0.0.1 /User/Login/bindId.html
INFO: [ app_init ] --START--
INFO: Run Behavior\BuildLiteBehavior [ RunTime:0.000010s ]
INFO: [ app_init ] --END-- [ RunTime:0.000093s ]
INFO: [ app_begin ] --START--
INFO: Run Behavior\ReadHtmlCacheBehavior [ RunTime:0.002544s ]
INFO: [ app_begin ] --END-- [ RunTime:0.002609s ]
NOTIC: [2] Missing argument 1 for Think\Controller::redirect(), called in G:\UPUPW_AP7.0\htdocs\Application\User\Controller\LoginController.class.php on line 37 and defined G:\UPUPW_AP7.0\htdocs\ThinkPHP\Library\Think\Controller.class.php 第 245 行.
NOTIC: [8] Undefined variable: url G:\UPUPW_AP7.0\htdocs\ThinkPHP\Library\Think\Controller.class.php 第 246 行.

[ 2017-06-04T15:08:14+08:00 ] 127.0.0.1 /User/Login/bindId.html
INFO: [ app_init ] --START--
INFO: Run Behavior\BuildLiteBehavior [ RunTime:0.000009s ]
INFO: [ app_init ] --END-- [ RunTime:0.000067s ]
INFO: [ app_begin ] --START--
INFO: Run Behavior\ReadHtmlCacheBehavior [ RunTime:0.003749s ]
INFO: [ app_begin ] --END-- [ RunTime:0.003814s ]
NOTIC: [2] Missing argument 1 for Think\Controller::redirect(), called in G:\UPUPW_AP7.0\htdocs\Application\User\Controller\LoginController.class.php on line 37 and defined G:\UPUPW_AP7.0\htdocs\ThinkPHP\Library\Think\Controller.class.php 第 245 行.
NOTIC: [8] Undefined variable: url G:\UPUPW_AP7.0\htdocs\ThinkPHP\Library\Think\Controller.class.php 第 246 行.

[ 2017-06-04T15:08:25+08:00 ] 127.0.0.1 /User/login
INFO: [ app_init ] --START--
INFO: Run Behavior\BuildLiteBehavior [ RunTime:0.000010s ]
INFO: [ app_init ] --END-- [ RunTime:0.000091s ]
INFO: [ app_begin ] --START--
INFO: Run Behavior\ReadHtmlCacheBehavior [ RunTime:0.004158s ]
INFO: [ app_begin ] --END-- [ RunTime:0.004226s ]
SQL: SHOW COLUMNS FROM `user` [ RunTime:0.0127s ]
SQL: SELECT COUNT(*) AS tp_count FROM `user` WHERE `openid` = 'opdLfvu_83Lft7YaPtApYkyZzRk8' LIMIT 1   [ RunTime:0.0109s ]
NOTIC: [8] Undefined variable: openid G:\UPUPW_AP7.0\htdocs\Application\User\Controller\LoginController.class.php 第 15 行.
SQL: SELECT `id`,`name`,`openid`,`class` FROM `user` WHERE `openid` = null LIMIT 1   [ RunTime:0.0114s ]

[ 2017-06-04T15:08:27+08:00 ] 127.0.0.1 /User/Login/bindId.html
INFO: [ app_init ] --START--
INFO: Run Behavior\BuildLiteBehavior [ RunTime:0.000013s ]
INFO: [ app_init ] --END-- [ RunTime:0.000110s ]
INFO: [ app_begin ] --START--
INFO: Run Behavior\ReadHtmlCacheBehavior [ RunTime:0.003313s ]
INFO: [ app_begin ] --END-- [ RunTime:0.003389s ]
NOTIC: [2] Missing argument 1 for Think\Controller::redirect(), called in G:\UPUPW_AP7.0\htdocs\Application\User\Controller\LoginController.class.php on line 37 and defined G:\UPUPW_AP7.0\htdocs\ThinkPHP\Library\Think\Controller.class.php 第 245 行.
NOTIC: [8] Undefined variable: url G:\UPUPW_AP7.0\htdocs\ThinkPHP\Library\Think\Controller.class.php 第 246 行.

[ 2017-06-04T15:08:35+08:00 ] 127.0.0.1 /User/login
INFO: [ app_init ] --START--
INFO: Run Behavior\BuildLiteBehavior [ RunTime:0.000026s ]
INFO: [ app_init ] --END-- [ RunTime:0.000216s ]
INFO: [ app_begin ] --START--
INFO: Run Behavior\ReadHtmlCacheBehavior [ RunTime:0.003324s ]
INFO: [ app_begin ] --END-- [ RunTime:0.003390s ]
SQL: SHOW COLUMNS FROM `user` [ RunTime:0.0199s ]
SQL: SELECT COUNT(*) AS tp_count FROM `user` WHERE `openid` = 'opdLfvu_83Lft7YaPtApYkyZzRk8' LIMIT 1   [ RunTime:0.0114s ]
NOTIC: [8] Undefined variable: openid G:\UPUPW_AP7.0\htdocs\Application\User\Controller\LoginController.class.php 第 15 行.
SQL: SELECT `id`,`name`,`openid`,`class` FROM `user` WHERE `openid` = null LIMIT 1   [ RunTime:0.0092s ]

[ 2017-06-04T15:08:39+08:00 ] 127.0.0.1 /User/Login/bindId.html
INFO: [ app_init ] --START--
INFO: Run Behavior\BuildLiteBehavior [ RunTime:0.000008s ]
INFO: [ app_init ] --END-- [ RunTime:0.000063s ]
INFO: [ app_begin ] --START--
INFO: Run Behavior\ReadHtmlCacheBehavior [ RunTime:0.004151s ]
INFO: [ app_begin ] --END-- [ RunTime:0.004225s ]
NOTIC: [2] Missing argument 1 for Think\Controller::redirect(), called in G:\UPUPW_AP7.0\htdocs\Application\User\Controller\LoginController.class.php on line 37 and defined G:\UPUPW_AP7.0\htdocs\ThinkPHP\Library\Think\Controller.class.php 第 245 行.
NOTIC: [8] Undefined variable: url G:\UPUPW_AP7.0\htdocs\ThinkPHP\Library\Think\Controller.class.php 第 246 行.

[ 2017-06-04T15:08:49+08:00 ] 127.0.0.1 /User/Login/bindId.html
INFO: [ app_init ] --START--
INFO: Run Behavior\BuildLiteBehavior [ RunTime:0.000011s ]
INFO: [ app_init ] --END-- [ RunTime:0.000101s ]
INFO: [ app_begin ] --START--
INFO: Run Behavior\ReadHtmlCacheBehavior [ RunTime:0.002099s ]
INFO: [ app_begin ] --END-- [ RunTime:0.002146s ]
NOTIC: [2] Missing argument 1 for Think\Controller::redirect(), called in G:\UPUPW_AP7.0\htdocs\Application\User\Controller\LoginController.class.php on line 37 and defined G:\UPUPW_AP7.0\htdocs\ThinkPHP\Library\Think\Controller.class.php 第 245 行.
NOTIC: [8] Undefined variable: url G:\UPUPW_AP7.0\htdocs\ThinkPHP\Library\Think\Controller.class.php 第 246 行.

[ 2017-06-04T15:09:02+08:00 ] 127.0.0.1 /User/Login/bindId.html
INFO: [ app_init ] --START--
INFO: Run Behavior\BuildLiteBehavior [ RunTime:0.000008s ]
INFO: [ app_init ] --END-- [ RunTime:0.000070s ]
INFO: [ app_begin ] --START--
INFO: Run Behavior\ReadHtmlCacheBehavior [ RunTime:0.003885s ]
INFO: [ app_begin ] --END-- [ RunTime:0.003958s ]
NOTIC: [2] Missing argument 1 for Think\Controller::redirect(), called in G:\UPUPW_AP7.0\htdocs\Application\User\Controller\LoginController.class.php on line 37 and defined G:\UPUPW_AP7.0\htdocs\ThinkPHP\Library\Think\Controller.class.php 第 245 行.
NOTIC: [8] Undefined variable: url G:\UPUPW_AP7.0\htdocs\ThinkPHP\Library\Think\Controller.class.php 第 246 行.

[ 2017-06-04T15:09:10+08:00 ] 127.0.0.1 /User/Login/bindId.html
INFO: [ app_init ] --START--
INFO: Run Behavior\BuildLiteBehavior [ RunTime:0.000008s ]
INFO: [ app_init ] --END-- [ RunTime:0.000063s ]
INFO: [ app_begin ] --START--
INFO: Run Behavior\ReadHtmlCacheBehavior [ RunTime:0.001734s ]
INFO: [ app_begin ] --END-- [ RunTime:0.001781s ]
NOTIC: [2] Missing argument 1 for Think\Controller::redirect(), called in G:\UPUPW_AP7.0\htdocs\Application\User\Controller\LoginController.class.php on line 37 and defined G:\UPUPW_AP7.0\htdocs\ThinkPHP\Library\Think\Controller.class.php 第 245 行.
NOTIC: [8] Undefined variable: url G:\UPUPW_AP7.0\htdocs\ThinkPHP\Library\Think\Controller.class.php 第 246 行.

[ 2017-06-04T15:11:36+08:00 ] 127.0.0.1 /
INFO: [ app_init ] --START--
INFO: Run Behavior\BuildLiteBehavior [ RunTime:0.000008s ]
INFO: [ app_init ] --END-- [ RunTime:0.000061s ]
INFO: [ app_begin ] --START--
INFO: Run Behavior\ReadHtmlCacheBehavior [ RunTime:0.001769s ]
INFO: [ app_begin ] --END-- [ RunTime:0.001821s ]

[ 2017-06-04T15:11:43+08:00 ] 127.0.0.1 /User/Login
INFO: [ app_init ] --START--
INFO: Run Behavior\BuildLiteBehavior [ RunTime:0.000012s ]
INFO: [ app_init ] --END-- [ RunTime:0.000090s ]
INFO: [ app_begin ] --START--
INFO: Run Behavior\ReadHtmlCacheBehavior [ RunTime:0.002957s ]
INFO: [ app_begin ] --END-- [ RunTime:0.003016s ]

[ 2017-06-04T15:11:51+08:00 ] 127.0.0.1 /User/Login
INFO: [ app_init ] --START--
INFO: Run Behavior\BuildLiteBehavior [ RunTime:0.000008s ]
INFO: [ app_init ] --END-- [ RunTime:0.000068s ]
INFO: [ app_begin ] --START--
INFO: Run Behavior\ReadHtmlCacheBehavior [ RunTime:0.002971s ]
INFO: [ app_begin ] --END-- [ RunTime:0.003034s ]
SQL: SHOW COLUMNS FROM `user` [ RunTime:0.0155s ]
SQL: SELECT COUNT(*) AS tp_count FROM `user` WHERE `openid` = 'opdLfvu_83Lft7YaPtApYkyZzRk8' LIMIT 1   [ RunTime:0.0109s ]
NOTIC: [8] Undefined variable: openid G:\UPUPW_AP7.0\htdocs\Application\User\Controller\LoginController.class.php 第 15 行.
SQL: SELECT `id`,`name`,`openid`,`class` FROM `user` WHERE `openid` = null LIMIT 1   [ RunTime:0.0103s ]

[ 2017-06-04T15:13:42+08:00 ] 127.0.0.1 /
INFO: [ app_init ] --START--
INFO: Run Behavior\BuildLiteBehavior [ RunTime:0.000013s ]
INFO: [ app_init ] --END-- [ RunTime:0.000102s ]
INFO: [ app_begin ] --START--
INFO: Run Behavior\ReadHtmlCacheBehavior [ RunTime:0.003599s ]
INFO: [ app_begin ] --END-- [ RunTime:0.003675s ]

[ 2017-06-04T15:13:56+08:00 ] 127.0.0.1 /User/Login
INFO: [ app_init ] --START--
INFO: Run Behavior\BuildLiteBehavior [ RunTime:0.000011s ]
INFO: [ app_init ] --END-- [ RunTime:0.000100s ]
INFO: [ app_begin ] --START--
INFO: Run Behavior\ReadHtmlCacheBehavior [ RunTime:0.002508s ]
INFO: [ app_begin ] --END-- [ RunTime:0.002568s ]

[ 2017-06-04T15:14:35+08:00 ] 127.0.0.1 /
INFO: [ app_init ] --START--
INFO: Run Behavior\BuildLiteBehavior [ RunTime:0.000011s ]
INFO: [ app_init ] --END-- [ RunTime:0.000097s ]
INFO: [ app_begin ] --START--
INFO: Run Behavior\ReadHtmlCacheBehavior [ RunTime:0.001736s ]
INFO: [ app_begin ] --END-- [ RunTime:0.001781s ]

[ 2017-06-04T15:14:44+08:00 ] 127.0.0.1 /User/Login
INFO: [ app_init ] --START--
INFO: Run Behavior\BuildLiteBehavior [ RunTime:0.000008s ]
INFO: [ app_init ] --END-- [ RunTime:0.000058s ]
INFO: [ app_begin ] --START--
INFO: Run Behavior\ReadHtmlCacheBehavior [ RunTime:0.001833s ]
INFO: [ app_begin ] --END-- [ RunTime:0.001886s ]

[ 2017-06-04T15:15:38+08:00 ] 127.0.0.1 /
INFO: [ app_init ] --START--
INFO: Run Behavior\BuildLiteBehavior [ RunTime:0.000010s ]
INFO: [ app_init ] --END-- [ RunTime:0.000074s ]
INFO: [ app_begin ] --START--
INFO: Run Behavior\ReadHtmlCacheBehavior [ RunTime:0.001719s ]
INFO: [ app_begin ] --END-- [ RunTime:0.001758s ]

[ 2017-06-04T15:15:45+08:00 ] 127.0.0.1 /User/Login
INFO: [ app_init ] --START--
INFO: Run Behavior\BuildLiteBehavior [ RunTime:0.000009s ]
INFO: [ app_init ] --END-- [ RunTime:0.000072s ]
INFO: [ app_begin ] --START--
INFO: Run Behavior\ReadHtmlCacheBehavior [ RunTime:0.001914s ]
INFO: [ app_begin ] --END-- [ RunTime:0.001966s ]

[ 2017-06-04T15:16:14+08:00 ] 127.0.0.1 /User/login
INFO: [ app_init ] --START--
INFO: Run Behavior\BuildLiteBehavior [ RunTime:0.000011s ]
INFO: [ app_init ] --END-- [ RunTime:0.000094s ]
INFO: [ app_begin ] --START--
INFO: Run Behavior\ReadHtmlCacheBehavior [ RunTime:0.003157s ]
INFO: [ app_begin ] --END-- [ RunTime:0.003219s ]
SQL: SHOW COLUMNS FROM `user` [ RunTime:0.0209s ]
SQL: SELECT COUNT(*) AS tp_count FROM `user` WHERE `openid` = 'opdLfvu_83Lft7YaPtApYkyZzRk8' LIMIT 1   [ RunTime:0.0100s ]
NOTIC: [8] Undefined variable: openid G:\UPUPW_AP7.0\htdocs\Application\User\Controller\LoginController.class.php 第 15 行.
SQL: SELECT `id`,`name`,`openid`,`class` FROM `user` WHERE `openid` = null LIMIT 1   [ RunTime:0.0084s ]

[ 2017-06-04T15:16:22+08:00 ] 127.0.0.1 /User/login
INFO: [ app_init ] --START--
INFO: Run Behavior\BuildLiteBehavior [ RunTime:0.000012s ]
INFO: [ app_init ] --END-- [ RunTime:0.000099s ]
INFO: [ app_begin ] --START--
INFO: Run Behavior\ReadHtmlCacheBehavior [ RunTime:0.001845s ]
INFO: [ app_begin ] --END-- [ RunTime:0.001894s ]
SQL: SHOW COLUMNS FROM `user` [ RunTime:0.0131s ]
SQL: SELECT COUNT(*) AS tp_count FROM `user` WHERE `openid` = 'opdLfvu_83Lft7YaPtApYkyZzRk8' LIMIT 1   [ RunTime:0.0096s ]
NOTIC: [8] Undefined variable: openid G:\UPUPW_AP7.0\htdocs\Application\User\Controller\LoginController.class.php 第 15 行.
SQL: SELECT `id`,`name`,`openid`,`class` FROM `user` WHERE `openid` = null LIMIT 1   [ RunTime:0.0068s ]

[ 2017-06-04T15:17:12+08:00 ] 127.0.0.1 /
INFO: [ app_init ] --START--
INFO: Run Behavior\BuildLiteBehavior [ RunTime:0.000008s ]
INFO: [ app_init ] --END-- [ RunTime:0.000058s ]
INFO: [ app_begin ] --START--
INFO: Run Behavior\ReadHtmlCacheBehavior [ RunTime:0.002861s ]
INFO: [ app_begin ] --END-- [ RunTime:0.002943s ]

[ 2017-06-04T15:17:19+08:00 ] 127.0.0.1 /User/Login
INFO: [ app_init ] --START--
INFO: Run Behavior\BuildLiteBehavior [ RunTime:0.000012s ]
INFO: [ app_init ] --END-- [ RunTime:0.000105s ]
INFO: [ app_begin ] --START--
INFO: Run Behavior\ReadHtmlCacheBehavior [ RunTime:0.001725s ]
INFO: [ app_begin ] --END-- [ RunTime:0.001765s ]

[ 2017-06-04T15:17:31+08:00 ] 192.168.1.102 /
INFO: [ app_init ] --START--
INFO: Run Behavior\BuildLiteBehavior [ RunTime:0.000009s ]
INFO: [ app_init ] --END-- [ RunTime:0.000070s ]
INFO: [ app_begin ] --START--
INFO: Run Behavior\ReadHtmlCacheBehavior [ RunTime:0.002715s ]
INFO: [ app_begin ] --END-- [ RunTime:0.002763s ]

[ 2017-06-04T15:17:31+08:00 ] 192.168.1.102 /User/Login
INFO: [ app_init ] --START--
INFO: Run Behavior\BuildLiteBehavior [ RunTime:0.000013s ]
INFO: [ app_init ] --END-- [ RunTime:0.000103s ]
INFO: [ app_begin ] --START--
INFO: Run Behavior\ReadHtmlCacheBehavior [ RunTime:0.001710s ]
INFO: [ app_begin ] --END-- [ RunTime:0.001751s ]

[ 2017-06-04T15:17:42+08:00 ] 127.0.0.1 /User/Login
INFO: [ app_init ] --START--
INFO: Run Behavior\BuildLiteBehavior [ RunTime:0.000012s ]
INFO: [ app_init ] --END-- [ RunTime:0.000077s ]
INFO: [ app_begin ] --START--
INFO: Run Behavior\ReadHtmlCacheBehavior [ RunTime:0.001958s ]
INFO: [ app_begin ] --END-- [ RunTime:0.002008s ]
SQL: SHOW COLUMNS FROM `user` [ RunTime:0.0157s ]
SQL: SELECT COUNT(*) AS tp_count FROM `user` WHERE `openid` = 'opdLfvu_83Lft7YaPtApYkyZzRk8' LIMIT 1   [ RunTime:0.0061s ]
NOTIC: [8] Undefined variable: openid G:\UPUPW_AP7.0\htdocs\Application\User\Controller\LoginController.class.php 第 15 行.
SQL: SELECT `id`,`name`,`openid`,`class` FROM `user` WHERE `openid` = null LIMIT 1   [ RunTime:0.0061s ]
INFO: [ app_end ] --START--
INFO: Run Behavior\ShowPageTraceBehavior [ RunTime:0.001929s ]
INFO: [ app_end ] --END-- [ RunTime:0.001966s ]

[ 2017-06-04T15:18:08+08:00 ] 127.0.0.1 /
INFO: [ app_init ] --START--
INFO: Run Behavior\BuildLiteBehavior [ RunTime:0.000009s ]
INFO: [ app_init ] --END-- [ RunTime:0.000071s ]
INFO: [ app_begin ] --START--
INFO: Run Behavior\ReadHtmlCacheBehavior [ RunTime:0.001796s ]
INFO: [ app_begin ] --END-- [ RunTime:0.001843s ]

[ 2017-06-04T15:18:16+08:00 ] 127.0.0.1 /User/Login
INFO: [ app_init ] --START--
INFO: Run Behavior\BuildLiteBehavior [ RunTime:0.000007s ]
INFO: [ app_init ] --END-- [ RunTime:0.000065s ]
INFO: [ app_begin ] --START--
INFO: Run Behavior\ReadHtmlCacheBehavior [ RunTime:0.001725s ]
INFO: [ app_begin ] --END-- [ RunTime:0.001757s ]

[ 2017-06-04T15:20:28+08:00 ] 192.168.1.102 /
INFO: [ app_init ] --START--
INFO: Run Behavior\BuildLiteBehavior [ RunTime:0.000007s ]
INFO: [ app_init ] --END-- [ RunTime:0.000054s ]
INFO: [ app_begin ] --START--
INFO: Run Behavior\ReadHtmlCacheBehavior [ RunTime:0.002002s ]
INFO: [ app_begin ] --END-- [ RunTime:0.002056s ]

[ 2017-06-04T15:20:28+08:00 ] 192.168.1.102 /User/Login
INFO: [ app_init ] --START--
INFO: Run Behavior\BuildLiteBehavior [ RunTime:0.000012s ]
INFO: [ app_init ] --END-- [ RunTime:0.000126s ]
INFO: [ app_begin ] --START--
INFO: Run Behavior\ReadHtmlCacheBehavior [ RunTime:0.001718s ]
INFO: [ app_begin ] --END-- [ RunTime:0.001756s ]

[ 2017-06-04T15:21:10+08:00 ] 127.0.0.1 /User/Login
INFO: [ app_init ] --START--
INFO: Run Behavior\BuildLiteBehavior [ RunTime:0.000008s ]
INFO: [ app_init ] --END-- [ RunTime:0.000062s ]
INFO: [ app_begin ] --START--
INFO: Run Behavior\ReadHtmlCacheBehavior [ RunTime:0.002267s ]
INFO: [ app_begin ] --END-- [ RunTime:0.002320s ]
SQL: SHOW COLUMNS FROM `user` [ RunTime:0.0122s ]
SQL: SELECT COUNT(*) AS tp_count FROM `user` WHERE `openid` = 'opdLfvu_83Lft7YaPtApYkyZzRk8' LIMIT 1   [ RunTime:0.0077s ]
SQL: SELECT `id`,`name`,`openid`,`class` FROM `user` WHERE `openid` = 'opdLfvu_83Lft7YaPtApYkyZzRk8' LIMIT 1   [ RunTime:0.0031s ]
INFO: [ app_end ] --START--
INFO: Run Behavior\ShowPageTraceBehavior [ RunTime:0.002840s ]
INFO: [ app_end ] --END-- [ RunTime:0.002885s ]

[ 2017-06-04T15:21:17+08:00 ] 127.0.0.1 /User/Login
INFO: [ app_init ] --START--
INFO: Run Behavior\BuildLiteBehavior [ RunTime:0.000009s ]
INFO: [ app_init ] --END-- [ RunTime:0.000060s ]
INFO: [ app_begin ] --START--
INFO: Run Behavior\ReadHtmlCacheBehavior [ RunTime:0.001922s ]
INFO: [ app_begin ] --END-- [ RunTime:0.001976s ]
SQL: SHOW COLUMNS FROM `user` [ RunTime:0.0147s ]
SQL: SELECT COUNT(*) AS tp_count FROM `user` WHERE `openid` = 'opdLfvu_83Lft7YaPtApYkyZzRk8' LIMIT 1   [ RunTime:0.0094s ]
SQL: SELECT `id`,`name`,`openid`,`class` FROM `user` WHERE `openid` = 'opdLfvu_83Lft7YaPtApYkyZzRk8' LIMIT 1   [ RunTime:0.0031s ]
INFO: [ app_end ] --START--
INFO: Run Behavior\ShowPageTraceBehavior [ RunTime:0.001923s ]
INFO: [ app_end ] --END-- [ RunTime:0.001953s ]

[ 2017-06-04T15:21:40+08:00 ] 127.0.0.1 /User/Login
INFO: [ app_init ] --START--
INFO: Run Behavior\BuildLiteBehavior [ RunTime:0.000008s ]
INFO: [ app_init ] --END-- [ RunTime:0.000058s ]
INFO: [ app_begin ] --START--
INFO: Run Behavior\ReadHtmlCacheBehavior [ RunTime:0.001851s ]
INFO: [ app_begin ] --END-- [ RunTime:0.001902s ]
SQL: SHOW COLUMNS FROM `user` [ RunTime:0.0108s ]
SQL: SELECT COUNT(*) AS tp_count FROM `user` WHERE `openid` = 'opdLfvu_83Lft7YaPtApYkyZzRk8' LIMIT 1   [ RunTime:0.0075s ]
SQL: SELECT `id`,`name`,`openid`,`class` FROM `user` WHERE `openid` = 'opdLfvu_83Lft7YaPtApYkyZzRk8' LIMIT 1   [ RunTime:0.0051s ]

[ 2017-06-04T15:21:53+08:00 ] 127.0.0.1 /User/Login
INFO: [ app_init ] --START--
INFO: Run Behavior\BuildLiteBehavior [ RunTime:0.000007s ]
INFO: [ app_init ] --END-- [ RunTime:0.000063s ]
INFO: [ app_begin ] --START--
INFO: Run Behavior\ReadHtmlCacheBehavior [ RunTime:0.002102s ]
INFO: [ app_begin ] --END-- [ RunTime:0.002151s ]
SQL: SHOW COLUMNS FROM `user` [ RunTime:0.0174s ]
SQL: SELECT COUNT(*) AS tp_count FROM `user` WHERE `openid` = 'opdLfvu_83Lft7YaPtApYkyZzRk8' LIMIT 1   [ RunTime:0.0106s ]
SQL: SELECT `id`,`name`,`openid`,`class` FROM `user` WHERE `openid` = 'opdLfvu_83Lft7YaPtApYkyZzRk8' LIMIT 1   [ RunTime:0.0056s ]

[ 2017-06-04T15:23:25+08:00 ] 127.0.0.1 /
INFO: [ app_init ] --START--
INFO: Run Behavior\BuildLiteBehavior [ RunTime:0.000008s ]
INFO: [ app_init ] --END-- [ RunTime:0.000067s ]
INFO: [ app_begin ] --START--
INFO: Run Behavior\ReadHtmlCacheBehavior [ RunTime:0.002643s ]
INFO: [ app_begin ] --END-- [ RunTime:0.002699s ]

[ 2017-06-04T15:23:35+08:00 ] 127.0.0.1 /User/Login
INFO: [ app_init ] --START--
INFO: Run Behavior\BuildLiteBehavior [ RunTime:0.000009s ]
INFO: [ app_init ] --END-- [ RunTime:0.000076s ]
INFO: [ app_begin ] --START--
INFO: Run Behavior\ReadHtmlCacheBehavior [ RunTime:0.001759s ]
INFO: [ app_begin ] --END-- [ RunTime:0.001807s ]

[ 2017-06-04T15:24:35+08:00 ] 127.0.0.1 /
INFO: [ app_init ] --START--
INFO: Run Behavior\BuildLiteBehavior [ RunTime:0.000009s ]
INFO: [ app_init ] --END-- [ RunTime:0.000065s ]
INFO: [ app_begin ] --START--
INFO: Run Behavior\ReadHtmlCacheBehavior [ RunTime:0.002017s ]
INFO: [ app_begin ] --END-- [ RunTime:0.002052s ]

[ 2017-06-04T15:24:43+08:00 ] 127.0.0.1 /User/Login
INFO: [ app_init ] --START--
INFO: Run Behavior\BuildLiteBehavior [ RunTime:0.000008s ]
INFO: [ app_init ] --END-- [ RunTime:0.000064s ]
INFO: [ app_begin ] --START--
INFO: Run Behavior\ReadHtmlCacheBehavior [ RunTime:0.001773s ]
INFO: [ app_begin ] --END-- [ RunTime:0.001822s ]

[ 2017-06-04T15:27:17+08:00 ] 127.0.0.1 /
INFO: [ app_init ] --START--
INFO: Run Behavior\BuildLiteBehavior [ RunTime:0.000008s ]
INFO: [ app_init ] --END-- [ RunTime:0.000062s ]
INFO: [ app_begin ] --START--
INFO: Run Behavior\ReadHtmlCacheBehavior [ RunTime:0.001702s ]
INFO: [ app_begin ] --END-- [ RunTime:0.001739s ]

[ 2017-06-04T15:27:32+08:00 ] 127.0.0.1 /User/Login
INFO: [ app_init ] --START--
INFO: Run Behavior\BuildLiteBehavior [ RunTime:0.000007s ]
INFO: [ app_init ] --END-- [ RunTime:0.000059s ]
INFO: [ app_begin ] --START--
INFO: Run Behavior\ReadHtmlCacheBehavior [ RunTime:0.001742s ]
INFO: [ app_begin ] --END-- [ RunTime:0.001792s ]

[ 2017-06-04T15:28:19+08:00 ] 127.0.0.1 /
INFO: [ app_init ] --START--
INFO: Run Behavior\BuildLiteBehavior [ RunTime:0.000025s ]
INFO: [ app_init ] --END-- [ RunTime:0.000207s ]
INFO: [ app_begin ] --START--
INFO: Run Behavior\ReadHtmlCacheBehavior [ RunTime:0.002290s ]
INFO: [ app_begin ] --END-- [ RunTime:0.002339s ]

[ 2017-06-04T15:28:27+08:00 ] 127.0.0.1 /User/Login
INFO: [ app_init ] --START--
INFO: Run Behavior\BuildLiteBehavior [ RunTime:0.000007s ]
INFO: [ app_init ] --END-- [ RunTime:0.000058s ]
INFO: [ app_begin ] --START--
INFO: Run Behavior\ReadHtmlCacheBehavior [ RunTime:0.001703s ]
INFO: [ app_begin ] --END-- [ RunTime:0.001747s ]

