[ 2017-05-20T00:14:30+08:00 ] 127.0.0.1 /favicon.ico
INFO: [ app_init ] --START--
INFO: Run Behavior\BuildLiteBehavior [ RunTime:0.000009s ]
INFO: [ app_init ] --END-- [ RunTime:0.000068s ]
ERR: 无法加载模块:Favicon

[ 2017-05-20T15:05:16+08:00 ] 127.0.0.1 /favicon.ico
INFO: [ app_init ] --START--
INFO: Run Behavior\BuildLiteBehavior [ RunTime:0.000007s ]
INFO: [ app_init ] --END-- [ RunTime:0.000047s ]
ERR: 无法加载模块:Favicon

[ 2017-05-20T17:30:51+08:00 ] 127.0.0.1 /favicon.ico
INFO: [ app_init ] --START--
INFO: Run Behavior\BuildLiteBehavior [ RunTime:0.000009s ]
INFO: [ app_init ] --END-- [ RunTime:0.000076s ]
ERR: 无法加载模块:Favicon

[ 2017-05-20T17:48:00+08:00 ] 127.0.0.1 /favicon.ico
INFO: [ app_init ] --START--
INFO: Run Behavior\BuildLiteBehavior [ RunTime:0.000007s ]
INFO: [ app_init ] --END-- [ RunTime:0.000060s ]
ERR: 无法加载模块:Favicon

[ 2017-05-20T17:49:35+08:00 ] 127.0.0.1 /favicon.ico
INFO: [ app_init ] --START--
INFO: Run Behavior\BuildLiteBehavior [ RunTime:0.000007s ]
INFO: [ app_init ] --END-- [ RunTime:0.000053s ]
ERR: 无法加载模块:Favicon

[ 2017-05-20T17:49:37+08:00 ] 127.0.0.1 /favicon.ico
INFO: [ app_init ] --START--
INFO: Run Behavior\BuildLiteBehavior [ RunTime:0.000010s ]
INFO: [ app_init ] --END-- [ RunTime:0.000077s ]
ERR: 无法加载模块:Favicon

[ 2017-05-20T23:19:40+08:00 ] 127.0.0.1 /favicon.ico
INFO: [ app_init ] --START--
INFO: Run Behavior\BuildLiteBehavior [ RunTime:0.000010s ]
INFO: [ app_init ] --END-- [ RunTime:0.000077s ]
ERR: 无法加载模块:Favicon

[ 2017-05-20T23:19:42+08:00 ] 127.0.0.1 /favicon.ico
INFO: [ app_init ] --START--
INFO: Run Behavior\BuildLiteBehavior [ RunTime:0.000011s ]
INFO: [ app_init ] --END-- [ RunTime:0.000081s ]
ERR: 无法加载模块:Favicon

[ 2017-05-20T23:25:09+08:00 ] 127.0.0.1 /favicon.ico
INFO: [ app_init ] --START--
INFO: Run Behavior\BuildLiteBehavior [ RunTime:0.000011s ]
INFO: [ app_init ] --END-- [ RunTime:0.000124s ]
ERR: 无法加载模块:Favicon

[ 2017-05-20T23:25:11+08:00 ] 127.0.0.1 /favicon.ico
INFO: [ app_init ] --START--
INFO: Run Behavior\BuildLiteBehavior [ RunTime:0.000012s ]
INFO: [ app_init ] --END-- [ RunTime:0.000090s ]
ERR: 无法加载模块:Favicon

[ 2017-05-20T23:42:35+08:00 ] 127.0.0.1 /connect/oauth2/authorize/appid/wxee3a45e8e3870253/redirect_uri/http%3A%2F%2Fyatokami.ngrok.cc%2FWinXin%2FIndex/response_type/code/scope/snsapi_userinfo/state/STATE.html
INFO: [ app_init ] --START--
INFO: Run Behavior\BuildLiteBehavior [ RunTime:0.000010s ]
INFO: [ app_init ] --END-- [ RunTime:0.000081s ]
ERR: 无法加载模块:ErrorFiles

[ 2017-05-20T23:42:58+08:00 ] 127.0.0.1 /connect/oauth2/authorize/appid/wxee3a45e8e3870253/redirect_uri/http%3A%2F%2Fyatokami.ngrok.cc%2FWinXin%2FIndex/response_type/code/scope/snsapi_userinfo/state/STATE.html
INFO: [ app_init ] --START--
INFO: Run Behavior\BuildLiteBehavior [ RunTime:0.000013s ]
INFO: [ app_init ] --END-- [ RunTime:0.000320s ]
ERR: 无法加载模块:ErrorFiles

[ 2017-05-20T23:43:03+08:00 ] 127.0.0.1 /connect/oauth2/authorize/appid/wxee3a45e8e3870253/redirect_uri/http%3A%2F%2Fyatokami.ngrok.cc%2FWinXin%2FIndex/response_type/code/scope/snsapi_userinfo/state/STATE.html
INFO: [ app_init ] --START--
INFO: Run Behavior\BuildLiteBehavior [ RunTime:0.000006s ]
INFO: [ app_init ] --END-- [ RunTime:0.000051s ]
ERR: 无法加载模块:ErrorFiles

[ 2017-05-20T23:43:03+08:00 ] 127.0.0.1 /favicon.ico
INFO: [ app_init ] --START--
INFO: Run Behavior\BuildLiteBehavior [ RunTime:0.000010s ]
INFO: [ app_init ] --END-- [ RunTime:0.000074s ]
ERR: 无法加载模块:Favicon

[ 2017-05-20T23:44:34+08:00 ] 127.0.0.1 /connect/oauth2/authorize/appid/wxee3a45e8e3870253/redirect_uri/http%3A%2F%2Fyatokami.ngrok.cc%2FWinXin%2FIndex/response_type/code/scope/snsapi_userinfo/state/STATE.html
INFO: [ app_init ] --START--
INFO: Run Behavior\BuildLiteBehavior [ RunTime:0.000013s ]
INFO: [ app_init ] --END-- [ RunTime:0.000363s ]
ERR: 无法加载模块:ErrorFiles

[ 2017-05-20T23:44:35+08:00 ] 127.0.0.1 /connect/oauth2/authorize/appid/wxee3a45e8e3870253/redirect_uri/http%3A%2F%2Fyatokami.ngrok.cc%2FWinXin%2FIndex/response_type/code/scope/snsapi_userinfo/state/STATE.html
INFO: [ app_init ] --START--
INFO: Run Behavior\BuildLiteBehavior [ RunTime:0.000008s ]
INFO: [ app_init ] --END-- [ RunTime:0.000055s ]
ERR: 无法加载模块:ErrorFiles

[ 2017-05-20T23:44:38+08:00 ] 127.0.0.1 /connect/oauth2/authorize/appid/wxee3a45e8e3870253/redirect_uri/http%3A%2F%2Fyatokami.ngrok.cc%2FWinXin%2FIndex/response_type/code/scope/snsapi_userinfo/state/STATE.html
INFO: [ app_init ] --START--
INFO: Run Behavior\BuildLiteBehavior [ RunTime:0.000011s ]
INFO: [ app_init ] --END-- [ RunTime:0.000085s ]
ERR: 无法加载模块:ErrorFiles

[ 2017-05-20T23:45:12+08:00 ] 127.0.0.1 /connect/oauth2/authorize/appid/wxee3a45e8e3870253/redirect_uri/http%3A%2F%2Fyatokami.ngrok.cc%2FWinXin%2FIndex/response_type/code/scope/snsapi_userinfo/state/STATE.html
INFO: [ app_init ] --START--
INFO: Run Behavior\BuildLiteBehavior [ RunTime:0.000012s ]
INFO: [ app_init ] --END-- [ RunTime:0.000337s ]
ERR: 无法加载模块:ErrorFiles

[ 2017-05-20T23:45:13+08:00 ] 127.0.0.1 /connect/oauth2/authorize/appid/wxee3a45e8e3870253/redirect_uri/http%3A%2F%2Fyatokami.ngrok.cc%2FWinXin%2FIndex/response_type/code/scope/snsapi_userinfo/state/STATE.html
INFO: [ app_init ] --START--
INFO: Run Behavior\BuildLiteBehavior [ RunTime:0.000011s ]
INFO: [ app_init ] --END-- [ RunTime:0.000085s ]
ERR: 无法加载模块:ErrorFiles

[ 2017-05-20T23:45:16+08:00 ] 127.0.0.1 /connect/oauth2/authorize/appid/wxee3a45e8e3870253/redirect_uri/http%3A%2F%2Fyatokami.ngrok.cc%2FWinXin%2FIndex/response_type/code/scope/snsapi_userinfo/state/STATE.html
INFO: [ app_init ] --START--
INFO: Run Behavior\BuildLiteBehavior [ RunTime:0.000010s ]
INFO: [ app_init ] --END-- [ RunTime:0.000071s ]
ERR: 无法加载模块:ErrorFiles

