[ 2017-06-04T14:57:37+08:00 ] 127.0.0.1 /WinXin/Index/login.html
INFO: [ app_init ] --START--
INFO: Run Behavior\BuildLiteBehavior [ RunTime:0.000008s ]
INFO: [ app_init ] --END-- [ RunTime:0.000071s ]
INFO: [ app_begin ] --START--
INFO: Run Behavior\ReadHtmlCacheBehavior [ RunTime:0.001776s ]
INFO: [ app_begin ] --END-- [ RunTime:0.001818s ]

[ 2017-06-04T14:58:26+08:00 ] 127.0.0.1 /WinXin/Index/login.html
INFO: [ app_init ] --START--
INFO: Run Behavior\BuildLiteBehavior [ RunTime:0.000009s ]
INFO: [ app_init ] --END-- [ RunTime:0.000076s ]
INFO: [ app_begin ] --START--
INFO: Run Behavior\ReadHtmlCacheBehavior [ RunTime:0.001713s ]
INFO: [ app_begin ] --END-- [ RunTime:0.001753s ]

[ 2017-06-04T14:58:42+08:00 ] 192.168.1.102 /WinXin/Index/login.html
INFO: [ app_init ] --START--
INFO: Run Behavior\BuildLiteBehavior [ RunTime:0.000007s ]
INFO: [ app_init ] --END-- [ RunTime:0.000056s ]
INFO: [ app_begin ] --START--
INFO: Run Behavior\ReadHtmlCacheBehavior [ RunTime:0.001720s ]
INFO: [ app_begin ] --END-- [ RunTime:0.001753s ]

[ 2017-06-04T14:58:51+08:00 ] 127.0.0.1 /WinXin/Index?code=051aPNTc0wgZAv1qT5Tc0TVETc0aPNTU&state=STATE
INFO: [ app_init ] --START--
INFO: Run Behavior\BuildLiteBehavior [ RunTime:0.000007s ]
INFO: [ app_init ] --END-- [ RunTime:0.000059s ]
INFO: [ app_begin ] --START--
INFO: Run Behavior\ReadHtmlCacheBehavior [ RunTime:0.001731s ]
INFO: [ app_begin ] --END-- [ RunTime:0.001764s ]
NOTIC: [2] Missing argument 2 for WinXin\Controller\IndexController::http(), called in G:\UPUPW_AP7.0\htdocs\Application\WinXin\Controller\IndexController.class.php on line 48 and defined G:\UPUPW_AP7.0\htdocs\Application\WinXin\Controller\IndexController.class.php 第 58 行.
NOTIC: [8] Undefined variable: method G:\UPUPW_AP7.0\htdocs\Application\WinXin\Controller\IndexController.class.php 第 70 行.
SQL: SHOW COLUMNS FROM `weixin_cache` [ RunTime:0.0127s ]
SQL: SELECT COUNT(*) AS tp_count FROM `weixin_cache` WHERE `openid` = 'opdLfvu_83Lft7YaPtApYkyZzRk8' LIMIT 1   [ RunTime:0.0003s ]
SQL: INSERT INTO `weixin_cache` (`openid`,`access_token`,`refresh_token`,`scope`) VALUES ('opdLfvu_83Lft7YaPtApYkyZzRk8','i6vpb4C7VQaYEPGf5RsIAalNxJlvx3RWJut4SzZ1IPvU3PT2Qm5XDcJ-Et9kmOM7Czbuq5gTAGxrNxIcElCzmSvJ58rHx4u4-QGAN7CQBLk','2a7ddYbybSjXULV-AMogZ7-NUBTIaJNZVW1zxAFR-u0Lh3VEuMbx6EV1NeUzMjARU23VWYJx4ryeU-AGBTwDRAA0Q0BojfOb2DXHFqpc1vc','snsapi_userinfo') [ RunTime:0.0004s ]

[ 2017-06-04T14:58:57+08:00 ] 127.0.0.1 /WinXin/Index?code=051aPNTc0wgZAv1qT5Tc0TVETc0aPNTU&state=STATE
INFO: [ app_init ] --START--
INFO: Run Behavior\BuildLiteBehavior [ RunTime:0.000009s ]
INFO: [ app_init ] --END-- [ RunTime:0.000067s ]
INFO: [ app_begin ] --START--
INFO: Run Behavior\ReadHtmlCacheBehavior [ RunTime:0.002296s ]
INFO: [ app_begin ] --END-- [ RunTime:0.002362s ]
NOTIC: [2] Missing argument 2 for WinXin\Controller\IndexController::http(), called in G:\UPUPW_AP7.0\htdocs\Application\WinXin\Controller\IndexController.class.php on line 48 and defined G:\UPUPW_AP7.0\htdocs\Application\WinXin\Controller\IndexController.class.php 第 58 行.
NOTIC: [8] Undefined variable: method G:\UPUPW_AP7.0\htdocs\Application\WinXin\Controller\IndexController.class.php 第 70 行.
NOTIC: [8] Undefined index: openid G:\UPUPW_AP7.0\htdocs\Application\WinXin\Controller\IndexController.class.php 第 9 行.
INFO: [ app_end ] --START--
INFO: Run Behavior\ShowPageTraceBehavior [ RunTime:0.001969s ]
INFO: [ app_end ] --END-- [ RunTime:0.002004s ]

[ 2017-06-04T15:01:09+08:00 ] 192.168.1.102 /WinXin/Index/login.html
INFO: [ app_init ] --START--
INFO: Run Behavior\BuildLiteBehavior [ RunTime:0.000010s ]
INFO: [ app_init ] --END-- [ RunTime:0.000073s ]
INFO: [ app_begin ] --START--
INFO: Run Behavior\ReadHtmlCacheBehavior [ RunTime:0.004304s ]
INFO: [ app_begin ] --END-- [ RunTime:0.004385s ]

[ 2017-06-04T15:01:35+08:00 ] 127.0.0.1 /WinXin/Index?code=041N2uUP1bUKG71ARyWP1aztUP1N2uU5&state=STATE
INFO: [ app_init ] --START--
INFO: Run Behavior\BuildLiteBehavior [ RunTime:0.000007s ]
INFO: [ app_init ] --END-- [ RunTime:0.000058s ]
INFO: [ app_begin ] --START--
INFO: Run Behavior\ReadHtmlCacheBehavior [ RunTime:0.001865s ]
INFO: [ app_begin ] --END-- [ RunTime:0.001913s ]
NOTIC: [2] Missing argument 2 for WinXin\Controller\IndexController::http(), called in G:\UPUPW_AP7.0\htdocs\Application\WinXin\Controller\IndexController.class.php on line 49 and defined G:\UPUPW_AP7.0\htdocs\Application\WinXin\Controller\IndexController.class.php 第 59 行.
NOTIC: [8] Undefined variable: method G:\UPUPW_AP7.0\htdocs\Application\WinXin\Controller\IndexController.class.php 第 71 行.
SQL: SHOW COLUMNS FROM `weixin_cache` [ RunTime:0.0116s ]
SQL: SELECT COUNT(*) AS tp_count FROM `weixin_cache` WHERE `openid` = 'opdLfvu_83Lft7YaPtApYkyZzRk8' LIMIT 1   [ RunTime:0.0002s ]

[ 2017-06-04T15:02:00+08:00 ] 192.168.1.102 /WinXin/Index/login.html
INFO: [ app_init ] --START--
INFO: Run Behavior\BuildLiteBehavior [ RunTime:0.000009s ]
INFO: [ app_init ] --END-- [ RunTime:0.000081s ]
INFO: [ app_begin ] --START--
INFO: Run Behavior\ReadHtmlCacheBehavior [ RunTime:0.003129s ]
INFO: [ app_begin ] --END-- [ RunTime:0.003197s ]

[ 2017-06-04T15:02:23+08:00 ] 127.0.0.1 /WinXin/Index?code=041F0gcd0v3LRv10SF8d07s6cd0F0gcL&state=STATE
INFO: [ app_init ] --START--
INFO: Run Behavior\BuildLiteBehavior [ RunTime:0.000011s ]
INFO: [ app_init ] --END-- [ RunTime:0.000099s ]
INFO: [ app_begin ] --START--
INFO: Run Behavior\ReadHtmlCacheBehavior [ RunTime:0.001988s ]
INFO: [ app_begin ] --END-- [ RunTime:0.002037s ]
NOTIC: [2] Missing argument 2 for WinXin\Controller\IndexController::http(), called in G:\UPUPW_AP7.0\htdocs\Application\WinXin\Controller\IndexController.class.php on line 49 and defined G:\UPUPW_AP7.0\htdocs\Application\WinXin\Controller\IndexController.class.php 第 59 行.
NOTIC: [8] Undefined variable: method G:\UPUPW_AP7.0\htdocs\Application\WinXin\Controller\IndexController.class.php 第 71 行.
SQL: SHOW COLUMNS FROM `weixin_cache` [ RunTime:0.0109s ]
SQL: SELECT COUNT(*) AS tp_count FROM `weixin_cache` WHERE `openid` = 'opdLfvu_83Lft7YaPtApYkyZzRk8' LIMIT 1   [ RunTime:0.0002s ]

[ 2017-06-04T15:02:31+08:00 ] 127.0.0.1 /WinXin/Index?code=041F0gcd0v3LRv10SF8d07s6cd0F0gcL&state=STATE
INFO: [ app_init ] --START--
INFO: Run Behavior\BuildLiteBehavior [ RunTime:0.000009s ]
INFO: [ app_init ] --END-- [ RunTime:0.000079s ]
INFO: [ app_begin ] --START--
INFO: Run Behavior\ReadHtmlCacheBehavior [ RunTime:0.002020s ]
INFO: [ app_begin ] --END-- [ RunTime:0.002073s ]
NOTIC: [2] Missing argument 2 for WinXin\Controller\IndexController::http(), called in G:\UPUPW_AP7.0\htdocs\Application\WinXin\Controller\IndexController.class.php on line 49 and defined G:\UPUPW_AP7.0\htdocs\Application\WinXin\Controller\IndexController.class.php 第 59 行.
NOTIC: [8] Undefined variable: method G:\UPUPW_AP7.0\htdocs\Application\WinXin\Controller\IndexController.class.php 第 71 行.
NOTIC: [8] Undefined index: openid G:\UPUPW_AP7.0\htdocs\Application\WinXin\Controller\IndexController.class.php 第 9 行.
INFO: [ app_end ] --START--
INFO: Run Behavior\ShowPageTraceBehavior [ RunTime:0.002060s ]
INFO: [ app_end ] --END-- [ RunTime:0.002100s ]

[ 2017-06-04T15:03:56+08:00 ] 192.168.1.102 /WinXin/Index/login.html
INFO: [ app_init ] --START--
INFO: Run Behavior\BuildLiteBehavior [ RunTime:0.000011s ]
INFO: [ app_init ] --END-- [ RunTime:0.000101s ]
INFO: [ app_begin ] --START--
INFO: Run Behavior\ReadHtmlCacheBehavior [ RunTime:0.001719s ]
INFO: [ app_begin ] --END-- [ RunTime:0.001762s ]

[ 2017-06-04T15:04:00+08:00 ] 127.0.0.1 /WinXin/Index?code=031T89Hc1rFhms0UO0Hc1TCfHc1T89HJ&state=STATE
INFO: [ app_init ] --START--
INFO: Run Behavior\BuildLiteBehavior [ RunTime:0.000013s ]
INFO: [ app_init ] --END-- [ RunTime:0.000108s ]
INFO: [ app_begin ] --START--
INFO: Run Behavior\ReadHtmlCacheBehavior [ RunTime:0.004447s ]
INFO: [ app_begin ] --END-- [ RunTime:0.004554s ]
NOTIC: [2] Missing argument 2 for WinXin\Controller\IndexController::http(), called in G:\UPUPW_AP7.0\htdocs\Application\WinXin\Controller\IndexController.class.php on line 49 and defined G:\UPUPW_AP7.0\htdocs\Application\WinXin\Controller\IndexController.class.php 第 59 行.
NOTIC: [8] Undefined variable: method G:\UPUPW_AP7.0\htdocs\Application\WinXin\Controller\IndexController.class.php 第 71 行.
SQL: SHOW COLUMNS FROM `weixin_cache` [ RunTime:0.0147s ]
SQL: SELECT COUNT(*) AS tp_count FROM `weixin_cache` WHERE `openid` = 'opdLfvu_83Lft7YaPtApYkyZzRk8' LIMIT 1   [ RunTime:0.0008s ]

[ 2017-06-04T15:04:47+08:00 ] 127.0.0.1 /WinXin/Index/login.html
INFO: [ app_init ] --START--
INFO: Run Behavior\BuildLiteBehavior [ RunTime:0.000011s ]
INFO: [ app_init ] --END-- [ RunTime:0.000095s ]
INFO: [ app_begin ] --START--
INFO: Run Behavior\ReadHtmlCacheBehavior [ RunTime:0.002787s ]
INFO: [ app_begin ] --END-- [ RunTime:0.002839s ]

[ 2017-06-04T15:06:00+08:00 ] 127.0.0.1 /WinXin/Index/login.html
INFO: [ app_init ] --START--
INFO: Run Behavior\BuildLiteBehavior [ RunTime:0.000008s ]
INFO: [ app_init ] --END-- [ RunTime:0.000062s ]
INFO: [ app_begin ] --START--
INFO: Run Behavior\ReadHtmlCacheBehavior [ RunTime:0.001756s ]
INFO: [ app_begin ] --END-- [ RunTime:0.001798s ]

[ 2017-06-04T15:06:12+08:00 ] 127.0.0.1 /WinXin/Index/login.html
INFO: [ app_init ] --START--
INFO: Run Behavior\BuildLiteBehavior [ RunTime:0.000007s ]
INFO: [ app_init ] --END-- [ RunTime:0.000064s ]
INFO: [ app_begin ] --START--
INFO: Run Behavior\ReadHtmlCacheBehavior [ RunTime:0.001728s ]
INFO: [ app_begin ] --END-- [ RunTime:0.001760s ]

[ 2017-06-04T15:06:12+08:00 ] 127.0.0.1 /WinXin/Index/login.html
INFO: [ app_init ] --START--
INFO: Run Behavior\BuildLiteBehavior [ RunTime:0.000009s ]
INFO: [ app_init ] --END-- [ RunTime:0.000083s ]
INFO: [ app_begin ] --START--
INFO: Run Behavior\ReadHtmlCacheBehavior [ RunTime:0.001741s ]
INFO: [ app_begin ] --END-- [ RunTime:0.001779s ]

[ 2017-06-04T15:06:23+08:00 ] 127.0.0.1 /WinXin/Index/login.html
INFO: [ app_init ] --START--
INFO: Run Behavior\BuildLiteBehavior [ RunTime:0.000011s ]
INFO: [ app_init ] --END-- [ RunTime:0.000097s ]
INFO: [ app_begin ] --START--
INFO: Run Behavior\ReadHtmlCacheBehavior [ RunTime:0.003157s ]
INFO: [ app_begin ] --END-- [ RunTime:0.003224s ]

[ 2017-06-04T15:06:23+08:00 ] 127.0.0.1 /WinXin/Index?code=031tWSf72kaerM0BDDg72iAYf72tWSfv&state=STATE
INFO: [ app_init ] --START--
INFO: Run Behavior\BuildLiteBehavior [ RunTime:0.000012s ]
INFO: [ app_init ] --END-- [ RunTime:0.000092s ]
INFO: [ app_begin ] --START--
INFO: Run Behavior\ReadHtmlCacheBehavior [ RunTime:0.002676s ]
INFO: [ app_begin ] --END-- [ RunTime:0.002750s ]
NOTIC: [2] Missing argument 2 for WinXin\Controller\IndexController::http(), called in G:\UPUPW_AP7.0\htdocs\Application\WinXin\Controller\IndexController.class.php on line 49 and defined G:\UPUPW_AP7.0\htdocs\Application\WinXin\Controller\IndexController.class.php 第 59 行.
NOTIC: [8] Undefined variable: method G:\UPUPW_AP7.0\htdocs\Application\WinXin\Controller\IndexController.class.php 第 71 行.
SQL: SHOW COLUMNS FROM `weixin_cache` [ RunTime:0.0166s ]
SQL: SELECT COUNT(*) AS tp_count FROM `weixin_cache` WHERE `openid` = 'opdLfvu_83Lft7YaPtApYkyZzRk8' LIMIT 1   [ RunTime:0.0003s ]

[ 2017-06-04T15:07:17+08:00 ] 127.0.0.1 /WinXin/Index/login.html
INFO: [ app_init ] --START--
INFO: Run Behavior\BuildLiteBehavior [ RunTime:0.000007s ]
INFO: [ app_init ] --END-- [ RunTime:0.000058s ]
INFO: [ app_begin ] --START--
INFO: Run Behavior\ReadHtmlCacheBehavior [ RunTime:0.001775s ]
INFO: [ app_begin ] --END-- [ RunTime:0.001830s ]

[ 2017-06-04T15:07:20+08:00 ] 192.168.1.102 /WinXin/Index/login.html
INFO: [ app_init ] --START--
INFO: Run Behavior\BuildLiteBehavior [ RunTime:0.000008s ]
INFO: [ app_init ] --END-- [ RunTime:0.000059s ]
INFO: [ app_begin ] --START--
INFO: Run Behavior\ReadHtmlCacheBehavior [ RunTime:0.002132s ]
INFO: [ app_begin ] --END-- [ RunTime:0.002175s ]

[ 2017-06-04T15:07:23+08:00 ] 127.0.0.1 /WinXin/Index?code=051pF09j2iMBqI0MUiaj2Dv29j2pF09G&state=STATE
INFO: [ app_init ] --START--
INFO: Run Behavior\BuildLiteBehavior [ RunTime:0.000011s ]
INFO: [ app_init ] --END-- [ RunTime:0.000104s ]
INFO: [ app_begin ] --START--
INFO: Run Behavior\ReadHtmlCacheBehavior [ RunTime:0.005406s ]
INFO: [ app_begin ] --END-- [ RunTime:0.005481s ]
NOTIC: [2] Missing argument 2 for WinXin\Controller\IndexController::http(), called in G:\UPUPW_AP7.0\htdocs\Application\WinXin\Controller\IndexController.class.php on line 49 and defined G:\UPUPW_AP7.0\htdocs\Application\WinXin\Controller\IndexController.class.php 第 59 行.
NOTIC: [8] Undefined variable: method G:\UPUPW_AP7.0\htdocs\Application\WinXin\Controller\IndexController.class.php 第 71 行.
SQL: SHOW COLUMNS FROM `weixin_cache` [ RunTime:0.0133s ]
SQL: SELECT COUNT(*) AS tp_count FROM `weixin_cache` WHERE `openid` = 'opdLfvu_83Lft7YaPtApYkyZzRk8' LIMIT 1   [ RunTime:0.0003s ]

[ 2017-06-04T15:08:05+08:00 ] 127.0.0.1 /WinXin/Index/login.html
INFO: [ app_init ] --START--
INFO: Run Behavior\BuildLiteBehavior [ RunTime:0.000006s ]
INFO: [ app_init ] --END-- [ RunTime:0.000056s ]
INFO: [ app_begin ] --START--
INFO: Run Behavior\ReadHtmlCacheBehavior [ RunTime:0.002761s ]
INFO: [ app_begin ] --END-- [ RunTime:0.002841s ]

[ 2017-06-04T15:11:13+08:00 ] 127.0.0.1 /WinXin/Index/login.html
INFO: [ app_init ] --START--
INFO: Run Behavior\BuildLiteBehavior [ RunTime:0.000008s ]
INFO: [ app_init ] --END-- [ RunTime:0.000077s ]
INFO: [ app_begin ] --START--
INFO: Run Behavior\ReadHtmlCacheBehavior [ RunTime:0.003738s ]
INFO: [ app_begin ] --END-- [ RunTime:0.003803s ]

[ 2017-06-04T15:11:20+08:00 ] 127.0.0.1 /WinXin/Index/login.html
INFO: [ app_init ] --START--
INFO: Run Behavior\BuildLiteBehavior [ RunTime:0.000009s ]
INFO: [ app_init ] --END-- [ RunTime:0.000081s ]
INFO: [ app_begin ] --START--
INFO: Run Behavior\ReadHtmlCacheBehavior [ RunTime:0.002123s ]
INFO: [ app_begin ] --END-- [ RunTime:0.002184s ]

[ 2017-06-04T15:11:30+08:00 ] 127.0.0.1 /WinXin/Index/login.html
INFO: [ app_init ] --START--
INFO: Run Behavior\BuildLiteBehavior [ RunTime:0.000012s ]
INFO: [ app_init ] --END-- [ RunTime:0.000100s ]
INFO: [ app_begin ] --START--
INFO: Run Behavior\ReadHtmlCacheBehavior [ RunTime:0.002571s ]
INFO: [ app_begin ] --END-- [ RunTime:0.002630s ]

[ 2017-06-04T15:11:36+08:00 ] 127.0.0.1 /WinXin/Index?code=031j73dP1K20s41x6VbP1u02dP1j73d8&state=STATE
INFO: [ app_init ] --START--
INFO: Run Behavior\BuildLiteBehavior [ RunTime:0.000008s ]
INFO: [ app_init ] --END-- [ RunTime:0.000064s ]
INFO: [ app_begin ] --START--
INFO: Run Behavior\ReadHtmlCacheBehavior [ RunTime:0.001734s ]
INFO: [ app_begin ] --END-- [ RunTime:0.001780s ]
NOTIC: [2] Missing argument 2 for WinXin\Controller\IndexController::http(), called in G:\UPUPW_AP7.0\htdocs\Application\WinXin\Controller\IndexController.class.php on line 49 and defined G:\UPUPW_AP7.0\htdocs\Application\WinXin\Controller\IndexController.class.php 第 59 行.
NOTIC: [8] Undefined variable: method G:\UPUPW_AP7.0\htdocs\Application\WinXin\Controller\IndexController.class.php 第 71 行.
SQL: SHOW COLUMNS FROM `weixin_cache` [ RunTime:0.0119s ]
SQL: SELECT COUNT(*) AS tp_count FROM `weixin_cache` WHERE `openid` = 'opdLfvu_83Lft7YaPtApYkyZzRk8' LIMIT 1   [ RunTime:0.0003s ]

[ 2017-06-04T15:11:43+08:00 ] 127.0.0.1 /WinXin/Index
INFO: [ app_init ] --START--
INFO: Run Behavior\BuildLiteBehavior [ RunTime:0.000010s ]
INFO: [ app_init ] --END-- [ RunTime:0.000082s ]
INFO: [ app_begin ] --START--
INFO: Run Behavior\ReadHtmlCacheBehavior [ RunTime:0.002917s ]
INFO: [ app_begin ] --END-- [ RunTime:0.002980s ]
NOTIC: [2] Missing argument 2 for WinXin\Controller\IndexController::http(), called in G:\UPUPW_AP7.0\htdocs\Application\WinXin\Controller\IndexController.class.php on line 49 and defined G:\UPUPW_AP7.0\htdocs\Application\WinXin\Controller\IndexController.class.php 第 59 行.
NOTIC: [8] Undefined variable: method G:\UPUPW_AP7.0\htdocs\Application\WinXin\Controller\IndexController.class.php 第 71 行.
NOTIC: [8] Undefined index: openid G:\UPUPW_AP7.0\htdocs\Application\WinXin\Controller\IndexController.class.php 第 9 行.
INFO: [ app_end ] --START--
INFO: Run Behavior\ShowPageTraceBehavior [ RunTime:0.002864s ]
INFO: [ app_end ] --END-- [ RunTime:0.002921s ]

[ 2017-06-04T15:12:00+08:00 ] 127.0.0.1 /WinXin/Index/login.html
INFO: [ app_init ] --START--
INFO: Run Behavior\BuildLiteBehavior [ RunTime:0.000008s ]
INFO: [ app_init ] --END-- [ RunTime:0.000059s ]
INFO: [ app_begin ] --START--
INFO: Run Behavior\ReadHtmlCacheBehavior [ RunTime:0.002264s ]
INFO: [ app_begin ] --END-- [ RunTime:0.002331s ]

[ 2017-06-04T15:14:08+08:00 ] 127.0.0.1 /WinXin/Index/login.html
INFO: [ app_init ] --START--
INFO: Run Behavior\BuildLiteBehavior [ RunTime:0.000011s ]
INFO: [ app_init ] --END-- [ RunTime:0.000103s ]
INFO: [ app_begin ] --START--
INFO: Run Behavior\ReadHtmlCacheBehavior [ RunTime:0.003279s ]
INFO: [ app_begin ] --END-- [ RunTime:0.003349s ]

[ 2017-06-04T15:14:54+08:00 ] 127.0.0.1 /WinXin/Index/login.html
INFO: [ app_init ] --START--
INFO: Run Behavior\BuildLiteBehavior [ RunTime:0.000011s ]
INFO: [ app_init ] --END-- [ RunTime:0.000078s ]
INFO: [ app_begin ] --START--
INFO: Run Behavior\ReadHtmlCacheBehavior [ RunTime:0.001788s ]
INFO: [ app_begin ] --END-- [ RunTime:0.001830s ]

[ 2017-06-04T15:16:00+08:00 ] 127.0.0.1 /WinXin/Index/login.html
INFO: [ app_init ] --START--
INFO: Run Behavior\BuildLiteBehavior [ RunTime:0.000008s ]
INFO: [ app_init ] --END-- [ RunTime:0.000061s ]
INFO: [ app_begin ] --START--
INFO: Run Behavior\ReadHtmlCacheBehavior [ RunTime:0.002182s ]
INFO: [ app_begin ] --END-- [ RunTime:0.002256s ]

[ 2017-06-04T15:17:27+08:00 ] 127.0.0.1 /WinXin/Index/login.html
INFO: [ app_init ] --START--
INFO: Run Behavior\BuildLiteBehavior [ RunTime:0.000009s ]
INFO: [ app_init ] --END-- [ RunTime:0.000060s ]
INFO: [ app_begin ] --START--
INFO: Run Behavior\ReadHtmlCacheBehavior [ RunTime:0.001698s ]
INFO: [ app_begin ] --END-- [ RunTime:0.001741s ]

[ 2017-06-04T15:17:31+08:00 ] 192.168.1.102 /WinXin/Index/login.html
INFO: [ app_init ] --START--
INFO: Run Behavior\BuildLiteBehavior [ RunTime:0.000008s ]
INFO: [ app_init ] --END-- [ RunTime:0.000058s ]
INFO: [ app_begin ] --START--
INFO: Run Behavior\ReadHtmlCacheBehavior [ RunTime:0.002198s ]
INFO: [ app_begin ] --END-- [ RunTime:0.002251s ]

[ 2017-06-04T15:17:37+08:00 ] 127.0.0.1 /WinXin/Index?code=041geKlx17xffc0oLrlx1pUBlx1geKlg&state=STATE
INFO: [ app_init ] --START--
INFO: Run Behavior\BuildLiteBehavior [ RunTime:0.000012s ]
INFO: [ app_init ] --END-- [ RunTime:0.000105s ]
INFO: [ app_begin ] --START--
INFO: Run Behavior\ReadHtmlCacheBehavior [ RunTime:0.002518s ]
INFO: [ app_begin ] --END-- [ RunTime:0.002573s ]
NOTIC: [2] Missing argument 2 for WinXin\Controller\IndexController::http(), called in G:\UPUPW_AP7.0\htdocs\Application\WinXin\Controller\IndexController.class.php on line 49 and defined G:\UPUPW_AP7.0\htdocs\Application\WinXin\Controller\IndexController.class.php 第 59 行.
NOTIC: [8] Undefined variable: method G:\UPUPW_AP7.0\htdocs\Application\WinXin\Controller\IndexController.class.php 第 71 行.
SQL: SHOW COLUMNS FROM `weixin_cache` [ RunTime:0.0120s ]
SQL: SELECT COUNT(*) AS tp_count FROM `weixin_cache` WHERE `openid` = 'opdLfvu_83Lft7YaPtApYkyZzRk8' LIMIT 1   [ RunTime:0.0002s ]

[ 2017-06-04T15:18:17+08:00 ] 127.0.0.1 /WinXin/Index/login.html
INFO: [ app_init ] --START--
INFO: Run Behavior\BuildLiteBehavior [ RunTime:0.000011s ]
INFO: [ app_init ] --END-- [ RunTime:0.000094s ]
INFO: [ app_begin ] --START--
INFO: Run Behavior\ReadHtmlCacheBehavior [ RunTime:0.001734s ]
INFO: [ app_begin ] --END-- [ RunTime:0.001776s ]

[ 2017-06-04T15:19:46+08:00 ] 127.0.0.1 /WinXin/Index/login.html
INFO: [ app_init ] --START--
INFO: Run Behavior\BuildLiteBehavior [ RunTime:0.000012s ]
INFO: [ app_init ] --END-- [ RunTime:0.000083s ]
INFO: [ app_begin ] --START--
INFO: Run Behavior\ReadHtmlCacheBehavior [ RunTime:0.002512s ]
INFO: [ app_begin ] --END-- [ RunTime:0.002575s ]

[ 2017-06-04T15:20:28+08:00 ] 192.168.1.102 /WinXin/Index/login.html
INFO: [ app_init ] --START--
INFO: Run Behavior\BuildLiteBehavior [ RunTime:0.000025s ]
INFO: [ app_init ] --END-- [ RunTime:0.000181s ]
INFO: [ app_begin ] --START--
INFO: Run Behavior\ReadHtmlCacheBehavior [ RunTime:0.002528s ]
INFO: [ app_begin ] --END-- [ RunTime:0.002595s ]

[ 2017-06-04T15:20:35+08:00 ] 127.0.0.1 /WinXin/Index?code=001l5jTd1fVDFv0NLWRd10VkTd1l5jT1&state=STATE
INFO: [ app_init ] --START--
INFO: Run Behavior\BuildLiteBehavior [ RunTime:0.000008s ]
INFO: [ app_init ] --END-- [ RunTime:0.000060s ]
INFO: [ app_begin ] --START--
INFO: Run Behavior\ReadHtmlCacheBehavior [ RunTime:0.002212s ]
INFO: [ app_begin ] --END-- [ RunTime:0.002255s ]
NOTIC: [2] Missing argument 2 for WinXin\Controller\IndexController::http(), called in G:\UPUPW_AP7.0\htdocs\Application\WinXin\Controller\IndexController.class.php on line 48 and defined G:\UPUPW_AP7.0\htdocs\Application\WinXin\Controller\IndexController.class.php 第 58 行.
NOTIC: [8] Undefined variable: method G:\UPUPW_AP7.0\htdocs\Application\WinXin\Controller\IndexController.class.php 第 70 行.
SQL: SHOW COLUMNS FROM `weixin_cache` [ RunTime:0.0148s ]
SQL: SELECT COUNT(*) AS tp_count FROM `weixin_cache` WHERE `openid` = 'opdLfvu_83Lft7YaPtApYkyZzRk8' LIMIT 1   [ RunTime:0.0003s ]

[ 2017-06-04T15:23:52+08:00 ] 127.0.0.1 /WinXin/Index/login.html
INFO: [ app_init ] --START--
INFO: Run Behavior\BuildLiteBehavior [ RunTime:0.000007s ]
INFO: [ app_init ] --END-- [ RunTime:0.000056s ]
INFO: [ app_begin ] --START--
INFO: Run Behavior\ReadHtmlCacheBehavior [ RunTime:0.001863s ]
INFO: [ app_begin ] --END-- [ RunTime:0.001912s ]

[ 2017-06-04T15:24:47+08:00 ] 127.0.0.1 /WinXin/Index/login.html
INFO: [ app_init ] --START--
INFO: Run Behavior\BuildLiteBehavior [ RunTime:0.000007s ]
INFO: [ app_init ] --END-- [ RunTime:0.000049s ]
INFO: [ app_begin ] --START--
INFO: Run Behavior\ReadHtmlCacheBehavior [ RunTime:0.002736s ]
INFO: [ app_begin ] --END-- [ RunTime:0.002815s ]

[ 2017-06-04T15:27:44+08:00 ] 127.0.0.1 /WinXin/Index/login.html
INFO: [ app_init ] --START--
INFO: Run Behavior\BuildLiteBehavior [ RunTime:0.000010s ]
INFO: [ app_init ] --END-- [ RunTime:0.000084s ]
INFO: [ app_begin ] --START--
INFO: Run Behavior\ReadHtmlCacheBehavior [ RunTime:0.003433s ]
INFO: [ app_begin ] --END-- [ RunTime:0.003501s ]

[ 2017-06-04T15:28:33+08:00 ] 127.0.0.1 /WinXin/Index/login.html
INFO: [ app_init ] --START--
INFO: Run Behavior\BuildLiteBehavior [ RunTime:0.000007s ]
INFO: [ app_init ] --END-- [ RunTime:0.000057s ]
INFO: [ app_begin ] --START--
INFO: Run Behavior\ReadHtmlCacheBehavior [ RunTime:0.002217s ]
INFO: [ app_begin ] --END-- [ RunTime:0.002283s ]

