[ 2017-05-20T16:16:21+08:00 ] 127.0.0.1 /User/Login
INFO: [ app_init ] --START--
INFO: Run Behavior\BuildLiteBehavior [ RunTime:0.000011s ]
INFO: [ app_init ] --END-- [ RunTime:0.000348s ]
INFO: [ app_begin ] --START--
INFO: Run Behavior\ReadHtmlCacheBehavior [ RunTime:0.001388s ]
INFO: [ app_begin ] --END-- [ RunTime:0.001427s ]
ERR: 无法加载控制器:User

[ 2017-05-20T16:16:24+08:00 ] 127.0.0.1 /
INFO: [ app_init ] --START--
INFO: Run Behavior\BuildLiteBehavior [ RunTime:0.000007s ]
INFO: [ app_init ] --END-- [ RunTime:0.000055s ]
INFO: [ app_begin ] --START--
INFO: Run Behavior\ReadHtmlCacheBehavior [ RunTime:0.001255s ]
INFO: [ app_begin ] --END-- [ RunTime:0.001289s ]
INFO: [ view_parse ] --START--
NOTIC: [2] is_file(): File name is longer than the maximum allowed path length on this platform (260): &lt;style type=&quot;text/css&quot;&gt;*{ padding: 0; margin: 0; } div{ padding: 4px 48px;} body{ background: #fff; font-family: &quot;微软雅黑&quot;; color: #333;font-size:24px} h1{ font-size: 100px; font-weight: normal; margin-bottom: 12px; } p{ line-height: 1.8em; font-size: 36px } a,a:hover,{color:blue;}&lt;/style&gt;&lt;div style=&quot;padding: 24px 48px;&quot;&gt; &lt;h1&gt;:)&lt;/h1&gt;&lt;p&gt;欢迎使用 &lt;b&gt;ThinkPHP&lt;/b&gt;！&lt;/p&gt;&lt;br/&gt;版本 V{$Think.version}&lt;/div&gt;&lt;script type=&quot;text/javascript&quot; src=&quot;http://ad.topthink.com/Public/static/client.js&quot;&gt;&lt;/script&gt;&lt;thinkad id=&quot;ad_55e75dfae343f5a1&quot;&gt;&lt;/thinkad&gt;&lt;script type=&quot;text/javascript&quot; src=&quot;http://tajs.qq.com/stats?sId=9347272&quot; charset=&quot;UTF-8&quot;&gt;&lt;/script&gt; G:\UPUPW_AP7.0\htdocs\ThinkPHP\Library\Think\Template.class.php 第 89 行.
INFO: [ template_filter ] --START--
INFO: Run Behavior\ContentReplaceBehavior [ RunTime:0.000016s ]
INFO: [ template_filter ] --END-- [ RunTime:0.000051s ]
INFO: Run Behavior\ParseTemplateBehavior [ RunTime:0.041464s ]
INFO: [ view_parse ] --END-- [ RunTime:0.041507s ]
INFO: [ view_filter ] --START--
INFO: Run Behavior\WriteHtmlCacheBehavior [ RunTime:0.001408s ]
INFO: [ view_filter ] --END-- [ RunTime:0.001431s ]
INFO: [ app_end ] --START--
INFO: Run Behavior\ShowPageTraceBehavior [ RunTime:0.001342s ]
INFO: [ app_end ] --END-- [ RunTime:0.001364s ]

[ 2017-05-20T16:27:15+08:00 ] 127.0.0.1 /WinXin/Index/checksignature?signature=e7ef9baa9b0aac737da4fe5072cedfc0a21c450a&echostr=8899769660751216125&timestamp=1495268860&nonce=917817142
INFO: [ app_init ] --START--
INFO: Run Behavior\BuildLiteBehavior [ RunTime:0.000008s ]
INFO: [ app_init ] --END-- [ RunTime:0.000197s ]
INFO: [ app_begin ] --START--
INFO: Run Behavior\ReadHtmlCacheBehavior [ RunTime:0.001307s ]
INFO: [ app_begin ] --END-- [ RunTime:0.001333s ]
INFO: [ app_end ] --START--
INFO: Run Behavior\ShowPageTraceBehavior [ RunTime:0.001363s ]
INFO: [ app_end ] --END-- [ RunTime:0.001397s ]

[ 2017-05-20T16:28:02+08:00 ] 127.0.0.1 /WinXin/Index/checksignature?signature=241956c7b86bb6683df433f1debd0f79c2cb3266&echostr=7476664691362627583&timestamp=1495268907&nonce=982056528
INFO: [ app_init ] --START--
INFO: Run Behavior\BuildLiteBehavior [ RunTime:0.000012s ]
INFO: [ app_init ] --END-- [ RunTime:0.000279s ]
INFO: [ app_begin ] --START--
INFO: Run Behavior\ReadHtmlCacheBehavior [ RunTime:0.002122s ]
INFO: [ app_begin ] --END-- [ RunTime:0.002174s ]
INFO: [ app_end ] --START--
INFO: Run Behavior\ShowPageTraceBehavior [ RunTime:0.001371s ]
INFO: [ app_end ] --END-- [ RunTime:0.001407s ]

[ 2017-05-20T16:28:35+08:00 ] 127.0.0.1 /WinXin/Index/checksignature?signature=1b3a92a5f343a67e0fa3194e132b41347df439b7&echostr=2125820380022046719&timestamp=1495268939&nonce=844069768
INFO: [ app_init ] --START--
INFO: Run Behavior\BuildLiteBehavior [ RunTime:0.000016s ]
INFO: [ app_init ] --END-- [ RunTime:0.000210s ]
INFO: [ app_begin ] --START--
INFO: Run Behavior\ReadHtmlCacheBehavior [ RunTime:0.001314s ]
INFO: [ app_begin ] --END-- [ RunTime:0.001347s ]
INFO: [ app_end ] --START--
INFO: Run Behavior\ShowPageTraceBehavior [ RunTime:0.001418s ]
INFO: [ app_end ] --END-- [ RunTime:0.001461s ]

[ 2017-05-20T16:35:54+08:00 ] 127.0.0.1 /WinXin/Index/checksignature?signature=cbd761bebc48817864ce1cfdc64455393a9ea1ae&echostr=2482079744409005439&timestamp=1495269378&nonce=110127593
INFO: [ app_init ] --START--
INFO: Run Behavior\BuildLiteBehavior [ RunTime:0.000009s ]
INFO: [ app_init ] --END-- [ RunTime:0.000220s ]
INFO: [ app_begin ] --START--
INFO: Run Behavior\ReadHtmlCacheBehavior [ RunTime:0.001542s ]
INFO: [ app_begin ] --END-- [ RunTime:0.001572s ]
INFO: [ app_end ] --START--
INFO: Run Behavior\ShowPageTraceBehavior [ RunTime:0.001415s ]
INFO: [ app_end ] --END-- [ RunTime:0.001454s ]

[ 2017-05-20T16:38:08+08:00 ] 127.0.0.1 /WinXin/Index/checksignature?signature=8a956024d57f191b6216550d0fecb3cc56e7494f&echostr=3661745580258990575&timestamp=1495269512&nonce=1929037968
INFO: [ app_init ] --START--
INFO: Run Behavior\BuildLiteBehavior [ RunTime:0.000009s ]
INFO: [ app_init ] --END-- [ RunTime:0.000206s ]
INFO: [ app_begin ] --START--
INFO: Run Behavior\ReadHtmlCacheBehavior [ RunTime:0.001384s ]
INFO: [ app_begin ] --END-- [ RunTime:0.001425s ]
INFO: [ app_end ] --START--
INFO: Run Behavior\ShowPageTraceBehavior [ RunTime:0.001522s ]
INFO: [ app_end ] --END-- [ RunTime:0.001561s ]

[ 2017-05-20T16:39:46+08:00 ] 127.0.0.1 /WinXin/Index/checksignature
INFO: [ app_init ] --START--
INFO: Run Behavior\BuildLiteBehavior [ RunTime:0.000010s ]
INFO: [ app_init ] --END-- [ RunTime:0.000310s ]
INFO: [ app_begin ] --START--
INFO: Run Behavior\ReadHtmlCacheBehavior [ RunTime:0.001579s ]
INFO: [ app_begin ] --END-- [ RunTime:0.001619s ]
NOTIC: [8] Undefined index: echostr G:\UPUPW_AP7.0\htdocs\Application\WinXin\Controller\IndexController.class.php 第 13 行.
INFO: [ app_end ] --START--
INFO: Run Behavior\ShowPageTraceBehavior [ RunTime:0.001604s ]
INFO: [ app_end ] --END-- [ RunTime:0.001633s ]

[ 2017-05-20T16:40:29+08:00 ] 127.0.0.1 /WinXin/Index/checksignature?signature=a2d8f3a4527f67f571d0a0743abe87796f2212f6&echostr=2177498092242659614&timestamp=1495269654&nonce=609868502
INFO: [ app_init ] --START--
INFO: Run Behavior\BuildLiteBehavior [ RunTime:0.000011s ]
INFO: [ app_init ] --END-- [ RunTime:0.000335s ]
INFO: [ app_begin ] --START--
INFO: Run Behavior\ReadHtmlCacheBehavior [ RunTime:0.001399s ]
INFO: [ app_begin ] --END-- [ RunTime:0.001434s ]
INFO: [ app_end ] --START--
INFO: Run Behavior\ShowPageTraceBehavior [ RunTime:0.001378s ]
INFO: [ app_end ] --END-- [ RunTime:0.001411s ]

[ 2017-05-20T16:40:31+08:00 ] 127.0.0.1 /WinXin/Index/checksignature?signature=f6bae0f988f8df1cd3157d917f2a068c9a62000d&echostr=742234835426038167&timestamp=1495269655&nonce=1080695491
INFO: [ app_init ] --START--
INFO: Run Behavior\BuildLiteBehavior [ RunTime:0.000007s ]
INFO: [ app_init ] --END-- [ RunTime:0.000048s ]
INFO: [ app_begin ] --START--
INFO: Run Behavior\ReadHtmlCacheBehavior [ RunTime:0.001339s ]
INFO: [ app_begin ] --END-- [ RunTime:0.001391s ]
INFO: [ app_end ] --START--
INFO: Run Behavior\ShowPageTraceBehavior [ RunTime:0.001261s ]
INFO: [ app_end ] --END-- [ RunTime:0.001292s ]

[ 2017-05-20T16:40:39+08:00 ] 127.0.0.1 /WinXin/Index/checksignature?signature=da2c23383082f82d2755526a1b7819c7f07dd422&echostr=3134468560590576607&timestamp=1495269663&nonce=516122240
INFO: [ app_init ] --START--
INFO: Run Behavior\BuildLiteBehavior [ RunTime:0.000008s ]
INFO: [ app_init ] --END-- [ RunTime:0.000062s ]
INFO: [ app_begin ] --START--
INFO: Run Behavior\ReadHtmlCacheBehavior [ RunTime:0.001925s ]
INFO: [ app_begin ] --END-- [ RunTime:0.001968s ]
INFO: [ app_end ] --START--
INFO: Run Behavior\ShowPageTraceBehavior [ RunTime:0.001242s ]
INFO: [ app_end ] --END-- [ RunTime:0.001271s ]

[ 2017-05-20T16:42:01+08:00 ] 127.0.0.1 /WinXin/Index/checksignature?signature=8cb6609e25a3ba31ca86f5445c47e67407b19545&echostr=7819330311478926207&timestamp=1495269745&nonce=59972964
INFO: [ app_init ] --START--
INFO: Run Behavior\BuildLiteBehavior [ RunTime:0.000012s ]
INFO: [ app_init ] --END-- [ RunTime:0.000324s ]
INFO: [ app_begin ] --START--
INFO: Run Behavior\ReadHtmlCacheBehavior [ RunTime:0.001344s ]
INFO: [ app_begin ] --END-- [ RunTime:0.001381s ]
NOTIC: [8] Use of undefined constant TOKEN - assumed 'TOKEN' G:\UPUPW_AP7.0\htdocs\Application\WinXin\Controller\IndexController.class.php 第 14 行.

[ 2017-05-20T16:43:33+08:00 ] 127.0.0.1 /WinXin/Index/checksignature?signature=7b56e9acb8d34e12282493efb5fb70d1b7549048&echostr=4439068849701368781&timestamp=1495269837&nonce=459886590
INFO: [ app_init ] --START--
INFO: Run Behavior\BuildLiteBehavior [ RunTime:0.000009s ]
INFO: [ app_init ] --END-- [ RunTime:0.000226s ]
INFO: [ app_begin ] --START--
INFO: Run Behavior\ReadHtmlCacheBehavior [ RunTime:0.001608s ]
INFO: [ app_begin ] --END-- [ RunTime:0.001641s ]
NOTIC: [8] Use of undefined constant TOKEN - assumed 'TOKEN' G:\UPUPW_AP7.0\htdocs\Application\WinXin\Controller\IndexController.class.php 第 14 行.

[ 2017-05-20T16:44:08+08:00 ] 127.0.0.1 /WinXin/Index/checksignature?signature=5597934a3b13423d15fde788c0558c627194026d&echostr=3708826166186662902&timestamp=1495269872&nonce=882984418
INFO: [ app_init ] --START--
INFO: Run Behavior\BuildLiteBehavior [ RunTime:0.000009s ]
INFO: [ app_init ] --END-- [ RunTime:0.000223s ]
INFO: [ app_begin ] --START--
INFO: Run Behavior\ReadHtmlCacheBehavior [ RunTime:0.001528s ]
INFO: [ app_begin ] --END-- [ RunTime:0.001573s ]

[ 2017-05-20T16:44:19+08:00 ] 127.0.0.1 /WinXin/Index/checksignature?signature=ea65ff2a0364d4941a8e96e5458b2c2f6315ca0e&echostr=6088943148697895935&timestamp=1495269883&nonce=85654486
INFO: [ app_init ] --START--
INFO: Run Behavior\BuildLiteBehavior [ RunTime:0.000012s ]
INFO: [ app_init ] --END-- [ RunTime:0.000297s ]
INFO: [ app_begin ] --START--
INFO: Run Behavior\ReadHtmlCacheBehavior [ RunTime:0.001898s ]
INFO: [ app_begin ] --END-- [ RunTime:0.001966s ]

[ 2017-05-20T16:44:20+08:00 ] 127.0.0.1 /WinXin/Index/checksignature?signature=70493d40878aea6232dcef3a393f12fdda97edd1&echostr=8329483426477586943&timestamp=1495269885&nonce=1475889558
INFO: [ app_init ] --START--
INFO: Run Behavior\BuildLiteBehavior [ RunTime:0.000007s ]
INFO: [ app_init ] --END-- [ RunTime:0.000054s ]
INFO: [ app_begin ] --START--
INFO: Run Behavior\ReadHtmlCacheBehavior [ RunTime:0.001777s ]
INFO: [ app_begin ] --END-- [ RunTime:0.001815s ]
INFO: [ app_end ] --START--
INFO: Run Behavior\ShowPageTraceBehavior [ RunTime:0.001652s ]
INFO: [ app_end ] --END-- [ RunTime:0.001688s ]

[ 2017-05-20T17:30:53+08:00 ] 127.0.0.1 /winxin/index/login.html
INFO: [ app_init ] --START--
INFO: Run Behavior\BuildLiteBehavior [ RunTime:0.000014s ]
INFO: [ app_init ] --END-- [ RunTime:0.000115s ]
INFO: [ app_begin ] --START--
INFO: Run Behavior\ReadHtmlCacheBehavior [ RunTime:0.001872s ]
INFO: [ app_begin ] --END-- [ RunTime:0.001921s ]
ERR: 无法加载控制器:Index

[ 2017-05-20T17:32:31+08:00 ] 127.0.0.1 /winxin/index/login.html
INFO: [ app_init ] --START--
INFO: Run Behavior\BuildLiteBehavior [ RunTime:0.000011s ]
INFO: [ app_init ] --END-- [ RunTime:0.000080s ]
INFO: [ app_begin ] --START--
INFO: Run Behavior\ReadHtmlCacheBehavior [ RunTime:0.002647s ]
INFO: [ app_begin ] --END-- [ RunTime:0.002709s ]
ERR: 无法加载控制器:Index

[ 2017-05-20T17:33:24+08:00 ] 127.0.0.1 /winxin/index/login.html
INFO: [ app_init ] --START--
INFO: Run Behavior\BuildLiteBehavior [ RunTime:0.000012s ]
INFO: [ app_init ] --END-- [ RunTime:0.000256s ]
INFO: [ app_begin ] --START--
INFO: Run Behavior\ReadHtmlCacheBehavior [ RunTime:0.001390s ]
INFO: [ app_begin ] --END-- [ RunTime:0.001436s ]
ERR: 无法加载控制器:Index

[ 2017-05-20T17:33:35+08:00 ] 127.0.0.1 /WinXin/Index/login.html
INFO: [ app_init ] --START--
INFO: Run Behavior\BuildLiteBehavior [ RunTime:0.000017s ]
INFO: [ app_init ] --END-- [ RunTime:0.000396s ]
INFO: [ app_begin ] --START--
INFO: Run Behavior\ReadHtmlCacheBehavior [ RunTime:0.001369s ]
INFO: [ app_begin ] --END-- [ RunTime:0.001415s ]
INFO: [ app_end ] --START--
INFO: Run Behavior\ShowPageTraceBehavior [ RunTime:0.002211s ]
INFO: [ app_end ] --END-- [ RunTime:0.002268s ]

[ 2017-05-20T17:33:58+08:00 ] 127.0.0.1 /winxin/index/login.html
INFO: [ app_init ] --START--
INFO: Run Behavior\BuildLiteBehavior [ RunTime:0.000011s ]
INFO: [ app_init ] --END-- [ RunTime:0.000086s ]
INFO: [ app_begin ] --START--
INFO: Run Behavior\ReadHtmlCacheBehavior [ RunTime:0.002418s ]
INFO: [ app_begin ] --END-- [ RunTime:0.002476s ]
ERR: 无法加载控制器:Index

[ 2017-05-20T17:34:12+08:00 ] 127.0.0.1 /winxin/index/login.html
INFO: [ app_init ] --START--
INFO: Run Behavior\BuildLiteBehavior [ RunTime:0.000014s ]
INFO: [ app_init ] --END-- [ RunTime:0.000378s ]
INFO: [ app_begin ] --START--
INFO: Run Behavior\ReadHtmlCacheBehavior [ RunTime:0.001711s ]
INFO: [ app_begin ] --END-- [ RunTime:0.001771s ]
ERR: 无法加载控制器:Index

[ 2017-05-20T17:34:14+08:00 ] 127.0.0.1 /winxin/index/login.html
INFO: [ app_init ] --START--
INFO: Run Behavior\BuildLiteBehavior [ RunTime:0.000008s ]
INFO: [ app_init ] --END-- [ RunTime:0.000058s ]
INFO: [ app_begin ] --START--
INFO: Run Behavior\ReadHtmlCacheBehavior [ RunTime:0.001480s ]
INFO: [ app_begin ] --END-- [ RunTime:0.001531s ]
ERR: 无法加载控制器:Index

[ 2017-05-20T17:34:26+08:00 ] 127.0.0.1 /winxin/index/login.html
INFO: [ app_init ] --START--
INFO: Run Behavior\BuildLiteBehavior [ RunTime:0.000009s ]
INFO: [ app_init ] --END-- [ RunTime:0.000211s ]
INFO: [ app_begin ] --START--
INFO: Run Behavior\ReadHtmlCacheBehavior [ RunTime:0.002110s ]
INFO: [ app_begin ] --END-- [ RunTime:0.002152s ]
ERR: 无法加载控制器:Index

[ 2017-05-20T17:35:37+08:00 ] 127.0.0.1 /winxin/index/login.html
INFO: [ app_init ] --START--
INFO: Run Behavior\BuildLiteBehavior [ RunTime:0.000012s ]
INFO: [ app_init ] --END-- [ RunTime:0.000335s ]
INFO: [ app_begin ] --START--
INFO: Run Behavior\ReadHtmlCacheBehavior [ RunTime:0.002873s ]
INFO: [ app_begin ] --END-- [ RunTime:0.002958s ]
ERR: 无法加载控制器:Index

[ 2017-05-20T17:35:38+08:00 ] 127.0.0.1 /winxin/index/login.html
INFO: [ app_init ] --START--
INFO: Run Behavior\BuildLiteBehavior [ RunTime:0.000010s ]
INFO: [ app_init ] --END-- [ RunTime:0.000074s ]
INFO: [ app_begin ] --START--
INFO: Run Behavior\ReadHtmlCacheBehavior [ RunTime:0.002509s ]
INFO: [ app_begin ] --END-- [ RunTime:0.002567s ]
ERR: 无法加载控制器:Index

[ 2017-05-20T17:36:26+08:00 ] 127.0.0.1 /winxin/index/login.html
INFO: [ app_init ] --START--
INFO: Run Behavior\BuildLiteBehavior [ RunTime:0.000019s ]
INFO: [ app_init ] --END-- [ RunTime:0.000406s ]
INFO: [ app_begin ] --START--
INFO: Run Behavior\ReadHtmlCacheBehavior [ RunTime:0.001806s ]
INFO: [ app_begin ] --END-- [ RunTime:0.001866s ]
ERR: 无法加载控制器:Index

[ 2017-05-20T17:36:34+08:00 ] 127.0.0.1 /winxin/index/login.html
INFO: [ app_init ] --START--
INFO: Run Behavior\BuildLiteBehavior [ RunTime:0.000012s ]
INFO: [ app_init ] --END-- [ RunTime:0.000104s ]
INFO: [ app_begin ] --START--
INFO: Run Behavior\ReadHtmlCacheBehavior [ RunTime:0.002469s ]
INFO: [ app_begin ] --END-- [ RunTime:0.002524s ]
ERR: 无法加载控制器:Index

[ 2017-05-20T17:37:41+08:00 ] 127.0.0.1 /winxin/index/login.html
INFO: [ app_init ] --START--
INFO: Run Behavior\BuildLiteBehavior [ RunTime:0.000015s ]
INFO: [ app_init ] --END-- [ RunTime:0.000475s ]
INFO: [ app_begin ] --START--
INFO: Run Behavior\ReadHtmlCacheBehavior [ RunTime:0.002181s ]
INFO: [ app_begin ] --END-- [ RunTime:0.002238s ]
ERR: 无法加载控制器:Index

[ 2017-05-20T17:37:42+08:00 ] 127.0.0.1 /winxin/index/login.html
INFO: [ app_init ] --START--
INFO: Run Behavior\BuildLiteBehavior [ RunTime:0.000012s ]
INFO: [ app_init ] --END-- [ RunTime:0.000137s ]
INFO: [ app_begin ] --START--
INFO: Run Behavior\ReadHtmlCacheBehavior [ RunTime:0.001231s ]
INFO: [ app_begin ] --END-- [ RunTime:0.001267s ]
ERR: 无法加载控制器:Index

[ 2017-05-20T17:37:43+08:00 ] 127.0.0.1 /winxin/index/login.html
INFO: [ app_init ] --START--
INFO: Run Behavior\BuildLiteBehavior [ RunTime:0.000008s ]
INFO: [ app_init ] --END-- [ RunTime:0.000053s ]
INFO: [ app_begin ] --START--
INFO: Run Behavior\ReadHtmlCacheBehavior [ RunTime:0.002286s ]
INFO: [ app_begin ] --END-- [ RunTime:0.002350s ]
ERR: 无法加载控制器:Index

[ 2017-05-20T17:37:58+08:00 ] 127.0.0.1 /winxin/index/
INFO: [ app_init ] --START--
INFO: Run Behavior\BuildLiteBehavior [ RunTime:0.000011s ]
INFO: [ app_init ] --END-- [ RunTime:0.000269s ]
INFO: [ app_begin ] --START--
INFO: Run Behavior\ReadHtmlCacheBehavior [ RunTime:0.001614s ]
INFO: [ app_begin ] --END-- [ RunTime:0.001671s ]
ERR: 无法加载控制器:Index

[ 2017-05-20T17:38:04+08:00 ] 127.0.0.1 /winxin/Index
INFO: [ app_init ] --START--
INFO: Run Behavior\BuildLiteBehavior [ RunTime:0.000012s ]
INFO: [ app_init ] --END-- [ RunTime:0.000104s ]
INFO: [ app_begin ] --START--
INFO: Run Behavior\ReadHtmlCacheBehavior [ RunTime:0.002078s ]
INFO: [ app_begin ] --END-- [ RunTime:0.002147s ]
ERR: 无法加载控制器:Index

[ 2017-05-20T17:38:10+08:00 ] 127.0.0.1 /WinXin/Index
INFO: [ app_init ] --START--
INFO: Run Behavior\BuildLiteBehavior [ RunTime:0.000024s ]
INFO: [ app_init ] --END-- [ RunTime:0.000480s ]
INFO: [ app_begin ] --START--
INFO: Run Behavior\ReadHtmlCacheBehavior [ RunTime:0.001375s ]
INFO: [ app_begin ] --END-- [ RunTime:0.001419s ]
ERR: syntax error, unexpected '$this' (T_VARIABLE)

[ 2017-05-20T17:38:19+08:00 ] 127.0.0.1 /winxin/Index
INFO: [ app_init ] --START--
INFO: Run Behavior\BuildLiteBehavior [ RunTime:0.000014s ]
INFO: [ app_init ] --END-- [ RunTime:0.000114s ]
INFO: [ app_begin ] --START--
INFO: Run Behavior\ReadHtmlCacheBehavior [ RunTime:0.001227s ]
INFO: [ app_begin ] --END-- [ RunTime:0.001269s ]
ERR: 无法加载控制器:Index

[ 2017-05-20T17:38:20+08:00 ] 127.0.0.1 /winxin/index/
INFO: [ app_init ] --START--
INFO: Run Behavior\BuildLiteBehavior [ RunTime:0.000010s ]
INFO: [ app_init ] --END-- [ RunTime:0.000090s ]
INFO: [ app_begin ] --START--
INFO: Run Behavior\ReadHtmlCacheBehavior [ RunTime:0.001167s ]
INFO: [ app_begin ] --END-- [ RunTime:0.001202s ]
ERR: 无法加载控制器:Index

[ 2017-05-20T17:38:22+08:00 ] 127.0.0.1 /winxin/index/login.html
INFO: [ app_init ] --START--
INFO: Run Behavior\BuildLiteBehavior [ RunTime:0.000009s ]
INFO: [ app_init ] --END-- [ RunTime:0.000206s ]
INFO: [ app_begin ] --START--
INFO: Run Behavior\ReadHtmlCacheBehavior [ RunTime:0.001748s ]
INFO: [ app_begin ] --END-- [ RunTime:0.001807s ]
ERR: 无法加载控制器:Index

[ 2017-05-20T17:38:25+08:00 ] 127.0.0.1 /winxin/index/login.html
INFO: [ app_init ] --START--
INFO: Run Behavior\BuildLiteBehavior [ RunTime:0.000008s ]
INFO: [ app_init ] --END-- [ RunTime:0.000055s ]
INFO: [ app_begin ] --START--
INFO: Run Behavior\ReadHtmlCacheBehavior [ RunTime:0.001791s ]
INFO: [ app_begin ] --END-- [ RunTime:0.001838s ]
ERR: 无法加载控制器:Index

[ 2017-05-20T17:39:42+08:00 ] 127.0.0.1 /winxin/index/login.html
INFO: [ app_init ] --START--
INFO: Run Behavior\BuildLiteBehavior [ RunTime:0.000012s ]
INFO: [ app_init ] --END-- [ RunTime:0.000342s ]
INFO: [ app_begin ] --START--
INFO: Run Behavior\ReadHtmlCacheBehavior [ RunTime:0.001356s ]
INFO: [ app_begin ] --END-- [ RunTime:0.001394s ]
ERR: 无法加载控制器:Index

[ 2017-05-20T17:40:07+08:00 ] 127.0.0.1 /winxin/index/login.html
INFO: [ app_init ] --START--
INFO: Run Behavior\BuildLiteBehavior [ RunTime:0.000020s ]
INFO: [ app_init ] --END-- [ RunTime:0.000361s ]
INFO: [ app_begin ] --START--
INFO: Run Behavior\ReadHtmlCacheBehavior [ RunTime:0.002708s ]
INFO: [ app_begin ] --END-- [ RunTime:0.002771s ]
ERR: 无法加载控制器:Index

[ 2017-05-20T17:40:12+08:00 ] 127.0.0.1 /winxin/index/login.html
INFO: [ app_init ] --START--
INFO: Run Behavior\BuildLiteBehavior [ RunTime:0.000010s ]
INFO: [ app_init ] --END-- [ RunTime:0.000091s ]
INFO: [ app_begin ] --START--
INFO: Run Behavior\ReadHtmlCacheBehavior [ RunTime:0.001214s ]
INFO: [ app_begin ] --END-- [ RunTime:0.001250s ]
ERR: 无法加载控制器:Index

[ 2017-05-20T17:40:51+08:00 ] 127.0.0.1 /winxin/index/login.html
INFO: [ app_init ] --START--
INFO: Run Behavior\BuildLiteBehavior [ RunTime:0.000010s ]
INFO: [ app_init ] --END-- [ RunTime:0.000343s ]
INFO: [ app_begin ] --START--
INFO: Run Behavior\ReadHtmlCacheBehavior [ RunTime:0.002349s ]
INFO: [ app_begin ] --END-- [ RunTime:0.002402s ]
ERR: 无法加载控制器:Index

[ 2017-05-20T17:41:10+08:00 ] 127.0.0.1 /winxin/index/login.html
INFO: [ app_init ] --START--
INFO: Run Behavior\BuildLiteBehavior [ RunTime:0.000008s ]
INFO: [ app_init ] --END-- [ RunTime:0.000232s ]
INFO: [ app_begin ] --START--
INFO: Run Behavior\ReadHtmlCacheBehavior [ RunTime:0.002685s ]
INFO: [ app_begin ] --END-- [ RunTime:0.002746s ]
ERR: 无法加载控制器:Index

[ 2017-05-20T17:42:01+08:00 ] 127.0.0.1 /winxin/index/login.html
INFO: [ app_init ] --START--
INFO: Run Behavior\BuildLiteBehavior [ RunTime:0.000013s ]
INFO: [ app_init ] --END-- [ RunTime:0.000385s ]
INFO: [ app_begin ] --START--
INFO: Run Behavior\ReadHtmlCacheBehavior [ RunTime:0.002434s ]
INFO: [ app_begin ] --END-- [ RunTime:0.002483s ]
ERR: 无法加载控制器:Index

[ 2017-05-20T17:42:06+08:00 ] 127.0.0.1 /winxin/index.html
INFO: [ app_init ] --START--
INFO: Run Behavior\BuildLiteBehavior [ RunTime:0.000010s ]
INFO: [ app_init ] --END-- [ RunTime:0.000083s ]
INFO: [ app_begin ] --START--
INFO: Run Behavior\ReadHtmlCacheBehavior [ RunTime:0.001738s ]
INFO: [ app_begin ] --END-- [ RunTime:0.001783s ]
ERR: 无法加载控制器:Index

[ 2017-05-20T17:45:07+08:00 ] 127.0.0.1 /winxin/index.html
INFO: [ app_init ] --START--
INFO: Run Behavior\BuildLiteBehavior [ RunTime:0.000011s ]
INFO: [ app_init ] --END-- [ RunTime:0.000300s ]
INFO: [ app_begin ] --START--
INFO: Run Behavior\ReadHtmlCacheBehavior [ RunTime:0.002134s ]
INFO: [ app_begin ] --END-- [ RunTime:0.002202s ]
ERR: 无法加载控制器:Index

[ 2017-05-20T17:45:27+08:00 ] 127.0.0.1 /winxin/index.html
INFO: [ app_init ] --START--
INFO: Run Behavior\BuildLiteBehavior [ RunTime:0.000012s ]
INFO: [ app_init ] --END-- [ RunTime:0.000368s ]
INFO: [ app_begin ] --START--
INFO: Run Behavior\ReadHtmlCacheBehavior [ RunTime:0.002132s ]
INFO: [ app_begin ] --END-- [ RunTime:0.002178s ]
ERR: 无法加载控制器:Index

[ 2017-05-20T17:45:50+08:00 ] 127.0.0.1 /winxin/index.html
INFO: [ app_init ] --START--
INFO: Run Behavior\BuildLiteBehavior [ RunTime:0.000010s ]
INFO: [ app_init ] --END-- [ RunTime:0.000246s ]
INFO: [ app_begin ] --START--
INFO: Run Behavior\ReadHtmlCacheBehavior [ RunTime:0.001580s ]
INFO: [ app_begin ] --END-- [ RunTime:0.001642s ]
ERR: 无法加载控制器:Index

[ 2017-05-20T17:47:14+08:00 ] 127.0.0.1 /WinXin/Index/login.html
INFO: [ app_init ] --START--
INFO: Run Behavior\BuildLiteBehavior [ RunTime:0.000014s ]
INFO: [ app_init ] --END-- [ RunTime:0.000372s ]
INFO: [ app_begin ] --START--
INFO: Run Behavior\ReadHtmlCacheBehavior [ RunTime:0.002065s ]
INFO: [ app_begin ] --END-- [ RunTime:0.002109s ]
INFO: [ app_end ] --START--
INFO: Run Behavior\ShowPageTraceBehavior [ RunTime:0.001637s ]
INFO: [ app_end ] --END-- [ RunTime:0.001679s ]

[ 2017-05-20T17:47:16+08:00 ] 127.0.0.1 /winxin/index/login.html
INFO: [ app_init ] --START--
INFO: Run Behavior\BuildLiteBehavior [ RunTime:0.000052s ]
INFO: [ app_init ] --END-- [ RunTime:0.000243s ]
INFO: [ app_begin ] --START--
INFO: Run Behavior\ReadHtmlCacheBehavior [ RunTime:0.001381s ]
INFO: [ app_begin ] --END-- [ RunTime:0.001431s ]
ERR: 无法加载控制器:Index

[ 2017-05-20T17:47:19+08:00 ] 127.0.0.1 /WinXin/Index/login.html
INFO: [ app_init ] --START--
INFO: Run Behavior\BuildLiteBehavior [ RunTime:0.000010s ]
INFO: [ app_init ] --END-- [ RunTime:0.000089s ]
INFO: [ app_begin ] --START--
INFO: Run Behavior\ReadHtmlCacheBehavior [ RunTime:0.003964s ]
INFO: [ app_begin ] --END-- [ RunTime:0.004101s ]
INFO: [ app_end ] --START--
INFO: Run Behavior\ShowPageTraceBehavior [ RunTime:0.002273s ]
INFO: [ app_end ] --END-- [ RunTime:0.002324s ]

[ 2017-05-20T17:48:01+08:00 ] 127.0.0.1 /WinXin/Index/login.html
INFO: [ app_init ] --START--
INFO: Run Behavior\BuildLiteBehavior [ RunTime:0.000007s ]
INFO: [ app_init ] --END-- [ RunTime:0.000076s ]
INFO: [ app_begin ] --START--
INFO: Run Behavior\ReadHtmlCacheBehavior [ RunTime:0.001195s ]
INFO: [ app_begin ] --END-- [ RunTime:0.001220s ]
ERR: Think\Controller:http方法不存在！

[ 2017-05-20T17:49:35+08:00 ] 127.0.0.1 /winxin/index/login.html
INFO: [ app_init ] --START--
INFO: Run Behavior\BuildLiteBehavior [ RunTime:0.000009s ]
INFO: [ app_init ] --END-- [ RunTime:0.000215s ]
INFO: [ app_begin ] --START--
INFO: Run Behavior\ReadHtmlCacheBehavior [ RunTime:0.001877s ]
INFO: [ app_begin ] --END-- [ RunTime:0.001924s ]
ERR: 无法加载控制器:Index

[ 2017-05-20T17:49:41+08:00 ] 127.0.0.1 /WinXin/Index/login.html
INFO: [ app_init ] --START--
INFO: Run Behavior\BuildLiteBehavior [ RunTime:0.000008s ]
INFO: [ app_init ] --END-- [ RunTime:0.000051s ]
INFO: [ app_begin ] --START--
INFO: Run Behavior\ReadHtmlCacheBehavior [ RunTime:0.001775s ]
INFO: [ app_begin ] --END-- [ RunTime:0.001807s ]
INFO: [ app_end ] --START--
INFO: Run Behavior\ShowPageTraceBehavior [ RunTime:0.004119s ]
INFO: [ app_end ] --END-- [ RunTime:0.004225s ]

[ 2017-05-20T17:50:02+08:00 ] 127.0.0.1 /WinXin/Index/login.html
INFO: [ app_init ] --START--
INFO: Run Behavior\BuildLiteBehavior [ RunTime:0.000009s ]
INFO: [ app_init ] --END-- [ RunTime:0.000221s ]
INFO: [ app_begin ] --START--
INFO: Run Behavior\ReadHtmlCacheBehavior [ RunTime:0.001682s ]
INFO: [ app_begin ] --END-- [ RunTime:0.001732s ]
INFO: [ app_end ] --START--
INFO: Run Behavior\ShowPageTraceBehavior [ RunTime:0.001870s ]
INFO: [ app_end ] --END-- [ RunTime:0.001946s ]

[ 2017-05-20T17:50:07+08:00 ] 127.0.0.1 /WinXin/Index/login.html
INFO: [ app_init ] --START--
INFO: Run Behavior\BuildLiteBehavior [ RunTime:0.000009s ]
INFO: [ app_init ] --END-- [ RunTime:0.000067s ]
INFO: [ app_begin ] --START--
INFO: Run Behavior\ReadHtmlCacheBehavior [ RunTime:0.001226s ]
INFO: [ app_begin ] --END-- [ RunTime:0.001256s ]
INFO: [ app_end ] --START--
INFO: Run Behavior\ShowPageTraceBehavior [ RunTime:0.004488s ]
INFO: [ app_end ] --END-- [ RunTime:0.004586s ]

[ 2017-05-20T17:53:21+08:00 ] 127.0.0.1 /WinXin/Index
INFO: [ app_init ] --START--
INFO: Run Behavior\BuildLiteBehavior [ RunTime:0.000009s ]
INFO: [ app_init ] --END-- [ RunTime:0.000226s ]
INFO: [ app_begin ] --START--
INFO: Run Behavior\ReadHtmlCacheBehavior [ RunTime:0.001474s ]
INFO: [ app_begin ] --END-- [ RunTime:0.001518s ]
INFO: [ app_end ] --START--
INFO: Run Behavior\ShowPageTraceBehavior [ RunTime:0.001481s ]
INFO: [ app_end ] --END-- [ RunTime:0.001520s ]

[ 2017-05-20T17:53:56+08:00 ] 127.0.0.1 /WinXin/Index/login.html
INFO: [ app_init ] --START--
INFO: Run Behavior\BuildLiteBehavior [ RunTime:0.000010s ]
INFO: [ app_init ] --END-- [ RunTime:0.000208s ]
INFO: [ app_begin ] --START--
INFO: Run Behavior\ReadHtmlCacheBehavior [ RunTime:0.001382s ]
INFO: [ app_begin ] --END-- [ RunTime:0.001419s ]
INFO: [ app_end ] --START--
INFO: Run Behavior\ShowPageTraceBehavior [ RunTime:0.004886s ]
INFO: [ app_end ] --END-- [ RunTime:0.004990s ]

[ 2017-05-20T17:55:40+08:00 ] 127.0.0.1 /WinXin/Index/Index
INFO: [ app_init ] --START--
INFO: Run Behavior\BuildLiteBehavior [ RunTime:0.000010s ]
INFO: [ app_init ] --END-- [ RunTime:0.000214s ]
INFO: [ app_begin ] --START--
INFO: Run Behavior\ReadHtmlCacheBehavior [ RunTime:0.001378s ]
INFO: [ app_begin ] --END-- [ RunTime:0.001419s ]
INFO: [ app_end ] --START--
INFO: Run Behavior\ShowPageTraceBehavior [ RunTime:0.001961s ]
INFO: [ app_end ] --END-- [ RunTime:0.002009s ]

[ 2017-05-20T17:57:28+08:00 ] 127.0.0.1 /WinXin/Index/Index
INFO: [ app_init ] --START--
INFO: Run Behavior\BuildLiteBehavior [ RunTime:0.000009s ]
INFO: [ app_init ] --END-- [ RunTime:0.000197s ]
INFO: [ app_begin ] --START--
INFO: Run Behavior\ReadHtmlCacheBehavior [ RunTime:0.001428s ]
INFO: [ app_begin ] --END-- [ RunTime:0.001469s ]
INFO: [ app_end ] --START--
INFO: Run Behavior\ShowPageTraceBehavior [ RunTime:0.001466s ]
INFO: [ app_end ] --END-- [ RunTime:0.001504s ]

[ 2017-05-20T18:43:20+08:00 ] 127.0.0.1 /WinXin/Index?code=0315ixVn02R6wo18K9Wn0WUFVn05ixVH&state=STATE
INFO: [ app_init ] --START--
INFO: Run Behavior\BuildLiteBehavior [ RunTime:0.000009s ]
INFO: [ app_init ] --END-- [ RunTime:0.000218s ]
INFO: [ app_begin ] --START--
INFO: Run Behavior\ReadHtmlCacheBehavior [ RunTime:0.001384s ]
INFO: [ app_begin ] --END-- [ RunTime:0.001417s ]
INFO: [ app_end ] --START--
INFO: Run Behavior\ShowPageTraceBehavior [ RunTime:0.002183s ]
INFO: [ app_end ] --END-- [ RunTime:0.002242s ]

[ 2017-05-20T18:43:22+08:00 ] 127.0.0.1 /WinXin/Index?code=0315ixVn02R6wo18K9Wn0WUFVn05ixVH&state=STATE&nsukey=TzErT5sAuCTz2ESx73z9ln%2Ft3tWBBqpDS3Z%2FvX1KUa5S1vPPs8%2BllJkLVojc6cmkxwWpZAZXGICFJZ%2BJtqJVvfYugKul5rUQLPX4UPvMkBRsIewOOTo3hKbpQ7HA9wTF9pj%2B6lXBHH65d6TTxSMlBtkso1XG7wwgw2wE1qrwCSRO1koLnp3W%2BR1OPgsKaolW
INFO: [ app_init ] --START--
INFO: Run Behavior\BuildLiteBehavior [ RunTime:0.000007s ]
INFO: [ app_init ] --END-- [ RunTime:0.000054s ]
INFO: [ app_begin ] --START--
INFO: Run Behavior\ReadHtmlCacheBehavior [ RunTime:0.002008s ]
INFO: [ app_begin ] --END-- [ RunTime:0.002059s ]
INFO: [ app_end ] --START--
INFO: Run Behavior\ShowPageTraceBehavior [ RunTime:0.001244s ]
INFO: [ app_end ] --END-- [ RunTime:0.001279s ]

[ 2017-05-20T18:43:24+08:00 ] 127.0.0.1 /WinXin/Index?code=0315ixVn02R6wo18K9Wn0WUFVn05ixVH&state=STATE&nsukey=TzErT5sAuCTz2ESx73z9ln%2Ft3tWBBqpDS3Z%2FvX1KUa5S1vPPs8%2BllJkLVojc6cmkxwWpZAZXGICFJZ%2BJtqJVvfYugKul5rUQLPX4UPvMkBRsIewOOTo3hKbpQ7HA9wTF9pj%2B6lXBHH65d6TTxSMlBtkso1XG7wwgw2wE1qrwCSRO1koLnp3W%2BR1OPgsKaolW
INFO: [ app_init ] --START--
INFO: Run Behavior\BuildLiteBehavior [ RunTime:0.000004s ]
INFO: [ app_init ] --END-- [ RunTime:0.000040s ]
INFO: [ app_begin ] --START--
INFO: Run Behavior\ReadHtmlCacheBehavior [ RunTime:0.002838s ]
INFO: [ app_begin ] --END-- [ RunTime:0.002888s ]
INFO: [ app_end ] --START--
INFO: Run Behavior\ShowPageTraceBehavior [ RunTime:0.002225s ]
INFO: [ app_end ] --END-- [ RunTime:0.002290s ]

[ 2017-05-20T18:43:26+08:00 ] 127.0.0.1 /WinXin/Index?code=0315ixVn02R6wo18K9Wn0WUFVn05ixVH&state=STATE&nsukey=TzErT5sAuCTz2ESx73z9ln%2Ft3tWBBqpDS3Z%2FvX1KUa5S1vPPs8%2BllJkLVojc6cmkxwWpZAZXGICFJZ%2BJtqJVvfYugKul5rUQLPX4UPvMkBRsIewOOTo3hKbpQ7HA9wTF9pj%2B6lXBHH65d6TTxSMlBtkso1XG7wwgw2wE1qrwCSRO1koLnp3W%2BR1OPgsKaolW
INFO: [ app_init ] --START--
INFO: Run Behavior\BuildLiteBehavior [ RunTime:0.000007s ]
INFO: [ app_init ] --END-- [ RunTime:0.000061s ]
INFO: [ app_begin ] --START--
INFO: Run Behavior\ReadHtmlCacheBehavior [ RunTime:0.003773s ]
INFO: [ app_begin ] --END-- [ RunTime:0.003822s ]
INFO: [ app_end ] --START--
INFO: Run Behavior\ShowPageTraceBehavior [ RunTime:0.001544s ]
INFO: [ app_end ] --END-- [ RunTime:0.001579s ]

[ 2017-05-20T18:45:07+08:00 ] 127.0.0.1 /WinXin/Index?code=0219DWtk190nTj084Guk1Wt7uk19DWtf&state=STATE
INFO: [ app_init ] --START--
INFO: Run Behavior\BuildLiteBehavior [ RunTime:0.000009s ]
INFO: [ app_init ] --END-- [ RunTime:0.000238s ]
INFO: [ app_begin ] --START--
INFO: Run Behavior\ReadHtmlCacheBehavior [ RunTime:0.001516s ]
INFO: [ app_begin ] --END-- [ RunTime:0.001559s ]
INFO: [ app_end ] --START--
INFO: Run Behavior\ShowPageTraceBehavior [ RunTime:0.001732s ]
INFO: [ app_end ] --END-- [ RunTime:0.001799s ]

[ 2017-05-20T18:45:11+08:00 ] 127.0.0.1 /WinXin/Index?code=0219DWtk190nTj084Guk1Wt7uk19DWtf&state=STATE&nsukey=iLBIZ6to0Md%2BTrkZwA0iPYHAV%2F75wKJ4EL6h8V05kGfKN9%2FIzys9ZUP3kSMRh1ubLF52DcNnpiBOhdoF5IrMZCG2k%2Fn4LkyDtOT9YZT43o00lauyKWZmIx5ujZphC3rUzKncaUdryt9Bcusb3gdF1K47ikgTU1wpBONbPqLBlqlE1Obul2B27OI1M7dkgfAM
INFO: [ app_init ] --START--
INFO: Run Behavior\BuildLiteBehavior [ RunTime:0.000008s ]
INFO: [ app_init ] --END-- [ RunTime:0.000052s ]
INFO: [ app_begin ] --START--
INFO: Run Behavior\ReadHtmlCacheBehavior [ RunTime:0.001688s ]
INFO: [ app_begin ] --END-- [ RunTime:0.001734s ]
INFO: [ app_end ] --START--
INFO: Run Behavior\ShowPageTraceBehavior [ RunTime:0.001430s ]
INFO: [ app_end ] --END-- [ RunTime:0.001475s ]

[ 2017-05-20T18:45:12+08:00 ] 127.0.0.1 /WinXin/Index?code=0219DWtk190nTj084Guk1Wt7uk19DWtf&state=STATE&nsukey=iLBIZ6to0Md%2BTrkZwA0iPYHAV%2F75wKJ4EL6h8V05kGfKN9%2FIzys9ZUP3kSMRh1ubLF52DcNnpiBOhdoF5IrMZCG2k%2Fn4LkyDtOT9YZT43o00lauyKWZmIx5ujZphC3rUzKncaUdryt9Bcusb3gdF1K47ikgTU1wpBONbPqLBlqlE1Obul2B27OI1M7dkgfAM
INFO: [ app_init ] --START--
INFO: Run Behavior\BuildLiteBehavior [ RunTime:0.000012s ]
INFO: [ app_init ] --END-- [ RunTime:0.000080s ]
INFO: [ app_begin ] --START--
INFO: Run Behavior\ReadHtmlCacheBehavior [ RunTime:0.001829s ]
INFO: [ app_begin ] --END-- [ RunTime:0.001876s ]
INFO: [ app_end ] --START--
INFO: Run Behavior\ShowPageTraceBehavior [ RunTime:0.001512s ]
INFO: [ app_end ] --END-- [ RunTime:0.001547s ]

[ 2017-05-20T18:45:15+08:00 ] 127.0.0.1 /WinXin/Index?code=0219DWtk190nTj084Guk1Wt7uk19DWtf&state=STATE&nsukey=iLBIZ6to0Md%2BTrkZwA0iPYHAV%2F75wKJ4EL6h8V05kGfKN9%2FIzys9ZUP3kSMRh1ubLF52DcNnpiBOhdoF5IrMZCG2k%2Fn4LkyDtOT9YZT43o00lauyKWZmIx5ujZphC3rUzKncaUdryt9Bcusb3gdF1K47ikgTU1wpBONbPqLBlqlE1Obul2B27OI1M7dkgfAM
INFO: [ app_init ] --START--
INFO: Run Behavior\BuildLiteBehavior [ RunTime:0.000011s ]
INFO: [ app_init ] --END-- [ RunTime:0.000090s ]
INFO: [ app_begin ] --START--
INFO: Run Behavior\ReadHtmlCacheBehavior [ RunTime:0.001298s ]
INFO: [ app_begin ] --END-- [ RunTime:0.001338s ]
INFO: [ app_end ] --START--
INFO: Run Behavior\ShowPageTraceBehavior [ RunTime:0.002296s ]
INFO: [ app_end ] --END-- [ RunTime:0.002347s ]

[ 2017-05-20T18:45:15+08:00 ] 127.0.0.1 /WinXin/Index?code=0219DWtk190nTj084Guk1Wt7uk19DWtf&state=STATE&nsukey=iLBIZ6to0Md%2BTrkZwA0iPYHAV%2F75wKJ4EL6h8V05kGfKN9%2FIzys9ZUP3kSMRh1ubLF52DcNnpiBOhdoF5IrMZCG2k%2Fn4LkyDtOT9YZT43o00lauyKWZmIx5ujZphC3rUzKncaUdryt9Bcusb3gdF1K47ikgTU1wpBONbPqLBlqlE1Obul2B27OI1M7dkgfAM
INFO: [ app_init ] --START--
INFO: Run Behavior\BuildLiteBehavior [ RunTime:0.000007s ]
INFO: [ app_init ] --END-- [ RunTime:0.000054s ]
INFO: [ app_begin ] --START--
INFO: Run Behavior\ReadHtmlCacheBehavior [ RunTime:0.002762s ]
INFO: [ app_begin ] --END-- [ RunTime:0.002808s ]
INFO: [ app_end ] --START--
INFO: Run Behavior\ShowPageTraceBehavior [ RunTime:0.002061s ]
INFO: [ app_end ] --END-- [ RunTime:0.002112s ]

[ 2017-05-20T18:45:16+08:00 ] 127.0.0.1 /WinXin/Index?code=0219DWtk190nTj084Guk1Wt7uk19DWtf&state=STATE&nsukey=iLBIZ6to0Md%2BTrkZwA0iPYHAV%2F75wKJ4EL6h8V05kGfKN9%2FIzys9ZUP3kSMRh1ubLF52DcNnpiBOhdoF5IrMZCG2k%2Fn4LkyDtOT9YZT43o00lauyKWZmIx5ujZphC3rUzKncaUdryt9Bcusb3gdF1K47ikgTU1wpBONbPqLBlqlE1Obul2B27OI1M7dkgfAM
INFO: [ app_init ] --START--
INFO: Run Behavior\BuildLiteBehavior [ RunTime:0.000006s ]
INFO: [ app_init ] --END-- [ RunTime:0.000045s ]
INFO: [ app_begin ] --START--
INFO: Run Behavior\ReadHtmlCacheBehavior [ RunTime:0.001427s ]
INFO: [ app_begin ] --END-- [ RunTime:0.001467s ]
INFO: [ app_end ] --START--
INFO: Run Behavior\ShowPageTraceBehavior [ RunTime:0.001365s ]
INFO: [ app_end ] --END-- [ RunTime:0.001397s ]

[ 2017-05-20T23:19:42+08:00 ] 127.0.0.1 /WinXin/Index/login.html
INFO: [ app_init ] --START--
INFO: Run Behavior\BuildLiteBehavior [ RunTime:0.000010s ]
INFO: [ app_init ] --END-- [ RunTime:0.000084s ]
INFO: [ app_begin ] --START--
INFO: Run Behavior\ReadHtmlCacheBehavior [ RunTime:0.002224s ]
INFO: [ app_begin ] --END-- [ RunTime:0.002273s ]
INFO: [ app_end ] --START--
INFO: Run Behavior\ShowPageTraceBehavior [ RunTime:0.005145s ]
INFO: [ app_end ] --END-- [ RunTime:0.005282s ]

[ 2017-05-20T23:19:53+08:00 ] 127.0.0.1 /WinXin/Index/login.html
INFO: [ app_init ] --START--
INFO: Run Behavior\BuildLiteBehavior [ RunTime:0.000011s ]
INFO: [ app_init ] --END-- [ RunTime:0.000289s ]
INFO: [ app_begin ] --START--
INFO: Run Behavior\ReadHtmlCacheBehavior [ RunTime:0.002114s ]
INFO: [ app_begin ] --END-- [ RunTime:0.002159s ]
INFO: [ app_end ] --START--
INFO: Run Behavior\ShowPageTraceBehavior [ RunTime:0.005765s ]
INFO: [ app_end ] --END-- [ RunTime:0.005906s ]

[ 2017-05-20T23:20:09+08:00 ] 127.0.0.1 /WinXin/Index/login.html
INFO: [ app_init ] --START--
INFO: Run Behavior\BuildLiteBehavior [ RunTime:0.000012s ]
INFO: [ app_init ] --END-- [ RunTime:0.000357s ]
INFO: [ app_begin ] --START--
INFO: Run Behavior\ReadHtmlCacheBehavior [ RunTime:0.002529s ]
INFO: [ app_begin ] --END-- [ RunTime:0.002615s ]
INFO: [ app_end ] --START--
INFO: Run Behavior\ShowPageTraceBehavior [ RunTime:0.005643s ]
INFO: [ app_end ] --END-- [ RunTime:0.005793s ]

[ 2017-05-20T23:21:23+08:00 ] 127.0.0.1 /WinXin/Index/login.html
INFO: [ app_init ] --START--
INFO: Run Behavior\BuildLiteBehavior [ RunTime:0.000010s ]
INFO: [ app_init ] --END-- [ RunTime:0.000288s ]
INFO: [ app_begin ] --START--
INFO: Run Behavior\ReadHtmlCacheBehavior [ RunTime:0.002043s ]
INFO: [ app_begin ] --END-- [ RunTime:0.002082s ]
INFO: [ app_end ] --START--
INFO: Run Behavior\ShowPageTraceBehavior [ RunTime:0.006309s ]
INFO: [ app_end ] --END-- [ RunTime:0.006445s ]

[ 2017-05-20T23:21:30+08:00 ] 127.0.0.1 /WinXin/Index/login.html
INFO: [ app_init ] --START--
INFO: Run Behavior\BuildLiteBehavior [ RunTime:0.000010s ]
INFO: [ app_init ] --END-- [ RunTime:0.000079s ]
INFO: [ app_begin ] --START--
INFO: Run Behavior\ReadHtmlCacheBehavior [ RunTime:0.001267s ]
INFO: [ app_begin ] --END-- [ RunTime:0.001296s ]
INFO: [ app_end ] --START--
INFO: Run Behavior\ShowPageTraceBehavior [ RunTime:0.005113s ]
INFO: [ app_end ] --END-- [ RunTime:0.005271s ]

[ 2017-05-20T23:22:19+08:00 ] 127.0.0.1 /WinXin/Index?code=0515V5Sq0kqZar1PJMQq09F1Sq05V5Sr&state=STATE
INFO: [ app_init ] --START--
INFO: Run Behavior\BuildLiteBehavior [ RunTime:0.000007s ]
INFO: [ app_init ] --END-- [ RunTime:0.000187s ]
INFO: [ app_begin ] --START--
INFO: Run Behavior\ReadHtmlCacheBehavior [ RunTime:0.001420s ]
INFO: [ app_begin ] --END-- [ RunTime:0.001446s ]
INFO: [ app_end ] --START--
INFO: Run Behavior\ShowPageTraceBehavior [ RunTime:0.004296s ]
INFO: [ app_end ] --END-- [ RunTime:0.004409s ]

[ 2017-05-20T23:22:21+08:00 ] 127.0.0.1 /WinXin/Index?code=0515V5Sq0kqZar1PJMQq09F1Sq05V5Sr&state=STATE&nsukey=yTOsqY26F1TL91DSqlQVCOl9gkCIA7Lc4LUkqGOAcnk2hWRdWP8yiEe5SXkyNPtt%2FS9CEhZAugjIndwi7AgbtEDF1B99s9kbE69sq5RHFIAZ%2FmtBsZ5w3wdqpdYq5jTe7WyEa0OzVYqvDOs%2FSVEO%2FQRcoi30Z6PBOf89gkK%2B9udbQ6a0SSDJf2qh2DbQD2V%2B
INFO: [ app_init ] --START--
INFO: Run Behavior\BuildLiteBehavior [ RunTime:0.000054s ]
INFO: [ app_init ] --END-- [ RunTime:0.000179s ]
INFO: [ app_begin ] --START--
INFO: Run Behavior\ReadHtmlCacheBehavior [ RunTime:0.002487s ]
INFO: [ app_begin ] --END-- [ RunTime:0.002544s ]
INFO: [ app_end ] --START--
INFO: Run Behavior\ShowPageTraceBehavior [ RunTime:0.001187s ]
INFO: [ app_end ] --END-- [ RunTime:0.001220s ]

[ 2017-05-20T23:22:21+08:00 ] 127.0.0.1 /WinXin/Index?code=0515V5Sq0kqZar1PJMQq09F1Sq05V5Sr&state=STATE&nsukey=yTOsqY26F1TL91DSqlQVCOl9gkCIA7Lc4LUkqGOAcnk2hWRdWP8yiEe5SXkyNPtt%2FS9CEhZAugjIndwi7AgbtEDF1B99s9kbE69sq5RHFIAZ%2FmtBsZ5w3wdqpdYq5jTe7WyEa0OzVYqvDOs%2FSVEO%2FQRcoi30Z6PBOf89gkK%2B9udbQ6a0SSDJf2qh2DbQD2V%2B
INFO: [ app_init ] --START--
INFO: Run Behavior\BuildLiteBehavior [ RunTime:0.000010s ]
INFO: [ app_init ] --END-- [ RunTime:0.000073s ]
INFO: [ app_begin ] --START--
INFO: Run Behavior\ReadHtmlCacheBehavior [ RunTime:0.002142s ]
INFO: [ app_begin ] --END-- [ RunTime:0.002192s ]
INFO: [ app_end ] --START--
INFO: Run Behavior\ShowPageTraceBehavior [ RunTime:0.001864s ]
INFO: [ app_end ] --END-- [ RunTime:0.001904s ]

[ 2017-05-20T23:22:34+08:00 ] 127.0.0.1 /WinXin/Index?code=0515V5Sq0kqZar1PJMQq09F1Sq05V5Sr&state=STATE&nsukey=yTOsqY26F1TL91DSqlQVCOl9gkCIA7Lc4LUkqGOAcnk2hWRdWP8yiEe5SXkyNPtt%2FS9CEhZAugjIndwi7AgbtEDF1B99s9kbE69sq5RHFIAZ%2FmtBsZ5w3wdqpdYq5jTe7WyEa0OzVYqvDOs%2FSVEO%2FQRcoi30Z6PBOf89gkK%2B9udbQ6a0SSDJf2qh2DbQD2V%2B
INFO: [ app_init ] --START--
INFO: Run Behavior\BuildLiteBehavior [ RunTime:0.000012s ]
INFO: [ app_init ] --END-- [ RunTime:0.000375s ]
INFO: [ app_begin ] --START--
INFO: Run Behavior\ReadHtmlCacheBehavior [ RunTime:0.001745s ]
INFO: [ app_begin ] --END-- [ RunTime:0.001779s ]
INFO: [ app_end ] --START--
INFO: Run Behavior\ShowPageTraceBehavior [ RunTime:0.002834s ]
INFO: [ app_end ] --END-- [ RunTime:0.003004s ]

[ 2017-05-20T23:22:34+08:00 ] 127.0.0.1 /WinXin/Index?code=0515V5Sq0kqZar1PJMQq09F1Sq05V5Sr&state=STATE&nsukey=yTOsqY26F1TL91DSqlQVCOl9gkCIA7Lc4LUkqGOAcnk2hWRdWP8yiEe5SXkyNPtt%2FS9CEhZAugjIndwi7AgbtEDF1B99s9kbE69sq5RHFIAZ%2FmtBsZ5w3wdqpdYq5jTe7WyEa0OzVYqvDOs%2FSVEO%2FQRcoi30Z6PBOf89gkK%2B9udbQ6a0SSDJf2qh2DbQD2V%2B
INFO: [ app_init ] --START--
INFO: Run Behavior\BuildLiteBehavior [ RunTime:0.000010s ]
INFO: [ app_init ] --END-- [ RunTime:0.000073s ]
INFO: [ app_begin ] --START--
INFO: Run Behavior\ReadHtmlCacheBehavior [ RunTime:0.001954s ]
INFO: [ app_begin ] --END-- [ RunTime:0.002012s ]
INFO: [ app_end ] --START--
INFO: Run Behavior\ShowPageTraceBehavior [ RunTime:0.003124s ]
INFO: [ app_end ] --END-- [ RunTime:0.003204s ]

[ 2017-05-20T23:22:35+08:00 ] 127.0.0.1 /WinXin/Index?code=0515V5Sq0kqZar1PJMQq09F1Sq05V5Sr&state=STATE&nsukey=yTOsqY26F1TL91DSqlQVCOl9gkCIA7Lc4LUkqGOAcnk2hWRdWP8yiEe5SXkyNPtt%2FS9CEhZAugjIndwi7AgbtEDF1B99s9kbE69sq5RHFIAZ%2FmtBsZ5w3wdqpdYq5jTe7WyEa0OzVYqvDOs%2FSVEO%2FQRcoi30Z6PBOf89gkK%2B9udbQ6a0SSDJf2qh2DbQD2V%2B
INFO: [ app_init ] --START--
INFO: Run Behavior\BuildLiteBehavior [ RunTime:0.000012s ]
INFO: [ app_init ] --END-- [ RunTime:0.000106s ]
INFO: [ app_begin ] --START--
INFO: Run Behavior\ReadHtmlCacheBehavior [ RunTime:0.001185s ]
INFO: [ app_begin ] --END-- [ RunTime:0.001210s ]
INFO: [ app_end ] --START--
INFO: Run Behavior\ShowPageTraceBehavior [ RunTime:0.004976s ]
INFO: [ app_end ] --END-- [ RunTime:0.005103s ]

[ 2017-05-20T23:25:11+08:00 ] 127.0.0.1 /WinXin/Index/login.html
INFO: [ app_init ] --START--
INFO: Run Behavior\BuildLiteBehavior [ RunTime:0.000011s ]
INFO: [ app_init ] --END-- [ RunTime:0.000082s ]
INFO: [ app_begin ] --START--
INFO: Run Behavior\ReadHtmlCacheBehavior [ RunTime:0.002222s ]
INFO: [ app_begin ] --END-- [ RunTime:0.002268s ]
INFO: [ app_end ] --START--
INFO: Run Behavior\ShowPageTraceBehavior [ RunTime:0.008688s ]
INFO: [ app_end ] --END-- [ RunTime:0.008878s ]

[ 2017-05-20T23:27:21+08:00 ] 127.0.0.1 /WinXin/Index/login.html
INFO: [ app_init ] --START--
INFO: Run Behavior\BuildLiteBehavior [ RunTime:0.000013s ]
INFO: [ app_init ] --END-- [ RunTime:0.000361s ]
INFO: [ app_begin ] --START--
INFO: Run Behavior\ReadHtmlCacheBehavior [ RunTime:0.002241s ]
INFO: [ app_begin ] --END-- [ RunTime:0.002285s ]
INFO: [ app_end ] --START--
INFO: Run Behavior\ShowPageTraceBehavior [ RunTime:0.001670s ]
INFO: [ app_end ] --END-- [ RunTime:0.001734s ]

[ 2017-05-20T23:27:23+08:00 ] 127.0.0.1 /WinXin/Index/login.html
INFO: [ app_init ] --START--
INFO: Run Behavior\BuildLiteBehavior [ RunTime:0.000008s ]
INFO: [ app_init ] --END-- [ RunTime:0.000061s ]
INFO: [ app_begin ] --START--
INFO: Run Behavior\ReadHtmlCacheBehavior [ RunTime:0.001212s ]
INFO: [ app_begin ] --END-- [ RunTime:0.001238s ]
INFO: [ app_end ] --START--
INFO: Run Behavior\ShowPageTraceBehavior [ RunTime:0.008463s ]
INFO: [ app_end ] --END-- [ RunTime:0.008650s ]

[ 2017-05-20T23:27:42+08:00 ] 127.0.0.1 /WinXin/Index/login.html
INFO: [ app_init ] --START--
INFO: Run Behavior\BuildLiteBehavior [ RunTime:0.000008s ]
INFO: [ app_init ] --END-- [ RunTime:0.000196s ]
INFO: [ app_begin ] --START--
INFO: Run Behavior\ReadHtmlCacheBehavior [ RunTime:0.002245s ]
INFO: [ app_begin ] --END-- [ RunTime:0.002298s ]
INFO: [ app_end ] --START--
INFO: Run Behavior\ShowPageTraceBehavior [ RunTime:0.002317s ]
INFO: [ app_end ] --END-- [ RunTime:0.002385s ]

[ 2017-05-20T23:28:22+08:00 ] 127.0.0.1 /WinXin/Index/login.html
INFO: [ app_init ] --START--
INFO: Run Behavior\BuildLiteBehavior [ RunTime:0.000015s ]
INFO: [ app_init ] --END-- [ RunTime:0.000355s ]
INFO: [ app_begin ] --START--
INFO: Run Behavior\ReadHtmlCacheBehavior [ RunTime:0.002023s ]
INFO: [ app_begin ] --END-- [ RunTime:0.002079s ]
INFO: [ app_end ] --START--
INFO: Run Behavior\ShowPageTraceBehavior [ RunTime:0.003921s ]
INFO: [ app_end ] --END-- [ RunTime:0.004021s ]

[ 2017-05-20T23:28:27+08:00 ] 127.0.0.1 /WinXin/Index/login.html
INFO: [ app_init ] --START--
INFO: Run Behavior\BuildLiteBehavior [ RunTime:0.000014s ]
INFO: [ app_init ] --END-- [ RunTime:0.000102s ]
INFO: [ app_begin ] --START--
INFO: Run Behavior\ReadHtmlCacheBehavior [ RunTime:0.001187s ]
INFO: [ app_begin ] --END-- [ RunTime:0.001215s ]
INFO: [ app_end ] --START--
INFO: Run Behavior\ShowPageTraceBehavior [ RunTime:0.001808s ]
INFO: [ app_end ] --END-- [ RunTime:0.001865s ]

[ 2017-05-20T23:28:32+08:00 ] 127.0.0.1 /WinXin/Index/login.html
INFO: [ app_init ] --START--
INFO: Run Behavior\BuildLiteBehavior [ RunTime:0.000013s ]
INFO: [ app_init ] --END-- [ RunTime:0.000105s ]
INFO: [ app_begin ] --START--
INFO: Run Behavior\ReadHtmlCacheBehavior [ RunTime:0.002871s ]
INFO: [ app_begin ] --END-- [ RunTime:0.002941s ]
INFO: [ app_end ] --START--
INFO: Run Behavior\ShowPageTraceBehavior [ RunTime:0.005217s ]
INFO: [ app_end ] --END-- [ RunTime:0.005358s ]

[ 2017-05-20T23:28:45+08:00 ] 127.0.0.1 /WinXin/Index/login.html
INFO: [ app_init ] --START--
INFO: Run Behavior\BuildLiteBehavior [ RunTime:0.000008s ]
INFO: [ app_init ] --END-- [ RunTime:0.000204s ]
INFO: [ app_begin ] --START--
INFO: Run Behavior\ReadHtmlCacheBehavior [ RunTime:0.001298s ]
INFO: [ app_begin ] --END-- [ RunTime:0.001328s ]
INFO: [ app_end ] --START--
INFO: Run Behavior\ShowPageTraceBehavior [ RunTime:0.006307s ]
INFO: [ app_end ] --END-- [ RunTime:0.006453s ]

[ 2017-05-20T23:28:47+08:00 ] 127.0.0.1 /WinXin/Index/login.html
INFO: [ app_init ] --START--
INFO: Run Behavior\BuildLiteBehavior [ RunTime:0.000006s ]
INFO: [ app_init ] --END-- [ RunTime:0.000054s ]
INFO: [ app_begin ] --START--
INFO: Run Behavior\ReadHtmlCacheBehavior [ RunTime:0.002083s ]
INFO: [ app_begin ] --END-- [ RunTime:0.002140s ]
INFO: [ app_end ] --START--
INFO: Run Behavior\ShowPageTraceBehavior [ RunTime:0.005873s ]
INFO: [ app_end ] --END-- [ RunTime:0.006013s ]

[ 2017-05-20T23:30:14+08:00 ] 127.0.0.1 /WinXin/Index/login.html
INFO: [ app_init ] --START--
INFO: Run Behavior\BuildLiteBehavior [ RunTime:0.000012s ]
INFO: [ app_init ] --END-- [ RunTime:0.000348s ]
INFO: [ app_begin ] --START--
INFO: Run Behavior\ReadHtmlCacheBehavior [ RunTime:0.001336s ]
INFO: [ app_begin ] --END-- [ RunTime:0.001374s ]
INFO: [ app_end ] --START--
INFO: Run Behavior\ShowPageTraceBehavior [ RunTime:0.004739s ]
INFO: [ app_end ] --END-- [ RunTime:0.004821s ]

[ 2017-05-20T23:30:16+08:00 ] 127.0.0.1 /WinXin/Index/login.html
INFO: [ app_init ] --START--
INFO: Run Behavior\BuildLiteBehavior [ RunTime:0.000008s ]
INFO: [ app_init ] --END-- [ RunTime:0.000056s ]
INFO: [ app_begin ] --START--
INFO: Run Behavior\ReadHtmlCacheBehavior [ RunTime:0.001865s ]
INFO: [ app_begin ] --END-- [ RunTime:0.001901s ]
INFO: [ app_end ] --START--
INFO: Run Behavior\ShowPageTraceBehavior [ RunTime:0.002006s ]
INFO: [ app_end ] --END-- [ RunTime:0.002054s ]

[ 2017-05-20T23:30:22+08:00 ] 127.0.0.1 /WinXin/Index/login.html
INFO: [ app_init ] --START--
INFO: Run Behavior\BuildLiteBehavior [ RunTime:0.000007s ]
INFO: [ app_init ] --END-- [ RunTime:0.000059s ]
INFO: [ app_begin ] --START--
INFO: Run Behavior\ReadHtmlCacheBehavior [ RunTime:0.001849s ]
INFO: [ app_begin ] --END-- [ RunTime:0.001906s ]
INFO: [ app_end ] --START--
INFO: Run Behavior\ShowPageTraceBehavior [ RunTime:0.002082s ]
INFO: [ app_end ] --END-- [ RunTime:0.002133s ]

[ 2017-05-20T23:30:30+08:00 ] 127.0.0.1 /WinXin/Index/login.html
INFO: [ app_init ] --START--
INFO: Run Behavior\BuildLiteBehavior [ RunTime:0.000013s ]
INFO: [ app_init ] --END-- [ RunTime:0.000376s ]
INFO: [ app_begin ] --START--
INFO: Run Behavior\ReadHtmlCacheBehavior [ RunTime:0.001485s ]
INFO: [ app_begin ] --END-- [ RunTime:0.001521s ]
INFO: [ app_end ] --START--
INFO: Run Behavior\ShowPageTraceBehavior [ RunTime:0.003167s ]
INFO: [ app_end ] --END-- [ RunTime:0.003257s ]

[ 2017-05-20T23:30:41+08:00 ] 127.0.0.1 /WinXin/Index/login.html
INFO: [ app_init ] --START--
INFO: Run Behavior\BuildLiteBehavior [ RunTime:0.000013s ]
INFO: [ app_init ] --END-- [ RunTime:0.000231s ]
INFO: [ app_begin ] --START--
INFO: Run Behavior\ReadHtmlCacheBehavior [ RunTime:0.001721s ]
INFO: [ app_begin ] --END-- [ RunTime:0.001755s ]
INFO: [ app_end ] --START--
INFO: Run Behavior\ShowPageTraceBehavior [ RunTime:0.005340s ]
INFO: [ app_end ] --END-- [ RunTime:0.005477s ]

[ 2017-05-20T23:30:53+08:00 ] 127.0.0.1 /WinXin/Index/login.html
INFO: [ app_init ] --START--
INFO: Run Behavior\BuildLiteBehavior [ RunTime:0.000011s ]
INFO: [ app_init ] --END-- [ RunTime:0.000308s ]
INFO: [ app_begin ] --START--
INFO: Run Behavior\ReadHtmlCacheBehavior [ RunTime:0.002127s ]
INFO: [ app_begin ] --END-- [ RunTime:0.002175s ]
INFO: [ app_end ] --START--
INFO: Run Behavior\ShowPageTraceBehavior [ RunTime:0.002304s ]
INFO: [ app_end ] --END-- [ RunTime:0.002366s ]

[ 2017-05-20T23:33:04+08:00 ] 127.0.0.1 /WinXin/Index/login.html
INFO: [ app_init ] --START--
INFO: Run Behavior\BuildLiteBehavior [ RunTime:0.000009s ]
INFO: [ app_init ] --END-- [ RunTime:0.000220s ]
INFO: [ app_begin ] --START--
INFO: Run Behavior\ReadHtmlCacheBehavior [ RunTime:0.001493s ]
INFO: [ app_begin ] --END-- [ RunTime:0.001531s ]
ERR: syntax error, unexpected '$ch' (T_VARIABLE)

[ 2017-05-20T23:35:38+08:00 ] 127.0.0.1 /WinXin/Index/login.html
INFO: [ app_init ] --START--
INFO: Run Behavior\BuildLiteBehavior [ RunTime:0.000013s ]
INFO: [ app_init ] --END-- [ RunTime:0.000345s ]
INFO: [ app_begin ] --START--
INFO: Run Behavior\ReadHtmlCacheBehavior [ RunTime:0.001413s ]
INFO: [ app_begin ] --END-- [ RunTime:0.001454s ]
INFO: [ app_end ] --START--
INFO: Run Behavior\ShowPageTraceBehavior [ RunTime:0.001553s ]
INFO: [ app_end ] --END-- [ RunTime:0.001595s ]

[ 2017-05-20T23:42:35+08:00 ] 127.0.0.1 /WinXin/Index/login.html
INFO: [ app_init ] --START--
INFO: Run Behavior\BuildLiteBehavior [ RunTime:0.000009s ]
INFO: [ app_init ] --END-- [ RunTime:0.000215s ]
INFO: [ app_begin ] --START--
INFO: Run Behavior\ReadHtmlCacheBehavior [ RunTime:0.001377s ]
INFO: [ app_begin ] --END-- [ RunTime:0.001406s ]

[ 2017-05-20T23:43:02+08:00 ] 127.0.0.1 /WinXin/Index/login.html
INFO: [ app_init ] --START--
INFO: Run Behavior\BuildLiteBehavior [ RunTime:0.000008s ]
INFO: [ app_init ] --END-- [ RunTime:0.000068s ]
INFO: [ app_begin ] --START--
INFO: Run Behavior\ReadHtmlCacheBehavior [ RunTime:0.002124s ]
INFO: [ app_begin ] --END-- [ RunTime:0.002175s ]

[ 2017-05-20T23:44:37+08:00 ] 127.0.0.1 /WinXin/Index/login.html
INFO: [ app_init ] --START--
INFO: Run Behavior\BuildLiteBehavior [ RunTime:0.000008s ]
INFO: [ app_init ] --END-- [ RunTime:0.000057s ]
INFO: [ app_begin ] --START--
INFO: Run Behavior\ReadHtmlCacheBehavior [ RunTime:0.002374s ]
INFO: [ app_begin ] --END-- [ RunTime:0.002439s ]

[ 2017-05-20T23:45:16+08:00 ] 127.0.0.1 /WinXin/Index/login.html
INFO: [ app_init ] --START--
INFO: Run Behavior\BuildLiteBehavior [ RunTime:0.000015s ]
INFO: [ app_init ] --END-- [ RunTime:0.000072s ]
INFO: [ app_begin ] --START--
INFO: Run Behavior\ReadHtmlCacheBehavior [ RunTime:0.001619s ]
INFO: [ app_begin ] --END-- [ RunTime:0.001661s ]

[ 2017-05-20T23:46:12+08:00 ] 127.0.0.1 /WinXin/Index/login.html
INFO: [ app_init ] --START--
INFO: Run Behavior\BuildLiteBehavior [ RunTime:0.000010s ]
INFO: [ app_init ] --END-- [ RunTime:0.000079s ]
INFO: [ app_begin ] --START--
INFO: Run Behavior\ReadHtmlCacheBehavior [ RunTime:0.001894s ]
INFO: [ app_begin ] --END-- [ RunTime:0.001934s ]
INFO: [ app_end ] --START--
INFO: Run Behavior\ShowPageTraceBehavior [ RunTime:0.002823s ]
INFO: [ app_end ] --END-- [ RunTime:0.002880s ]

[ 2017-05-20T23:46:20+08:00 ] 127.0.0.1 /WinXin/Index/login.html
INFO: [ app_init ] --START--
INFO: Run Behavior\BuildLiteBehavior [ RunTime:0.000011s ]
INFO: [ app_init ] --END-- [ RunTime:0.000096s ]
INFO: [ app_begin ] --START--
INFO: Run Behavior\ReadHtmlCacheBehavior [ RunTime:0.001999s ]
INFO: [ app_begin ] --END-- [ RunTime:0.002042s ]
INFO: [ app_end ] --START--
INFO: Run Behavior\ShowPageTraceBehavior [ RunTime:0.001208s ]
INFO: [ app_end ] --END-- [ RunTime:0.001236s ]

[ 2017-05-20T23:46:26+08:00 ] 127.0.0.1 /WinXin/Index/login.html
INFO: [ app_init ] --START--
INFO: Run Behavior\BuildLiteBehavior [ RunTime:0.000021s ]
INFO: [ app_init ] --END-- [ RunTime:0.000300s ]
INFO: [ app_begin ] --START--
INFO: Run Behavior\ReadHtmlCacheBehavior [ RunTime:0.001528s ]
INFO: [ app_begin ] --END-- [ RunTime:0.001569s ]

[ 2017-05-20T23:46:32+08:00 ] 127.0.0.1 /WinXin/Index/login.html
INFO: [ app_init ] --START--
INFO: Run Behavior\BuildLiteBehavior [ RunTime:0.000007s ]
INFO: [ app_init ] --END-- [ RunTime:0.000053s ]
INFO: [ app_begin ] --START--
INFO: Run Behavior\ReadHtmlCacheBehavior [ RunTime:0.001753s ]
INFO: [ app_begin ] --END-- [ RunTime:0.001800s ]

