[ 2017-05-21T00:02:58+08:00 ] 127.0.0.1 /WinXin/Index?code=011BLBvt1u0n2b0luUtt1CZFvt1BLBv5&state=STATE
INFO: [ app_init ] --START--
INFO: Run Behavior\BuildLiteBehavior [ RunTime:0.000009s ]
INFO: [ app_init ] --END-- [ RunTime:0.000392s ]
INFO: [ app_begin ] --START--
INFO: Run Behavior\ReadHtmlCacheBehavior [ RunTime:0.002862s ]
INFO: [ app_begin ] --END-- [ RunTime:0.002918s ]
INFO: [ app_end ] --START--
INFO: Run Behavior\ShowPageTraceBehavior [ RunTime:0.005810s ]
INFO: [ app_end ] --END-- [ RunTime:0.005940s ]

[ 2017-05-21T00:02:59+08:00 ] 127.0.0.1 /WinXin/Index?code=011BLBvt1u0n2b0luUtt1CZFvt1BLBv5&state=STATE&nsukey=p2V6mmvOGzBYa21B6x5omIZf5Lmhf%2BU%2FIdy35JD1LqmH9PujXN%2BE6dWqQnOVIXxsIzmD2C9UKS89cvYW31OY0i%2BZLj0QtF%2BfYqK00NPQ1KKL5ofzUxum%2F%2FRvmIKWfp7BAz3bKWuWklYf0iqOiJSLMvvHQuutzl55YRV0l8QURXvWhKRUyXDiaFM4kdBX0OHB
INFO: [ app_init ] --START--
INFO: Run Behavior\BuildLiteBehavior [ RunTime:0.000012s ]
INFO: [ app_init ] --END-- [ RunTime:0.000097s ]
INFO: [ app_begin ] --START--
INFO: Run Behavior\ReadHtmlCacheBehavior [ RunTime:0.001206s ]
INFO: [ app_begin ] --END-- [ RunTime:0.001239s ]
INFO: [ app_end ] --START--
INFO: Run Behavior\ShowPageTraceBehavior [ RunTime:0.006363s ]
INFO: [ app_end ] --END-- [ RunTime:0.006604s ]

[ 2017-05-21T00:03:01+08:00 ] 127.0.0.1 /WinXin/Index?code=011BLBvt1u0n2b0luUtt1CZFvt1BLBv5&state=STATE&nsukey=p2V6mmvOGzBYa21B6x5omIZf5Lmhf%2BU%2FIdy35JD1LqmH9PujXN%2BE6dWqQnOVIXxsIzmD2C9UKS89cvYW31OY0i%2BZLj0QtF%2BfYqK00NPQ1KKL5ofzUxum%2F%2FRvmIKWfp7BAz3bKWuWklYf0iqOiJSLMvvHQuutzl55YRV0l8QURXvWhKRUyXDiaFM4kdBX0OHB
INFO: [ app_init ] --START--
INFO: Run Behavior\BuildLiteBehavior [ RunTime:0.000027s ]
INFO: [ app_init ] --END-- [ RunTime:0.000152s ]
INFO: [ app_begin ] --START--
INFO: Run Behavior\ReadHtmlCacheBehavior [ RunTime:0.001852s ]
INFO: [ app_begin ] --END-- [ RunTime:0.001898s ]
INFO: [ app_end ] --START--
INFO: Run Behavior\ShowPageTraceBehavior [ RunTime:0.005202s ]
INFO: [ app_end ] --END-- [ RunTime:0.005408s ]

[ 2017-05-21T00:03:03+08:00 ] 127.0.0.1 /WinXin/Index?code=011BLBvt1u0n2b0luUtt1CZFvt1BLBv5&state=STATE&nsukey=p2V6mmvOGzBYa21B6x5omIZf5Lmhf%2BU%2FIdy35JD1LqmH9PujXN%2BE6dWqQnOVIXxsIzmD2C9UKS89cvYW31OY0i%2BZLj0QtF%2BfYqK00NPQ1KKL5ofzUxum%2F%2FRvmIKWfp7BAz3bKWuWklYf0iqOiJSLMvvHQuutzl55YRV0l8QURXvWhKRUyXDiaFM4kdBX0OHB
INFO: [ app_init ] --START--
INFO: Run Behavior\BuildLiteBehavior [ RunTime:0.000011s ]
INFO: [ app_init ] --END-- [ RunTime:0.000080s ]
INFO: [ app_begin ] --START--
INFO: Run Behavior\ReadHtmlCacheBehavior [ RunTime:0.001189s ]
INFO: [ app_begin ] --END-- [ RunTime:0.001222s ]
INFO: [ app_end ] --START--
INFO: Run Behavior\ShowPageTraceBehavior [ RunTime:0.005811s ]
INFO: [ app_end ] --END-- [ RunTime:0.005941s ]

[ 2017-05-21T00:04:16+08:00 ] 127.0.0.1 /WinXin/Index?code=011BLBvt1u0n2b0luUtt1CZFvt1BLBv5&state=STATE&nsukey=p2V6mmvOGzBYa21B6x5omIZf5Lmhf%2BU%2FIdy35JD1LqmH9PujXN%2BE6dWqQnOVIXxsIzmD2C9UKS89cvYW31OY0i%2BZLj0QtF%2BfYqK00NPQ1KKL5ofzUxum%2F%2FRvmIKWfp7BAz3bKWuWklYf0iqOiJSLMvvHQuutzl55YRV0l8QURXvWhKRUyXDiaFM4kdBX0OHB
INFO: [ app_init ] --START--
INFO: Run Behavior\BuildLiteBehavior [ RunTime:0.000012s ]
INFO: [ app_init ] --END-- [ RunTime:0.000301s ]
INFO: [ app_begin ] --START--
INFO: Run Behavior\ReadHtmlCacheBehavior [ RunTime:0.002064s ]
INFO: [ app_begin ] --END-- [ RunTime:0.002114s ]
INFO: [ app_end ] --START--
INFO: Run Behavior\ShowPageTraceBehavior [ RunTime:0.001597s ]
INFO: [ app_end ] --END-- [ RunTime:0.001648s ]

[ 2017-05-21T00:04:34+08:00 ] 127.0.0.1 /WinXin/Index?code=011BLBvt1u0n2b0luUtt1CZFvt1BLBv5&state=STATE&nsukey=p2V6mmvOGzBYa21B6x5omIZf5Lmhf%2BU%2FIdy35JD1LqmH9PujXN%2BE6dWqQnOVIXxsIzmD2C9UKS89cvYW31OY0i%2BZLj0QtF%2BfYqK00NPQ1KKL5ofzUxum%2F%2FRvmIKWfp7BAz3bKWuWklYf0iqOiJSLMvvHQuutzl55YRV0l8QURXvWhKRUyXDiaFM4kdBX0OHB
INFO: [ app_init ] --START--
INFO: Run Behavior\BuildLiteBehavior [ RunTime:0.000013s ]
INFO: [ app_init ] --END-- [ RunTime:0.000353s ]
INFO: [ app_begin ] --START--
INFO: Run Behavior\ReadHtmlCacheBehavior [ RunTime:0.001321s ]
INFO: [ app_begin ] --END-- [ RunTime:0.001355s ]
NOTIC: [2] Missing argument 2 for WinXin\Controller\IndexController::http(), called in G:\UPUPW_AP7.0\htdocs\Application\WinXin\Controller\IndexController.class.php on line 8 and defined G:\UPUPW_AP7.0\htdocs\Application\WinXin\Controller\IndexController.class.php 第 33 行.
NOTIC: [8] Undefined variable: method G:\UPUPW_AP7.0\htdocs\Application\WinXin\Controller\IndexController.class.php 第 45 行.
INFO: [ app_end ] --START--
INFO: Run Behavior\ShowPageTraceBehavior [ RunTime:0.005723s ]
INFO: [ app_end ] --END-- [ RunTime:0.005845s ]

[ 2017-05-21T00:09:43+08:00 ] 127.0.0.1 /WinXin/Index?code=011BLBvt1u0n2b0luUtt1CZFvt1BLBv5&state=STATE
INFO: [ app_init ] --START--
INFO: Run Behavior\BuildLiteBehavior [ RunTime:0.000009s ]
INFO: [ app_init ] --END-- [ RunTime:0.000245s ]
INFO: [ app_begin ] --START--
INFO: Run Behavior\ReadHtmlCacheBehavior [ RunTime:0.001338s ]
INFO: [ app_begin ] --END-- [ RunTime:0.001371s ]
NOTIC: [2] Missing argument 2 for WinXin\Controller\IndexController::http(), called in G:\UPUPW_AP7.0\htdocs\Application\WinXin\Controller\IndexController.class.php on line 8 and defined G:\UPUPW_AP7.0\htdocs\Application\WinXin\Controller\IndexController.class.php 第 33 行.
NOTIC: [8] Undefined variable: method G:\UPUPW_AP7.0\htdocs\Application\WinXin\Controller\IndexController.class.php 第 45 行.
INFO: [ app_end ] --START--
INFO: Run Behavior\ShowPageTraceBehavior [ RunTime:0.006000s ]
INFO: [ app_end ] --END-- [ RunTime:0.006131s ]

[ 2017-05-21T00:13:08+08:00 ] 127.0.0.1 /WinXin/Index?code=0512E6cY1wXnCV0okBaY1T9ecY12E6cL&state=STATE
INFO: [ app_init ] --START--
INFO: Run Behavior\BuildLiteBehavior [ RunTime:0.000008s ]
INFO: [ app_init ] --END-- [ RunTime:0.000191s ]
INFO: [ app_begin ] --START--
INFO: Run Behavior\ReadHtmlCacheBehavior [ RunTime:0.001341s ]
INFO: [ app_begin ] --END-- [ RunTime:0.001367s ]
NOTIC: [2] Missing argument 2 for WinXin\Controller\IndexController::http(), called in G:\UPUPW_AP7.0\htdocs\Application\WinXin\Controller\IndexController.class.php on line 8 and defined G:\UPUPW_AP7.0\htdocs\Application\WinXin\Controller\IndexController.class.php 第 33 行.
NOTIC: [8] Undefined variable: method G:\UPUPW_AP7.0\htdocs\Application\WinXin\Controller\IndexController.class.php 第 45 行.
INFO: [ app_end ] --START--
INFO: Run Behavior\ShowPageTraceBehavior [ RunTime:0.006030s ]
INFO: [ app_end ] --END-- [ RunTime:0.006160s ]

[ 2017-05-21T00:14:21+08:00 ] 127.0.0.1 /WinXin/Index/checksignature?signature=b6545922a5588f29742f50ca962903bd346b26f2&timestamp=1495296885&nonce=128567742&openid=opdLfvmhXwH1POWyibfAjiYqI7L8
INFO: [ app_init ] --START--
INFO: Run Behavior\BuildLiteBehavior [ RunTime:0.000010s ]
INFO: [ app_init ] --END-- [ RunTime:0.000352s ]
INFO: [ app_begin ] --START--
INFO: Run Behavior\ReadHtmlCacheBehavior [ RunTime:0.001461s ]
INFO: [ app_begin ] --END-- [ RunTime:0.001493s ]
NOTIC: [8] Undefined index: echostr G:\UPUPW_AP7.0\htdocs\Application\WinXin\Controller\IndexController.class.php 第 22 行.
INFO: [ app_end ] --START--
INFO: Run Behavior\ShowPageTraceBehavior [ RunTime:0.001676s ]
INFO: [ app_end ] --END-- [ RunTime:0.001720s ]

[ 2017-05-21T00:14:27+08:00 ] 127.0.0.1 /WinXin/Index?code=081DCjqB1LPhGg0OmCtB1BStqB1DCjqx&state=STATE
INFO: [ app_init ] --START--
INFO: Run Behavior\BuildLiteBehavior [ RunTime:0.000008s ]
INFO: [ app_init ] --END-- [ RunTime:0.000054s ]
INFO: [ app_begin ] --START--
INFO: Run Behavior\ReadHtmlCacheBehavior [ RunTime:0.001201s ]
INFO: [ app_begin ] --END-- [ RunTime:0.001224s ]
NOTIC: [2] Missing argument 2 for WinXin\Controller\IndexController::http(), called in G:\UPUPW_AP7.0\htdocs\Application\WinXin\Controller\IndexController.class.php on line 8 and defined G:\UPUPW_AP7.0\htdocs\Application\WinXin\Controller\IndexController.class.php 第 33 行.
NOTIC: [8] Undefined variable: method G:\UPUPW_AP7.0\htdocs\Application\WinXin\Controller\IndexController.class.php 第 45 行.
INFO: [ app_end ] --START--
INFO: Run Behavior\ShowPageTraceBehavior [ RunTime:0.001567s ]
INFO: [ app_end ] --END-- [ RunTime:0.001611s ]

[ 2017-05-21T00:14:44+08:00 ] 127.0.0.1 /WinXin/Index?code=081uncEv16bhTc0nNREv1ao4Ev1uncEi&state=STATE
INFO: [ app_init ] --START--
INFO: Run Behavior\BuildLiteBehavior [ RunTime:0.000007s ]
INFO: [ app_init ] --END-- [ RunTime:0.000212s ]
INFO: [ app_begin ] --START--
INFO: Run Behavior\ReadHtmlCacheBehavior [ RunTime:0.001314s ]
INFO: [ app_begin ] --END-- [ RunTime:0.001345s ]
NOTIC: [2] Missing argument 2 for WinXin\Controller\IndexController::http(), called in G:\UPUPW_AP7.0\htdocs\Application\WinXin\Controller\IndexController.class.php on line 8 and defined G:\UPUPW_AP7.0\htdocs\Application\WinXin\Controller\IndexController.class.php 第 33 行.
NOTIC: [8] Undefined variable: method G:\UPUPW_AP7.0\htdocs\Application\WinXin\Controller\IndexController.class.php 第 45 行.
INFO: [ app_end ] --START--
INFO: Run Behavior\ShowPageTraceBehavior [ RunTime:0.002355s ]
INFO: [ app_end ] --END-- [ RunTime:0.002415s ]

[ 2017-05-21T00:14:50+08:00 ] 127.0.0.1 /WinXin/Index?code=0513P2na2SWNTR02Y8na2ZS4na23P2n-&state=STATE
INFO: [ app_init ] --START--
INFO: Run Behavior\BuildLiteBehavior [ RunTime:0.000011s ]
INFO: [ app_init ] --END-- [ RunTime:0.000086s ]
INFO: [ app_begin ] --START--
INFO: Run Behavior\ReadHtmlCacheBehavior [ RunTime:0.001219s ]
INFO: [ app_begin ] --END-- [ RunTime:0.001253s ]
NOTIC: [2] Missing argument 2 for WinXin\Controller\IndexController::http(), called in G:\UPUPW_AP7.0\htdocs\Application\WinXin\Controller\IndexController.class.php on line 8 and defined G:\UPUPW_AP7.0\htdocs\Application\WinXin\Controller\IndexController.class.php 第 33 行.
NOTIC: [8] Undefined variable: method G:\UPUPW_AP7.0\htdocs\Application\WinXin\Controller\IndexController.class.php 第 45 行.
INFO: [ app_end ] --START--
INFO: Run Behavior\ShowPageTraceBehavior [ RunTime:0.005312s ]
INFO: [ app_end ] --END-- [ RunTime:0.005431s ]

[ 2017-05-21T00:14:59+08:00 ] 127.0.0.1 /WinXin/Index?code=011daFD11xqDkM1YTxE113mHD11daFDL&state=STATE
INFO: [ app_init ] --START--
INFO: Run Behavior\BuildLiteBehavior [ RunTime:0.000011s ]
INFO: [ app_init ] --END-- [ RunTime:0.000226s ]
INFO: [ app_begin ] --START--
INFO: Run Behavior\ReadHtmlCacheBehavior [ RunTime:0.001592s ]
INFO: [ app_begin ] --END-- [ RunTime:0.001625s ]
NOTIC: [2] Missing argument 2 for WinXin\Controller\IndexController::http(), called in G:\UPUPW_AP7.0\htdocs\Application\WinXin\Controller\IndexController.class.php on line 8 and defined G:\UPUPW_AP7.0\htdocs\Application\WinXin\Controller\IndexController.class.php 第 33 行.
NOTIC: [8] Undefined variable: method G:\UPUPW_AP7.0\htdocs\Application\WinXin\Controller\IndexController.class.php 第 45 行.
INFO: [ app_end ] --START--
INFO: Run Behavior\ShowPageTraceBehavior [ RunTime:0.003928s ]
INFO: [ app_end ] --END-- [ RunTime:0.004023s ]

[ 2017-05-21T00:15:20+08:00 ] 127.0.0.1 /WinXin/Index?code=041iuFwk1Ux5Wj07xUuk1bErwk1iuFwa&state=STATE
INFO: [ app_init ] --START--
INFO: Run Behavior\BuildLiteBehavior [ RunTime:0.000009s ]
INFO: [ app_init ] --END-- [ RunTime:0.000209s ]
INFO: [ app_begin ] --START--
INFO: Run Behavior\ReadHtmlCacheBehavior [ RunTime:0.001349s ]
INFO: [ app_begin ] --END-- [ RunTime:0.001375s ]
NOTIC: [2] Missing argument 2 for WinXin\Controller\IndexController::http(), called in G:\UPUPW_AP7.0\htdocs\Application\WinXin\Controller\IndexController.class.php on line 8 and defined G:\UPUPW_AP7.0\htdocs\Application\WinXin\Controller\IndexController.class.php 第 33 行.
NOTIC: [8] Undefined variable: method G:\UPUPW_AP7.0\htdocs\Application\WinXin\Controller\IndexController.class.php 第 45 行.
INFO: [ app_end ] --START--
INFO: Run Behavior\ShowPageTraceBehavior [ RunTime:0.005722s ]
INFO: [ app_end ] --END-- [ RunTime:0.005844s ]

[ 2017-05-21T00:15:52+08:00 ] 127.0.0.1 /WinXin/Index?code=081TzJHu0Cj38d1VV6Hu0IULHu0TzJH6&state=STATE
INFO: [ app_init ] --START--
INFO: Run Behavior\BuildLiteBehavior [ RunTime:0.000011s ]
INFO: [ app_init ] --END-- [ RunTime:0.000313s ]
INFO: [ app_begin ] --START--
INFO: Run Behavior\ReadHtmlCacheBehavior [ RunTime:0.001383s ]
INFO: [ app_begin ] --END-- [ RunTime:0.001412s ]
NOTIC: [2] Missing argument 2 for WinXin\Controller\IndexController::http(), called in G:\UPUPW_AP7.0\htdocs\Application\WinXin\Controller\IndexController.class.php on line 8 and defined G:\UPUPW_AP7.0\htdocs\Application\WinXin\Controller\IndexController.class.php 第 33 行.
NOTIC: [8] Undefined variable: method G:\UPUPW_AP7.0\htdocs\Application\WinXin\Controller\IndexController.class.php 第 45 行.
INFO: [ app_end ] --START--
INFO: Run Behavior\ShowPageTraceBehavior [ RunTime:0.004254s ]
INFO: [ app_end ] --END-- [ RunTime:0.004345s ]

[ 2017-05-21T00:16:07+08:00 ] 127.0.0.1 /WinXin/Index?code=02121Y682Z3IDP0vck482MWE68221Y6j&state=STATE
INFO: [ app_init ] --START--
INFO: Run Behavior\BuildLiteBehavior [ RunTime:0.000011s ]
INFO: [ app_init ] --END-- [ RunTime:0.000305s ]
INFO: [ app_begin ] --START--
INFO: Run Behavior\ReadHtmlCacheBehavior [ RunTime:0.002340s ]
INFO: [ app_begin ] --END-- [ RunTime:0.002392s ]
NOTIC: [2] Missing argument 2 for WinXin\Controller\IndexController::http(), called in G:\UPUPW_AP7.0\htdocs\Application\WinXin\Controller\IndexController.class.php on line 8 and defined G:\UPUPW_AP7.0\htdocs\Application\WinXin\Controller\IndexController.class.php 第 33 行.
NOTIC: [8] Undefined variable: method G:\UPUPW_AP7.0\htdocs\Application\WinXin\Controller\IndexController.class.php 第 45 行.
INFO: [ app_end ] --START--
INFO: Run Behavior\ShowPageTraceBehavior [ RunTime:0.005790s ]
INFO: [ app_end ] --END-- [ RunTime:0.005915s ]

[ 2017-05-21T00:16:16+08:00 ] 127.0.0.1 /WinXin/Index
INFO: [ app_init ] --START--
INFO: Run Behavior\BuildLiteBehavior [ RunTime:0.000009s ]
INFO: [ app_init ] --END-- [ RunTime:0.000080s ]
INFO: [ app_begin ] --START--
INFO: Run Behavior\ReadHtmlCacheBehavior [ RunTime:0.001905s ]
INFO: [ app_begin ] --END-- [ RunTime:0.001942s ]
NOTIC: [2] Missing argument 2 for WinXin\Controller\IndexController::http(), called in G:\UPUPW_AP7.0\htdocs\Application\WinXin\Controller\IndexController.class.php on line 8 and defined G:\UPUPW_AP7.0\htdocs\Application\WinXin\Controller\IndexController.class.php 第 33 行.
NOTIC: [8] Undefined variable: method G:\UPUPW_AP7.0\htdocs\Application\WinXin\Controller\IndexController.class.php 第 45 行.
INFO: [ app_end ] --START--
INFO: Run Behavior\ShowPageTraceBehavior [ RunTime:0.003847s ]
INFO: [ app_end ] --END-- [ RunTime:0.003945s ]

[ 2017-05-21T00:16:39+08:00 ] 127.0.0.1 /WinXin/Index?code=031obaGr00Ls5c1A4KGr0D61Gr0obaGz&state=STATE
INFO: [ app_init ] --START--
INFO: Run Behavior\BuildLiteBehavior [ RunTime:0.000008s ]
INFO: [ app_init ] --END-- [ RunTime:0.000189s ]
INFO: [ app_begin ] --START--
INFO: Run Behavior\ReadHtmlCacheBehavior [ RunTime:0.001357s ]
INFO: [ app_begin ] --END-- [ RunTime:0.001383s ]
NOTIC: [2] Missing argument 2 for WinXin\Controller\IndexController::http(), called in G:\UPUPW_AP7.0\htdocs\Application\WinXin\Controller\IndexController.class.php on line 8 and defined G:\UPUPW_AP7.0\htdocs\Application\WinXin\Controller\IndexController.class.php 第 33 行.
NOTIC: [8] Undefined variable: method G:\UPUPW_AP7.0\htdocs\Application\WinXin\Controller\IndexController.class.php 第 45 行.
INFO: [ app_end ] --START--
INFO: Run Behavior\ShowPageTraceBehavior [ RunTime:0.006691s ]
INFO: [ app_end ] --END-- [ RunTime:0.006916s ]

[ 2017-05-21T00:17:29+08:00 ] 127.0.0.1 /WinXin/Index?code=051W2lzJ1T8bE80lSwyJ1rVhzJ1W2lzN&state=STATE
INFO: [ app_init ] --START--
INFO: Run Behavior\BuildLiteBehavior [ RunTime:0.000007s ]
INFO: [ app_init ] --END-- [ RunTime:0.000218s ]
INFO: [ app_begin ] --START--
INFO: Run Behavior\ReadHtmlCacheBehavior [ RunTime:0.001340s ]
INFO: [ app_begin ] --END-- [ RunTime:0.001371s ]
NOTIC: [2] Missing argument 2 for WinXin\Controller\IndexController::http(), called in G:\UPUPW_AP7.0\htdocs\Application\WinXin\Controller\IndexController.class.php on line 8 and defined G:\UPUPW_AP7.0\htdocs\Application\WinXin\Controller\IndexController.class.php 第 33 行.
NOTIC: [8] Undefined variable: method G:\UPUPW_AP7.0\htdocs\Application\WinXin\Controller\IndexController.class.php 第 45 行.
INFO: [ app_end ] --START--
INFO: Run Behavior\ShowPageTraceBehavior [ RunTime:0.006657s ]
INFO: [ app_end ] --END-- [ RunTime:0.006792s ]

[ 2017-05-21T00:17:34+08:00 ] 127.0.0.1 /WinXin/Index?code=011WwmcQ0QuBF82DLydQ0cf4cQ0WwmcR&state=STATE
INFO: [ app_init ] --START--
INFO: Run Behavior\BuildLiteBehavior [ RunTime:0.000010s ]
INFO: [ app_init ] --END-- [ RunTime:0.000070s ]
INFO: [ app_begin ] --START--
INFO: Run Behavior\ReadHtmlCacheBehavior [ RunTime:0.003386s ]
INFO: [ app_begin ] --END-- [ RunTime:0.003459s ]
NOTIC: [2] Missing argument 2 for WinXin\Controller\IndexController::http(), called in G:\UPUPW_AP7.0\htdocs\Application\WinXin\Controller\IndexController.class.php on line 8 and defined G:\UPUPW_AP7.0\htdocs\Application\WinXin\Controller\IndexController.class.php 第 33 行.
NOTIC: [8] Undefined variable: method G:\UPUPW_AP7.0\htdocs\Application\WinXin\Controller\IndexController.class.php 第 45 行.
INFO: [ app_end ] --START--
INFO: Run Behavior\ShowPageTraceBehavior [ RunTime:0.005092s ]
INFO: [ app_end ] --END-- [ RunTime:0.005242s ]

[ 2017-05-21T00:17:42+08:00 ] 127.0.0.1 /WinXin/Index?code=071RVukc0uObmx15Akjc0KWvkc0RVukm&state=STATE
INFO: [ app_init ] --START--
INFO: Run Behavior\BuildLiteBehavior [ RunTime:0.000008s ]
INFO: [ app_init ] --END-- [ RunTime:0.000185s ]
INFO: [ app_begin ] --START--
INFO: Run Behavior\ReadHtmlCacheBehavior [ RunTime:0.001335s ]
INFO: [ app_begin ] --END-- [ RunTime:0.001366s ]
NOTIC: [2] Missing argument 2 for WinXin\Controller\IndexController::http(), called in G:\UPUPW_AP7.0\htdocs\Application\WinXin\Controller\IndexController.class.php on line 8 and defined G:\UPUPW_AP7.0\htdocs\Application\WinXin\Controller\IndexController.class.php 第 33 行.
NOTIC: [8] Undefined variable: method G:\UPUPW_AP7.0\htdocs\Application\WinXin\Controller\IndexController.class.php 第 45 行.
INFO: [ app_end ] --START--
INFO: Run Behavior\ShowPageTraceBehavior [ RunTime:0.005759s ]
INFO: [ app_end ] --END-- [ RunTime:0.005906s ]

[ 2017-05-21T00:17:48+08:00 ] 127.0.0.1 /WinXin/Index?code=01113FTa1y8uts09pDTa16fOTa113FTy&state=STATE
INFO: [ app_init ] --START--
INFO: Run Behavior\BuildLiteBehavior [ RunTime:0.000010s ]
INFO: [ app_init ] --END-- [ RunTime:0.000072s ]
INFO: [ app_begin ] --START--
INFO: Run Behavior\ReadHtmlCacheBehavior [ RunTime:0.001883s ]
INFO: [ app_begin ] --END-- [ RunTime:0.001932s ]
NOTIC: [2] Missing argument 2 for WinXin\Controller\IndexController::http(), called in G:\UPUPW_AP7.0\htdocs\Application\WinXin\Controller\IndexController.class.php on line 8 and defined G:\UPUPW_AP7.0\htdocs\Application\WinXin\Controller\IndexController.class.php 第 33 行.
NOTIC: [8] Undefined variable: method G:\UPUPW_AP7.0\htdocs\Application\WinXin\Controller\IndexController.class.php 第 45 行.
INFO: [ app_end ] --START--
INFO: Run Behavior\ShowPageTraceBehavior [ RunTime:0.006212s ]
INFO: [ app_end ] --END-- [ RunTime:0.006340s ]

[ 2017-05-21T00:18:16+08:00 ] 127.0.0.1 /WinXin/Index?code=001Z6OCR1Pvvd71m7nER13nSCR1Z6OC4&state=STATE
INFO: [ app_init ] --START--
INFO: Run Behavior\BuildLiteBehavior [ RunTime:0.000010s ]
INFO: [ app_init ] --END-- [ RunTime:0.000077s ]
INFO: [ app_begin ] --START--
INFO: Run Behavior\ReadHtmlCacheBehavior [ RunTime:0.002157s ]
INFO: [ app_begin ] --END-- [ RunTime:0.002203s ]
NOTIC: [2] Missing argument 2 for WinXin\Controller\IndexController::http(), called in G:\UPUPW_AP7.0\htdocs\Application\WinXin\Controller\IndexController.class.php on line 8 and defined G:\UPUPW_AP7.0\htdocs\Application\WinXin\Controller\IndexController.class.php 第 33 行.
NOTIC: [8] Undefined variable: method G:\UPUPW_AP7.0\htdocs\Application\WinXin\Controller\IndexController.class.php 第 45 行.
INFO: [ app_end ] --START--
INFO: Run Behavior\ShowPageTraceBehavior [ RunTime:0.002937s ]
INFO: [ app_end ] --END-- [ RunTime:0.003008s ]

[ 2017-05-21T00:18:27+08:00 ] 127.0.0.1 /WinXin/Index?code=031oLQJK1dUlP70Kf4JK1vSRJK1oLQJM&state=STATE
INFO: [ app_init ] --START--
INFO: Run Behavior\BuildLiteBehavior [ RunTime:0.000011s ]
INFO: [ app_init ] --END-- [ RunTime:0.000081s ]
INFO: [ app_begin ] --START--
INFO: Run Behavior\ReadHtmlCacheBehavior [ RunTime:0.001205s ]
INFO: [ app_begin ] --END-- [ RunTime:0.001240s ]
NOTIC: [2] Missing argument 2 for WinXin\Controller\IndexController::http(), called in G:\UPUPW_AP7.0\htdocs\Application\WinXin\Controller\IndexController.class.php on line 8 and defined G:\UPUPW_AP7.0\htdocs\Application\WinXin\Controller\IndexController.class.php 第 33 行.
NOTIC: [8] Undefined variable: method G:\UPUPW_AP7.0\htdocs\Application\WinXin\Controller\IndexController.class.php 第 45 行.
INFO: [ app_end ] --START--
INFO: Run Behavior\ShowPageTraceBehavior [ RunTime:0.005298s ]
INFO: [ app_end ] --END-- [ RunTime:0.005424s ]

[ 2017-05-21T00:18:52+08:00 ] 127.0.0.1 /WinXin/Index?code=03156tf125uqW01rpJb129ruf1256tfx&state=STATE
INFO: [ app_init ] --START--
INFO: Run Behavior\BuildLiteBehavior [ RunTime:0.000012s ]
INFO: [ app_init ] --END-- [ RunTime:0.000314s ]
INFO: [ app_begin ] --START--
INFO: Run Behavior\ReadHtmlCacheBehavior [ RunTime:0.001390s ]
INFO: [ app_begin ] --END-- [ RunTime:0.001425s ]
NOTIC: [2] Missing argument 2 for WinXin\Controller\IndexController::http(), called in G:\UPUPW_AP7.0\htdocs\Application\WinXin\Controller\IndexController.class.php on line 8 and defined G:\UPUPW_AP7.0\htdocs\Application\WinXin\Controller\IndexController.class.php 第 33 行.
NOTIC: [8] Undefined variable: method G:\UPUPW_AP7.0\htdocs\Application\WinXin\Controller\IndexController.class.php 第 45 行.
INFO: [ app_end ] --START--
INFO: Run Behavior\ShowPageTraceBehavior [ RunTime:0.005760s ]
INFO: [ app_end ] --END-- [ RunTime:0.005905s ]

[ 2017-05-21T00:19:00+08:00 ] 127.0.0.1 /WinXin/Index?code=061mkmb926SkrO0N3A892ZUpb92mkmbD&state=STATE
INFO: [ app_init ] --START--
INFO: Run Behavior\BuildLiteBehavior [ RunTime:0.000010s ]
INFO: [ app_init ] --END-- [ RunTime:0.000084s ]
INFO: [ app_begin ] --START--
INFO: Run Behavior\ReadHtmlCacheBehavior [ RunTime:0.001659s ]
INFO: [ app_begin ] --END-- [ RunTime:0.001704s ]
NOTIC: [2] Missing argument 2 for WinXin\Controller\IndexController::http(), called in G:\UPUPW_AP7.0\htdocs\Application\WinXin\Controller\IndexController.class.php on line 8 and defined G:\UPUPW_AP7.0\htdocs\Application\WinXin\Controller\IndexController.class.php 第 33 行.
NOTIC: [8] Undefined variable: method G:\UPUPW_AP7.0\htdocs\Application\WinXin\Controller\IndexController.class.php 第 45 行.
INFO: [ app_end ] --START--
INFO: Run Behavior\ShowPageTraceBehavior [ RunTime:0.006157s ]
INFO: [ app_end ] --END-- [ RunTime:0.006324s ]

[ 2017-05-21T00:19:08+08:00 ] 127.0.0.1 /WinXin/Index?code=061mkmb926SkrO0N3A892ZUpb92mkmbD&state=STATE&nsukey=xFHjXykxioUSxRUsxIIR%2B%2BrubMWsQsrrHyqkTQpfASzAPOYbY8L9ULV6UcLUS0QB%2FNDsQ4Qe35qP5FETRN%2BiDeGqIhuCAE2HBhTySgEGg5szlpoINU%2FXZ29dDpR5ERPwHwYDSrUf0LjDHPvOUqlrSuMKee9JcM%2FJU1Tpleqbh8AmB64iT2oJi%2Fii62kwthR7
INFO: [ app_init ] --START--
INFO: Run Behavior\BuildLiteBehavior [ RunTime:0.000011s ]
INFO: [ app_init ] --END-- [ RunTime:0.000292s ]
INFO: [ app_begin ] --START--
INFO: Run Behavior\ReadHtmlCacheBehavior [ RunTime:0.001682s ]
INFO: [ app_begin ] --END-- [ RunTime:0.001714s ]
NOTIC: [2] Missing argument 2 for WinXin\Controller\IndexController::http(), called in G:\UPUPW_AP7.0\htdocs\Application\WinXin\Controller\IndexController.class.php on line 8 and defined G:\UPUPW_AP7.0\htdocs\Application\WinXin\Controller\IndexController.class.php 第 33 行.
NOTIC: [8] Undefined variable: method G:\UPUPW_AP7.0\htdocs\Application\WinXin\Controller\IndexController.class.php 第 45 行.
INFO: [ app_end ] --START--
INFO: Run Behavior\ShowPageTraceBehavior [ RunTime:0.005645s ]
INFO: [ app_end ] --END-- [ RunTime:0.005773s ]

[ 2017-05-21T00:19:08+08:00 ] 127.0.0.1 /WinXin/Index?code=061mkmb926SkrO0N3A892ZUpb92mkmbD&state=STATE&nsukey=xFHjXykxioUSxRUsxIIR%2B%2BrubMWsQsrrHyqkTQpfASzAPOYbY8L9ULV6UcLUS0QB%2FNDsQ4Qe35qP5FETRN%2BiDeGqIhuCAE2HBhTySgEGg5szlpoINU%2FXZ29dDpR5ERPwHwYDSrUf0LjDHPvOUqlrSuMKee9JcM%2FJU1Tpleqbh8AmB64iT2oJi%2Fii62kwthR7
INFO: [ app_init ] --START--
INFO: Run Behavior\BuildLiteBehavior [ RunTime:0.000012s ]
INFO: [ app_init ] --END-- [ RunTime:0.000087s ]
INFO: [ app_begin ] --START--
INFO: Run Behavior\ReadHtmlCacheBehavior [ RunTime:0.001218s ]
INFO: [ app_begin ] --END-- [ RunTime:0.001251s ]
NOTIC: [2] Missing argument 2 for WinXin\Controller\IndexController::http(), called in G:\UPUPW_AP7.0\htdocs\Application\WinXin\Controller\IndexController.class.php on line 8 and defined G:\UPUPW_AP7.0\htdocs\Application\WinXin\Controller\IndexController.class.php 第 33 行.
NOTIC: [8] Undefined variable: method G:\UPUPW_AP7.0\htdocs\Application\WinXin\Controller\IndexController.class.php 第 45 行.
INFO: [ app_end ] --START--
INFO: Run Behavior\ShowPageTraceBehavior [ RunTime:0.002100s ]
INFO: [ app_end ] --END-- [ RunTime:0.002158s ]

[ 2017-05-21T00:19:09+08:00 ] 127.0.0.1 /WinXin/Index?code=061mkmb926SkrO0N3A892ZUpb92mkmbD&state=STATE&nsukey=xFHjXykxioUSxRUsxIIR%2B%2BrubMWsQsrrHyqkTQpfASzAPOYbY8L9ULV6UcLUS0QB%2FNDsQ4Qe35qP5FETRN%2BiDeGqIhuCAE2HBhTySgEGg5szlpoINU%2FXZ29dDpR5ERPwHwYDSrUf0LjDHPvOUqlrSuMKee9JcM%2FJU1Tpleqbh8AmB64iT2oJi%2Fii62kwthR7
INFO: [ app_init ] --START--
INFO: Run Behavior\BuildLiteBehavior [ RunTime:0.000010s ]
INFO: [ app_init ] --END-- [ RunTime:0.000082s ]
INFO: [ app_begin ] --START--
INFO: Run Behavior\ReadHtmlCacheBehavior [ RunTime:0.002475s ]
INFO: [ app_begin ] --END-- [ RunTime:0.002542s ]
NOTIC: [2] Missing argument 2 for WinXin\Controller\IndexController::http(), called in G:\UPUPW_AP7.0\htdocs\Application\WinXin\Controller\IndexController.class.php on line 8 and defined G:\UPUPW_AP7.0\htdocs\Application\WinXin\Controller\IndexController.class.php 第 33 行.
NOTIC: [8] Undefined variable: method G:\UPUPW_AP7.0\htdocs\Application\WinXin\Controller\IndexController.class.php 第 45 行.
INFO: [ app_end ] --START--
INFO: Run Behavior\ShowPageTraceBehavior [ RunTime:0.006808s ]
INFO: [ app_end ] --END-- [ RunTime:0.006956s ]

[ 2017-05-21T00:19:10+08:00 ] 127.0.0.1 /WinXin/Index?code=061mkmb926SkrO0N3A892ZUpb92mkmbD&state=STATE&nsukey=xFHjXykxioUSxRUsxIIR%2B%2BrubMWsQsrrHyqkTQpfASzAPOYbY8L9ULV6UcLUS0QB%2FNDsQ4Qe35qP5FETRN%2BiDeGqIhuCAE2HBhTySgEGg5szlpoINU%2FXZ29dDpR5ERPwHwYDSrUf0LjDHPvOUqlrSuMKee9JcM%2FJU1Tpleqbh8AmB64iT2oJi%2Fii62kwthR7
INFO: [ app_init ] --START--
INFO: Run Behavior\BuildLiteBehavior [ RunTime:0.000011s ]
INFO: [ app_init ] --END-- [ RunTime:0.000083s ]
INFO: [ app_begin ] --START--
INFO: Run Behavior\ReadHtmlCacheBehavior [ RunTime:0.001190s ]
INFO: [ app_begin ] --END-- [ RunTime:0.001237s ]
NOTIC: [2] Missing argument 2 for WinXin\Controller\IndexController::http(), called in G:\UPUPW_AP7.0\htdocs\Application\WinXin\Controller\IndexController.class.php on line 8 and defined G:\UPUPW_AP7.0\htdocs\Application\WinXin\Controller\IndexController.class.php 第 33 行.
NOTIC: [8] Undefined variable: method G:\UPUPW_AP7.0\htdocs\Application\WinXin\Controller\IndexController.class.php 第 45 行.
INFO: [ app_end ] --START--
INFO: Run Behavior\ShowPageTraceBehavior [ RunTime:0.005188s ]
INFO: [ app_end ] --END-- [ RunTime:0.005312s ]

[ 2017-05-21T00:19:13+08:00 ] 127.0.0.1 /WinXin/Index?code=061mkmb926SkrO0N3A892ZUpb92mkmbD&state=STATE&nsukey=xFHjXykxioUSxRUsxIIR%2B%2BrubMWsQsrrHyqkTQpfASzAPOYbY8L9ULV6UcLUS0QB%2FNDsQ4Qe35qP5FETRN%2BiDeGqIhuCAE2HBhTySgEGg5szlpoINU%2FXZ29dDpR5ERPwHwYDSrUf0LjDHPvOUqlrSuMKee9JcM%2FJU1Tpleqbh8AmB64iT2oJi%2Fii62kwthR7
INFO: [ app_init ] --START--
INFO: Run Behavior\BuildLiteBehavior [ RunTime:0.000009s ]
INFO: [ app_init ] --END-- [ RunTime:0.000071s ]
INFO: [ app_begin ] --START--
INFO: Run Behavior\ReadHtmlCacheBehavior [ RunTime:0.001261s ]
INFO: [ app_begin ] --END-- [ RunTime:0.001304s ]
NOTIC: [2] Missing argument 2 for WinXin\Controller\IndexController::http(), called in G:\UPUPW_AP7.0\htdocs\Application\WinXin\Controller\IndexController.class.php on line 8 and defined G:\UPUPW_AP7.0\htdocs\Application\WinXin\Controller\IndexController.class.php 第 33 行.
NOTIC: [8] Undefined variable: method G:\UPUPW_AP7.0\htdocs\Application\WinXin\Controller\IndexController.class.php 第 45 行.
INFO: [ app_end ] --START--
INFO: Run Behavior\ShowPageTraceBehavior [ RunTime:0.005330s ]
INFO: [ app_end ] --END-- [ RunTime:0.005457s ]

[ 2017-05-21T00:19:27+08:00 ] 127.0.0.1 /WinXin/Index?code=051BA2Wm14VYCm0DaeSm1HFZVm1BA2W1&state=STATE
INFO: [ app_init ] --START--
INFO: Run Behavior\BuildLiteBehavior [ RunTime:0.000010s ]
INFO: [ app_init ] --END-- [ RunTime:0.000318s ]
INFO: [ app_begin ] --START--
INFO: Run Behavior\ReadHtmlCacheBehavior [ RunTime:0.002173s ]
INFO: [ app_begin ] --END-- [ RunTime:0.002216s ]
NOTIC: [2] Missing argument 2 for WinXin\Controller\IndexController::http(), called in G:\UPUPW_AP7.0\htdocs\Application\WinXin\Controller\IndexController.class.php on line 8 and defined G:\UPUPW_AP7.0\htdocs\Application\WinXin\Controller\IndexController.class.php 第 33 行.
NOTIC: [8] Undefined variable: method G:\UPUPW_AP7.0\htdocs\Application\WinXin\Controller\IndexController.class.php 第 45 行.
INFO: [ app_end ] --START--
INFO: Run Behavior\ShowPageTraceBehavior [ RunTime:0.006037s ]
INFO: [ app_end ] --END-- [ RunTime:0.006169s ]

[ 2017-05-21T00:20:23+08:00 ] 127.0.0.1 /WinXin/Index?code=061mkmb926SkrO0N3A892ZUpb92mkmbD&state=STATE&nsukey=xFHjXykxioUSxRUsxIIR%2B%2BrubMWsQsrrHyqkTQpfASzAPOYbY8L9ULV6UcLUS0QB%2FNDsQ4Qe35qP5FETRN%2BiDeGqIhuCAE2HBhTySgEGg5szlpoINU%2FXZ29dDpR5ERPwHwYDSrUf0LjDHPvOUqlrSuMKee9JcM%2FJU1Tpleqbh8AmB64iT2oJi%2Fii62kwthR7
INFO: [ app_init ] --START--
INFO: Run Behavior\BuildLiteBehavior [ RunTime:0.000010s ]
INFO: [ app_init ] --END-- [ RunTime:0.000308s ]
INFO: [ app_begin ] --START--
INFO: Run Behavior\ReadHtmlCacheBehavior [ RunTime:0.002249s ]
INFO: [ app_begin ] --END-- [ RunTime:0.002297s ]
NOTIC: [2] Missing argument 2 for WinXin\Controller\IndexController::http(), called in G:\UPUPW_AP7.0\htdocs\Application\WinXin\Controller\IndexController.class.php on line 8 and defined G:\UPUPW_AP7.0\htdocs\Application\WinXin\Controller\IndexController.class.php 第 33 行.
NOTIC: [8] Undefined variable: method G:\UPUPW_AP7.0\htdocs\Application\WinXin\Controller\IndexController.class.php 第 45 行.
INFO: [ app_end ] --START--
INFO: Run Behavior\ShowPageTraceBehavior [ RunTime:0.006631s ]
INFO: [ app_end ] --END-- [ RunTime:0.006768s ]

[ 2017-05-21T00:21:35+08:00 ] 127.0.0.1 /WinXin/Index?code=0515IQN00X6dID1jz7N00NLZN005IQNV&state=STATE
INFO: [ app_init ] --START--
INFO: Run Behavior\BuildLiteBehavior [ RunTime:0.000008s ]
INFO: [ app_init ] --END-- [ RunTime:0.000226s ]
INFO: [ app_begin ] --START--
INFO: Run Behavior\ReadHtmlCacheBehavior [ RunTime:0.001356s ]
INFO: [ app_begin ] --END-- [ RunTime:0.001388s ]
NOTIC: [2] Missing argument 2 for WinXin\Controller\IndexController::http(), called in G:\UPUPW_AP7.0\htdocs\Application\WinXin\Controller\IndexController.class.php on line 8 and defined G:\UPUPW_AP7.0\htdocs\Application\WinXin\Controller\IndexController.class.php 第 33 行.
NOTIC: [8] Undefined variable: method G:\UPUPW_AP7.0\htdocs\Application\WinXin\Controller\IndexController.class.php 第 45 行.
INFO: [ app_end ] --START--
INFO: Run Behavior\ShowPageTraceBehavior [ RunTime:0.007697s ]
INFO: [ app_end ] --END-- [ RunTime:0.007860s ]

[ 2017-05-21T17:58:22+08:00 ] 127.0.0.1 /WinXin/Index?code=021OlzEL0cTd842apgCL0bisEL0OlzEI&state=STATE
INFO: [ app_init ] --START--
INFO: Run Behavior\BuildLiteBehavior [ RunTime:0.000008s ]
INFO: [ app_init ] --END-- [ RunTime:0.000072s ]
INFO: [ app_begin ] --START--
INFO: Run Behavior\ReadHtmlCacheBehavior [ RunTime:0.001739s ]
INFO: [ app_begin ] --END-- [ RunTime:0.001784s ]
NOTIC: [2] Missing argument 2 for WinXin\Controller\IndexController::http(), called in G:\UPUPW_AP7.0\htdocs\Application\WinXin\Controller\IndexController.class.php on line 8 and defined G:\UPUPW_AP7.0\htdocs\Application\WinXin\Controller\IndexController.class.php 第 33 行.
NOTIC: [8] Undefined variable: method G:\UPUPW_AP7.0\htdocs\Application\WinXin\Controller\IndexController.class.php 第 45 行.
INFO: [ app_end ] --START--
INFO: Run Behavior\ShowPageTraceBehavior [ RunTime:0.002092s ]
INFO: [ app_end ] --END-- [ RunTime:0.002145s ]

[ 2017-05-21T17:58:24+08:00 ] 127.0.0.1 /WinXin/Index?code=021OlzEL0cTd842apgCL0bisEL0OlzEI&state=STATE&nsukey=SUTA2U5FKmZ7p5%2F04qdU9Faq9I6IoPzX%2FOPB3asRgKKTTfqCaCCaWn7ybQx4kH3EuDC8NHeuSs7%2FP%2Bsssm%2BDiXjf8auzOwBm3E526JpCBBq8qfrRhe70daaTdPdMebVE%2FsdiyuuSwsz6zPX%2BlMRWPR5WBXXIUeM2fCYD6fl672trzgNHFaGAIJFyFVXaSAAK
INFO: [ app_init ] --START--
INFO: Run Behavior\BuildLiteBehavior [ RunTime:0.000007s ]
INFO: [ app_init ] --END-- [ RunTime:0.000056s ]
INFO: [ app_begin ] --START--
INFO: Run Behavior\ReadHtmlCacheBehavior [ RunTime:0.002267s ]
INFO: [ app_begin ] --END-- [ RunTime:0.002325s ]
NOTIC: [2] Missing argument 2 for WinXin\Controller\IndexController::http(), called in G:\UPUPW_AP7.0\htdocs\Application\WinXin\Controller\IndexController.class.php on line 8 and defined G:\UPUPW_AP7.0\htdocs\Application\WinXin\Controller\IndexController.class.php 第 33 行.
NOTIC: [8] Undefined variable: method G:\UPUPW_AP7.0\htdocs\Application\WinXin\Controller\IndexController.class.php 第 45 行.
INFO: [ app_end ] --START--
INFO: Run Behavior\ShowPageTraceBehavior [ RunTime:0.005616s ]
INFO: [ app_end ] --END-- [ RunTime:0.005751s ]

[ 2017-05-21T17:58:26+08:00 ] 127.0.0.1 /WinXin/Index?code=021OlzEL0cTd842apgCL0bisEL0OlzEI&state=STATE&nsukey=SUTA2U5FKmZ7p5%2F04qdU9Faq9I6IoPzX%2FOPB3asRgKKTTfqCaCCaWn7ybQx4kH3EuDC8NHeuSs7%2FP%2Bsssm%2BDiXjf8auzOwBm3E526JpCBBq8qfrRhe70daaTdPdMebVE%2FsdiyuuSwsz6zPX%2BlMRWPR5WBXXIUeM2fCYD6fl672trzgNHFaGAIJFyFVXaSAAK
INFO: [ app_init ] --START--
INFO: Run Behavior\BuildLiteBehavior [ RunTime:0.000011s ]
INFO: [ app_init ] --END-- [ RunTime:0.000082s ]
INFO: [ app_begin ] --START--
INFO: Run Behavior\ReadHtmlCacheBehavior [ RunTime:0.001199s ]
INFO: [ app_begin ] --END-- [ RunTime:0.001231s ]
NOTIC: [2] Missing argument 2 for WinXin\Controller\IndexController::http(), called in G:\UPUPW_AP7.0\htdocs\Application\WinXin\Controller\IndexController.class.php on line 8 and defined G:\UPUPW_AP7.0\htdocs\Application\WinXin\Controller\IndexController.class.php 第 33 行.
NOTIC: [8] Undefined variable: method G:\UPUPW_AP7.0\htdocs\Application\WinXin\Controller\IndexController.class.php 第 45 行.
INFO: [ app_end ] --START--
INFO: Run Behavior\ShowPageTraceBehavior [ RunTime:0.005110s ]
INFO: [ app_end ] --END-- [ RunTime:0.005250s ]

[ 2017-05-21T17:58:29+08:00 ] 127.0.0.1 /WinXin/Index?code=021OlzEL0cTd842apgCL0bisEL0OlzEI&state=STATE&nsukey=SUTA2U5FKmZ7p5%2F04qdU9Faq9I6IoPzX%2FOPB3asRgKKTTfqCaCCaWn7ybQx4kH3EuDC8NHeuSs7%2FP%2Bsssm%2BDiXjf8auzOwBm3E526JpCBBq8qfrRhe70daaTdPdMebVE%2FsdiyuuSwsz6zPX%2BlMRWPR5WBXXIUeM2fCYD6fl672trzgNHFaGAIJFyFVXaSAAK
INFO: [ app_init ] --START--
INFO: Run Behavior\BuildLiteBehavior [ RunTime:0.000010s ]
INFO: [ app_init ] --END-- [ RunTime:0.000073s ]
INFO: [ app_begin ] --START--
INFO: Run Behavior\ReadHtmlCacheBehavior [ RunTime:0.001315s ]
INFO: [ app_begin ] --END-- [ RunTime:0.001351s ]
NOTIC: [2] Missing argument 2 for WinXin\Controller\IndexController::http(), called in G:\UPUPW_AP7.0\htdocs\Application\WinXin\Controller\IndexController.class.php on line 8 and defined G:\UPUPW_AP7.0\htdocs\Application\WinXin\Controller\IndexController.class.php 第 33 行.
NOTIC: [8] Undefined variable: method G:\UPUPW_AP7.0\htdocs\Application\WinXin\Controller\IndexController.class.php 第 45 行.
INFO: [ app_end ] --START--
INFO: Run Behavior\ShowPageTraceBehavior [ RunTime:0.003735s ]
INFO: [ app_end ] --END-- [ RunTime:0.003837s ]

[ 2017-05-21T17:59:15+08:00 ] 127.0.0.1 /WinXin/Index?code=0311UBZE1Cq1440KBAYE1NfCZE11UBZX&state=STATE
INFO: [ app_init ] --START--
INFO: Run Behavior\BuildLiteBehavior [ RunTime:0.000008s ]
INFO: [ app_init ] --END-- [ RunTime:0.000202s ]
INFO: [ app_begin ] --START--
INFO: Run Behavior\ReadHtmlCacheBehavior [ RunTime:0.001402s ]
INFO: [ app_begin ] --END-- [ RunTime:0.001439s ]
NOTIC: [2] Missing argument 2 for WinXin\Controller\IndexController::http(), called in G:\UPUPW_AP7.0\htdocs\Application\WinXin\Controller\IndexController.class.php on line 8 and defined G:\UPUPW_AP7.0\htdocs\Application\WinXin\Controller\IndexController.class.php 第 33 行.
NOTIC: [8] Undefined variable: method G:\UPUPW_AP7.0\htdocs\Application\WinXin\Controller\IndexController.class.php 第 45 行.
INFO: [ app_end ] --START--
INFO: Run Behavior\ShowPageTraceBehavior [ RunTime:0.005625s ]
INFO: [ app_end ] --END-- [ RunTime:0.005758s ]

[ 2017-05-21T17:59:17+08:00 ] 127.0.0.1 /WinXin/Index?code=0311UBZE1Cq1440KBAYE1NfCZE11UBZX&state=STATE&nsukey=emsUuzP35PGUSmv5jey2UM0YhLNlKl2%2FxhFRfeSaMBIkJehAUTyrFTAf44c3SshSDD8iuxLsEMa2vGrGNfDPr7hIUNb%2BJAxqh5WyzZiw%2B%2FrZQjIrd36zjpcHNZ8sUmkX3%2FCBkii35B9tVKga9UywL0s0YIZuSiEodwE%2F56P8kcuTvY7AHAQWcD39Us7cPV76
INFO: [ app_init ] --START--
INFO: Run Behavior\BuildLiteBehavior [ RunTime:0.000010s ]
INFO: [ app_init ] --END-- [ RunTime:0.000076s ]
INFO: [ app_begin ] --START--
INFO: Run Behavior\ReadHtmlCacheBehavior [ RunTime:0.001879s ]
INFO: [ app_begin ] --END-- [ RunTime:0.001926s ]
NOTIC: [2] Missing argument 2 for WinXin\Controller\IndexController::http(), called in G:\UPUPW_AP7.0\htdocs\Application\WinXin\Controller\IndexController.class.php on line 8 and defined G:\UPUPW_AP7.0\htdocs\Application\WinXin\Controller\IndexController.class.php 第 33 行.
NOTIC: [8] Undefined variable: method G:\UPUPW_AP7.0\htdocs\Application\WinXin\Controller\IndexController.class.php 第 45 行.
INFO: [ app_end ] --START--
INFO: Run Behavior\ShowPageTraceBehavior [ RunTime:0.005314s ]
INFO: [ app_end ] --END-- [ RunTime:0.005460s ]

[ 2017-05-21T17:59:19+08:00 ] 127.0.0.1 /WinXin/Index?code=0311UBZE1Cq1440KBAYE1NfCZE11UBZX&state=STATE&nsukey=emsUuzP35PGUSmv5jey2UM0YhLNlKl2%2FxhFRfeSaMBIkJehAUTyrFTAf44c3SshSDD8iuxLsEMa2vGrGNfDPr7hIUNb%2BJAxqh5WyzZiw%2B%2FrZQjIrd36zjpcHNZ8sUmkX3%2FCBkii35B9tVKga9UywL0s0YIZuSiEodwE%2F56P8kcuTvY7AHAQWcD39Us7cPV76
INFO: [ app_init ] --START--
INFO: Run Behavior\BuildLiteBehavior [ RunTime:0.000011s ]
INFO: [ app_init ] --END-- [ RunTime:0.000087s ]
INFO: [ app_begin ] --START--
INFO: Run Behavior\ReadHtmlCacheBehavior [ RunTime:0.001194s ]
INFO: [ app_begin ] --END-- [ RunTime:0.001221s ]
NOTIC: [2] Missing argument 2 for WinXin\Controller\IndexController::http(), called in G:\UPUPW_AP7.0\htdocs\Application\WinXin\Controller\IndexController.class.php on line 8 and defined G:\UPUPW_AP7.0\htdocs\Application\WinXin\Controller\IndexController.class.php 第 33 行.
NOTIC: [8] Undefined variable: method G:\UPUPW_AP7.0\htdocs\Application\WinXin\Controller\IndexController.class.php 第 45 行.
INFO: [ app_end ] --START--
INFO: Run Behavior\ShowPageTraceBehavior [ RunTime:0.004621s ]
INFO: [ app_end ] --END-- [ RunTime:0.004728s ]

[ 2017-05-21T17:59:19+08:00 ] 127.0.0.1 /WinXin/Index?code=0311UBZE1Cq1440KBAYE1NfCZE11UBZX&state=STATE&nsukey=emsUuzP35PGUSmv5jey2UM0YhLNlKl2%2FxhFRfeSaMBIkJehAUTyrFTAf44c3SshSDD8iuxLsEMa2vGrGNfDPr7hIUNb%2BJAxqh5WyzZiw%2B%2FrZQjIrd36zjpcHNZ8sUmkX3%2FCBkii35B9tVKga9UywL0s0YIZuSiEodwE%2F56P8kcuTvY7AHAQWcD39Us7cPV76
INFO: [ app_init ] --START--
INFO: Run Behavior\BuildLiteBehavior [ RunTime:0.000007s ]
INFO: [ app_init ] --END-- [ RunTime:0.000051s ]
INFO: [ app_begin ] --START--
INFO: Run Behavior\ReadHtmlCacheBehavior [ RunTime:0.001243s ]
INFO: [ app_begin ] --END-- [ RunTime:0.001307s ]
NOTIC: [2] Missing argument 2 for WinXin\Controller\IndexController::http(), called in G:\UPUPW_AP7.0\htdocs\Application\WinXin\Controller\IndexController.class.php on line 8 and defined G:\UPUPW_AP7.0\htdocs\Application\WinXin\Controller\IndexController.class.php 第 33 行.
NOTIC: [8] Undefined variable: method G:\UPUPW_AP7.0\htdocs\Application\WinXin\Controller\IndexController.class.php 第 45 行.
INFO: [ app_end ] --START--
INFO: Run Behavior\ShowPageTraceBehavior [ RunTime:0.003766s ]
INFO: [ app_end ] --END-- [ RunTime:0.003873s ]

[ 2017-05-21T17:59:22+08:00 ] 127.0.0.1 /WinXin/Index?code=0311UBZE1Cq1440KBAYE1NfCZE11UBZX&state=STATE&nsukey=emsUuzP35PGUSmv5jey2UM0YhLNlKl2%2FxhFRfeSaMBIkJehAUTyrFTAf44c3SshSDD8iuxLsEMa2vGrGNfDPr7hIUNb%2BJAxqh5WyzZiw%2B%2FrZQjIrd36zjpcHNZ8sUmkX3%2FCBkii35B9tVKga9UywL0s0YIZuSiEodwE%2F56P8kcuTvY7AHAQWcD39Us7cPV76
INFO: [ app_init ] --START--
INFO: Run Behavior\BuildLiteBehavior [ RunTime:0.000011s ]
INFO: [ app_init ] --END-- [ RunTime:0.000078s ]
INFO: [ app_begin ] --START--
INFO: Run Behavior\ReadHtmlCacheBehavior [ RunTime:0.002688s ]
INFO: [ app_begin ] --END-- [ RunTime:0.002748s ]
NOTIC: [2] Missing argument 2 for WinXin\Controller\IndexController::http(), called in G:\UPUPW_AP7.0\htdocs\Application\WinXin\Controller\IndexController.class.php on line 8 and defined G:\UPUPW_AP7.0\htdocs\Application\WinXin\Controller\IndexController.class.php 第 33 行.
NOTIC: [8] Undefined variable: method G:\UPUPW_AP7.0\htdocs\Application\WinXin\Controller\IndexController.class.php 第 45 行.
INFO: [ app_end ] --START--
INFO: Run Behavior\ShowPageTraceBehavior [ RunTime:0.005051s ]
INFO: [ app_end ] --END-- [ RunTime:0.005178s ]

[ 2017-05-21T17:59:25+08:00 ] 127.0.0.1 /WinXin/Index?code=0311UBZE1Cq1440KBAYE1NfCZE11UBZX&state=STATE&nsukey=emsUuzP35PGUSmv5jey2UM0YhLNlKl2%2FxhFRfeSaMBIkJehAUTyrFTAf44c3SshSDD8iuxLsEMa2vGrGNfDPr7hIUNb%2BJAxqh5WyzZiw%2B%2FrZQjIrd36zjpcHNZ8sUmkX3%2FCBkii35B9tVKga9UywL0s0YIZuSiEodwE%2F56P8kcuTvY7AHAQWcD39Us7cPV76
INFO: [ app_init ] --START--
INFO: Run Behavior\BuildLiteBehavior [ RunTime:0.000010s ]
INFO: [ app_init ] --END-- [ RunTime:0.000080s ]
INFO: [ app_begin ] --START--
INFO: Run Behavior\ReadHtmlCacheBehavior [ RunTime:0.002221s ]
INFO: [ app_begin ] --END-- [ RunTime:0.002278s ]
NOTIC: [2] Missing argument 2 for WinXin\Controller\IndexController::http(), called in G:\UPUPW_AP7.0\htdocs\Application\WinXin\Controller\IndexController.class.php on line 8 and defined G:\UPUPW_AP7.0\htdocs\Application\WinXin\Controller\IndexController.class.php 第 33 行.
NOTIC: [8] Undefined variable: method G:\UPUPW_AP7.0\htdocs\Application\WinXin\Controller\IndexController.class.php 第 45 行.
INFO: [ app_end ] --START--
INFO: Run Behavior\ShowPageTraceBehavior [ RunTime:0.007140s ]
INFO: [ app_end ] --END-- [ RunTime:0.007428s ]

[ 2017-05-21T18:00:26+08:00 ] 127.0.0.1 /WinXin/Index?code=001imLkS1mfaU913s6kS1z1EkS1imLkP&state=STATE
INFO: [ app_init ] --START--
INFO: Run Behavior\BuildLiteBehavior [ RunTime:0.000007s ]
INFO: [ app_init ] --END-- [ RunTime:0.000205s ]
INFO: [ app_begin ] --START--
INFO: Run Behavior\ReadHtmlCacheBehavior [ RunTime:0.001354s ]
INFO: [ app_begin ] --END-- [ RunTime:0.001397s ]
NOTIC: [2] Missing argument 2 for WinXin\Controller\IndexController::http(), called in G:\UPUPW_AP7.0\htdocs\Application\WinXin\Controller\IndexController.class.php on line 8 and defined G:\UPUPW_AP7.0\htdocs\Application\WinXin\Controller\IndexController.class.php 第 33 行.
NOTIC: [8] Undefined variable: method G:\UPUPW_AP7.0\htdocs\Application\WinXin\Controller\IndexController.class.php 第 45 行.
INFO: [ app_end ] --START--
INFO: Run Behavior\ShowPageTraceBehavior [ RunTime:0.002226s ]
INFO: [ app_end ] --END-- [ RunTime:0.002284s ]

[ 2017-05-21T18:00:33+08:00 ] 127.0.0.1 /WinXin/Index?code=001imLkS1mfaU913s6kS1z1EkS1imLkP&state=STATE&nsukey=MHABwRhBKykg7bkR5uKIJ%2Ft8Li%2BF71WcVYfbYwB2vIfLo%2B2gxPHqmjR8eaRVkyCEiZsRe%2BR6T5DwY1gIKuANhJjHLjpKq%2FmC0uHl4asVwSmBibJ%2BbochbH9cFvD3gZoQDx6Vm604gaXMAUvAN%2BVJvj8SIdTQa2FlDiGFqh44p820l2eVkgX2XuTTZ%2FBOqcEk
INFO: [ app_init ] --START--
INFO: Run Behavior\BuildLiteBehavior [ RunTime:0.000009s ]
INFO: [ app_init ] --END-- [ RunTime:0.000084s ]
INFO: [ app_begin ] --START--
INFO: Run Behavior\ReadHtmlCacheBehavior [ RunTime:0.001633s ]
INFO: [ app_begin ] --END-- [ RunTime:0.001678s ]
NOTIC: [2] Missing argument 2 for WinXin\Controller\IndexController::http(), called in G:\UPUPW_AP7.0\htdocs\Application\WinXin\Controller\IndexController.class.php on line 8 and defined G:\UPUPW_AP7.0\htdocs\Application\WinXin\Controller\IndexController.class.php 第 33 行.
NOTIC: [8] Undefined variable: method G:\UPUPW_AP7.0\htdocs\Application\WinXin\Controller\IndexController.class.php 第 45 行.
INFO: [ app_end ] --START--
INFO: Run Behavior\ShowPageTraceBehavior [ RunTime:0.004032s ]
INFO: [ app_end ] --END-- [ RunTime:0.004138s ]

[ 2017-05-21T18:00:35+08:00 ] 127.0.0.1 /WinXin/Index?code=001imLkS1mfaU913s6kS1z1EkS1imLkP&state=STATE&nsukey=MHABwRhBKykg7bkR5uKIJ%2Ft8Li%2BF71WcVYfbYwB2vIfLo%2B2gxPHqmjR8eaRVkyCEiZsRe%2BR6T5DwY1gIKuANhJjHLjpKq%2FmC0uHl4asVwSmBibJ%2BbochbH9cFvD3gZoQDx6Vm604gaXMAUvAN%2BVJvj8SIdTQa2FlDiGFqh44p820l2eVkgX2XuTTZ%2FBOqcEk
INFO: [ app_init ] --START--
INFO: Run Behavior\BuildLiteBehavior [ RunTime:0.000008s ]
INFO: [ app_init ] --END-- [ RunTime:0.000064s ]
INFO: [ app_begin ] --START--
INFO: Run Behavior\ReadHtmlCacheBehavior [ RunTime:0.001445s ]
INFO: [ app_begin ] --END-- [ RunTime:0.001498s ]
NOTIC: [2] Missing argument 2 for WinXin\Controller\IndexController::http(), called in G:\UPUPW_AP7.0\htdocs\Application\WinXin\Controller\IndexController.class.php on line 8 and defined G:\UPUPW_AP7.0\htdocs\Application\WinXin\Controller\IndexController.class.php 第 33 行.
NOTIC: [8] Undefined variable: method G:\UPUPW_AP7.0\htdocs\Application\WinXin\Controller\IndexController.class.php 第 45 行.
INFO: [ app_end ] --START--
INFO: Run Behavior\ShowPageTraceBehavior [ RunTime:0.005319s ]
INFO: [ app_end ] --END-- [ RunTime:0.005436s ]

[ 2017-05-21T18:00:40+08:00 ] 127.0.0.1 /WinXin/Index?code=001imLkS1mfaU913s6kS1z1EkS1imLkP&state=STATE&nsukey=MHABwRhBKykg7bkR5uKIJ%2Ft8Li%2BF71WcVYfbYwB2vIfLo%2B2gxPHqmjR8eaRVkyCEiZsRe%2BR6T5DwY1gIKuANhJjHLjpKq%2FmC0uHl4asVwSmBibJ%2BbochbH9cFvD3gZoQDx6Vm604gaXMAUvAN%2BVJvj8SIdTQa2FlDiGFqh44p820l2eVkgX2XuTTZ%2FBOqcEk
INFO: [ app_init ] --START--
INFO: Run Behavior\BuildLiteBehavior [ RunTime:0.000007s ]
INFO: [ app_init ] --END-- [ RunTime:0.000186s ]
INFO: [ app_begin ] --START--
INFO: Run Behavior\ReadHtmlCacheBehavior [ RunTime:0.001322s ]
INFO: [ app_begin ] --END-- [ RunTime:0.001358s ]
NOTIC: [2] Missing argument 2 for WinXin\Controller\IndexController::http(), called in G:\UPUPW_AP7.0\htdocs\Application\WinXin\Controller\IndexController.class.php on line 8 and defined G:\UPUPW_AP7.0\htdocs\Application\WinXin\Controller\IndexController.class.php 第 33 行.
NOTIC: [8] Undefined variable: method G:\UPUPW_AP7.0\htdocs\Application\WinXin\Controller\IndexController.class.php 第 45 行.
INFO: [ app_end ] --START--
INFO: Run Behavior\ShowPageTraceBehavior [ RunTime:0.001812s ]
INFO: [ app_end ] --END-- [ RunTime:0.001861s ]

[ 2017-05-21T18:04:15+08:00 ] 127.0.0.1 /WinXin/Index?code=071KpF530DmTZF1eHl430hrJ530KpF5A&state=STATE
INFO: [ app_init ] --START--
INFO: Run Behavior\BuildLiteBehavior [ RunTime:0.000009s ]
INFO: [ app_init ] --END-- [ RunTime:0.000202s ]
INFO: [ app_begin ] --START--
INFO: Run Behavior\ReadHtmlCacheBehavior [ RunTime:0.001420s ]
INFO: [ app_begin ] --END-- [ RunTime:0.001456s ]
INFO: [ app_end ] --START--
INFO: Run Behavior\ShowPageTraceBehavior [ RunTime:0.001393s ]
INFO: [ app_end ] --END-- [ RunTime:0.001427s ]

[ 2017-05-21T18:04:17+08:00 ] 127.0.0.1 /WinXin/Index?code=071KpF530DmTZF1eHl430hrJ530KpF5A&state=STATE&nsukey=ReR6mCN7gH0v0OUBUXvsQrhMm9gZZ34erKqu%2FCCWZEqSuJVFKJ8hScYIDmY%2FL2OEC%2Br1F%2BM42klQF5nMI1k3HwMD6FYInW6hmhWBI8I5no5IANqurI5PBidLhA1MgSrfwCUU6PmVvup8TE9chlA0DkghmuzyENGMgy03aat%2BGzpdHJ%2F%2BBRWccqo0mj5W4u5r
INFO: [ app_init ] --START--
INFO: Run Behavior\BuildLiteBehavior [ RunTime:0.000013s ]
INFO: [ app_init ] --END-- [ RunTime:0.000104s ]
INFO: [ app_begin ] --START--
INFO: Run Behavior\ReadHtmlCacheBehavior [ RunTime:0.001434s ]
INFO: [ app_begin ] --END-- [ RunTime:0.001482s ]
INFO: [ app_end ] --START--
INFO: Run Behavior\ShowPageTraceBehavior [ RunTime:0.001758s ]
INFO: [ app_end ] --END-- [ RunTime:0.001821s ]

[ 2017-05-21T18:04:19+08:00 ] 127.0.0.1 /WinXin/Index?code=071KpF530DmTZF1eHl430hrJ530KpF5A&state=STATE&nsukey=ReR6mCN7gH0v0OUBUXvsQrhMm9gZZ34erKqu%2FCCWZEqSuJVFKJ8hScYIDmY%2FL2OEC%2Br1F%2BM42klQF5nMI1k3HwMD6FYInW6hmhWBI8I5no5IANqurI5PBidLhA1MgSrfwCUU6PmVvup8TE9chlA0DkghmuzyENGMgy03aat%2BGzpdHJ%2F%2BBRWccqo0mj5W4u5r
INFO: [ app_init ] --START--
INFO: Run Behavior\BuildLiteBehavior [ RunTime:0.000007s ]
INFO: [ app_init ] --END-- [ RunTime:0.000052s ]
INFO: [ app_begin ] --START--
INFO: Run Behavior\ReadHtmlCacheBehavior [ RunTime:0.001939s ]
INFO: [ app_begin ] --END-- [ RunTime:0.001982s ]
INFO: [ app_end ] --START--
INFO: Run Behavior\ShowPageTraceBehavior [ RunTime:0.001188s ]
INFO: [ app_end ] --END-- [ RunTime:0.001215s ]

[ 2017-05-21T18:04:20+08:00 ] 127.0.0.1 /WinXin/Index?code=071KpF530DmTZF1eHl430hrJ530KpF5A&state=STATE&nsukey=ReR6mCN7gH0v0OUBUXvsQrhMm9gZZ34erKqu%2FCCWZEqSuJVFKJ8hScYIDmY%2FL2OEC%2Br1F%2BM42klQF5nMI1k3HwMD6FYInW6hmhWBI8I5no5IANqurI5PBidLhA1MgSrfwCUU6PmVvup8TE9chlA0DkghmuzyENGMgy03aat%2BGzpdHJ%2F%2BBRWccqo0mj5W4u5r
INFO: [ app_init ] --START--
INFO: Run Behavior\BuildLiteBehavior [ RunTime:0.000009s ]
INFO: [ app_init ] --END-- [ RunTime:0.000062s ]
INFO: [ app_begin ] --START--
INFO: Run Behavior\ReadHtmlCacheBehavior [ RunTime:0.001223s ]
INFO: [ app_begin ] --END-- [ RunTime:0.001254s ]
INFO: [ app_end ] --START--
INFO: Run Behavior\ShowPageTraceBehavior [ RunTime:0.001194s ]
INFO: [ app_end ] --END-- [ RunTime:0.001219s ]

[ 2017-05-21T18:04:35+08:00 ] 127.0.0.1 /WinXin/Index?code=071KpF530DmTZF1eHl430hrJ530KpF5A&state=STATE&nsukey=ReR6mCN7gH0v0OUBUXvsQrhMm9gZZ34erKqu%2FCCWZEqSuJVFKJ8hScYIDmY%2FL2OEC%2Br1F%2BM42klQF5nMI1k3HwMD6FYInW6hmhWBI8I5no5IANqurI5PBidLhA1MgSrfwCUU6PmVvup8TE9chlA0DkghmuzyENGMgy03aat%2BGzpdHJ%2F%2BBRWccqo0mj5W4u5r
INFO: [ app_init ] --START--
INFO: Run Behavior\BuildLiteBehavior [ RunTime:0.000011s ]
INFO: [ app_init ] --END-- [ RunTime:0.000299s ]
INFO: [ app_begin ] --START--
INFO: Run Behavior\ReadHtmlCacheBehavior [ RunTime:0.001406s ]
INFO: [ app_begin ] --END-- [ RunTime:0.001437s ]
INFO: [ app_end ] --START--
INFO: Run Behavior\ShowPageTraceBehavior [ RunTime:0.001367s ]
INFO: [ app_end ] --END-- [ RunTime:0.001400s ]

[ 2017-05-21T18:04:41+08:00 ] 127.0.0.1 /WinXin/Index?code=071KpF530DmTZF1eHl430hrJ530KpF5A&state=STATE&nsukey=ReR6mCN7gH0v0OUBUXvsQrhMm9gZZ34erKqu%2FCCWZEqSuJVFKJ8hScYIDmY%2FL2OEC%2Br1F%2BM42klQF5nMI1k3HwMD6FYInW6hmhWBI8I5no5IANqurI5PBidLhA1MgSrfwCUU6PmVvup8TE9chlA0DkghmuzyENGMgy03aat%2BGzpdHJ%2F%2BBRWccqo0mj5W4u5r
INFO: [ app_init ] --START--
INFO: Run Behavior\BuildLiteBehavior [ RunTime:0.000007s ]
INFO: [ app_init ] --END-- [ RunTime:0.000058s ]
INFO: [ app_begin ] --START--
INFO: Run Behavior\ReadHtmlCacheBehavior [ RunTime:0.002183s ]
INFO: [ app_begin ] --END-- [ RunTime:0.002239s ]
INFO: [ app_end ] --START--
INFO: Run Behavior\ShowPageTraceBehavior [ RunTime:0.001238s ]
INFO: [ app_end ] --END-- [ RunTime:0.001271s ]

[ 2017-05-21T18:11:06+08:00 ] 127.0.0.1 /WinXin/Index?code=071KpF530DmTZF1eHl430hrJ530KpF5A&state=STATE
INFO: [ app_init ] --START--
INFO: Run Behavior\BuildLiteBehavior [ RunTime:0.000015s ]
INFO: [ app_init ] --END-- [ RunTime:0.000424s ]
INFO: [ app_begin ] --START--
INFO: Run Behavior\ReadHtmlCacheBehavior [ RunTime:0.002004s ]
INFO: [ app_begin ] --END-- [ RunTime:0.002047s ]
INFO: [ app_end ] --START--
INFO: Run Behavior\ShowPageTraceBehavior [ RunTime:0.002271s ]
INFO: [ app_end ] --END-- [ RunTime:0.002311s ]

[ 2017-05-21T19:12:42+08:00 ] 127.0.0.1 /WinXin/Index?code=0613Al4b1a7zVs0Wan2b1QWp4b13Al4g&state=STATE
INFO: [ app_init ] --START--
INFO: Run Behavior\BuildLiteBehavior [ RunTime:0.000011s ]
INFO: [ app_init ] --END-- [ RunTime:0.000351s ]
INFO: [ app_begin ] --START--
INFO: Run Behavior\ReadHtmlCacheBehavior [ RunTime:0.004388s ]
INFO: [ app_begin ] --END-- [ RunTime:0.004455s ]
ERR: syntax error, unexpected 'public' (T_PUBLIC), expecting end of file

[ 2017-05-21T19:12:44+08:00 ] 127.0.0.1 /WinXin/Index?code=0613Al4b1a7zVs0Wan2b1QWp4b13Al4g&state=STATE&nsukey=XbEypawVIXBanRilRhnyBpnQZoFcSq9YcWsIMFtzwxAYJJh6RVhuWIQC5J1ysVomVqa49paq8%2FeK39yoEsXQIkowyFuDAaoVMVkP4mCe%2FhaeBR3KB61Ecqwg0HB3twisJLMec0CUBsIQajdcIQo2128SmzPpgefLwMKalssV%2BT9BOUSbfsBYJH3IwoYDxz4N
INFO: [ app_init ] --START--
INFO: Run Behavior\BuildLiteBehavior [ RunTime:0.000009s ]
INFO: [ app_init ] --END-- [ RunTime:0.000063s ]
INFO: [ app_begin ] --START--
INFO: Run Behavior\ReadHtmlCacheBehavior [ RunTime:0.001217s ]
INFO: [ app_begin ] --END-- [ RunTime:0.001246s ]
ERR: syntax error, unexpected 'public' (T_PUBLIC), expecting end of file

[ 2017-05-21T19:12:46+08:00 ] 127.0.0.1 /WinXin/Index?code=0613Al4b1a7zVs0Wan2b1QWp4b13Al4g&state=STATE&nsukey=XbEypawVIXBanRilRhnyBpnQZoFcSq9YcWsIMFtzwxAYJJh6RVhuWIQC5J1ysVomVqa49paq8%2FeK39yoEsXQIkowyFuDAaoVMVkP4mCe%2FhaeBR3KB61Ecqwg0HB3twisJLMec0CUBsIQajdcIQo2128SmzPpgefLwMKalssV%2BT9BOUSbfsBYJH3IwoYDxz4N
INFO: [ app_init ] --START--
INFO: Run Behavior\BuildLiteBehavior [ RunTime:0.000013s ]
INFO: [ app_init ] --END-- [ RunTime:0.000100s ]
INFO: [ app_begin ] --START--
INFO: Run Behavior\ReadHtmlCacheBehavior [ RunTime:0.002239s ]
INFO: [ app_begin ] --END-- [ RunTime:0.002303s ]
ERR: syntax error, unexpected 'public' (T_PUBLIC), expecting end of file

[ 2017-05-21T19:24:29+08:00 ] 127.0.0.1 /WinXin/Index?code=021YdxgY0hZlRY1d79hY0TDzgY0YdxgJ&state=STATE
INFO: [ app_init ] --START--
INFO: Run Behavior\BuildLiteBehavior [ RunTime:0.000026s ]
INFO: [ app_init ] --END-- [ RunTime:0.000506s ]
INFO: [ app_begin ] --START--
INFO: Run Behavior\ReadHtmlCacheBehavior [ RunTime:0.002023s ]
INFO: [ app_begin ] --END-- [ RunTime:0.002081s ]
NOTIC: [2] Missing argument 2 for WinXin\Controller\IndexController::http(), called in G:\UPUPW_AP7.0\htdocs\Application\WinXin\Controller\IndexController.class.php on line 40 and defined G:\UPUPW_AP7.0\htdocs\Application\WinXin\Controller\IndexController.class.php 第 50 行.
NOTIC: [8] Undefined variable: method G:\UPUPW_AP7.0\htdocs\Application\WinXin\Controller\IndexController.class.php 第 62 行.
SQL: SHOW COLUMNS FROM `weixin_cache` [ RunTime:0.0190s ]
SQL: INSERT INTO `weixin_cache` (`openid`,`access_token`,`refresh_token`,`scope`) VALUES ('opdLfvu_83Lft7YaPtApYkyZzRk8','lKdZ4FVhgrwP3y_RFq9sUlazCacp34ctyTUWf7TmIzx7Exnv1VFBV_4c5wjRs7BejIq94UfZ9w_eGkYlqPYO_RB8zxMVyePJ1aKYCTF4QtA','LyDPnY34pIALddl848kQIKpC0Os9MbsJS6190XyJmyLJ4k2yv9MbS0fqtQcCLQ0HwlW8zeWJKwVzm2MV2VRPRYq00sXEkYTwuDl38-X65_U','snsapi_userinfo') [ RunTime:0.0605s ]
INFO: [ app_end ] --START--
INFO: Run Behavior\ShowPageTraceBehavior [ RunTime:0.002381s ]
INFO: [ app_end ] --END-- [ RunTime:0.002420s ]

[ 2017-05-21T19:24:31+08:00 ] 127.0.0.1 /WinXin/Index?code=021YdxgY0hZlRY1d79hY0TDzgY0YdxgJ&state=STATE&nsukey=UN8YhEA%2FslgT8Y1x8%2Bjx5gQkggxEwlHH6XnjFphbYAOcHan28UGADNkNJ0lBwwjOOacXZ3cH7hCIEWMNjv0%2BNZ5oNnXzAIJEvhpl6lrFMvLPGf2PWy0NaenxflqC8ShA2b8CcHrRFSPrvlLP4Zs44D9UDqJgU%2F28t4vhx0Y0UncffJ0u5PCdtA%2FXWu8ZI2SO
INFO: [ app_init ] --START--
INFO: Run Behavior\BuildLiteBehavior [ RunTime:0.000007s ]
INFO: [ app_init ] --END-- [ RunTime:0.000058s ]
INFO: [ app_begin ] --START--
INFO: Run Behavior\ReadHtmlCacheBehavior [ RunTime:0.002912s ]
INFO: [ app_begin ] --END-- [ RunTime:0.002980s ]
NOTIC: [2] Missing argument 2 for WinXin\Controller\IndexController::http(), called in G:\UPUPW_AP7.0\htdocs\Application\WinXin\Controller\IndexController.class.php on line 40 and defined G:\UPUPW_AP7.0\htdocs\Application\WinXin\Controller\IndexController.class.php 第 50 行.
NOTIC: [8] Undefined variable: method G:\UPUPW_AP7.0\htdocs\Application\WinXin\Controller\IndexController.class.php 第 62 行.
NOTIC: [8] Undefined index: openid G:\UPUPW_AP7.0\htdocs\Application\WinXin\Controller\IndexController.class.php 第 9 行.
NOTIC: [8] Undefined index: access_token G:\UPUPW_AP7.0\htdocs\Application\WinXin\Controller\IndexController.class.php 第 10 行.
NOTIC: [8] Undefined index: refresh_token G:\UPUPW_AP7.0\htdocs\Application\WinXin\Controller\IndexController.class.php 第 11 行.
NOTIC: [8] Undefined index: scope G:\UPUPW_AP7.0\htdocs\Application\WinXin\Controller\IndexController.class.php 第 12 行.
SQL: SHOW COLUMNS FROM `weixin_cache` [ RunTime:0.0094s ]
ERR: SQLSTATE[23000]: Integrity constraint violation: 1048 Column 'openid' cannot be null

[ 2017-05-21T19:24:32+08:00 ] 127.0.0.1 /WinXin/Index?code=021YdxgY0hZlRY1d79hY0TDzgY0YdxgJ&state=STATE&nsukey=UN8YhEA%2FslgT8Y1x8%2Bjx5gQkggxEwlHH6XnjFphbYAOcHan28UGADNkNJ0lBwwjOOacXZ3cH7hCIEWMNjv0%2BNZ5oNnXzAIJEvhpl6lrFMvLPGf2PWy0NaenxflqC8ShA2b8CcHrRFSPrvlLP4Zs44D9UDqJgU%2F28t4vhx0Y0UncffJ0u5PCdtA%2FXWu8ZI2SO
INFO: [ app_init ] --START--
INFO: Run Behavior\BuildLiteBehavior [ RunTime:0.000009s ]
INFO: [ app_init ] --END-- [ RunTime:0.000078s ]
INFO: [ app_begin ] --START--
INFO: Run Behavior\ReadHtmlCacheBehavior [ RunTime:0.001251s ]
INFO: [ app_begin ] --END-- [ RunTime:0.001286s ]
NOTIC: [2] Missing argument 2 for WinXin\Controller\IndexController::http(), called in G:\UPUPW_AP7.0\htdocs\Application\WinXin\Controller\IndexController.class.php on line 40 and defined G:\UPUPW_AP7.0\htdocs\Application\WinXin\Controller\IndexController.class.php 第 50 行.
NOTIC: [8] Undefined variable: method G:\UPUPW_AP7.0\htdocs\Application\WinXin\Controller\IndexController.class.php 第 62 行.
NOTIC: [8] Undefined index: openid G:\UPUPW_AP7.0\htdocs\Application\WinXin\Controller\IndexController.class.php 第 9 行.
NOTIC: [8] Undefined index: access_token G:\UPUPW_AP7.0\htdocs\Application\WinXin\Controller\IndexController.class.php 第 10 行.
NOTIC: [8] Undefined index: refresh_token G:\UPUPW_AP7.0\htdocs\Application\WinXin\Controller\IndexController.class.php 第 11 行.
NOTIC: [8] Undefined index: scope G:\UPUPW_AP7.0\htdocs\Application\WinXin\Controller\IndexController.class.php 第 12 行.
SQL: SHOW COLUMNS FROM `weixin_cache` [ RunTime:0.0174s ]
ERR: SQLSTATE[23000]: Integrity constraint violation: 1048 Column 'openid' cannot be null

[ 2017-05-21T19:26:18+08:00 ] 127.0.0.1 /WinXin/Index?code=071FlGsV0fDpkY1V1JrV0FwOsV0FlGsc&state=STATE
INFO: [ app_init ] --START--
INFO: Run Behavior\BuildLiteBehavior [ RunTime:0.000007s ]
INFO: [ app_init ] --END-- [ RunTime:0.000186s ]
INFO: [ app_begin ] --START--
INFO: Run Behavior\ReadHtmlCacheBehavior [ RunTime:0.001407s ]
INFO: [ app_begin ] --END-- [ RunTime:0.001443s ]
NOTIC: [2] Missing argument 2 for WinXin\Controller\IndexController::http(), called in G:\UPUPW_AP7.0\htdocs\Application\WinXin\Controller\IndexController.class.php on line 40 and defined G:\UPUPW_AP7.0\htdocs\Application\WinXin\Controller\IndexController.class.php 第 50 行.
NOTIC: [8] Undefined variable: method G:\UPUPW_AP7.0\htdocs\Application\WinXin\Controller\IndexController.class.php 第 62 行.
SQL: SHOW COLUMNS FROM `weixin_cache` [ RunTime:0.0315s ]
SQL: INSERT INTO `weixin_cache` (`openid`,`access_token`,`refresh_token`,`scope`) VALUES ('opdLfvu_83Lft7YaPtApYkyZzRk8','xTWErD-TK-7mZL3MihopmPsrP1pcHfbxmPuh29GmnefmoJ8K6clR7dlY9-Ni6oQ7OC3fJ7s2IOmG6JM92c84xV0rr76HXUkSjeyeuov01Wk','NQ2Npc46F6s9xrxY60_vlrrmN4mQbk_d07DilIrL1rTGWxmQcov_BXbS43tFsWEbYC0aCbLpZelHH3n00T_XlzPWObBzuQnPqDdg1YG7N4Y','snsapi_userinfo') [ RunTime:0.0004s ]
INFO: [ app_end ] --START--
INFO: Run Behavior\ShowPageTraceBehavior [ RunTime:0.002952s ]
INFO: [ app_end ] --END-- [ RunTime:0.003011s ]

[ 2017-05-21T19:26:31+08:00 ] 127.0.0.1 /WinXin/Index?code=071FlGsV0fDpkY1V1JrV0FwOsV0FlGsc&state=STATE&nsukey=Y9hUoxSAb54NdzofKWNxUyatSAYh1RVF5WwJDmSc7dcWuYID7ee6ATpUg2D6xswhNGexN9kufCdMtZY1Kgux4uIqVhNSCy2whoKi1ncr2cOK2FCEAlFwn1WjRmgMGRA31IX2WdKem%2Bcecu2%2FlsrDB4sJKH45Wm3A1W3hDZe8euXddi8ufrM6CnTgJnxbr%2BFs
INFO: [ app_init ] --START--
INFO: Run Behavior\BuildLiteBehavior [ RunTime:0.000026s ]
INFO: [ app_init ] --END-- [ RunTime:0.000389s ]
INFO: [ app_begin ] --START--
INFO: Run Behavior\ReadHtmlCacheBehavior [ RunTime:0.004401s ]
INFO: [ app_begin ] --END-- [ RunTime:0.004512s ]
NOTIC: [2] Missing argument 2 for WinXin\Controller\IndexController::http(), called in G:\UPUPW_AP7.0\htdocs\Application\WinXin\Controller\IndexController.class.php on line 40 and defined G:\UPUPW_AP7.0\htdocs\Application\WinXin\Controller\IndexController.class.php 第 50 行.
NOTIC: [8] Undefined variable: method G:\UPUPW_AP7.0\htdocs\Application\WinXin\Controller\IndexController.class.php 第 62 行.
NOTIC: [8] Undefined index: openid G:\UPUPW_AP7.0\htdocs\Application\WinXin\Controller\IndexController.class.php 第 9 行.
NOTIC: [8] Undefined index: access_token G:\UPUPW_AP7.0\htdocs\Application\WinXin\Controller\IndexController.class.php 第 10 行.
NOTIC: [8] Undefined index: refresh_token G:\UPUPW_AP7.0\htdocs\Application\WinXin\Controller\IndexController.class.php 第 11 行.
NOTIC: [8] Undefined index: scope G:\UPUPW_AP7.0\htdocs\Application\WinXin\Controller\IndexController.class.php 第 12 行.
SQL: SHOW COLUMNS FROM `weixin_cache` [ RunTime:0.0150s ]
SQL: INSERT INTO `weixin_cache` (`openid`,`access_token`,`refresh_token`,`scope`) VALUES (NULL,NULL,NULL,NULL) [ RunTime:0.0002s ]
INFO: [ app_end ] --START--
INFO: Run Behavior\ShowPageTraceBehavior [ RunTime:0.001754s ]
INFO: [ app_end ] --END-- [ RunTime:0.001798s ]

[ 2017-05-21T19:26:33+08:00 ] 127.0.0.1 /WinXin/Index?code=071FlGsV0fDpkY1V1JrV0FwOsV0FlGsc&state=STATE&nsukey=Y9hUoxSAb54NdzofKWNxUyatSAYh1RVF5WwJDmSc7dcWuYID7ee6ATpUg2D6xswhNGexN9kufCdMtZY1Kgux4uIqVhNSCy2whoKi1ncr2cOK2FCEAlFwn1WjRmgMGRA31IX2WdKem%2Bcecu2%2FlsrDB4sJKH45Wm3A1W3hDZe8euXddi8ufrM6CnTgJnxbr%2BFs
INFO: [ app_init ] --START--
INFO: Run Behavior\BuildLiteBehavior [ RunTime:0.000012s ]
INFO: [ app_init ] --END-- [ RunTime:0.000090s ]
INFO: [ app_begin ] --START--
INFO: Run Behavior\ReadHtmlCacheBehavior [ RunTime:0.001560s ]
INFO: [ app_begin ] --END-- [ RunTime:0.001605s ]
NOTIC: [2] Missing argument 2 for WinXin\Controller\IndexController::http(), called in G:\UPUPW_AP7.0\htdocs\Application\WinXin\Controller\IndexController.class.php on line 40 and defined G:\UPUPW_AP7.0\htdocs\Application\WinXin\Controller\IndexController.class.php 第 50 行.
NOTIC: [8] Undefined variable: method G:\UPUPW_AP7.0\htdocs\Application\WinXin\Controller\IndexController.class.php 第 62 行.
NOTIC: [8] Undefined index: openid G:\UPUPW_AP7.0\htdocs\Application\WinXin\Controller\IndexController.class.php 第 9 行.
NOTIC: [8] Undefined index: access_token G:\UPUPW_AP7.0\htdocs\Application\WinXin\Controller\IndexController.class.php 第 10 行.
NOTIC: [8] Undefined index: refresh_token G:\UPUPW_AP7.0\htdocs\Application\WinXin\Controller\IndexController.class.php 第 11 行.
NOTIC: [8] Undefined index: scope G:\UPUPW_AP7.0\htdocs\Application\WinXin\Controller\IndexController.class.php 第 12 行.
SQL: SHOW COLUMNS FROM `weixin_cache` [ RunTime:0.0209s ]
SQL: INSERT INTO `weixin_cache` (`openid`,`access_token`,`refresh_token`,`scope`) VALUES (NULL,NULL,NULL,NULL) [ RunTime:0.0003s ]
INFO: [ app_end ] --START--
INFO: Run Behavior\ShowPageTraceBehavior [ RunTime:0.002027s ]
INFO: [ app_end ] --END-- [ RunTime:0.002064s ]

[ 2017-05-21T19:31:09+08:00 ] 127.0.0.1 /WinXin/Index?code=071YMDpQ1yxjh81s0woQ1ZkIpQ1YMDpa&state=STATE
INFO: [ app_init ] --START--
INFO: Run Behavior\BuildLiteBehavior [ RunTime:0.000010s ]
INFO: [ app_init ] --END-- [ RunTime:0.000224s ]
INFO: [ app_begin ] --START--
INFO: Run Behavior\ReadHtmlCacheBehavior [ RunTime:0.001590s ]
INFO: [ app_begin ] --END-- [ RunTime:0.001633s ]
NOTIC: [2] Missing argument 2 for WinXin\Controller\IndexController::http(), called in G:\UPUPW_AP7.0\htdocs\Application\WinXin\Controller\IndexController.class.php on line 40 and defined G:\UPUPW_AP7.0\htdocs\Application\WinXin\Controller\IndexController.class.php 第 50 行.
NOTIC: [8] Undefined variable: method G:\UPUPW_AP7.0\htdocs\Application\WinXin\Controller\IndexController.class.php 第 62 行.
SQL: SHOW COLUMNS FROM `weixin_cache` [ RunTime:0.0139s ]
SQL: INSERT INTO `weixin_cache` (`openid`,`access_token`,`refresh_token`,`scope`) VALUES ('opdLfvu_83Lft7YaPtApYkyZzRk8','MyJ2cBO8X2Jw11eK1AneQ1dGiOq0NcrgWrbR2FoTdEH3AUWzUUwYhiI2lLGmfZYRKWG1TmhtBN8lxGFzqP-NVqpibXaw0wtFkueDh21hdpA','bK70U_HNpVNvC3Z6lg1ari6hfbW5L4MED0laaBkUsOK6QQIztG76rptwznoQaOp7WN3AJan1XV9Z8Pmsz5R4rIbTjoKOKKlCY-Hs4pUdZ8M','snsapi_userinfo') [ RunTime:0.0406s ]
INFO: [ app_end ] --START--
INFO: Run Behavior\ShowPageTraceBehavior [ RunTime:0.001807s ]
INFO: [ app_end ] --END-- [ RunTime:0.001840s ]

[ 2017-05-21T19:31:16+08:00 ] 127.0.0.1 /WinXin/Index?code=071YMDpQ1yxjh81s0woQ1ZkIpQ1YMDpa&state=STATE&nsukey=BCtZSPFVMKaDLm5JkFvN7W3IuwTj9DGn1fNuonu4p%2BqgC%2FV2lIL7hcbRfgLpSWIWWA%2FPhq%2F2WQ%2FdhsBgX%2FK3ZKKq9%2BxwvGuwFZjKodsJcEU3DMmCiRU0900wbuaHt2DGClMei856FMg5p3VQkfuEMmPSBfrnKq0rFWfxU0wpcEyjEJfBjxqGhmIEoeJcKyTW
INFO: [ app_init ] --START--
INFO: Run Behavior\BuildLiteBehavior [ RunTime:0.000008s ]
INFO: [ app_init ] --END-- [ RunTime:0.000060s ]
INFO: [ app_begin ] --START--
INFO: Run Behavior\ReadHtmlCacheBehavior [ RunTime:0.001237s ]
INFO: [ app_begin ] --END-- [ RunTime:0.001273s ]
NOTIC: [2] Missing argument 2 for WinXin\Controller\IndexController::http(), called in G:\UPUPW_AP7.0\htdocs\Application\WinXin\Controller\IndexController.class.php on line 40 and defined G:\UPUPW_AP7.0\htdocs\Application\WinXin\Controller\IndexController.class.php 第 50 行.
NOTIC: [8] Undefined variable: method G:\UPUPW_AP7.0\htdocs\Application\WinXin\Controller\IndexController.class.php 第 62 行.
NOTIC: [8] Undefined index: openid G:\UPUPW_AP7.0\htdocs\Application\WinXin\Controller\IndexController.class.php 第 9 行.
NOTIC: [8] Undefined index: access_token G:\UPUPW_AP7.0\htdocs\Application\WinXin\Controller\IndexController.class.php 第 10 行.
NOTIC: [8] Undefined index: refresh_token G:\UPUPW_AP7.0\htdocs\Application\WinXin\Controller\IndexController.class.php 第 11 行.
NOTIC: [8] Undefined index: scope G:\UPUPW_AP7.0\htdocs\Application\WinXin\Controller\IndexController.class.php 第 12 行.
SQL: SHOW COLUMNS FROM `weixin_cache` [ RunTime:0.0140s ]
SQL: INSERT INTO `weixin_cache` (`openid`,`access_token`,`refresh_token`,`scope`) VALUES (NULL,NULL,NULL,NULL) [ RunTime:0.0005s ]
INFO: [ app_end ] --START--
INFO: Run Behavior\ShowPageTraceBehavior [ RunTime:0.002170s ]
INFO: [ app_end ] --END-- [ RunTime:0.002223s ]

