[ 2016-09-16T05:48:42+08:00 ] 123.125.71.103 /
INFO: [ app_init ] --START--
INFO: Run Behavior\BuildLiteBehavior [ RunTime:0.000017s ]
INFO: [ app_init ] --END-- [ RunTime:0.000359s ]
INFO: [ app_begin ] --START--
INFO: Run Behavior\ReadHtmlCacheBehavior [ RunTime:0.000411s ]
INFO: [ app_begin ] --END-- [ RunTime:0.000468s ]

[ 2016-09-16T05:48:42+08:00 ] 123.125.71.36 /Named/Search
INFO: [ app_init ] --START--
INFO: Run Behavior\BuildLiteBehavior [ RunTime:0.000012s ]
INFO: [ app_init ] --END-- [ RunTime:0.000314s ]
INFO: [ app_begin ] --START--
INFO: Run Behavior\ReadHtmlCacheBehavior [ RunTime:0.000412s ]
INFO: [ app_begin ] --END-- [ RunTime:0.000460s ]
SQL: SHOW COLUMNS FROM `named_log` [ RunTime:0.0011s ]
SQL: SHOW COLUMNS FROM `user` [ RunTime:0.0003s ]
SQL: SELECT `user_id`,`user_name` FROM `named_log` WHERE `user_id` = 0 AND `come` = 0 AND ( FROM_UNIXTIME(`date`,'%Y-%m-%d') >= '' AND FROM_UNIXTIME(`date`,'%Y-%m-%d') <= ''  ) LIMIT 1   [ RunTime:0.0001s ]
NOTIC: [8] Undefined variable: about /home/wwwroot/app.czjt.org/Application/Named/Controller/SearchController.class.php 第 76 行.
INFO: [ view_parse ] --START--
INFO: [ template_filter ] --START--
INFO: Run Behavior\ContentReplaceBehavior [ RunTime:0.000042s ]
INFO: [ template_filter ] --END-- [ RunTime:0.000079s ]
INFO: Run Behavior\ParseTemplateBehavior [ RunTime:0.007680s ]
INFO: [ view_parse ] --END-- [ RunTime:0.007727s ]
INFO: [ view_filter ] --START--
INFO: Run Behavior\WriteHtmlCacheBehavior [ RunTime:0.000182s ]
INFO: [ view_filter ] --END-- [ RunTime:0.000223s ]
INFO: [ app_end ] --START--
INFO: Run Behavior\ShowPageTraceBehavior [ RunTime:0.000385s ]
INFO: [ app_end ] --END-- [ RunTime:0.000418s ]

[ 2016-09-16T11:40:41+08:00 ] 66.249.66.233 /named/about.html
INFO: [ app_init ] --START--
INFO: Run Behavior\BuildLiteBehavior [ RunTime:0.000024s ]
INFO: [ app_init ] --END-- [ RunTime:0.000498s ]
INFO: [ app_begin ] --START--
INFO: Run Behavior\ReadHtmlCacheBehavior [ RunTime:0.000573s ]
INFO: [ app_begin ] --END-- [ RunTime:0.000639s ]
INFO: [ view_parse ] --START--
INFO: [ template_filter ] --START--
INFO: Run Behavior\ContentReplaceBehavior [ RunTime:0.000034s ]
INFO: [ template_filter ] --END-- [ RunTime:0.000069s ]
NOTIC: [8] Undefined variable: uname /home/wwwroot/app.czjt.org/Application/Runtime/Cache/Named/0966515f69f40272b8f86720ffe02e16.php 第 31 行.
INFO: Run Behavior\ParseTemplateBehavior [ RunTime:0.005904s ]
INFO: [ view_parse ] --END-- [ RunTime:0.005959s ]
INFO: [ view_filter ] --START--
INFO: Run Behavior\WriteHtmlCacheBehavior [ RunTime:0.000211s ]
INFO: [ view_filter ] --END-- [ RunTime:0.000237s ]
INFO: [ app_end ] --START--
INFO: Run Behavior\ShowPageTraceBehavior [ RunTime:0.000398s ]
INFO: [ app_end ] --END-- [ RunTime:0.000431s ]

[ 2016-09-16T13:07:32+08:00 ] 66.249.66.237 /named/about.html
INFO: [ app_init ] --START--
INFO: Run Behavior\BuildLiteBehavior [ RunTime:0.000016s ]
INFO: [ app_init ] --END-- [ RunTime:0.000426s ]
INFO: [ app_begin ] --START--
INFO: Run Behavior\ReadHtmlCacheBehavior [ RunTime:0.000541s ]
INFO: [ app_begin ] --END-- [ RunTime:0.000600s ]
INFO: [ view_parse ] --START--
INFO: [ template_filter ] --START--
INFO: Run Behavior\ContentReplaceBehavior [ RunTime:0.000051s ]
INFO: [ template_filter ] --END-- [ RunTime:0.000103s ]
NOTIC: [8] Undefined variable: uname /home/wwwroot/app.czjt.org/Application/Runtime/Cache/Named/0966515f69f40272b8f86720ffe02e16.php 第 31 行.
INFO: Run Behavior\ParseTemplateBehavior [ RunTime:0.008739s ]
INFO: [ view_parse ] --END-- [ RunTime:0.008795s ]
INFO: [ view_filter ] --START--
INFO: Run Behavior\WriteHtmlCacheBehavior [ RunTime:0.000265s ]
INFO: [ view_filter ] --END-- [ RunTime:0.000308s ]
INFO: [ app_end ] --START--
INFO: Run Behavior\ShowPageTraceBehavior [ RunTime:0.000634s ]
INFO: [ app_end ] --END-- [ RunTime:0.000683s ]

[ 2016-09-16T13:30:37+08:00 ] 51.255.1.68 /index.php/Named/about.html
INFO: [ app_init ] --START--
INFO: Run Behavior\BuildLiteBehavior [ RunTime:0.000013s ]
INFO: [ app_init ] --END-- [ RunTime:0.000368s ]
INFO: [ app_begin ] --START--
INFO: Run Behavior\ReadHtmlCacheBehavior [ RunTime:0.000445s ]
INFO: [ app_begin ] --END-- [ RunTime:0.000516s ]
INFO: [ view_parse ] --START--
INFO: [ template_filter ] --START--
INFO: Run Behavior\ContentReplaceBehavior [ RunTime:0.000037s ]
INFO: [ template_filter ] --END-- [ RunTime:0.000082s ]
NOTIC: [8] Undefined variable: uname /home/wwwroot/app.czjt.org/Application/Runtime/Cache/Named/0966515f69f40272b8f86720ffe02e16.php 第 31 行.
INFO: Run Behavior\ParseTemplateBehavior [ RunTime:0.007734s ]
INFO: [ view_parse ] --END-- [ RunTime:0.007783s ]
INFO: [ view_filter ] --START--
INFO: Run Behavior\WriteHtmlCacheBehavior [ RunTime:0.000202s ]
INFO: [ view_filter ] --END-- [ RunTime:0.000233s ]
INFO: [ app_end ] --START--
INFO: Run Behavior\ShowPageTraceBehavior [ RunTime:0.000558s ]
INFO: [ app_end ] --END-- [ RunTime:0.000607s ]

[ 2016-09-16T13:59:26+08:00 ] 120.40.55.198 /Named/Search
INFO: [ app_init ] --START--
INFO: Run Behavior\BuildLiteBehavior [ RunTime:0.000010s ]
INFO: [ app_init ] --END-- [ RunTime:0.000285s ]
INFO: [ app_begin ] --START--
INFO: Run Behavior\ReadHtmlCacheBehavior [ RunTime:0.000358s ]
INFO: [ app_begin ] --END-- [ RunTime:0.000401s ]
SQL: SHOW COLUMNS FROM `named_log` [ RunTime:0.0007s ]
SQL: SHOW COLUMNS FROM `user` [ RunTime:0.0003s ]
SQL: SELECT `user_id`,`user_name` FROM `named_log` WHERE `user_id` = 0 AND `come` = 0 AND ( FROM_UNIXTIME(`date`,'%Y-%m-%d') >= '' AND FROM_UNIXTIME(`date`,'%Y-%m-%d') <= ''  ) LIMIT 1   [ RunTime:0.0001s ]
NOTIC: [8] Undefined variable: about /home/wwwroot/app.czjt.org/Application/Named/Controller/SearchController.class.php 第 76 行.
INFO: [ view_parse ] --START--
INFO: [ template_filter ] --START--
INFO: Run Behavior\ContentReplaceBehavior [ RunTime:0.000040s ]
INFO: [ template_filter ] --END-- [ RunTime:0.000075s ]
INFO: Run Behavior\ParseTemplateBehavior [ RunTime:0.008159s ]
INFO: [ view_parse ] --END-- [ RunTime:0.008201s ]
INFO: [ view_filter ] --START--
INFO: Run Behavior\WriteHtmlCacheBehavior [ RunTime:0.000178s ]
INFO: [ view_filter ] --END-- [ RunTime:0.000207s ]
INFO: [ app_end ] --START--
INFO: Run Behavior\ShowPageTraceBehavior [ RunTime:0.000364s ]
INFO: [ app_end ] --END-- [ RunTime:0.000396s ]

[ 2016-09-16T14:02:34+08:00 ] 180.153.214.188 /Named/Search
INFO: [ app_init ] --START--
INFO: Run Behavior\BuildLiteBehavior [ RunTime:0.000011s ]
INFO: [ app_init ] --END-- [ RunTime:0.000268s ]
INFO: [ app_begin ] --START--
INFO: Run Behavior\ReadHtmlCacheBehavior [ RunTime:0.000356s ]
INFO: [ app_begin ] --END-- [ RunTime:0.000399s ]
SQL: SHOW COLUMNS FROM `named_log` [ RunTime:0.0010s ]
SQL: SHOW COLUMNS FROM `user` [ RunTime:0.0004s ]
SQL: SELECT `user_id`,`user_name` FROM `named_log` WHERE `user_id` = 0 AND `come` = 0 AND ( FROM_UNIXTIME(`date`,'%Y-%m-%d') >= '' AND FROM_UNIXTIME(`date`,'%Y-%m-%d') <= ''  ) LIMIT 1   [ RunTime:0.0001s ]
NOTIC: [8] Undefined variable: about /home/wwwroot/app.czjt.org/Application/Named/Controller/SearchController.class.php 第 76 行.
INFO: [ view_parse ] --START--
INFO: [ template_filter ] --START--
INFO: Run Behavior\ContentReplaceBehavior [ RunTime:0.000041s ]
INFO: [ template_filter ] --END-- [ RunTime:0.000084s ]
INFO: Run Behavior\ParseTemplateBehavior [ RunTime:0.008089s ]
INFO: [ view_parse ] --END-- [ RunTime:0.008132s ]
INFO: [ view_filter ] --START--
INFO: Run Behavior\WriteHtmlCacheBehavior [ RunTime:0.000158s ]
INFO: [ view_filter ] --END-- [ RunTime:0.000185s ]
INFO: [ app_end ] --START--
INFO: Run Behavior\ShowPageTraceBehavior [ RunTime:0.000476s ]
INFO: [ app_end ] --END-- [ RunTime:0.000508s ]

[ 2016-09-16T14:02:36+08:00 ] 101.226.99.195 /Named/Search
INFO: [ app_init ] --START--
INFO: Run Behavior\BuildLiteBehavior [ RunTime:0.000022s ]
INFO: [ app_init ] --END-- [ RunTime:0.000396s ]
INFO: [ app_begin ] --START--
INFO: Run Behavior\ReadHtmlCacheBehavior [ RunTime:0.000490s ]
INFO: [ app_begin ] --END-- [ RunTime:0.000551s ]
SQL: SHOW COLUMNS FROM `named_log` [ RunTime:0.0010s ]
SQL: SHOW COLUMNS FROM `user` [ RunTime:0.0004s ]
SQL: SELECT `user_id`,`user_name` FROM `named_log` WHERE `user_id` = 0 AND `come` = 0 AND ( FROM_UNIXTIME(`date`,'%Y-%m-%d') >= '' AND FROM_UNIXTIME(`date`,'%Y-%m-%d') <= ''  ) LIMIT 1   [ RunTime:0.0001s ]
NOTIC: [8] Undefined variable: about /home/wwwroot/app.czjt.org/Application/Named/Controller/SearchController.class.php 第 76 行.
INFO: [ view_parse ] --START--
INFO: [ template_filter ] --START--
INFO: Run Behavior\ContentReplaceBehavior [ RunTime:0.000059s ]
INFO: [ template_filter ] --END-- [ RunTime:0.000127s ]
INFO: Run Behavior\ParseTemplateBehavior [ RunTime:0.010803s ]
INFO: [ view_parse ] --END-- [ RunTime:0.010866s ]
INFO: [ view_filter ] --START--
INFO: Run Behavior\WriteHtmlCacheBehavior [ RunTime:0.000207s ]
INFO: [ view_filter ] --END-- [ RunTime:0.000251s ]
INFO: [ app_end ] --START--
INFO: Run Behavior\ShowPageTraceBehavior [ RunTime:0.000526s ]
INFO: [ app_end ] --END-- [ RunTime:0.000573s ]

[ 2016-09-16T14:13:22+08:00 ] 66.249.66.237 /named/about.html
INFO: [ app_init ] --START--
INFO: Run Behavior\BuildLiteBehavior [ RunTime:0.000016s ]
INFO: [ app_init ] --END-- [ RunTime:0.000357s ]
INFO: [ app_begin ] --START--
INFO: Run Behavior\ReadHtmlCacheBehavior [ RunTime:0.000363s ]
INFO: [ app_begin ] --END-- [ RunTime:0.000406s ]
INFO: [ view_parse ] --START--
INFO: [ template_filter ] --START--
INFO: Run Behavior\ContentReplaceBehavior [ RunTime:0.000034s ]
INFO: [ template_filter ] --END-- [ RunTime:0.000077s ]
NOTIC: [8] Undefined variable: uname /home/wwwroot/app.czjt.org/Application/Runtime/Cache/Named/0966515f69f40272b8f86720ffe02e16.php 第 31 行.
INFO: Run Behavior\ParseTemplateBehavior [ RunTime:0.005866s ]
INFO: [ view_parse ] --END-- [ RunTime:0.005901s ]
INFO: [ view_filter ] --START--
INFO: Run Behavior\WriteHtmlCacheBehavior [ RunTime:0.000162s ]
INFO: [ view_filter ] --END-- [ RunTime:0.000192s ]
INFO: [ app_end ] --START--
INFO: Run Behavior\ShowPageTraceBehavior [ RunTime:0.000369s ]
INFO: [ app_end ] --END-- [ RunTime:0.000402s ]

[ 2016-09-16T15:24:23+08:00 ] 66.249.66.233 /named/about.html
INFO: [ app_init ] --START--
INFO: Run Behavior\BuildLiteBehavior [ RunTime:0.000017s ]
INFO: [ app_init ] --END-- [ RunTime:0.000357s ]
INFO: [ app_begin ] --START--
INFO: Run Behavior\ReadHtmlCacheBehavior [ RunTime:0.000437s ]
INFO: [ app_begin ] --END-- [ RunTime:0.000489s ]
INFO: [ view_parse ] --START--
INFO: [ template_filter ] --START--
INFO: Run Behavior\ContentReplaceBehavior [ RunTime:0.000034s ]
INFO: [ template_filter ] --END-- [ RunTime:0.000068s ]
NOTIC: [8] Undefined variable: uname /home/wwwroot/app.czjt.org/Application/Runtime/Cache/Named/0966515f69f40272b8f86720ffe02e16.php 第 31 行.
INFO: Run Behavior\ParseTemplateBehavior [ RunTime:0.005639s ]
INFO: [ view_parse ] --END-- [ RunTime:0.005706s ]
INFO: [ view_filter ] --START--
INFO: Run Behavior\WriteHtmlCacheBehavior [ RunTime:0.000153s ]
INFO: [ view_filter ] --END-- [ RunTime:0.000180s ]
INFO: [ app_end ] --START--
INFO: Run Behavior\ShowPageTraceBehavior [ RunTime:0.000399s ]
INFO: [ app_end ] --END-- [ RunTime:0.000431s ]

[ 2016-09-16T15:39:32+08:00 ] 66.249.66.241 /
INFO: [ app_init ] --START--
INFO: Run Behavior\BuildLiteBehavior [ RunTime:0.000016s ]
INFO: [ app_init ] --END-- [ RunTime:0.000385s ]
INFO: [ app_begin ] --START--
INFO: Run Behavior\ReadHtmlCacheBehavior [ RunTime:0.000449s ]
INFO: [ app_begin ] --END-- [ RunTime:0.000498s ]

[ 2016-09-16T15:39:33+08:00 ] 66.249.66.233 /Named/Search
INFO: [ app_init ] --START--
INFO: Run Behavior\BuildLiteBehavior [ RunTime:0.000011s ]
INFO: [ app_init ] --END-- [ RunTime:0.000297s ]
INFO: [ app_begin ] --START--
INFO: Run Behavior\ReadHtmlCacheBehavior [ RunTime:0.000364s ]
INFO: [ app_begin ] --END-- [ RunTime:0.000408s ]
SQL: SHOW COLUMNS FROM `named_log` [ RunTime:0.0011s ]
SQL: SHOW COLUMNS FROM `user` [ RunTime:0.0003s ]
SQL: SELECT `user_id`,`user_name` FROM `named_log` WHERE `user_id` = 0 AND `come` = 0 AND ( FROM_UNIXTIME(`date`,'%Y-%m-%d') >= '' AND FROM_UNIXTIME(`date`,'%Y-%m-%d') <= ''  ) LIMIT 1   [ RunTime:0.0001s ]
NOTIC: [8] Undefined variable: about /home/wwwroot/app.czjt.org/Application/Named/Controller/SearchController.class.php 第 76 行.
INFO: [ view_parse ] --START--
INFO: [ template_filter ] --START--
INFO: Run Behavior\ContentReplaceBehavior [ RunTime:0.000061s ]
INFO: [ template_filter ] --END-- [ RunTime:0.000135s ]
INFO: Run Behavior\ParseTemplateBehavior [ RunTime:0.010709s ]
INFO: [ view_parse ] --END-- [ RunTime:0.010752s ]
INFO: [ view_filter ] --START--
INFO: Run Behavior\WriteHtmlCacheBehavior [ RunTime:0.000171s ]
INFO: [ view_filter ] --END-- [ RunTime:0.000199s ]
INFO: [ app_end ] --START--
INFO: Run Behavior\ShowPageTraceBehavior [ RunTime:0.000376s ]
INFO: [ app_end ] --END-- [ RunTime:0.000410s ]

[ 2016-09-16T17:36:40+08:00 ] 78.46.50.246 /index.php/named/index.html
INFO: [ app_init ] --START--
INFO: Run Behavior\BuildLiteBehavior [ RunTime:0.000012s ]
INFO: [ app_init ] --END-- [ RunTime:0.000338s ]
INFO: [ app_begin ] --START--
INFO: Run Behavior\ReadHtmlCacheBehavior [ RunTime:0.000399s ]
INFO: [ app_begin ] --END-- [ RunTime:0.000449s ]

[ 2016-09-16T17:36:42+08:00 ] 78.46.50.246 /Named/Search
INFO: [ app_init ] --START--
INFO: Run Behavior\BuildLiteBehavior [ RunTime:0.000011s ]
INFO: [ app_init ] --END-- [ RunTime:0.000286s ]
INFO: [ app_begin ] --START--
INFO: Run Behavior\ReadHtmlCacheBehavior [ RunTime:0.000355s ]
INFO: [ app_begin ] --END-- [ RunTime:0.000398s ]
SQL: SHOW COLUMNS FROM `named_log` [ RunTime:0.0011s ]
SQL: SHOW COLUMNS FROM `user` [ RunTime:0.0003s ]
SQL: SELECT `user_id`,`user_name` FROM `named_log` WHERE `user_id` = 0 AND `come` = 0 AND ( FROM_UNIXTIME(`date`,'%Y-%m-%d') >= '' AND FROM_UNIXTIME(`date`,'%Y-%m-%d') <= ''  ) LIMIT 1   [ RunTime:0.0001s ]
NOTIC: [8] Undefined variable: about /home/wwwroot/app.czjt.org/Application/Named/Controller/SearchController.class.php 第 76 行.
INFO: [ view_parse ] --START--
INFO: [ template_filter ] --START--
INFO: Run Behavior\ContentReplaceBehavior [ RunTime:0.000043s ]
INFO: [ template_filter ] --END-- [ RunTime:0.000093s ]
INFO: Run Behavior\ParseTemplateBehavior [ RunTime:0.008404s ]
INFO: [ view_parse ] --END-- [ RunTime:0.008447s ]
INFO: [ view_filter ] --START--
INFO: Run Behavior\WriteHtmlCacheBehavior [ RunTime:0.000169s ]
INFO: [ view_filter ] --END-- [ RunTime:0.000196s ]
INFO: [ app_end ] --START--
INFO: Run Behavior\ShowPageTraceBehavior [ RunTime:0.000388s ]
INFO: [ app_end ] --END-- [ RunTime:0.000461s ]

[ 2016-09-16T18:25:03+08:00 ] 66.249.66.241 /named/about.html
INFO: [ app_init ] --START--
INFO: Run Behavior\BuildLiteBehavior [ RunTime:0.000015s ]
INFO: [ app_init ] --END-- [ RunTime:0.000285s ]
INFO: [ app_begin ] --START--
INFO: Run Behavior\ReadHtmlCacheBehavior [ RunTime:0.000380s ]
INFO: [ app_begin ] --END-- [ RunTime:0.000427s ]
INFO: [ view_parse ] --START--
INFO: [ template_filter ] --START--
INFO: Run Behavior\ContentReplaceBehavior [ RunTime:0.000036s ]
INFO: [ template_filter ] --END-- [ RunTime:0.000073s ]
NOTIC: [8] Undefined variable: uname /home/wwwroot/app.czjt.org/Application/Runtime/Cache/Named/0966515f69f40272b8f86720ffe02e16.php 第 31 行.
INFO: Run Behavior\ParseTemplateBehavior [ RunTime:0.005808s ]
INFO: [ view_parse ] --END-- [ RunTime:0.005848s ]
INFO: [ view_filter ] --START--
INFO: Run Behavior\WriteHtmlCacheBehavior [ RunTime:0.000181s ]
INFO: [ view_filter ] --END-- [ RunTime:0.000207s ]
INFO: [ app_end ] --START--
INFO: Run Behavior\ShowPageTraceBehavior [ RunTime:0.000401s ]
INFO: [ app_end ] --END-- [ RunTime:0.000434s ]

[ 2016-09-16T18:40:20+08:00 ] 66.249.66.233 /
INFO: [ app_init ] --START--
INFO: Run Behavior\BuildLiteBehavior [ RunTime:0.000015s ]
INFO: [ app_init ] --END-- [ RunTime:0.000442s ]
INFO: [ app_begin ] --START--
INFO: Run Behavior\ReadHtmlCacheBehavior [ RunTime:0.000386s ]
INFO: [ app_begin ] --END-- [ RunTime:0.000432s ]

[ 2016-09-16T18:40:20+08:00 ] 66.249.66.233 /Named/Search
INFO: [ app_init ] --START--
INFO: Run Behavior\BuildLiteBehavior [ RunTime:0.000013s ]
INFO: [ app_init ] --END-- [ RunTime:0.000313s ]
INFO: [ app_begin ] --START--
INFO: Run Behavior\ReadHtmlCacheBehavior [ RunTime:0.000387s ]
INFO: [ app_begin ] --END-- [ RunTime:0.000433s ]
SQL: SHOW COLUMNS FROM `named_log` [ RunTime:0.0012s ]
SQL: SHOW COLUMNS FROM `user` [ RunTime:0.0004s ]
SQL: SELECT `user_id`,`user_name` FROM `named_log` WHERE `user_id` = 0 AND `come` = 0 AND ( FROM_UNIXTIME(`date`,'%Y-%m-%d') >= '' AND FROM_UNIXTIME(`date`,'%Y-%m-%d') <= ''  ) LIMIT 1   [ RunTime:0.0001s ]
NOTIC: [8] Undefined variable: about /home/wwwroot/app.czjt.org/Application/Named/Controller/SearchController.class.php 第 76 行.
INFO: [ view_parse ] --START--
INFO: [ template_filter ] --START--
INFO: Run Behavior\ContentReplaceBehavior [ RunTime:0.000041s ]
INFO: [ template_filter ] --END-- [ RunTime:0.000082s ]
INFO: Run Behavior\ParseTemplateBehavior [ RunTime:0.007694s ]
INFO: [ view_parse ] --END-- [ RunTime:0.007737s ]
INFO: [ view_filter ] --START--
INFO: Run Behavior\WriteHtmlCacheBehavior [ RunTime:0.000154s ]
INFO: [ view_filter ] --END-- [ RunTime:0.000183s ]
INFO: [ app_end ] --START--
INFO: Run Behavior\ShowPageTraceBehavior [ RunTime:0.000425s ]
INFO: [ app_end ] --END-- [ RunTime:0.000466s ]

[ 2016-09-16T19:46:30+08:00 ] 66.249.66.233 /
INFO: [ app_init ] --START--
INFO: Run Behavior\BuildLiteBehavior [ RunTime:0.000016s ]
INFO: [ app_init ] --END-- [ RunTime:0.000326s ]
INFO: [ app_begin ] --START--
INFO: Run Behavior\ReadHtmlCacheBehavior [ RunTime:0.000373s ]
INFO: [ app_begin ] --END-- [ RunTime:0.000415s ]

[ 2016-09-16T19:46:31+08:00 ] 66.249.66.229 /Named/Search
INFO: [ app_init ] --START--
INFO: Run Behavior\BuildLiteBehavior [ RunTime:0.000016s ]
INFO: [ app_init ] --END-- [ RunTime:0.000325s ]
INFO: [ app_begin ] --START--
INFO: Run Behavior\ReadHtmlCacheBehavior [ RunTime:0.000402s ]
INFO: [ app_begin ] --END-- [ RunTime:0.000457s ]
SQL: SHOW COLUMNS FROM `named_log` [ RunTime:0.0011s ]
SQL: SHOW COLUMNS FROM `user` [ RunTime:0.0003s ]
SQL: SELECT `user_id`,`user_name` FROM `named_log` WHERE `user_id` = 0 AND `come` = 0 AND ( FROM_UNIXTIME(`date`,'%Y-%m-%d') >= '' AND FROM_UNIXTIME(`date`,'%Y-%m-%d') <= ''  ) LIMIT 1   [ RunTime:0.0001s ]
NOTIC: [8] Undefined variable: about /home/wwwroot/app.czjt.org/Application/Named/Controller/SearchController.class.php 第 76 行.
INFO: [ view_parse ] --START--
INFO: [ template_filter ] --START--
INFO: Run Behavior\ContentReplaceBehavior [ RunTime:0.000040s ]
INFO: [ template_filter ] --END-- [ RunTime:0.000082s ]
INFO: Run Behavior\ParseTemplateBehavior [ RunTime:0.007720s ]
INFO: [ view_parse ] --END-- [ RunTime:0.007762s ]
INFO: [ view_filter ] --START--
INFO: Run Behavior\WriteHtmlCacheBehavior [ RunTime:0.000194s ]
INFO: [ view_filter ] --END-- [ RunTime:0.000226s ]
INFO: [ app_end ] --START--
INFO: Run Behavior\ShowPageTraceBehavior [ RunTime:0.000372s ]
INFO: [ app_end ] --END-- [ RunTime:0.000404s ]

[ 2016-09-16T22:09:30+08:00 ] 66.249.79.35 /named/about.html
INFO: [ app_init ] --START--
INFO: Run Behavior\BuildLiteBehavior [ RunTime:0.000019s ]
INFO: [ app_init ] --END-- [ RunTime:0.000430s ]
INFO: [ app_begin ] --START--
INFO: Run Behavior\ReadHtmlCacheBehavior [ RunTime:0.000473s ]
INFO: [ app_begin ] --END-- [ RunTime:0.000530s ]
INFO: [ view_parse ] --START--
INFO: [ template_filter ] --START--
INFO: Run Behavior\ContentReplaceBehavior [ RunTime:0.000049s ]
INFO: [ template_filter ] --END-- [ RunTime:0.000101s ]
NOTIC: [8] Undefined variable: uname /home/wwwroot/app.czjt.org/Application/Runtime/Cache/Named/0966515f69f40272b8f86720ffe02e16.php 第 31 行.
INFO: Run Behavior\ParseTemplateBehavior [ RunTime:0.008106s ]
INFO: [ view_parse ] --END-- [ RunTime:0.008154s ]
INFO: [ view_filter ] --START--
INFO: Run Behavior\WriteHtmlCacheBehavior [ RunTime:0.000204s ]
INFO: [ view_filter ] --END-- [ RunTime:0.000240s ]
INFO: [ app_end ] --START--
INFO: Run Behavior\ShowPageTraceBehavior [ RunTime:0.000531s ]
INFO: [ app_end ] --END-- [ RunTime:0.000575s ]

[ 2016-09-16T22:14:41+08:00 ] 66.249.79.36 /
INFO: [ app_init ] --START--
INFO: Run Behavior\BuildLiteBehavior [ RunTime:0.000015s ]
INFO: [ app_init ] --END-- [ RunTime:0.000339s ]
INFO: [ app_begin ] --START--
INFO: Run Behavior\ReadHtmlCacheBehavior [ RunTime:0.000406s ]
INFO: [ app_begin ] --END-- [ RunTime:0.000450s ]

[ 2016-09-16T22:14:41+08:00 ] 66.249.79.36 /Named/Search
INFO: [ app_init ] --START--
INFO: Run Behavior\BuildLiteBehavior [ RunTime:0.000011s ]
INFO: [ app_init ] --END-- [ RunTime:0.000267s ]
INFO: [ app_begin ] --START--
INFO: Run Behavior\ReadHtmlCacheBehavior [ RunTime:0.000340s ]
INFO: [ app_begin ] --END-- [ RunTime:0.000384s ]
SQL: SHOW COLUMNS FROM `named_log` [ RunTime:0.0021s ]
SQL: SHOW COLUMNS FROM `user` [ RunTime:0.0003s ]
SQL: SELECT `user_id`,`user_name` FROM `named_log` WHERE `user_id` = 0 AND `come` = 0 AND ( FROM_UNIXTIME(`date`,'%Y-%m-%d') >= '' AND FROM_UNIXTIME(`date`,'%Y-%m-%d') <= ''  ) LIMIT 1   [ RunTime:0.0001s ]
NOTIC: [8] Undefined variable: about /home/wwwroot/app.czjt.org/Application/Named/Controller/SearchController.class.php 第 76 行.
INFO: [ view_parse ] --START--
INFO: [ template_filter ] --START--
INFO: Run Behavior\ContentReplaceBehavior [ RunTime:0.000039s ]
INFO: [ template_filter ] --END-- [ RunTime:0.000082s ]
INFO: Run Behavior\ParseTemplateBehavior [ RunTime:0.007879s ]
INFO: [ view_parse ] --END-- [ RunTime:0.007941s ]
INFO: [ view_filter ] --START--
INFO: Run Behavior\WriteHtmlCacheBehavior [ RunTime:0.000221s ]
INFO: [ view_filter ] --END-- [ RunTime:0.000261s ]
INFO: [ app_end ] --START--
INFO: Run Behavior\ShowPageTraceBehavior [ RunTime:0.000506s ]
INFO: [ app_end ] --END-- [ RunTime:0.000544s ]

[ 2016-09-16T22:57:25+08:00 ] 110.88.52.154 /Named/Search
INFO: [ app_init ] --START--
INFO: Run Behavior\BuildLiteBehavior [ RunTime:0.000012s ]
INFO: [ app_init ] --END-- [ RunTime:0.000290s ]
INFO: [ app_begin ] --START--
INFO: Run Behavior\ReadHtmlCacheBehavior [ RunTime:0.000361s ]
INFO: [ app_begin ] --END-- [ RunTime:0.000405s ]
SQL: SHOW COLUMNS FROM `named_log` [ RunTime:0.0010s ]
SQL: SHOW COLUMNS FROM `user` [ RunTime:0.0003s ]
SQL: SELECT `user_id`,`user_name` FROM `named_log` WHERE `user_id` = 0 AND `come` = 0 AND ( FROM_UNIXTIME(`date`,'%Y-%m-%d') >= '' AND FROM_UNIXTIME(`date`,'%Y-%m-%d') <= ''  ) LIMIT 1   [ RunTime:0.0001s ]
NOTIC: [8] Undefined variable: about /home/wwwroot/app.czjt.org/Application/Named/Controller/SearchController.class.php 第 76 行.
INFO: [ view_parse ] --START--
INFO: [ template_filter ] --START--
INFO: Run Behavior\ContentReplaceBehavior [ RunTime:0.000043s ]
INFO: [ template_filter ] --END-- [ RunTime:0.000083s ]
INFO: Run Behavior\ParseTemplateBehavior [ RunTime:0.007610s ]
INFO: [ view_parse ] --END-- [ RunTime:0.007650s ]
INFO: [ view_filter ] --START--
INFO: Run Behavior\WriteHtmlCacheBehavior [ RunTime:0.000161s ]
INFO: [ view_filter ] --END-- [ RunTime:0.000188s ]
INFO: [ app_end ] --START--
INFO: Run Behavior\ShowPageTraceBehavior [ RunTime:0.000440s ]
INFO: [ app_end ] --END-- [ RunTime:0.000473s ]

[ 2016-09-16T23:00:25+08:00 ] 101.226.99.196 /Named/Search
INFO: [ app_init ] --START--
INFO: Run Behavior\BuildLiteBehavior [ RunTime:0.000017s ]
INFO: [ app_init ] --END-- [ RunTime:0.000351s ]
INFO: [ app_begin ] --START--
INFO: Run Behavior\ReadHtmlCacheBehavior [ RunTime:0.000373s ]
INFO: [ app_begin ] --END-- [ RunTime:0.000415s ]
SQL: SHOW COLUMNS FROM `named_log` [ RunTime:0.0011s ]
SQL: SHOW COLUMNS FROM `user` [ RunTime:0.0003s ]
SQL: SELECT `user_id`,`user_name` FROM `named_log` WHERE `user_id` = 0 AND `come` = 0 AND ( FROM_UNIXTIME(`date`,'%Y-%m-%d') >= '' AND FROM_UNIXTIME(`date`,'%Y-%m-%d') <= ''  ) LIMIT 1   [ RunTime:0.0001s ]
NOTIC: [8] Undefined variable: about /home/wwwroot/app.czjt.org/Application/Named/Controller/SearchController.class.php 第 76 行.
INFO: [ view_parse ] --START--
INFO: [ template_filter ] --START--
INFO: Run Behavior\ContentReplaceBehavior [ RunTime:0.000050s ]
INFO: [ template_filter ] --END-- [ RunTime:0.000086s ]
INFO: Run Behavior\ParseTemplateBehavior [ RunTime:0.011441s ]
INFO: [ view_parse ] --END-- [ RunTime:0.011533s ]
INFO: [ view_filter ] --START--
INFO: Run Behavior\WriteHtmlCacheBehavior [ RunTime:0.000244s ]
INFO: [ view_filter ] --END-- [ RunTime:0.000277s ]
INFO: [ app_end ] --START--
INFO: Run Behavior\ShowPageTraceBehavior [ RunTime:0.000512s ]
INFO: [ app_end ] --END-- [ RunTime:0.000547s ]

[ 2016-09-16T23:00:29+08:00 ] 180.153.206.18 /Named/Search
INFO: [ app_init ] --START--
INFO: Run Behavior\BuildLiteBehavior [ RunTime:0.000012s ]
INFO: [ app_init ] --END-- [ RunTime:0.000296s ]
INFO: [ app_begin ] --START--
INFO: Run Behavior\ReadHtmlCacheBehavior [ RunTime:0.000367s ]
INFO: [ app_begin ] --END-- [ RunTime:0.000411s ]
SQL: SHOW COLUMNS FROM `named_log` [ RunTime:0.0007s ]
SQL: SHOW COLUMNS FROM `user` [ RunTime:0.0003s ]
SQL: SELECT `user_id`,`user_name` FROM `named_log` WHERE `user_id` = 0 AND `come` = 0 AND ( FROM_UNIXTIME(`date`,'%Y-%m-%d') >= '' AND FROM_UNIXTIME(`date`,'%Y-%m-%d') <= ''  ) LIMIT 1   [ RunTime:0.0001s ]
NOTIC: [8] Undefined variable: about /home/wwwroot/app.czjt.org/Application/Named/Controller/SearchController.class.php 第 76 行.
INFO: [ view_parse ] --START--
INFO: [ template_filter ] --START--
INFO: Run Behavior\ContentReplaceBehavior [ RunTime:0.000041s ]
INFO: [ template_filter ] --END-- [ RunTime:0.000082s ]
INFO: Run Behavior\ParseTemplateBehavior [ RunTime:0.007695s ]
INFO: [ view_parse ] --END-- [ RunTime:0.007755s ]
INFO: [ view_filter ] --START--
INFO: Run Behavior\WriteHtmlCacheBehavior [ RunTime:0.000151s ]
INFO: [ view_filter ] --END-- [ RunTime:0.000179s ]
INFO: [ app_end ] --START--
INFO: Run Behavior\ShowPageTraceBehavior [ RunTime:0.000420s ]
INFO: [ app_end ] --END-- [ RunTime:0.000453s ]

[ 2016-09-16T23:31:10+08:00 ] 66.249.79.37 /named/about.html
INFO: [ app_init ] --START--
INFO: Run Behavior\BuildLiteBehavior [ RunTime:0.000017s ]
INFO: [ app_init ] --END-- [ RunTime:0.000333s ]
INFO: [ app_begin ] --START--
INFO: Run Behavior\ReadHtmlCacheBehavior [ RunTime:0.000374s ]
INFO: [ app_begin ] --END-- [ RunTime:0.000419s ]
INFO: [ view_parse ] --START--
INFO: [ template_filter ] --START--
INFO: Run Behavior\ContentReplaceBehavior [ RunTime:0.000039s ]
INFO: [ template_filter ] --END-- [ RunTime:0.000076s ]
NOTIC: [8] Undefined variable: uname /home/wwwroot/app.czjt.org/Application/Runtime/Cache/Named/0966515f69f40272b8f86720ffe02e16.php 第 31 行.
INFO: Run Behavior\ParseTemplateBehavior [ RunTime:0.005787s ]
INFO: [ view_parse ] --END-- [ RunTime:0.005823s ]
INFO: [ view_filter ] --START--
INFO: Run Behavior\WriteHtmlCacheBehavior [ RunTime:0.000160s ]
INFO: [ view_filter ] --END-- [ RunTime:0.000187s ]
INFO: [ app_end ] --START--
INFO: Run Behavior\ShowPageTraceBehavior [ RunTime:0.000397s ]
INFO: [ app_end ] --END-- [ RunTime:0.000429s ]

