[ 2016-09-19T00:21:03+08:00 ] 110.88.50.87 /Named/Search
INFO: [ app_init ] --START--
INFO: Run Behavior\BuildLiteBehavior [ RunTime:0.000012s ]
INFO: [ app_init ] --END-- [ RunTime:0.000272s ]
INFO: [ app_begin ] --START--
INFO: Run Behavior\ReadHtmlCacheBehavior [ RunTime:0.000371s ]
INFO: [ app_begin ] --END-- [ RunTime:0.000414s ]
SQL: SHOW COLUMNS FROM `named_log` [ RunTime:0.0011s ]
SQL: SHOW COLUMNS FROM `user` [ RunTime:0.0003s ]
SQL: SELECT `user_id`,`user_name` FROM `named_log` WHERE `user_id` = 0 AND `come` = 0 AND ( FROM_UNIXTIME(`date`,'%Y-%m-%d') >= '' AND FROM_UNIXTIME(`date`,'%Y-%m-%d') <= ''  ) LIMIT 1   [ RunTime:0.0001s ]
NOTIC: [8] Undefined variable: about /home/wwwroot/app.czjt.org/Application/Named/Controller/SearchController.class.php 第 76 行.
INFO: [ view_parse ] --START--
INFO: [ template_filter ] --START--
INFO: Run Behavior\ContentReplaceBehavior [ RunTime:0.000041s ]
INFO: [ template_filter ] --END-- [ RunTime:0.000081s ]
INFO: Run Behavior\ParseTemplateBehavior [ RunTime:0.007613s ]
INFO: [ view_parse ] --END-- [ RunTime:0.007657s ]
INFO: [ view_filter ] --START--
INFO: Run Behavior\WriteHtmlCacheBehavior [ RunTime:0.000151s ]
INFO: [ view_filter ] --END-- [ RunTime:0.000179s ]
INFO: [ app_end ] --START--
INFO: Run Behavior\ShowPageTraceBehavior [ RunTime:0.000381s ]
INFO: [ app_end ] --END-- [ RunTime:0.000412s ]

[ 2016-09-19T00:24:00+08:00 ] 180.153.206.18 /Named/Search
INFO: [ app_init ] --START--
INFO: Run Behavior\BuildLiteBehavior [ RunTime:0.000012s ]
INFO: [ app_init ] --END-- [ RunTime:0.000289s ]
INFO: [ app_begin ] --START--
INFO: Run Behavior\ReadHtmlCacheBehavior [ RunTime:0.000409s ]
INFO: [ app_begin ] --END-- [ RunTime:0.000456s ]
SQL: SHOW COLUMNS FROM `named_log` [ RunTime:0.0011s ]
SQL: SHOW COLUMNS FROM `user` [ RunTime:0.0004s ]
SQL: SELECT `user_id`,`user_name` FROM `named_log` WHERE `user_id` = 0 AND `come` = 0 AND ( FROM_UNIXTIME(`date`,'%Y-%m-%d') >= '' AND FROM_UNIXTIME(`date`,'%Y-%m-%d') <= ''  ) LIMIT 1   [ RunTime:0.0001s ]
NOTIC: [8] Undefined variable: about /home/wwwroot/app.czjt.org/Application/Named/Controller/SearchController.class.php 第 76 行.
INFO: [ view_parse ] --START--
INFO: [ template_filter ] --START--
INFO: Run Behavior\ContentReplaceBehavior [ RunTime:0.000042s ]
INFO: [ template_filter ] --END-- [ RunTime:0.000080s ]
INFO: Run Behavior\ParseTemplateBehavior [ RunTime:0.008069s ]
INFO: [ view_parse ] --END-- [ RunTime:0.008124s ]
INFO: [ view_filter ] --START--
INFO: Run Behavior\WriteHtmlCacheBehavior [ RunTime:0.000153s ]
INFO: [ view_filter ] --END-- [ RunTime:0.000181s ]
INFO: [ app_end ] --START--
INFO: Run Behavior\ShowPageTraceBehavior [ RunTime:0.000423s ]
INFO: [ app_end ] --END-- [ RunTime:0.000455s ]

[ 2016-09-19T00:24:03+08:00 ] 180.163.2.117 /Named/Search
INFO: [ app_init ] --START--
INFO: Run Behavior\BuildLiteBehavior [ RunTime:0.000012s ]
INFO: [ app_init ] --END-- [ RunTime:0.000271s ]
INFO: [ app_begin ] --START--
INFO: Run Behavior\ReadHtmlCacheBehavior [ RunTime:0.000361s ]
INFO: [ app_begin ] --END-- [ RunTime:0.000415s ]
SQL: SHOW COLUMNS FROM `named_log` [ RunTime:0.0005s ]
SQL: SHOW COLUMNS FROM `user` [ RunTime:0.0003s ]
SQL: SELECT `user_id`,`user_name` FROM `named_log` WHERE `user_id` = 0 AND `come` = 0 AND ( FROM_UNIXTIME(`date`,'%Y-%m-%d') >= '' AND FROM_UNIXTIME(`date`,'%Y-%m-%d') <= ''  ) LIMIT 1   [ RunTime:0.0001s ]
NOTIC: [8] Undefined variable: about /home/wwwroot/app.czjt.org/Application/Named/Controller/SearchController.class.php 第 76 行.
INFO: [ view_parse ] --START--
INFO: [ template_filter ] --START--
INFO: Run Behavior\ContentReplaceBehavior [ RunTime:0.000044s ]
INFO: [ template_filter ] --END-- [ RunTime:0.000090s ]
INFO: Run Behavior\ParseTemplateBehavior [ RunTime:0.008038s ]
INFO: [ view_parse ] --END-- [ RunTime:0.008107s ]
INFO: [ view_filter ] --START--
INFO: Run Behavior\WriteHtmlCacheBehavior [ RunTime:0.000145s ]
INFO: [ view_filter ] --END-- [ RunTime:0.000173s ]
INFO: [ app_end ] --START--
INFO: Run Behavior\ShowPageTraceBehavior [ RunTime:0.000390s ]
INFO: [ app_end ] --END-- [ RunTime:0.000423s ]

[ 2016-09-19T06:22:43+08:00 ] 151.80.44.115 /named/about.html
INFO: [ app_init ] --START--
INFO: Run Behavior\BuildLiteBehavior [ RunTime:0.000020s ]
INFO: [ app_init ] --END-- [ RunTime:0.000287s ]
INFO: [ app_begin ] --START--
INFO: Run Behavior\ReadHtmlCacheBehavior [ RunTime:0.000372s ]
INFO: [ app_begin ] --END-- [ RunTime:0.000415s ]
INFO: [ view_parse ] --START--
INFO: [ template_filter ] --START--
INFO: Run Behavior\ContentReplaceBehavior [ RunTime:0.000035s ]
INFO: [ template_filter ] --END-- [ RunTime:0.000070s ]
NOTIC: [8] Undefined variable: uname /home/wwwroot/app.czjt.org/Application/Runtime/Cache/Named/0966515f69f40272b8f86720ffe02e16.php 第 31 行.
INFO: Run Behavior\ParseTemplateBehavior [ RunTime:0.005611s ]
INFO: [ view_parse ] --END-- [ RunTime:0.005646s ]
INFO: [ view_filter ] --START--
INFO: Run Behavior\WriteHtmlCacheBehavior [ RunTime:0.000148s ]
INFO: [ view_filter ] --END-- [ RunTime:0.000175s ]
INFO: [ app_end ] --START--
INFO: Run Behavior\ShowPageTraceBehavior [ RunTime:0.000405s ]
INFO: [ app_end ] --END-- [ RunTime:0.000437s ]

[ 2016-09-19T12:18:31+08:00 ] 61.135.190.200 /
INFO: [ app_init ] --START--
INFO: Run Behavior\BuildLiteBehavior [ RunTime:0.000017s ]
INFO: [ app_init ] --END-- [ RunTime:0.000369s ]
INFO: [ app_begin ] --START--
INFO: Run Behavior\ReadHtmlCacheBehavior [ RunTime:0.000392s ]
INFO: [ app_begin ] --END-- [ RunTime:0.000440s ]

[ 2016-09-19T12:18:31+08:00 ] 61.135.190.200 /Named/Search
INFO: [ app_init ] --START--
INFO: Run Behavior\BuildLiteBehavior [ RunTime:0.000012s ]
INFO: [ app_init ] --END-- [ RunTime:0.000295s ]
INFO: [ app_begin ] --START--
INFO: Run Behavior\ReadHtmlCacheBehavior [ RunTime:0.000393s ]
INFO: [ app_begin ] --END-- [ RunTime:0.000439s ]
SQL: SHOW COLUMNS FROM `named_log` [ RunTime:0.0013s ]
SQL: SHOW COLUMNS FROM `user` [ RunTime:0.0006s ]
SQL: SELECT `user_id`,`user_name` FROM `named_log` WHERE `user_id` = 0 AND `come` = 0 AND ( FROM_UNIXTIME(`date`,'%Y-%m-%d') >= '' AND FROM_UNIXTIME(`date`,'%Y-%m-%d') <= ''  ) LIMIT 1   [ RunTime:0.0001s ]
NOTIC: [8] Undefined variable: about /home/wwwroot/app.czjt.org/Application/Named/Controller/SearchController.class.php 第 76 行.
INFO: [ view_parse ] --START--
INFO: [ template_filter ] --START--
INFO: Run Behavior\ContentReplaceBehavior [ RunTime:0.000038s ]
INFO: [ template_filter ] --END-- [ RunTime:0.000077s ]
INFO: Run Behavior\ParseTemplateBehavior [ RunTime:0.007787s ]
INFO: [ view_parse ] --END-- [ RunTime:0.007833s ]
INFO: [ view_filter ] --START--
INFO: Run Behavior\WriteHtmlCacheBehavior [ RunTime:0.000159s ]
INFO: [ view_filter ] --END-- [ RunTime:0.000189s ]
INFO: [ app_end ] --START--
INFO: Run Behavior\ShowPageTraceBehavior [ RunTime:0.000473s ]
INFO: [ app_end ] --END-- [ RunTime:0.000516s ]

[ 2016-09-19T12:19:05+08:00 ] 61.135.190.69 /named/about.html
INFO: [ app_init ] --START--
INFO: Run Behavior\BuildLiteBehavior [ RunTime:0.000023s ]
INFO: [ app_init ] --END-- [ RunTime:0.000512s ]
INFO: [ app_begin ] --START--
INFO: Run Behavior\ReadHtmlCacheBehavior [ RunTime:0.000598s ]
INFO: [ app_begin ] --END-- [ RunTime:0.000662s ]
INFO: [ view_parse ] --START--
INFO: [ template_filter ] --START--
INFO: Run Behavior\ContentReplaceBehavior [ RunTime:0.000063s ]
INFO: [ template_filter ] --END-- [ RunTime:0.000164s ]
NOTIC: [8] Undefined variable: uname /home/wwwroot/app.czjt.org/Application/Runtime/Cache/Named/0966515f69f40272b8f86720ffe02e16.php 第 31 行.
INFO: Run Behavior\ParseTemplateBehavior [ RunTime:0.009591s ]
INFO: [ view_parse ] --END-- [ RunTime:0.009647s ]
INFO: [ view_filter ] --START--
INFO: Run Behavior\WriteHtmlCacheBehavior [ RunTime:0.000232s ]
INFO: [ view_filter ] --END-- [ RunTime:0.000273s ]
INFO: [ app_end ] --START--
INFO: Run Behavior\ShowPageTraceBehavior [ RunTime:0.000644s ]
INFO: [ app_end ] --END-- [ RunTime:0.000695s ]

[ 2016-09-19T17:26:19+08:00 ] 66.249.66.225 /named/search.html
INFO: [ app_init ] --START--
INFO: Run Behavior\BuildLiteBehavior [ RunTime:0.000022s ]
INFO: [ app_init ] --END-- [ RunTime:0.000450s ]
INFO: [ app_begin ] --START--
INFO: Run Behavior\ReadHtmlCacheBehavior [ RunTime:0.000596s ]
INFO: [ app_begin ] --END-- [ RunTime:0.000667s ]
SQL: SHOW COLUMNS FROM `named_log` [ RunTime:0.0015s ]
SQL: SHOW COLUMNS FROM `user` [ RunTime:0.0005s ]
SQL: SELECT `user_id`,`user_name` FROM `named_log` WHERE `user_id` = 0 AND `come` = 0 AND ( FROM_UNIXTIME(`date`,'%Y-%m-%d') >= '' AND FROM_UNIXTIME(`date`,'%Y-%m-%d') <= ''  ) LIMIT 1   [ RunTime:0.0001s ]
NOTIC: [8] Undefined variable: about /home/wwwroot/app.czjt.org/Application/Named/Controller/SearchController.class.php 第 76 行.
INFO: [ view_parse ] --START--
INFO: [ template_filter ] --START--
INFO: Run Behavior\ContentReplaceBehavior [ RunTime:0.000064s ]
INFO: [ template_filter ] --END-- [ RunTime:0.000125s ]
INFO: Run Behavior\ParseTemplateBehavior [ RunTime:0.012678s ]
INFO: [ view_parse ] --END-- [ RunTime:0.012746s ]
INFO: [ view_filter ] --START--
INFO: Run Behavior\WriteHtmlCacheBehavior [ RunTime:0.000226s ]
INFO: [ view_filter ] --END-- [ RunTime:0.000271s ]
INFO: [ app_end ] --START--
INFO: Run Behavior\ShowPageTraceBehavior [ RunTime:0.000592s ]
INFO: [ app_end ] --END-- [ RunTime:0.000644s ]

[ 2016-09-19T21:08:00+08:00 ] 62.210.148.246 /index.php/Named/dm.html
INFO: [ app_init ] --START--
INFO: Run Behavior\BuildLiteBehavior [ RunTime:0.000012s ]
INFO: [ app_init ] --END-- [ RunTime:0.000279s ]
INFO: [ app_begin ] --START--
INFO: Run Behavior\ReadHtmlCacheBehavior [ RunTime:0.000384s ]
INFO: [ app_begin ] --END-- [ RunTime:0.000429s ]
SQL: SHOW COLUMNS FROM `named_admin` [ RunTime:0.0012s ]
SQL: SELECT * FROM `named_admin` WHERE `id` = null LIMIT 1   [ RunTime:0.0001s ]
INFO: [ view_parse ] --START--
INFO: [ template_filter ] --START--
INFO: Run Behavior\ContentReplaceBehavior [ RunTime:0.000038s ]
INFO: [ template_filter ] --END-- [ RunTime:0.000095s ]
INFO: Run Behavior\ParseTemplateBehavior [ RunTime:0.004713s ]
INFO: [ view_parse ] --END-- [ RunTime:0.004755s ]
INFO: [ view_filter ] --START--
INFO: Run Behavior\WriteHtmlCacheBehavior [ RunTime:0.000181s ]
INFO: [ view_filter ] --END-- [ RunTime:0.000215s ]

