[ 2017-05-22T11:21:23+08:00 ] 127.0.0.1 /Named/search.html
INFO: [ app_init ] --START--
INFO: Run Behavior\BuildLiteBehavior [ RunTime:0.000000s ]
INFO: [ app_init ] --END-- [ RunTime:0.000000s ]
INFO: [ app_begin ] --START--
INFO: Run Behavior\ReadHtmlCacheBehavior [ RunTime:0.009000s ]
INFO: [ app_begin ] --END-- [ RunTime:0.009000s ]
SQL: SHOW COLUMNS FROM `named_log` [ RunTime:0.0050s ]
SQL: SHOW COLUMNS FROM `user` [ RunTime:0.0050s ]
SQL: SELECT `user_id`,`user_name` FROM `named_log` WHERE `user_id` = 0 AND `come` = 0 AND ( FROM_UNIXTIME(`date`,'%Y-%m-%d') >= '' AND FROM_UNIXTIME(`date`,'%Y-%m-%d') <= ''  ) LIMIT 1   [ RunTime:0.0000s ]
NOTIC: [8] Undefined variable: about D:\UPUPW_AP7.0\htdocs\Application\Named\Controller\SearchController.class.php 第 76 行.
INFO: [ view_parse ] --START--
INFO: [ template_filter ] --START--
INFO: Run Behavior\ContentReplaceBehavior [ RunTime:0.000000s ]
INFO: [ template_filter ] --END-- [ RunTime:0.000000s ]
INFO: Run Behavior\ParseTemplateBehavior [ RunTime:0.059000s ]
INFO: [ view_parse ] --END-- [ RunTime:0.060000s ]
INFO: [ view_filter ] --START--
INFO: Run Behavior\WriteHtmlCacheBehavior [ RunTime:0.009000s ]
INFO: [ view_filter ] --END-- [ RunTime:0.009000s ]
INFO: [ app_end ] --START--
INFO: Run Behavior\ShowPageTraceBehavior [ RunTime:0.009000s ]
INFO: [ app_end ] --END-- [ RunTime:0.009000s ]

[ 2017-05-22T11:31:24+08:00 ] 127.0.0.1 /Named/search.html
INFO: [ app_init ] --START--
INFO: Run Behavior\BuildLiteBehavior [ RunTime:0.000000s ]
INFO: [ app_init ] --END-- [ RunTime:0.001000s ]
INFO: [ app_begin ] --START--
INFO: Run Behavior\ReadHtmlCacheBehavior [ RunTime:0.010000s ]
INFO: [ app_begin ] --END-- [ RunTime:0.010000s ]
SQL: SHOW COLUMNS FROM `named_log` [ RunTime:0.0050s ]
SQL: SHOW COLUMNS FROM `user` [ RunTime:0.0050s ]
SQL: SELECT `user_id`,`user_name` FROM `named_log` WHERE `user_id` = 0 AND `come` = 0 AND ( FROM_UNIXTIME(`date`,'%Y-%m-%d') >= '' AND FROM_UNIXTIME(`date`,'%Y-%m-%d') <= ''  ) LIMIT 1   [ RunTime:0.0010s ]
NOTIC: [8] Undefined variable: about D:\UPUPW_AP7.0\htdocs\Application\Named\Controller\SearchController.class.php 第 76 行.
INFO: [ view_parse ] --START--
INFO: [ template_filter ] --START--
INFO: Run Behavior\ContentReplaceBehavior [ RunTime:0.000000s ]
INFO: [ template_filter ] --END-- [ RunTime:0.000000s ]
INFO: Run Behavior\ParseTemplateBehavior [ RunTime:0.059000s ]
INFO: [ view_parse ] --END-- [ RunTime:0.059000s ]
INFO: [ view_filter ] --START--
INFO: Run Behavior\WriteHtmlCacheBehavior [ RunTime:0.009000s ]
INFO: [ view_filter ] --END-- [ RunTime:0.010000s ]
INFO: [ app_end ] --START--
INFO: Run Behavior\ShowPageTraceBehavior [ RunTime:0.009000s ]
INFO: [ app_end ] --END-- [ RunTime:0.009000s ]

[ 2017-05-22T11:32:10+08:00 ] 127.0.0.1 /Named/search.html
INFO: [ app_init ] --START--
INFO: Run Behavior\BuildLiteBehavior [ RunTime:0.000000s ]
INFO: [ app_init ] --END-- [ RunTime:0.000000s ]
INFO: [ app_begin ] --START--
INFO: Run Behavior\ReadHtmlCacheBehavior [ RunTime:0.008000s ]
INFO: [ app_begin ] --END-- [ RunTime:0.008000s ]
SQL: SHOW COLUMNS FROM `named_log` [ RunTime:0.0060s ]
SQL: SHOW COLUMNS FROM `user` [ RunTime:0.0040s ]
SQL: SELECT `user_id`,`user_name` FROM `named_log` WHERE `user_id` = 0 AND `come` = 0 AND ( FROM_UNIXTIME(`date`,'%Y-%m-%d') >= '' AND FROM_UNIXTIME(`date`,'%Y-%m-%d') <= ''  ) LIMIT 1   [ RunTime:0.0010s ]
NOTIC: [8] Undefined variable: about D:\UPUPW_AP7.0\htdocs\Application\Named\Controller\SearchController.class.php 第 76 行.
INFO: [ view_parse ] --START--
INFO: [ template_filter ] --START--
INFO: Run Behavior\ContentReplaceBehavior [ RunTime:0.000000s ]
INFO: [ template_filter ] --END-- [ RunTime:0.000000s ]
INFO: Run Behavior\ParseTemplateBehavior [ RunTime:0.046000s ]
INFO: [ view_parse ] --END-- [ RunTime:0.046000s ]
INFO: [ view_filter ] --START--
INFO: Run Behavior\WriteHtmlCacheBehavior [ RunTime:0.007000s ]
INFO: [ view_filter ] --END-- [ RunTime:0.007000s ]
INFO: [ app_end ] --START--
INFO: Run Behavior\ShowPageTraceBehavior [ RunTime:0.010000s ]
INFO: [ app_end ] --END-- [ RunTime:0.010000s ]

[ 2017-05-22T11:32:34+08:00 ] 127.0.0.1 /Named/search.html
INFO: [ app_init ] --START--
INFO: Run Behavior\BuildLiteBehavior [ RunTime:0.000000s ]
INFO: [ app_init ] --END-- [ RunTime:0.001000s ]
INFO: [ app_begin ] --START--
INFO: Run Behavior\ReadHtmlCacheBehavior [ RunTime:0.010000s ]
INFO: [ app_begin ] --END-- [ RunTime:0.010000s ]
SQL: SHOW COLUMNS FROM `named_log` [ RunTime:0.0060s ]
SQL: SHOW COLUMNS FROM `user` [ RunTime:0.0060s ]
SQL: SELECT `user_id`,`user_name` FROM `named_log` WHERE `user_id` = 0 AND `come` = 0 AND ( FROM_UNIXTIME(`date`,'%Y-%m-%d') >= '' AND FROM_UNIXTIME(`date`,'%Y-%m-%d') <= ''  ) LIMIT 1   [ RunTime:0.0020s ]
NOTIC: [8] Undefined variable: about D:\UPUPW_AP7.0\htdocs\Application\Named\Controller\SearchController.class.php 第 76 行.
INFO: [ view_parse ] --START--
INFO: [ template_filter ] --START--
INFO: Run Behavior\ContentReplaceBehavior [ RunTime:0.000000s ]
INFO: [ template_filter ] --END-- [ RunTime:0.001000s ]
INFO: Run Behavior\ParseTemplateBehavior [ RunTime:0.076000s ]
INFO: [ view_parse ] --END-- [ RunTime:0.076000s ]
INFO: [ view_filter ] --START--
INFO: Run Behavior\WriteHtmlCacheBehavior [ RunTime:0.010000s ]
INFO: [ view_filter ] --END-- [ RunTime:0.010000s ]
INFO: [ app_end ] --START--
INFO: Run Behavior\ShowPageTraceBehavior [ RunTime:0.010000s ]
INFO: [ app_end ] --END-- [ RunTime:0.010000s ]

[ 2017-05-22T11:33:29+08:00 ] 127.0.0.1 /Named/search.html
INFO: [ app_init ] --START--
INFO: Run Behavior\BuildLiteBehavior [ RunTime:0.000000s ]
INFO: [ app_init ] --END-- [ RunTime:0.000000s ]
INFO: [ app_begin ] --START--
INFO: Run Behavior\ReadHtmlCacheBehavior [ RunTime:0.009000s ]
INFO: [ app_begin ] --END-- [ RunTime:0.009000s ]
SQL: SHOW COLUMNS FROM `named_log` [ RunTime:0.0060s ]
SQL: SHOW COLUMNS FROM `user` [ RunTime:0.0050s ]
SQL: SELECT `user_id`,`user_name` FROM `named_log` WHERE `user_id` = 0 AND `come` = 0 AND ( FROM_UNIXTIME(`date`,'%Y-%m-%d') >= '' AND FROM_UNIXTIME(`date`,'%Y-%m-%d') <= ''  ) LIMIT 1   [ RunTime:0.0010s ]
NOTIC: [8] Undefined variable: about D:\UPUPW_AP7.0\htdocs\Application\Named\Controller\SearchController.class.php 第 76 行.
INFO: [ view_parse ] --START--
INFO: [ template_filter ] --START--
INFO: Run Behavior\ContentReplaceBehavior [ RunTime:0.000000s ]
INFO: [ template_filter ] --END-- [ RunTime:0.000000s ]
INFO: Run Behavior\ParseTemplateBehavior [ RunTime:0.058000s ]
INFO: [ view_parse ] --END-- [ RunTime:0.058000s ]
INFO: [ view_filter ] --START--
INFO: Run Behavior\WriteHtmlCacheBehavior [ RunTime:0.011000s ]
INFO: [ view_filter ] --END-- [ RunTime:0.011000s ]
INFO: [ app_end ] --START--
INFO: Run Behavior\ShowPageTraceBehavior [ RunTime:0.010000s ]
INFO: [ app_end ] --END-- [ RunTime:0.010000s ]

[ 2017-05-22T14:27:00+08:00 ] 127.0.0.1 /Named/search
INFO: [ app_init ] --START--
INFO: Run Behavior\BuildLiteBehavior [ RunTime:0.001000s ]
INFO: [ app_init ] --END-- [ RunTime:0.001000s ]
INFO: [ app_begin ] --START--
INFO: Run Behavior\ReadHtmlCacheBehavior [ RunTime:0.007000s ]
INFO: [ app_begin ] --END-- [ RunTime:0.007000s ]
SQL: SHOW COLUMNS FROM `named_log` [ RunTime:0.0050s ]
SQL: SHOW COLUMNS FROM `user` [ RunTime:0.0050s ]
SQL: SELECT `user_id`,`user_name` FROM `named_log` WHERE `user_id` = 0 AND `come` = 0 AND ( FROM_UNIXTIME(`date`,'%Y-%m-%d') >= '' AND FROM_UNIXTIME(`date`,'%Y-%m-%d') <= ''  ) LIMIT 1   [ RunTime:0.0090s ]
NOTIC: [8] Undefined variable: about D:\UPUPW_AP7.0\htdocs\Application\Named\Controller\SearchController.class.php 第 76 行.
INFO: [ view_parse ] --START--
INFO: [ template_filter ] --START--
INFO: Run Behavior\ContentReplaceBehavior [ RunTime:0.000000s ]
INFO: [ template_filter ] --END-- [ RunTime:0.000000s ]
INFO: Run Behavior\ParseTemplateBehavior [ RunTime:0.044000s ]
INFO: [ view_parse ] --END-- [ RunTime:0.044000s ]
INFO: [ view_filter ] --START--
INFO: Run Behavior\WriteHtmlCacheBehavior [ RunTime:0.008000s ]
INFO: [ view_filter ] --END-- [ RunTime:0.008000s ]
INFO: [ app_end ] --START--
INFO: Run Behavior\ShowPageTraceBehavior [ RunTime:0.006000s ]
INFO: [ app_end ] --END-- [ RunTime:0.006000s ]

[ 2017-05-22T14:27:08+08:00 ] 127.0.0.1 /Named/search
INFO: [ app_init ] --START--
INFO: Run Behavior\BuildLiteBehavior [ RunTime:0.000000s ]
INFO: [ app_init ] --END-- [ RunTime:0.000000s ]
INFO: [ app_begin ] --START--
INFO: Run Behavior\ReadHtmlCacheBehavior [ RunTime:0.009000s ]
INFO: [ app_begin ] --END-- [ RunTime:0.009000s ]
SQL: SHOW COLUMNS FROM `named_log` [ RunTime:0.0060s ]
SQL: SHOW COLUMNS FROM `user` [ RunTime:0.0050s ]
SQL: SELECT `user_id`,`user_name` FROM `named_log` WHERE `user_id` = 0 AND `come` = 0 AND ( FROM_UNIXTIME(`date`,'%Y-%m-%d') >= '' AND FROM_UNIXTIME(`date`,'%Y-%m-%d') <= ''  ) LIMIT 1   [ RunTime:0.0010s ]
NOTIC: [8] Undefined variable: about D:\UPUPW_AP7.0\htdocs\Application\Named\Controller\SearchController.class.php 第 76 行.
INFO: [ view_parse ] --START--
INFO: [ template_filter ] --START--
INFO: Run Behavior\ContentReplaceBehavior [ RunTime:0.000000s ]
INFO: [ template_filter ] --END-- [ RunTime:0.000000s ]
INFO: Run Behavior\ParseTemplateBehavior [ RunTime:0.060000s ]
INFO: [ view_parse ] --END-- [ RunTime:0.060000s ]
INFO: [ view_filter ] --START--
INFO: Run Behavior\WriteHtmlCacheBehavior [ RunTime:0.010000s ]
INFO: [ view_filter ] --END-- [ RunTime:0.010000s ]
INFO: [ app_end ] --START--
INFO: Run Behavior\ShowPageTraceBehavior [ RunTime:0.010000s ]
INFO: [ app_end ] --END-- [ RunTime:0.010000s ]

[ 2017-05-22T14:27:26+08:00 ] 127.0.0.1 /Named/search.html
INFO: [ app_init ] --START--
INFO: Run Behavior\BuildLiteBehavior [ RunTime:0.000000s ]
INFO: [ app_init ] --END-- [ RunTime:0.000000s ]
INFO: [ app_begin ] --START--
INFO: Run Behavior\ReadHtmlCacheBehavior [ RunTime:0.009000s ]
INFO: [ app_begin ] --END-- [ RunTime:0.009000s ]
SQL: SHOW COLUMNS FROM `named_log` [ RunTime:0.0060s ]
SQL: SHOW COLUMNS FROM `user` [ RunTime:0.0050s ]
SQL: SELECT `user_id`,`user_name` FROM `named_log` WHERE `user_id` = 0 AND `come` = 0 AND ( FROM_UNIXTIME(`date`,'%Y-%m-%d') >= '' AND FROM_UNIXTIME(`date`,'%Y-%m-%d') <= ''  ) LIMIT 1   [ RunTime:0.0010s ]
NOTIC: [8] Undefined variable: about D:\UPUPW_AP7.0\htdocs\Application\Named\Controller\SearchController.class.php 第 76 行.
INFO: [ view_parse ] --START--
INFO: [ template_filter ] --START--
INFO: Run Behavior\ContentReplaceBehavior [ RunTime:0.000000s ]
INFO: [ template_filter ] --END-- [ RunTime:0.001000s ]
INFO: Run Behavior\ParseTemplateBehavior [ RunTime:0.058000s ]
INFO: [ view_parse ] --END-- [ RunTime:0.058000s ]
INFO: [ view_filter ] --START--
INFO: Run Behavior\WriteHtmlCacheBehavior [ RunTime:0.012000s ]
INFO: [ view_filter ] --END-- [ RunTime:0.012000s ]
INFO: [ app_end ] --START--
INFO: Run Behavior\ShowPageTraceBehavior [ RunTime:0.010000s ]
INFO: [ app_end ] --END-- [ RunTime:0.010000s ]

[ 2017-05-22T14:27:41+08:00 ] 127.0.0.1 /Named/search
INFO: [ app_init ] --START--
INFO: Run Behavior\BuildLiteBehavior [ RunTime:0.000000s ]
INFO: [ app_init ] --END-- [ RunTime:0.000000s ]
INFO: [ app_begin ] --START--
INFO: Run Behavior\ReadHtmlCacheBehavior [ RunTime:0.009000s ]
INFO: [ app_begin ] --END-- [ RunTime:0.009000s ]
SQL: SHOW COLUMNS FROM `named_log` [ RunTime:0.0060s ]
SQL: SHOW COLUMNS FROM `user` [ RunTime:0.0050s ]
SQL: SELECT `user_id`,`user_name` FROM `named_log` WHERE `user_id` = 0 AND `come` = 0 AND ( FROM_UNIXTIME(`date`,'%Y-%m-%d') >= '' AND FROM_UNIXTIME(`date`,'%Y-%m-%d') <= ''  ) LIMIT 1   [ RunTime:0.0010s ]
NOTIC: [8] Undefined variable: about D:\UPUPW_AP7.0\htdocs\Application\Named\Controller\SearchController.class.php 第 76 行.
INFO: [ view_parse ] --START--
INFO: [ template_filter ] --START--
INFO: Run Behavior\ContentReplaceBehavior [ RunTime:0.000000s ]
INFO: [ template_filter ] --END-- [ RunTime:0.001000s ]
INFO: Run Behavior\ParseTemplateBehavior [ RunTime:0.057000s ]
INFO: [ view_parse ] --END-- [ RunTime:0.058000s ]
INFO: [ view_filter ] --START--
INFO: Run Behavior\WriteHtmlCacheBehavior [ RunTime:0.009000s ]
INFO: [ view_filter ] --END-- [ RunTime:0.009000s ]
INFO: [ app_end ] --START--
INFO: Run Behavior\ShowPageTraceBehavior [ RunTime:0.010000s ]
INFO: [ app_end ] --END-- [ RunTime:0.010000s ]

[ 2017-05-22T14:29:04+08:00 ] 127.0.0.1 /Named/search
INFO: [ app_init ] --START--
INFO: Run Behavior\BuildLiteBehavior [ RunTime:0.000000s ]
INFO: [ app_init ] --END-- [ RunTime:0.000000s ]
INFO: [ app_begin ] --START--
INFO: Run Behavior\ReadHtmlCacheBehavior [ RunTime:0.010000s ]
INFO: [ app_begin ] --END-- [ RunTime:0.010000s ]
SQL: SHOW COLUMNS FROM `named_log` [ RunTime:0.0060s ]
SQL: SHOW COLUMNS FROM `user` [ RunTime:0.0050s ]
SQL: SELECT `user_id`,`user_name` FROM `named_log` WHERE `user_id` = 0 AND `come` = 0 AND ( FROM_UNIXTIME(`date`,'%Y-%m-%d') >= '' AND FROM_UNIXTIME(`date`,'%Y-%m-%d') <= ''  ) LIMIT 1   [ RunTime:0.0000s ]
NOTIC: [8] Undefined variable: about D:\UPUPW_AP7.0\htdocs\Application\Named\Controller\SearchController.class.php 第 76 行.
INFO: [ view_parse ] --START--
INFO: [ template_filter ] --START--
INFO: Run Behavior\ContentReplaceBehavior [ RunTime:0.000000s ]
INFO: [ template_filter ] --END-- [ RunTime:0.000000s ]
INFO: Run Behavior\ParseTemplateBehavior [ RunTime:0.053000s ]
INFO: [ view_parse ] --END-- [ RunTime:0.053000s ]
INFO: [ view_filter ] --START--
INFO: Run Behavior\WriteHtmlCacheBehavior [ RunTime:0.009000s ]
INFO: [ view_filter ] --END-- [ RunTime:0.009000s ]
INFO: [ app_end ] --START--
INFO: Run Behavior\ShowPageTraceBehavior [ RunTime:0.009000s ]
INFO: [ app_end ] --END-- [ RunTime:0.009000s ]

[ 2017-05-22T14:34:21+08:00 ] 127.0.0.1 /Named/search.html
INFO: [ app_init ] --START--
INFO: Run Behavior\BuildLiteBehavior [ RunTime:0.000000s ]
INFO: [ app_init ] --END-- [ RunTime:0.000000s ]
INFO: [ app_begin ] --START--
INFO: Run Behavior\ReadHtmlCacheBehavior [ RunTime:0.003000s ]
INFO: [ app_begin ] --END-- [ RunTime:0.003000s ]
SQL: SHOW COLUMNS FROM `named_log` [ RunTime:0.0020s ]
SQL: SHOW COLUMNS FROM `user` [ RunTime:0.0020s ]
SQL: SELECT `user_id`,`user_name` FROM `named_log` WHERE `user_id` = 0 AND `come` = 0 AND ( FROM_UNIXTIME(`date`,'%Y-%m-%d') >= '' AND FROM_UNIXTIME(`date`,'%Y-%m-%d') <= ''  ) LIMIT 1   [ RunTime:0.0000s ]
NOTIC: [8] Undefined variable: about D:\UPUPW_AP7.0\htdocs\Application\Named\Controller\SearchController.class.php 第 76 行.
INFO: [ view_parse ] --START--
INFO: [ template_filter ] --START--
INFO: Run Behavior\ContentReplaceBehavior [ RunTime:0.000000s ]
INFO: [ template_filter ] --END-- [ RunTime:0.000000s ]
INFO: Run Behavior\ParseTemplateBehavior [ RunTime:0.021000s ]
INFO: [ view_parse ] --END-- [ RunTime:0.021000s ]
INFO: [ view_filter ] --START--
INFO: Run Behavior\WriteHtmlCacheBehavior [ RunTime:0.003000s ]
INFO: [ view_filter ] --END-- [ RunTime:0.003000s ]
INFO: [ app_end ] --START--
INFO: Run Behavior\ShowPageTraceBehavior [ RunTime:0.004000s ]
INFO: [ app_end ] --END-- [ RunTime:0.005000s ]

[ 2017-05-22T14:34:31+08:00 ] 127.0.0.1 /Named/search.html
INFO: [ app_init ] --START--
INFO: Run Behavior\BuildLiteBehavior [ RunTime:0.000000s ]
INFO: [ app_init ] --END-- [ RunTime:0.002000s ]
INFO: [ app_begin ] --START--
INFO: Run Behavior\ReadHtmlCacheBehavior [ RunTime:0.013000s ]
INFO: [ app_begin ] --END-- [ RunTime:0.013000s ]
SQL: SHOW COLUMNS FROM `named_log` [ RunTime:0.0040s ]
SQL: SHOW COLUMNS FROM `user` [ RunTime:0.0040s ]
SQL: SELECT `user_id`,`user_name` FROM `named_log` WHERE `user_id` = 0 AND `come` = 0 AND ( FROM_UNIXTIME(`date`,'%Y-%m-%d') >= '' AND FROM_UNIXTIME(`date`,'%Y-%m-%d') <= ''  ) LIMIT 1   [ RunTime:0.0000s ]
NOTIC: [8] Undefined variable: about D:\UPUPW_AP7.0\htdocs\Application\Named\Controller\SearchController.class.php 第 76 行.
INFO: [ view_parse ] --START--
INFO: [ template_filter ] --START--
INFO: Run Behavior\ContentReplaceBehavior [ RunTime:0.000000s ]
INFO: [ template_filter ] --END-- [ RunTime:0.000000s ]
INFO: Run Behavior\ParseTemplateBehavior [ RunTime:0.088000s ]
INFO: [ view_parse ] --END-- [ RunTime:0.089000s ]
INFO: [ view_filter ] --START--
INFO: Run Behavior\WriteHtmlCacheBehavior [ RunTime:0.005000s ]
INFO: [ view_filter ] --END-- [ RunTime:0.005000s ]
INFO: [ app_end ] --START--
INFO: Run Behavior\ShowPageTraceBehavior [ RunTime:0.006000s ]
INFO: [ app_end ] --END-- [ RunTime:0.006000s ]

[ 2017-05-22T14:34:31+08:00 ] 127.0.0.1 /Named/search.html
INFO: [ app_init ] --START--
INFO: Run Behavior\BuildLiteBehavior [ RunTime:0.000000s ]
INFO: [ app_init ] --END-- [ RunTime:0.000000s ]
INFO: [ app_begin ] --START--
INFO: Run Behavior\ReadHtmlCacheBehavior [ RunTime:0.005000s ]
INFO: [ app_begin ] --END-- [ RunTime:0.005000s ]
SQL: SHOW COLUMNS FROM `named_log` [ RunTime:0.0030s ]
SQL: SHOW COLUMNS FROM `user` [ RunTime:0.0050s ]
SQL: SELECT `user_id`,`user_name` FROM `named_log` WHERE `user_id` = 0 AND `come` = 0 AND ( FROM_UNIXTIME(`date`,'%Y-%m-%d') >= '' AND FROM_UNIXTIME(`date`,'%Y-%m-%d') <= ''  ) LIMIT 1   [ RunTime:0.0030s ]
NOTIC: [8] Undefined variable: about D:\UPUPW_AP7.0\htdocs\Application\Named\Controller\SearchController.class.php 第 76 行.
INFO: [ view_parse ] --START--
INFO: [ template_filter ] --START--
INFO: Run Behavior\ContentReplaceBehavior [ RunTime:0.000000s ]
INFO: [ template_filter ] --END-- [ RunTime:0.000000s ]
INFO: Run Behavior\ParseTemplateBehavior [ RunTime:0.037000s ]
INFO: [ view_parse ] --END-- [ RunTime:0.037000s ]
INFO: [ view_filter ] --START--
INFO: Run Behavior\WriteHtmlCacheBehavior [ RunTime:0.005000s ]
INFO: [ view_filter ] --END-- [ RunTime:0.005000s ]
INFO: [ app_end ] --START--
INFO: Run Behavior\ShowPageTraceBehavior [ RunTime:0.006000s ]
INFO: [ app_end ] --END-- [ RunTime:0.006000s ]

[ 2017-05-22T14:34:31+08:00 ] 127.0.0.1 /Named/search.html
INFO: [ app_init ] --START--
INFO: Run Behavior\BuildLiteBehavior [ RunTime:0.000000s ]
INFO: [ app_init ] --END-- [ RunTime:0.000000s ]
INFO: [ app_begin ] --START--
INFO: Run Behavior\ReadHtmlCacheBehavior [ RunTime:0.009000s ]
INFO: [ app_begin ] --END-- [ RunTime:0.009000s ]
SQL: SHOW COLUMNS FROM `named_log` [ RunTime:0.0030s ]
SQL: SHOW COLUMNS FROM `user` [ RunTime:0.0060s ]
SQL: SELECT `user_id`,`user_name` FROM `named_log` WHERE `user_id` = 0 AND `come` = 0 AND ( FROM_UNIXTIME(`date`,'%Y-%m-%d') >= '' AND FROM_UNIXTIME(`date`,'%Y-%m-%d') <= ''  ) LIMIT 1   [ RunTime:0.0000s ]
NOTIC: [8] Undefined variable: about D:\UPUPW_AP7.0\htdocs\Application\Named\Controller\SearchController.class.php 第 76 行.
INFO: [ view_parse ] --START--
INFO: [ template_filter ] --START--
INFO: Run Behavior\ContentReplaceBehavior [ RunTime:0.000000s ]
INFO: [ template_filter ] --END-- [ RunTime:0.000000s ]
INFO: Run Behavior\ParseTemplateBehavior [ RunTime:0.069000s ]
INFO: [ view_parse ] --END-- [ RunTime:0.069000s ]
INFO: [ view_filter ] --START--
INFO: Run Behavior\WriteHtmlCacheBehavior [ RunTime:0.004000s ]
INFO: [ view_filter ] --END-- [ RunTime:0.004000s ]
INFO: [ app_end ] --START--
INFO: Run Behavior\ShowPageTraceBehavior [ RunTime:0.004000s ]
INFO: [ app_end ] --END-- [ RunTime:0.004000s ]

[ 2017-05-22T14:34:32+08:00 ] 127.0.0.1 /Named/search.html
INFO: [ app_init ] --START--
INFO: Run Behavior\BuildLiteBehavior [ RunTime:0.000000s ]
INFO: [ app_init ] --END-- [ RunTime:0.000000s ]
INFO: [ app_begin ] --START--
INFO: Run Behavior\ReadHtmlCacheBehavior [ RunTime:0.005000s ]
INFO: [ app_begin ] --END-- [ RunTime:0.005000s ]
SQL: SHOW COLUMNS FROM `named_log` [ RunTime:0.0030s ]
SQL: SHOW COLUMNS FROM `user` [ RunTime:0.0030s ]
SQL: SELECT `user_id`,`user_name` FROM `named_log` WHERE `user_id` = 0 AND `come` = 0 AND ( FROM_UNIXTIME(`date`,'%Y-%m-%d') >= '' AND FROM_UNIXTIME(`date`,'%Y-%m-%d') <= ''  ) LIMIT 1   [ RunTime:0.0000s ]
NOTIC: [8] Undefined variable: about D:\UPUPW_AP7.0\htdocs\Application\Named\Controller\SearchController.class.php 第 76 行.
INFO: [ view_parse ] --START--
INFO: [ template_filter ] --START--
INFO: Run Behavior\ContentReplaceBehavior [ RunTime:0.000000s ]
INFO: [ template_filter ] --END-- [ RunTime:0.000000s ]
INFO: Run Behavior\ParseTemplateBehavior [ RunTime:0.058000s ]
INFO: [ view_parse ] --END-- [ RunTime:0.058000s ]
INFO: [ view_filter ] --START--
INFO: Run Behavior\WriteHtmlCacheBehavior [ RunTime:0.004000s ]
INFO: [ view_filter ] --END-- [ RunTime:0.004000s ]
INFO: [ app_end ] --START--
INFO: Run Behavior\ShowPageTraceBehavior [ RunTime:0.004000s ]
INFO: [ app_end ] --END-- [ RunTime:0.005000s ]

[ 2017-05-22T14:34:43+08:00 ] 127.0.0.1 /named/search/c.html
INFO: [ app_init ] --START--
INFO: Run Behavior\BuildLiteBehavior [ RunTime:0.000000s ]
INFO: [ app_init ] --END-- [ RunTime:0.025000s ]
INFO: [ app_begin ] --START--
INFO: Run Behavior\ReadHtmlCacheBehavior [ RunTime:0.006000s ]
INFO: [ app_begin ] --END-- [ RunTime:0.006000s ]
SQL: SHOW COLUMNS FROM `named_log` [ RunTime:0.0040s ]
SQL: SELECT `user_id`,`user_name` FROM `named_log` WHERE `come` = 0 AND ( FROM_UNIXTIME(`date`,'%Y-%m-%d') >= '' AND FROM_UNIXTIME(`date`,'%Y-%m-%d') <= ''  ) AND `class` = '' GROUP BY user_id ORDER BY user_id  [ RunTime:0.0400s ]
INFO: [ view_parse ] --START--
INFO: [ template_filter ] --START--
INFO: Run Behavior\ContentReplaceBehavior [ RunTime:0.000000s ]
INFO: [ template_filter ] --END-- [ RunTime:0.000000s ]
INFO: Run Behavior\ParseTemplateBehavior [ RunTime:0.032000s ]
INFO: [ view_parse ] --END-- [ RunTime:0.032000s ]
INFO: [ view_filter ] --START--
INFO: Run Behavior\WriteHtmlCacheBehavior [ RunTime:0.004000s ]
INFO: [ view_filter ] --END-- [ RunTime:0.005000s ]
INFO: [ app_end ] --START--
INFO: Run Behavior\ShowPageTraceBehavior [ RunTime:0.005000s ]
INFO: [ app_end ] --END-- [ RunTime:0.005000s ]

[ 2017-05-22T14:34:56+08:00 ] 127.0.0.1 /named/search/c.html
INFO: [ app_init ] --START--
INFO: Run Behavior\BuildLiteBehavior [ RunTime:0.000000s ]
INFO: [ app_init ] --END-- [ RunTime:0.001000s ]
INFO: [ app_begin ] --START--
INFO: Run Behavior\ReadHtmlCacheBehavior [ RunTime:0.025000s ]
INFO: [ app_begin ] --END-- [ RunTime:0.026000s ]
SQL: SHOW COLUMNS FROM `named_log` [ RunTime:0.0050s ]
SQL: SELECT `user_id`,`user_name` FROM `named_log` WHERE `come` = 0 AND ( FROM_UNIXTIME(`date`,'%Y-%m-%d') >= '' AND FROM_UNIXTIME(`date`,'%Y-%m-%d') <= ''  ) AND `class` = '' GROUP BY user_id ORDER BY user_id  [ RunTime:0.0670s ]
INFO: [ view_parse ] --START--
INFO: [ template_filter ] --START--
INFO: Run Behavior\ContentReplaceBehavior [ RunTime:0.000000s ]
INFO: [ template_filter ] --END-- [ RunTime:0.000000s ]
INFO: Run Behavior\ParseTemplateBehavior [ RunTime:0.057000s ]
INFO: [ view_parse ] --END-- [ RunTime:0.057000s ]
INFO: [ view_filter ] --START--
INFO: Run Behavior\WriteHtmlCacheBehavior [ RunTime:0.010000s ]
INFO: [ view_filter ] --END-- [ RunTime:0.010000s ]
INFO: [ app_end ] --START--
INFO: Run Behavior\ShowPageTraceBehavior [ RunTime:0.009000s ]
INFO: [ app_end ] --END-- [ RunTime:0.009000s ]

[ 2017-05-22T14:35:12+08:00 ] 127.0.0.1 /named/dm.html
INFO: [ app_init ] --START--
INFO: Run Behavior\BuildLiteBehavior [ RunTime:0.000000s ]
INFO: [ app_init ] --END-- [ RunTime:0.000000s ]
INFO: [ app_begin ] --START--
INFO: Run Behavior\ReadHtmlCacheBehavior [ RunTime:0.004000s ]
INFO: [ app_begin ] --END-- [ RunTime:0.004000s ]
SQL: SHOW COLUMNS FROM `named_admin` [ RunTime:0.0070s ]
SQL: SELECT * FROM `named_admin` WHERE `id` = null LIMIT 1   [ RunTime:0.0000s ]
INFO: [ view_parse ] --START--
INFO: [ template_filter ] --START--
INFO: Run Behavior\ContentReplaceBehavior [ RunTime:0.000000s ]
INFO: [ template_filter ] --END-- [ RunTime:0.000000s ]
INFO: Run Behavior\ParseTemplateBehavior [ RunTime:0.033000s ]
INFO: [ view_parse ] --END-- [ RunTime:0.033000s ]
INFO: [ view_filter ] --START--
INFO: Run Behavior\WriteHtmlCacheBehavior [ RunTime:0.005000s ]
INFO: [ view_filter ] --END-- [ RunTime:0.005000s ]

[ 2017-05-22T14:35:23+08:00 ] 127.0.0.1 /named/search
INFO: [ app_init ] --START--
INFO: Run Behavior\BuildLiteBehavior [ RunTime:0.000000s ]
INFO: [ app_init ] --END-- [ RunTime:0.000000s ]
INFO: [ app_begin ] --START--
INFO: Run Behavior\ReadHtmlCacheBehavior [ RunTime:0.006000s ]
INFO: [ app_begin ] --END-- [ RunTime:0.006000s ]
SQL: SHOW COLUMNS FROM `named_log` [ RunTime:0.0040s ]
SQL: SHOW COLUMNS FROM `user` [ RunTime:0.0040s ]
SQL: SELECT `user_id`,`user_name` FROM `named_log` WHERE `user_id` = 0 AND `come` = 0 AND ( FROM_UNIXTIME(`date`,'%Y-%m-%d') >= '' AND FROM_UNIXTIME(`date`,'%Y-%m-%d') <= ''  ) LIMIT 1   [ RunTime:0.0000s ]
NOTIC: [8] Undefined variable: about D:\UPUPW_AP7.0\htdocs\Application\Named\Controller\SearchController.class.php 第 76 行.
INFO: [ view_parse ] --START--
INFO: [ template_filter ] --START--
INFO: Run Behavior\ContentReplaceBehavior [ RunTime:0.000000s ]
INFO: [ template_filter ] --END-- [ RunTime:0.000000s ]
INFO: Run Behavior\ParseTemplateBehavior [ RunTime:0.038000s ]
INFO: [ view_parse ] --END-- [ RunTime:0.038000s ]
INFO: [ view_filter ] --START--
INFO: Run Behavior\WriteHtmlCacheBehavior [ RunTime:0.006000s ]
INFO: [ view_filter ] --END-- [ RunTime:0.006000s ]
INFO: [ app_end ] --START--
INFO: Run Behavior\ShowPageTraceBehavior [ RunTime:0.005000s ]
INFO: [ app_end ] --END-- [ RunTime:0.005000s ]

[ 2017-05-22T14:35:52+08:00 ] 127.0.0.1 /named/search.html
INFO: [ app_init ] --START--
INFO: Run Behavior\BuildLiteBehavior [ RunTime:0.000000s ]
INFO: [ app_init ] --END-- [ RunTime:0.001000s ]
INFO: [ app_begin ] --START--
INFO: Run Behavior\ReadHtmlCacheBehavior [ RunTime:0.010000s ]
INFO: [ app_begin ] --END-- [ RunTime:0.010000s ]
SQL: SHOW COLUMNS FROM `named_log` [ RunTime:0.0050s ]
SQL: SHOW COLUMNS FROM `user` [ RunTime:0.0040s ]
SQL: SELECT `user_id`,`user_name` FROM `named_log` WHERE `user_id` = 0 AND `come` = 0 AND ( FROM_UNIXTIME(`date`,'%Y-%m-%d') >= '' AND FROM_UNIXTIME(`date`,'%Y-%m-%d') <= ''  ) LIMIT 1   [ RunTime:0.0000s ]
NOTIC: [8] Undefined variable: about D:\UPUPW_AP7.0\htdocs\Application\Named\Controller\SearchController.class.php 第 76 行.
INFO: [ view_parse ] --START--
INFO: [ template_filter ] --START--
INFO: Run Behavior\ContentReplaceBehavior [ RunTime:0.000000s ]
INFO: [ template_filter ] --END-- [ RunTime:0.001000s ]
INFO: Run Behavior\ParseTemplateBehavior [ RunTime:0.048000s ]
INFO: [ view_parse ] --END-- [ RunTime:0.048000s ]
INFO: [ view_filter ] --START--
INFO: Run Behavior\WriteHtmlCacheBehavior [ RunTime:0.009000s ]
INFO: [ view_filter ] --END-- [ RunTime:0.009000s ]
INFO: [ app_end ] --START--
INFO: Run Behavior\ShowPageTraceBehavior [ RunTime:0.036000s ]
INFO: [ app_end ] --END-- [ RunTime:0.036000s ]

[ 2017-05-22T14:36:21+08:00 ] 127.0.0.1 /named/search.html?stime=2017-05-22&etime=2017-05-22&id=144104124
INFO: [ app_init ] --START--
INFO: Run Behavior\BuildLiteBehavior [ RunTime:0.001000s ]
INFO: [ app_init ] --END-- [ RunTime:0.002000s ]
INFO: [ app_begin ] --START--
INFO: Run Behavior\ReadHtmlCacheBehavior [ RunTime:0.010000s ]
INFO: [ app_begin ] --END-- [ RunTime:0.010000s ]
SQL: SHOW COLUMNS FROM `named_log` [ RunTime:0.0050s ]
SQL: SHOW COLUMNS FROM `user` [ RunTime:0.0050s ]
SQL: SELECT `user_id`,`user_name` FROM `named_log` WHERE `user_id` = 144104124 AND `come` = 0 AND ( FROM_UNIXTIME(`date`,'%Y-%m-%d') >= '2017-05-22' AND FROM_UNIXTIME(`date`,'%Y-%m-%d') <= '2017-05-22'  ) LIMIT 1   [ RunTime:0.0010s ]
NOTIC: [8] Undefined variable: about D:\UPUPW_AP7.0\htdocs\Application\Named\Controller\SearchController.class.php 第 76 行.
INFO: [ view_parse ] --START--
INFO: [ template_filter ] --START--
INFO: Run Behavior\ContentReplaceBehavior [ RunTime:0.000000s ]
INFO: [ template_filter ] --END-- [ RunTime:0.000000s ]
INFO: Run Behavior\ParseTemplateBehavior [ RunTime:0.045000s ]
INFO: [ view_parse ] --END-- [ RunTime:0.045000s ]
INFO: [ view_filter ] --START--
INFO: Run Behavior\WriteHtmlCacheBehavior [ RunTime:0.007000s ]
INFO: [ view_filter ] --END-- [ RunTime:0.007000s ]
INFO: [ app_end ] --START--
INFO: Run Behavior\ShowPageTraceBehavior [ RunTime:0.013000s ]
INFO: [ app_end ] --END-- [ RunTime:0.013000s ]

[ 2017-05-22T14:36:27+08:00 ] 127.0.0.1 /named/search.html?stime=2017-05-22&etime=2017-05-22&id=144104124
INFO: [ app_init ] --START--
INFO: Run Behavior\BuildLiteBehavior [ RunTime:0.000000s ]
INFO: [ app_init ] --END-- [ RunTime:0.000000s ]
INFO: [ app_begin ] --START--
INFO: Run Behavior\ReadHtmlCacheBehavior [ RunTime:0.038000s ]
INFO: [ app_begin ] --END-- [ RunTime:0.038000s ]
SQL: SHOW COLUMNS FROM `named_log` [ RunTime:0.0060s ]
SQL: SHOW COLUMNS FROM `user` [ RunTime:0.0060s ]
SQL: SELECT `user_id`,`user_name` FROM `named_log` WHERE `user_id` = 144104124 AND `come` = 0 AND ( FROM_UNIXTIME(`date`,'%Y-%m-%d') >= '2017-05-22' AND FROM_UNIXTIME(`date`,'%Y-%m-%d') <= '2017-05-22'  ) LIMIT 1   [ RunTime:0.0000s ]
NOTIC: [8] Undefined variable: about D:\UPUPW_AP7.0\htdocs\Application\Named\Controller\SearchController.class.php 第 76 行.
INFO: [ view_parse ] --START--
INFO: [ template_filter ] --START--
INFO: Run Behavior\ContentReplaceBehavior [ RunTime:0.001000s ]
INFO: [ template_filter ] --END-- [ RunTime:0.001000s ]
INFO: Run Behavior\ParseTemplateBehavior [ RunTime:0.057000s ]
INFO: [ view_parse ] --END-- [ RunTime:0.057000s ]
INFO: [ view_filter ] --START--
INFO: Run Behavior\WriteHtmlCacheBehavior [ RunTime:0.009000s ]
INFO: [ view_filter ] --END-- [ RunTime:0.009000s ]
INFO: [ app_end ] --START--
INFO: Run Behavior\ShowPageTraceBehavior [ RunTime:0.009000s ]
INFO: [ app_end ] --END-- [ RunTime:0.009000s ]

[ 2017-05-22T14:36:32+08:00 ] 127.0.0.1 /named/revoke.html
INFO: [ app_init ] --START--
INFO: Run Behavior\BuildLiteBehavior [ RunTime:0.000000s ]
INFO: [ app_init ] --END-- [ RunTime:0.000000s ]
INFO: [ app_begin ] --START--
INFO: Run Behavior\ReadHtmlCacheBehavior [ RunTime:0.009000s ]
INFO: [ app_begin ] --END-- [ RunTime:0.009000s ]
SQL: SHOW COLUMNS FROM `named_admin` [ RunTime:0.0050s ]
SQL: SELECT * FROM `named_admin` WHERE `id` = null LIMIT 1   [ RunTime:0.0000s ]
INFO: [ view_parse ] --START--
INFO: [ template_filter ] --START--
INFO: Run Behavior\ContentReplaceBehavior [ RunTime:0.000000s ]
INFO: [ template_filter ] --END-- [ RunTime:0.000000s ]
INFO: Run Behavior\ParseTemplateBehavior [ RunTime:0.041000s ]
INFO: [ view_parse ] --END-- [ RunTime:0.041000s ]
INFO: [ view_filter ] --START--
INFO: Run Behavior\WriteHtmlCacheBehavior [ RunTime:0.008000s ]
INFO: [ view_filter ] --END-- [ RunTime:0.008000s ]

[ 2017-05-22T14:36:43+08:00 ] 127.0.0.1 /named/revoke.html
INFO: [ app_init ] --START--
INFO: Run Behavior\BuildLiteBehavior [ RunTime:0.000000s ]
INFO: [ app_init ] --END-- [ RunTime:0.001000s ]
INFO: [ app_begin ] --START--
INFO: Run Behavior\ReadHtmlCacheBehavior [ RunTime:0.026000s ]
INFO: [ app_begin ] --END-- [ RunTime:0.026000s ]
SQL: SHOW COLUMNS FROM `named_admin` [ RunTime:0.0090s ]
SQL: SELECT * FROM `named_admin` WHERE `id` = null LIMIT 1   [ RunTime:0.0010s ]
INFO: [ view_parse ] --START--
INFO: [ template_filter ] --START--
INFO: Run Behavior\ContentReplaceBehavior [ RunTime:0.000000s ]
INFO: [ template_filter ] --END-- [ RunTime:0.000000s ]
INFO: Run Behavior\ParseTemplateBehavior [ RunTime:0.043000s ]
INFO: [ view_parse ] --END-- [ RunTime:0.043000s ]
INFO: [ view_filter ] --START--
INFO: Run Behavior\WriteHtmlCacheBehavior [ RunTime:0.009000s ]
INFO: [ view_filter ] --END-- [ RunTime:0.009000s ]

[ 2017-05-22T14:36:49+08:00 ] 127.0.0.1 /named/revoke.html
INFO: [ app_init ] --START--
INFO: Run Behavior\BuildLiteBehavior [ RunTime:0.000000s ]
INFO: [ app_init ] --END-- [ RunTime:0.000000s ]
INFO: [ app_begin ] --START--
INFO: Run Behavior\ReadHtmlCacheBehavior [ RunTime:0.009000s ]
INFO: [ app_begin ] --END-- [ RunTime:0.009000s ]
SQL: SHOW COLUMNS FROM `named_admin` [ RunTime:0.0050s ]
SQL: SELECT * FROM `named_admin` WHERE `id` = null LIMIT 1   [ RunTime:0.0000s ]
INFO: [ view_parse ] --START--
INFO: [ template_filter ] --START--
INFO: Run Behavior\ContentReplaceBehavior [ RunTime:0.000000s ]
INFO: [ template_filter ] --END-- [ RunTime:0.000000s ]
INFO: Run Behavior\ParseTemplateBehavior [ RunTime:0.031000s ]
INFO: [ view_parse ] --END-- [ RunTime:0.031000s ]
INFO: [ view_filter ] --START--
INFO: Run Behavior\WriteHtmlCacheBehavior [ RunTime:0.011000s ]
INFO: [ view_filter ] --END-- [ RunTime:0.011000s ]

[ 2017-05-22T14:37:10+08:00 ] 127.0.0.1 /named/search.html?stime=2017-05-22&etime=2017-05-22&id=144104124
INFO: [ app_init ] --START--
INFO: Run Behavior\BuildLiteBehavior [ RunTime:0.000000s ]
INFO: [ app_init ] --END-- [ RunTime:0.001000s ]
INFO: [ app_begin ] --START--
INFO: Run Behavior\ReadHtmlCacheBehavior [ RunTime:0.011000s ]
INFO: [ app_begin ] --END-- [ RunTime:0.011000s ]
SQL: SHOW COLUMNS FROM `named_log` [ RunTime:0.0070s ]
SQL: SHOW COLUMNS FROM `user` [ RunTime:0.0070s ]
SQL: SELECT `user_id`,`user_name` FROM `named_log` WHERE `user_id` = 144104124 AND `come` = 0 AND ( FROM_UNIXTIME(`date`,'%Y-%m-%d') >= '2017-05-22' AND FROM_UNIXTIME(`date`,'%Y-%m-%d') <= '2017-05-22'  ) LIMIT 1   [ RunTime:0.0010s ]
NOTIC: [8] Undefined variable: about D:\UPUPW_AP7.0\htdocs\Application\Named\Controller\SearchController.class.php 第 76 行.
INFO: [ view_parse ] --START--
INFO: [ template_filter ] --START--
INFO: Run Behavior\ContentReplaceBehavior [ RunTime:0.000000s ]
INFO: [ template_filter ] --END-- [ RunTime:0.001000s ]
INFO: Run Behavior\ParseTemplateBehavior [ RunTime:0.099000s ]
INFO: [ view_parse ] --END-- [ RunTime:0.099000s ]
INFO: [ view_filter ] --START--
INFO: Run Behavior\WriteHtmlCacheBehavior [ RunTime:0.014000s ]
INFO: [ view_filter ] --END-- [ RunTime:0.014000s ]
INFO: [ app_end ] --START--
INFO: Run Behavior\ShowPageTraceBehavior [ RunTime:0.047000s ]
INFO: [ app_end ] --END-- [ RunTime:0.047000s ]

[ 2017-05-22T14:37:25+08:00 ] 127.0.0.1 /named/search/c.html
INFO: [ app_init ] --START--
INFO: Run Behavior\BuildLiteBehavior [ RunTime:0.000000s ]
INFO: [ app_init ] --END-- [ RunTime:0.002000s ]
INFO: [ app_begin ] --START--
INFO: Run Behavior\ReadHtmlCacheBehavior [ RunTime:0.029000s ]
INFO: [ app_begin ] --END-- [ RunTime:0.029000s ]
SQL: SHOW COLUMNS FROM `named_log` [ RunTime:0.0060s ]
SQL: SELECT `user_id`,`user_name` FROM `named_log` WHERE `come` = 0 AND ( FROM_UNIXTIME(`date`,'%Y-%m-%d') >= '' AND FROM_UNIXTIME(`date`,'%Y-%m-%d') <= ''  ) AND `class` = '' GROUP BY user_id ORDER BY user_id  [ RunTime:0.1010s ]
INFO: [ view_parse ] --START--
INFO: [ template_filter ] --START--
INFO: Run Behavior\ContentReplaceBehavior [ RunTime:0.000000s ]
INFO: [ template_filter ] --END-- [ RunTime:0.000000s ]
INFO: Run Behavior\ParseTemplateBehavior [ RunTime:0.044000s ]
INFO: [ view_parse ] --END-- [ RunTime:0.044000s ]
INFO: [ view_filter ] --START--
INFO: Run Behavior\WriteHtmlCacheBehavior [ RunTime:0.008000s ]
INFO: [ view_filter ] --END-- [ RunTime:0.008000s ]
INFO: [ app_end ] --START--
INFO: Run Behavior\ShowPageTraceBehavior [ RunTime:0.008000s ]
INFO: [ app_end ] --END-- [ RunTime:0.008000s ]

[ 2017-05-22T14:37:29+08:00 ] 127.0.0.1 /named/dm.html
INFO: [ app_init ] --START--
INFO: Run Behavior\BuildLiteBehavior [ RunTime:0.000000s ]
INFO: [ app_init ] --END-- [ RunTime:0.000000s ]
INFO: [ app_begin ] --START--
INFO: Run Behavior\ReadHtmlCacheBehavior [ RunTime:0.009000s ]
INFO: [ app_begin ] --END-- [ RunTime:0.009000s ]
SQL: SHOW COLUMNS FROM `named_admin` [ RunTime:0.0050s ]
SQL: SELECT * FROM `named_admin` WHERE `id` = null LIMIT 1   [ RunTime:0.0010s ]
INFO: [ view_parse ] --START--
INFO: [ template_filter ] --START--
INFO: Run Behavior\ContentReplaceBehavior [ RunTime:0.000000s ]
INFO: [ template_filter ] --END-- [ RunTime:0.000000s ]
INFO: Run Behavior\ParseTemplateBehavior [ RunTime:0.040000s ]
INFO: [ view_parse ] --END-- [ RunTime:0.040000s ]
INFO: [ view_filter ] --START--
INFO: Run Behavior\WriteHtmlCacheBehavior [ RunTime:0.008000s ]
INFO: [ view_filter ] --END-- [ RunTime:0.008000s ]

[ 2017-05-22T14:37:35+08:00 ] 127.0.0.1 /named/search/c.html?stime=2017-05-22&etime=2017-05-22&class=15%E8%AE%A1%E7%AE%97%E6%9C%BA%E7%BD%91%E7%BB%9C%E6%8A%80%E6%9C%AF1
INFO: [ app_init ] --START--
INFO: Run Behavior\BuildLiteBehavior [ RunTime:0.000000s ]
INFO: [ app_init ] --END-- [ RunTime:0.002000s ]
INFO: [ app_begin ] --START--
INFO: Run Behavior\ReadHtmlCacheBehavior [ RunTime:0.011000s ]
INFO: [ app_begin ] --END-- [ RunTime:0.011000s ]
SQL: SHOW COLUMNS FROM `named_log` [ RunTime:0.0060s ]
SQL: SELECT `user_id`,`user_name` FROM `named_log` WHERE `come` = 0 AND ( FROM_UNIXTIME(`date`,'%Y-%m-%d') >= '2017-05-22' AND FROM_UNIXTIME(`date`,'%Y-%m-%d') <= '2017-05-22'  ) AND `class` = '15计算机网络技术1' GROUP BY user_id ORDER BY user_id  [ RunTime:0.0870s ]
INFO: [ view_parse ] --START--
INFO: [ template_filter ] --START--
INFO: Run Behavior\ContentReplaceBehavior [ RunTime:0.000000s ]
INFO: [ template_filter ] --END-- [ RunTime:0.000000s ]
INFO: Run Behavior\ParseTemplateBehavior [ RunTime:0.055000s ]
INFO: [ view_parse ] --END-- [ RunTime:0.055000s ]
INFO: [ view_filter ] --START--
INFO: Run Behavior\WriteHtmlCacheBehavior [ RunTime:0.008000s ]
INFO: [ view_filter ] --END-- [ RunTime:0.008000s ]
INFO: [ app_end ] --START--
INFO: Run Behavior\ShowPageTraceBehavior [ RunTime:0.013000s ]
INFO: [ app_end ] --END-- [ RunTime:0.013000s ]

[ 2017-05-22T14:37:41+08:00 ] 127.0.0.1 /named/dm.html
INFO: [ app_init ] --START--
INFO: Run Behavior\BuildLiteBehavior [ RunTime:0.000000s ]
INFO: [ app_init ] --END-- [ RunTime:0.000000s ]
INFO: [ app_begin ] --START--
INFO: Run Behavior\ReadHtmlCacheBehavior [ RunTime:0.010000s ]
INFO: [ app_begin ] --END-- [ RunTime:0.010000s ]
SQL: SHOW COLUMNS FROM `named_admin` [ RunTime:0.0060s ]
SQL: SELECT * FROM `named_admin` WHERE `id` = null LIMIT 1   [ RunTime:0.0010s ]
INFO: [ view_parse ] --START--
INFO: [ template_filter ] --START--
INFO: Run Behavior\ContentReplaceBehavior [ RunTime:0.000000s ]
INFO: [ template_filter ] --END-- [ RunTime:0.000000s ]
INFO: Run Behavior\ParseTemplateBehavior [ RunTime:0.063000s ]
INFO: [ view_parse ] --END-- [ RunTime:0.063000s ]
INFO: [ view_filter ] --START--
INFO: Run Behavior\WriteHtmlCacheBehavior [ RunTime:0.013000s ]
INFO: [ view_filter ] --END-- [ RunTime:0.013000s ]

[ 2017-05-22T14:37:43+08:00 ] 127.0.0.1 /named/search/c.html?stime=2017-05-22&etime=2017-05-22&class=15%E8%AE%A1%E7%AE%97%E6%9C%BA%E7%BD%91%E7%BB%9C%E6%8A%80%E6%9C%AF1
INFO: [ app_init ] --START--
INFO: Run Behavior\BuildLiteBehavior [ RunTime:0.000000s ]
INFO: [ app_init ] --END-- [ RunTime:0.001000s ]
INFO: [ app_begin ] --START--
INFO: Run Behavior\ReadHtmlCacheBehavior [ RunTime:0.010000s ]
INFO: [ app_begin ] --END-- [ RunTime:0.010000s ]
SQL: SHOW COLUMNS FROM `named_log` [ RunTime:0.0070s ]
SQL: SELECT `user_id`,`user_name` FROM `named_log` WHERE `come` = 0 AND ( FROM_UNIXTIME(`date`,'%Y-%m-%d') >= '2017-05-22' AND FROM_UNIXTIME(`date`,'%Y-%m-%d') <= '2017-05-22'  ) AND `class` = '15计算机网络技术1' GROUP BY user_id ORDER BY user_id  [ RunTime:0.0700s ]
INFO: [ view_parse ] --START--
INFO: [ template_filter ] --START--
INFO: Run Behavior\ContentReplaceBehavior [ RunTime:0.001000s ]
INFO: [ template_filter ] --END-- [ RunTime:0.001000s ]
INFO: Run Behavior\ParseTemplateBehavior [ RunTime:0.051000s ]
INFO: [ view_parse ] --END-- [ RunTime:0.051000s ]
INFO: [ view_filter ] --START--
INFO: Run Behavior\WriteHtmlCacheBehavior [ RunTime:0.009000s ]
INFO: [ view_filter ] --END-- [ RunTime:0.009000s ]
INFO: [ app_end ] --START--
INFO: Run Behavior\ShowPageTraceBehavior [ RunTime:0.106000s ]
INFO: [ app_end ] --END-- [ RunTime:0.106000s ]

[ 2017-05-22T14:37:50+08:00 ] 127.0.0.1 /named/search/c.html?stime=2017-05-22&etime=2017-05-22&class=15%E8%AE%A1%E7%AE%97%E6%9C%BA%E7%BD%91%E7%BB%9C%E6%8A%80%E6%9C%AF1
INFO: [ app_init ] --START--
INFO: Run Behavior\BuildLiteBehavior [ RunTime:0.000000s ]
INFO: [ app_init ] --END-- [ RunTime:0.001000s ]
INFO: [ app_begin ] --START--
INFO: Run Behavior\ReadHtmlCacheBehavior [ RunTime:0.010000s ]
INFO: [ app_begin ] --END-- [ RunTime:0.010000s ]
SQL: SHOW COLUMNS FROM `named_log` [ RunTime:0.0050s ]
SQL: SELECT `user_id`,`user_name` FROM `named_log` WHERE `come` = 0 AND ( FROM_UNIXTIME(`date`,'%Y-%m-%d') >= '2017-05-22' AND FROM_UNIXTIME(`date`,'%Y-%m-%d') <= '2017-05-22'  ) AND `class` = '15计算机网络技术1' GROUP BY user_id ORDER BY user_id  [ RunTime:0.0730s ]
INFO: [ view_parse ] --START--
INFO: [ template_filter ] --START--
INFO: Run Behavior\ContentReplaceBehavior [ RunTime:0.000000s ]
INFO: [ template_filter ] --END-- [ RunTime:0.000000s ]
INFO: Run Behavior\ParseTemplateBehavior [ RunTime:0.054000s ]
INFO: [ view_parse ] --END-- [ RunTime:0.054000s ]
INFO: [ view_filter ] --START--
INFO: Run Behavior\WriteHtmlCacheBehavior [ RunTime:0.008000s ]
INFO: [ view_filter ] --END-- [ RunTime:0.009000s ]
INFO: [ app_end ] --START--
INFO: Run Behavior\ShowPageTraceBehavior [ RunTime:0.009000s ]
INFO: [ app_end ] --END-- [ RunTime:0.009000s ]

[ 2017-05-22T14:38:07+08:00 ] 127.0.0.1 /named/search/c.html?stime=2016-05-10&etime=2017-05-22&class=15%E8%AE%A1%E7%AE%97%E6%9C%BA%E7%BD%91%E7%BB%9C%E6%8A%80%E6%9C%AF1
INFO: [ app_init ] --START--
INFO: Run Behavior\BuildLiteBehavior [ RunTime:0.000000s ]
INFO: [ app_init ] --END-- [ RunTime:0.001000s ]
INFO: [ app_begin ] --START--
INFO: Run Behavior\ReadHtmlCacheBehavior [ RunTime:0.006000s ]
INFO: [ app_begin ] --END-- [ RunTime:0.006000s ]
SQL: SHOW COLUMNS FROM `named_log` [ RunTime:0.0030s ]
SQL: SELECT `user_id`,`user_name` FROM `named_log` WHERE `come` = 0 AND ( FROM_UNIXTIME(`date`,'%Y-%m-%d') >= '2016-05-10' AND FROM_UNIXTIME(`date`,'%Y-%m-%d') <= '2017-05-22'  ) AND `class` = '15计算机网络技术1' GROUP BY user_id ORDER BY user_id  [ RunTime:0.0370s ]
SQL: SELECT COUNT(*) AS tp_count FROM `named_log` WHERE `come` = 0 AND `type` < 3 AND ( FROM_UNIXTIME(`date`,'%Y-%m-%d') >= '2016-05-10' AND FROM_UNIXTIME(`date`,'%Y-%m-%d') <= '2017-05-22'  ) AND `user_id` = 134104128 LIMIT 1   [ RunTime:0.0120s ]
SQL: SELECT COUNT(*) AS tp_count FROM `named_log` WHERE `come` = 0 AND `type` >= 3 AND ( FROM_UNIXTIME(`date`,'%Y-%m-%d') >= '2016-05-10' AND FROM_UNIXTIME(`date`,'%Y-%m-%d') <= '2017-05-22'  ) AND `user_id` = 134104128 LIMIT 1   [ RunTime:0.0020s ]
SQL: SELECT COUNT(*) AS tp_count FROM `named_log` WHERE `come` = 0 AND `type` < 3 AND ( FROM_UNIXTIME(`date`,'%Y-%m-%d') >= '2016-05-10' AND FROM_UNIXTIME(`date`,'%Y-%m-%d') <= '2017-05-22'  ) AND `user_id` = 154104101 LIMIT 1   [ RunTime:0.0020s ]
SQL: SELECT COUNT(*) AS tp_count FROM `named_log` WHERE `come` = 0 AND `type` >= 3 AND ( FROM_UNIXTIME(`date`,'%Y-%m-%d') >= '2016-05-10' AND FROM_UNIXTIME(`date`,'%Y-%m-%d') <= '2017-05-22'  ) AND `user_id` = 154104101 LIMIT 1   [ RunTime:0.0010s ]
SQL: SELECT COUNT(*) AS tp_count FROM `named_log` WHERE `come` = 0 AND `type` < 3 AND ( FROM_UNIXTIME(`date`,'%Y-%m-%d') >= '2016-05-10' AND FROM_UNIXTIME(`date`,'%Y-%m-%d') <= '2017-05-22'  ) AND `user_id` = 154104102 LIMIT 1   [ RunTime:0.0020s ]
SQL: SELECT COUNT(*) AS tp_count FROM `named_log` WHERE `come` = 0 AND `type` >= 3 AND ( FROM_UNIXTIME(`date`,'%Y-%m-%d') >= '2016-05-10' AND FROM_UNIXTIME(`date`,'%Y-%m-%d') <= '2017-05-22'  ) AND `user_id` = 154104102 LIMIT 1   [ RunTime:0.0020s ]
SQL: SELECT COUNT(*) AS tp_count FROM `named_log` WHERE `come` = 0 AND `type` < 3 AND ( FROM_UNIXTIME(`date`,'%Y-%m-%d') >= '2016-05-10' AND FROM_UNIXTIME(`date`,'%Y-%m-%d') <= '2017-05-22'  ) AND `user_id` = 154104103 LIMIT 1   [ RunTime:0.0010s ]
SQL: SELECT COUNT(*) AS tp_count FROM `named_log` WHERE `come` = 0 AND `type` >= 3 AND ( FROM_UNIXTIME(`date`,'%Y-%m-%d') >= '2016-05-10' AND FROM_UNIXTIME(`date`,'%Y-%m-%d') <= '2017-05-22'  ) AND `user_id` = 154104103 LIMIT 1   [ RunTime:0.0020s ]
SQL: SELECT COUNT(*) AS tp_count FROM `named_log` WHERE `come` = 0 AND `type` < 3 AND ( FROM_UNIXTIME(`date`,'%Y-%m-%d') >= '2016-05-10' AND FROM_UNIXTIME(`date`,'%Y-%m-%d') <= '2017-05-22'  ) AND `user_id` = 154104107 LIMIT 1   [ RunTime:0.0010s ]
SQL: SELECT COUNT(*) AS tp_count FROM `named_log` WHERE `come` = 0 AND `type` >= 3 AND ( FROM_UNIXTIME(`date`,'%Y-%m-%d') >= '2016-05-10' AND FROM_UNIXTIME(`date`,'%Y-%m-%d') <= '2017-05-22'  ) AND `user_id` = 154104107 LIMIT 1   [ RunTime:0.0020s ]
SQL: SELECT COUNT(*) AS tp_count FROM `named_log` WHERE `come` = 0 AND `type` < 3 AND ( FROM_UNIXTIME(`date`,'%Y-%m-%d') >= '2016-05-10' AND FROM_UNIXTIME(`date`,'%Y-%m-%d') <= '2017-05-22'  ) AND `user_id` = 154104108 LIMIT 1   [ RunTime:0.0020s ]
SQL: SELECT COUNT(*) AS tp_count FROM `named_log` WHERE `come` = 0 AND `type` >= 3 AND ( FROM_UNIXTIME(`date`,'%Y-%m-%d') >= '2016-05-10' AND FROM_UNIXTIME(`date`,'%Y-%m-%d') <= '2017-05-22'  ) AND `user_id` = 154104108 LIMIT 1   [ RunTime:0.0020s ]
SQL: SELECT COUNT(*) AS tp_count FROM `named_log` WHERE `come` = 0 AND `type` < 3 AND ( FROM_UNIXTIME(`date`,'%Y-%m-%d') >= '2016-05-10' AND FROM_UNIXTIME(`date`,'%Y-%m-%d') <= '2017-05-22'  ) AND `user_id` = 154104109 LIMIT 1   [ RunTime:0.0020s ]
SQL: SELECT COUNT(*) AS tp_count FROM `named_log` WHERE `come` = 0 AND `type` >= 3 AND ( FROM_UNIXTIME(`date`,'%Y-%m-%d') >= '2016-05-10' AND FROM_UNIXTIME(`date`,'%Y-%m-%d') <= '2017-05-22'  ) AND `user_id` = 154104109 LIMIT 1   [ RunTime:0.0020s ]
SQL: SELECT COUNT(*) AS tp_count FROM `named_log` WHERE `come` = 0 AND `type` < 3 AND ( FROM_UNIXTIME(`date`,'%Y-%m-%d') >= '2016-05-10' AND FROM_UNIXTIME(`date`,'%Y-%m-%d') <= '2017-05-22'  ) AND `user_id` = 154104111 LIMIT 1   [ RunTime:0.0020s ]
SQL: SELECT COUNT(*) AS tp_count FROM `named_log` WHERE `come` = 0 AND `type` >= 3 AND ( FROM_UNIXTIME(`date`,'%Y-%m-%d') >= '2016-05-10' AND FROM_UNIXTIME(`date`,'%Y-%m-%d') <= '2017-05-22'  ) AND `user_id` = 154104111 LIMIT 1   [ RunTime:0.0020s ]
SQL: SELECT COUNT(*) AS tp_count FROM `named_log` WHERE `come` = 0 AND `type` < 3 AND ( FROM_UNIXTIME(`date`,'%Y-%m-%d') >= '2016-05-10' AND FROM_UNIXTIME(`date`,'%Y-%m-%d') <= '2017-05-22'  ) AND `user_id` = 154104112 LIMIT 1   [ RunTime:0.0020s ]
SQL: SELECT COUNT(*) AS tp_count FROM `named_log` WHERE `come` = 0 AND `type` >= 3 AND ( FROM_UNIXTIME(`date`,'%Y-%m-%d') >= '2016-05-10' AND FROM_UNIXTIME(`date`,'%Y-%m-%d') <= '2017-05-22'  ) AND `user_id` = 154104112 LIMIT 1   [ RunTime:0.0020s ]
SQL: SELECT COUNT(*) AS tp_count FROM `named_log` WHERE `come` = 0 AND `type` < 3 AND ( FROM_UNIXTIME(`date`,'%Y-%m-%d') >= '2016-05-10' AND FROM_UNIXTIME(`date`,'%Y-%m-%d') <= '2017-05-22'  ) AND `user_id` = 154104113 LIMIT 1   [ RunTime:0.0030s ]
SQL: SELECT COUNT(*) AS tp_count FROM `named_log` WHERE `come` = 0 AND `type` >= 3 AND ( FROM_UNIXTIME(`date`,'%Y-%m-%d') >= '2016-05-10' AND FROM_UNIXTIME(`date`,'%Y-%m-%d') <= '2017-05-22'  ) AND `user_id` = 154104113 LIMIT 1   [ RunTime:0.0020s ]
SQL: SELECT COUNT(*) AS tp_count FROM `named_log` WHERE `come` = 0 AND `type` < 3 AND ( FROM_UNIXTIME(`date`,'%Y-%m-%d') >= '2016-05-10' AND FROM_UNIXTIME(`date`,'%Y-%m-%d') <= '2017-05-22'  ) AND `user_id` = 154104114 LIMIT 1   [ RunTime:0.0010s ]
SQL: SELECT COUNT(*) AS tp_count FROM `named_log` WHERE `come` = 0 AND `type` >= 3 AND ( FROM_UNIXTIME(`date`,'%Y-%m-%d') >= '2016-05-10' AND FROM_UNIXTIME(`date`,'%Y-%m-%d') <= '2017-05-22'  ) AND `user_id` = 154104114 LIMIT 1   [ RunTime:0.0020s ]
SQL: SELECT COUNT(*) AS tp_count FROM `named_log` WHERE `come` = 0 AND `type` < 3 AND ( FROM_UNIXTIME(`date`,'%Y-%m-%d') >= '2016-05-10' AND FROM_UNIXTIME(`date`,'%Y-%m-%d') <= '2017-05-22'  ) AND `user_id` = 154104115 LIMIT 1   [ RunTime:0.0020s ]
SQL: SELECT COUNT(*) AS tp_count FROM `named_log` WHERE `come` = 0 AND `type` >= 3 AND ( FROM_UNIXTIME(`date`,'%Y-%m-%d') >= '2016-05-10' AND FROM_UNIXTIME(`date`,'%Y-%m-%d') <= '2017-05-22'  ) AND `user_id` = 154104115 LIMIT 1   [ RunTime:0.0020s ]
SQL: SELECT COUNT(*) AS tp_count FROM `named_log` WHERE `come` = 0 AND `type` < 3 AND ( FROM_UNIXTIME(`date`,'%Y-%m-%d') >= '2016-05-10' AND FROM_UNIXTIME(`date`,'%Y-%m-%d') <= '2017-05-22'  ) AND `user_id` = 154104116 LIMIT 1   [ RunTime:0.0020s ]
SQL: SELECT COUNT(*) AS tp_count FROM `named_log` WHERE `come` = 0 AND `type` >= 3 AND ( FROM_UNIXTIME(`date`,'%Y-%m-%d') >= '2016-05-10' AND FROM_UNIXTIME(`date`,'%Y-%m-%d') <= '2017-05-22'  ) AND `user_id` = 154104116 LIMIT 1   [ RunTime:0.0020s ]
SQL: SELECT COUNT(*) AS tp_count FROM `named_log` WHERE `come` = 0 AND `type` < 3 AND ( FROM_UNIXTIME(`date`,'%Y-%m-%d') >= '2016-05-10' AND FROM_UNIXTIME(`date`,'%Y-%m-%d') <= '2017-05-22'  ) AND `user_id` = 154104118 LIMIT 1   [ RunTime:0.0010s ]
SQL: SELECT COUNT(*) AS tp_count FROM `named_log` WHERE `come` = 0 AND `type` >= 3 AND ( FROM_UNIXTIME(`date`,'%Y-%m-%d') >= '2016-05-10' AND FROM_UNIXTIME(`date`,'%Y-%m-%d') <= '2017-05-22'  ) AND `user_id` = 154104118 LIMIT 1   [ RunTime:0.0010s ]
SQL: SELECT COUNT(*) AS tp_count FROM `named_log` WHERE `come` = 0 AND `type` < 3 AND ( FROM_UNIXTIME(`date`,'%Y-%m-%d') >= '2016-05-10' AND FROM_UNIXTIME(`date`,'%Y-%m-%d') <= '2017-05-22'  ) AND `user_id` = 154104121 LIMIT 1   [ RunTime:0.0020s ]
SQL: SELECT COUNT(*) AS tp_count FROM `named_log` WHERE `come` = 0 AND `type` >= 3 AND ( FROM_UNIXTIME(`date`,'%Y-%m-%d') >= '2016-05-10' AND FROM_UNIXTIME(`date`,'%Y-%m-%d') <= '2017-05-22'  ) AND `user_id` = 154104121 LIMIT 1   [ RunTime:0.0020s ]
SQL: SELECT COUNT(*) AS tp_count FROM `named_log` WHERE `come` = 0 AND `type` < 3 AND ( FROM_UNIXTIME(`date`,'%Y-%m-%d') >= '2016-05-10' AND FROM_UNIXTIME(`date`,'%Y-%m-%d') <= '2017-05-22'  ) AND `user_id` = 154104124 LIMIT 1   [ RunTime:0.0020s ]
SQL: SELECT COUNT(*) AS tp_count FROM `named_log` WHERE `come` = 0 AND `type` >= 3 AND ( FROM_UNIXTIME(`date`,'%Y-%m-%d') >= '2016-05-10' AND FROM_UNIXTIME(`date`,'%Y-%m-%d') <= '2017-05-22'  ) AND `user_id` = 154104124 LIMIT 1   [ RunTime:0.0010s ]
SQL: SELECT COUNT(*) AS tp_count FROM `named_log` WHERE `come` = 0 AND `type` < 3 AND ( FROM_UNIXTIME(`date`,'%Y-%m-%d') >= '2016-05-10' AND FROM_UNIXTIME(`date`,'%Y-%m-%d') <= '2017-05-22'  ) AND `user_id` = 154104125 LIMIT 1   [ RunTime:0.0020s ]
SQL: SELECT COUNT(*) AS tp_count FROM `named_log` WHERE `come` = 0 AND `type` >= 3 AND ( FROM_UNIXTIME(`date`,'%Y-%m-%d') >= '2016-05-10' AND FROM_UNIXTIME(`date`,'%Y-%m-%d') <= '2017-05-22'  ) AND `user_id` = 154104125 LIMIT 1   [ RunTime:0.0020s ]
SQL: SELECT COUNT(*) AS tp_count FROM `named_log` WHERE `come` = 0 AND `type` < 3 AND ( FROM_UNIXTIME(`date`,'%Y-%m-%d') >= '2016-05-10' AND FROM_UNIXTIME(`date`,'%Y-%m-%d') <= '2017-05-22'  ) AND `user_id` = 154104126 LIMIT 1   [ RunTime:0.0020s ]
SQL: SELECT COUNT(*) AS tp_count FROM `named_log` WHERE `come` = 0 AND `type` >= 3 AND ( FROM_UNIXTIME(`date`,'%Y-%m-%d') >= '2016-05-10' AND FROM_UNIXTIME(`date`,'%Y-%m-%d') <= '2017-05-22'  ) AND `user_id` = 154104126 LIMIT 1   [ RunTime:0.0020s ]
SQL: SELECT COUNT(*) AS tp_count FROM `named_log` WHERE `come` = 0 AND `type` < 3 AND ( FROM_UNIXTIME(`date`,'%Y-%m-%d') >= '2016-05-10' AND FROM_UNIXTIME(`date`,'%Y-%m-%d') <= '2017-05-22'  ) AND `user_id` = 154104127 LIMIT 1   [ RunTime:0.0020s ]
SQL: SELECT COUNT(*) AS tp_count FROM `named_log` WHERE `come` = 0 AND `type` >= 3 AND ( FROM_UNIXTIME(`date`,'%Y-%m-%d') >= '2016-05-10' AND FROM_UNIXTIME(`date`,'%Y-%m-%d') <= '2017-05-22'  ) AND `user_id` = 154104127 LIMIT 1   [ RunTime:0.0010s ]
SQL: SELECT COUNT(*) AS tp_count FROM `named_log` WHERE `come` = 0 AND `type` < 3 AND ( FROM_UNIXTIME(`date`,'%Y-%m-%d') >= '2016-05-10' AND FROM_UNIXTIME(`date`,'%Y-%m-%d') <= '2017-05-22'  ) AND `user_id` = 154104128 LIMIT 1   [ RunTime:0.0020s ]
SQL: SELECT COUNT(*) AS tp_count FROM `named_log` WHERE `come` = 0 AND `type` >= 3 AND ( FROM_UNIXTIME(`date`,'%Y-%m-%d') >= '2016-05-10' AND FROM_UNIXTIME(`date`,'%Y-%m-%d') <= '2017-05-22'  ) AND `user_id` = 154104128 LIMIT 1   [ RunTime:0.0030s ]
SQL: SELECT COUNT(*) AS tp_count FROM `named_log` WHERE `come` = 0 AND `type` < 3 AND ( FROM_UNIXTIME(`date`,'%Y-%m-%d') >= '2016-05-10' AND FROM_UNIXTIME(`date`,'%Y-%m-%d') <= '2017-05-22'  ) AND `user_id` = 154104130 LIMIT 1   [ RunTime:0.0030s ]
SQL: SELECT COUNT(*) AS tp_count FROM `named_log` WHERE `come` = 0 AND `type` >= 3 AND ( FROM_UNIXTIME(`date`,'%Y-%m-%d') >= '2016-05-10' AND FROM_UNIXTIME(`date`,'%Y-%m-%d') <= '2017-05-22'  ) AND `user_id` = 154104130 LIMIT 1   [ RunTime:0.0020s ]
SQL: SELECT COUNT(*) AS tp_count FROM `named_log` WHERE `come` = 0 AND `type` < 3 AND ( FROM_UNIXTIME(`date`,'%Y-%m-%d') >= '2016-05-10' AND FROM_UNIXTIME(`date`,'%Y-%m-%d') <= '2017-05-22'  ) AND `user_id` = 154104132 LIMIT 1   [ RunTime:0.0020s ]
SQL: SELECT COUNT(*) AS tp_count FROM `named_log` WHERE `come` = 0 AND `type` >= 3 AND ( FROM_UNIXTIME(`date`,'%Y-%m-%d') >= '2016-05-10' AND FROM_UNIXTIME(`date`,'%Y-%m-%d') <= '2017-05-22'  ) AND `user_id` = 154104132 LIMIT 1   [ RunTime:0.0020s ]
SQL: SELECT COUNT(*) AS tp_count FROM `named_log` WHERE `come` = 0 AND `type` < 3 AND ( FROM_UNIXTIME(`date`,'%Y-%m-%d') >= '2016-05-10' AND FROM_UNIXTIME(`date`,'%Y-%m-%d') <= '2017-05-22'  ) AND `user_id` = 154104134 LIMIT 1   [ RunTime:0.0020s ]
SQL: SELECT COUNT(*) AS tp_count FROM `named_log` WHERE `come` = 0 AND `type` >= 3 AND ( FROM_UNIXTIME(`date`,'%Y-%m-%d') >= '2016-05-10' AND FROM_UNIXTIME(`date`,'%Y-%m-%d') <= '2017-05-22'  ) AND `user_id` = 154104134 LIMIT 1   [ RunTime:0.0020s ]
SQL: SELECT COUNT(*) AS tp_count FROM `named_log` WHERE `come` = 0 AND `type` < 3 AND ( FROM_UNIXTIME(`date`,'%Y-%m-%d') >= '2016-05-10' AND FROM_UNIXTIME(`date`,'%Y-%m-%d') <= '2017-05-22'  ) AND `user_id` = 154104138 LIMIT 1   [ RunTime:0.0020s ]
SQL: SELECT COUNT(*) AS tp_count FROM `named_log` WHERE `come` = 0 AND `type` >= 3 AND ( FROM_UNIXTIME(`date`,'%Y-%m-%d') >= '2016-05-10' AND FROM_UNIXTIME(`date`,'%Y-%m-%d') <= '2017-05-22'  ) AND `user_id` = 154104138 LIMIT 1   [ RunTime:0.0020s ]
SQL: SELECT COUNT(*) AS tp_count FROM `named_log` WHERE `come` = 0 AND `type` < 3 AND ( FROM_UNIXTIME(`date`,'%Y-%m-%d') >= '2016-05-10' AND FROM_UNIXTIME(`date`,'%Y-%m-%d') <= '2017-05-22'  ) AND `user_id` = 154104139 LIMIT 1   [ RunTime:0.0020s ]
SQL: SELECT COUNT(*) AS tp_count FROM `named_log` WHERE `come` = 0 AND `type` >= 3 AND ( FROM_UNIXTIME(`date`,'%Y-%m-%d') >= '2016-05-10' AND FROM_UNIXTIME(`date`,'%Y-%m-%d') <= '2017-05-22'  ) AND `user_id` = 154104139 LIMIT 1   [ RunTime:0.0030s ]
SQL: SELECT COUNT(*) AS tp_count FROM `named_log` WHERE `come` = 0 AND `type` < 3 AND ( FROM_UNIXTIME(`date`,'%Y-%m-%d') >= '2016-05-10' AND FROM_UNIXTIME(`date`,'%Y-%m-%d') <= '2017-05-22'  ) AND `user_id` = 154104142 LIMIT 1   [ RunTime:0.0030s ]
SQL: SELECT COUNT(*) AS tp_count FROM `named_log` WHERE `come` = 0 AND `type` >= 3 AND ( FROM_UNIXTIME(`date`,'%Y-%m-%d') >= '2016-05-10' AND FROM_UNIXTIME(`date`,'%Y-%m-%d') <= '2017-05-22'  ) AND `user_id` = 154104142 LIMIT 1   [ RunTime:0.0020s ]
SQL: SELECT COUNT(*) AS tp_count FROM `named_log` WHERE `come` = 0 AND `type` < 3 AND ( FROM_UNIXTIME(`date`,'%Y-%m-%d') >= '2016-05-10' AND FROM_UNIXTIME(`date`,'%Y-%m-%d') <= '2017-05-22'  ) AND `user_id` = 154104144 LIMIT 1   [ RunTime:0.0090s ]
SQL: SELECT COUNT(*) AS tp_count FROM `named_log` WHERE `come` = 0 AND `type` >= 3 AND ( FROM_UNIXTIME(`date`,'%Y-%m-%d') >= '2016-05-10' AND FROM_UNIXTIME(`date`,'%Y-%m-%d') <= '2017-05-22'  ) AND `user_id` = 154104144 LIMIT 1   [ RunTime:0.0020s ]
SQL: SELECT COUNT(*) AS tp_count FROM `named_log` WHERE `come` = 0 AND `type` < 3 AND ( FROM_UNIXTIME(`date`,'%Y-%m-%d') >= '2016-05-10' AND FROM_UNIXTIME(`date`,'%Y-%m-%d') <= '2017-05-22'  ) AND `user_id` = 154104146 LIMIT 1   [ RunTime:0.0020s ]
SQL: SELECT COUNT(*) AS tp_count FROM `named_log` WHERE `come` = 0 AND `type` >= 3 AND ( FROM_UNIXTIME(`date`,'%Y-%m-%d') >= '2016-05-10' AND FROM_UNIXTIME(`date`,'%Y-%m-%d') <= '2017-05-22'  ) AND `user_id` = 154104146 LIMIT 1   [ RunTime:0.0020s ]
SQL: SELECT COUNT(*) AS tp_count FROM `named_log` WHERE `come` = 0 AND `type` < 3 AND ( FROM_UNIXTIME(`date`,'%Y-%m-%d') >= '2016-05-10' AND FROM_UNIXTIME(`date`,'%Y-%m-%d') <= '2017-05-22'  ) AND `user_id` = 154104147 LIMIT 1   [ RunTime:0.0020s ]
SQL: SELECT COUNT(*) AS tp_count FROM `named_log` WHERE `come` = 0 AND `type` >= 3 AND ( FROM_UNIXTIME(`date`,'%Y-%m-%d') >= '2016-05-10' AND FROM_UNIXTIME(`date`,'%Y-%m-%d') <= '2017-05-22'  ) AND `user_id` = 154104147 LIMIT 1   [ RunTime:0.0020s ]
SQL: SELECT COUNT(*) AS tp_count FROM `named_log` WHERE `come` = 0 AND `type` < 3 AND ( FROM_UNIXTIME(`date`,'%Y-%m-%d') >= '2016-05-10' AND FROM_UNIXTIME(`date`,'%Y-%m-%d') <= '2017-05-22'  ) AND `user_id` = 154104149 LIMIT 1   [ RunTime:0.0020s ]
SQL: SELECT COUNT(*) AS tp_count FROM `named_log` WHERE `come` = 0 AND `type` >= 3 AND ( FROM_UNIXTIME(`date`,'%Y-%m-%d') >= '2016-05-10' AND FROM_UNIXTIME(`date`,'%Y-%m-%d') <= '2017-05-22'  ) AND `user_id` = 154104149 LIMIT 1   [ RunTime:0.0010s ]
SQL: SELECT COUNT(*) AS tp_count FROM `named_log` WHERE `come` = 0 AND `type` < 3 AND ( FROM_UNIXTIME(`date`,'%Y-%m-%d') >= '2016-05-10' AND FROM_UNIXTIME(`date`,'%Y-%m-%d') <= '2017-05-22'  ) AND `user_id` = 154104153 LIMIT 1   [ RunTime:0.0010s ]
SQL: SELECT COUNT(*) AS tp_count FROM `named_log` WHERE `come` = 0 AND `type` >= 3 AND ( FROM_UNIXTIME(`date`,'%Y-%m-%d') >= '2016-05-10' AND FROM_UNIXTIME(`date`,'%Y-%m-%d') <= '2017-05-22'  ) AND `user_id` = 154104153 LIMIT 1   [ RunTime:0.0020s ]
SQL: SELECT COUNT(*) AS tp_count FROM `named_log` WHERE `come` = 0 AND `type` < 3 AND ( FROM_UNIXTIME(`date`,'%Y-%m-%d') >= '2016-05-10' AND FROM_UNIXTIME(`date`,'%Y-%m-%d') <= '2017-05-22'  ) AND `user_id` = 154104154 LIMIT 1   [ RunTime:0.0010s ]
SQL: SELECT COUNT(*) AS tp_count FROM `named_log` WHERE `come` = 0 AND `type` >= 3 AND ( FROM_UNIXTIME(`date`,'%Y-%m-%d') >= '2016-05-10' AND FROM_UNIXTIME(`date`,'%Y-%m-%d') <= '2017-05-22'  ) AND `user_id` = 154104154 LIMIT 1   [ RunTime:0.0010s ]
SQL: SELECT COUNT(*) AS tp_count FROM `named_log` WHERE `come` = 0 AND `type` < 3 AND ( FROM_UNIXTIME(`date`,'%Y-%m-%d') >= '2016-05-10' AND FROM_UNIXTIME(`date`,'%Y-%m-%d') <= '2017-05-22'  ) AND `user_id` = 154104155 LIMIT 1   [ RunTime:0.0010s ]
SQL: SELECT COUNT(*) AS tp_count FROM `named_log` WHERE `come` = 0 AND `type` >= 3 AND ( FROM_UNIXTIME(`date`,'%Y-%m-%d') >= '2016-05-10' AND FROM_UNIXTIME(`date`,'%Y-%m-%d') <= '2017-05-22'  ) AND `user_id` = 154104155 LIMIT 1   [ RunTime:0.0010s ]
INFO: [ view_parse ] --START--
INFO: [ template_filter ] --START--
INFO: Run Behavior\ContentReplaceBehavior [ RunTime:0.000000s ]
INFO: [ template_filter ] --END-- [ RunTime:0.000000s ]
INFO: Run Behavior\ParseTemplateBehavior [ RunTime:0.029000s ]
INFO: [ view_parse ] --END-- [ RunTime:0.029000s ]
INFO: [ view_filter ] --START--
INFO: Run Behavior\WriteHtmlCacheBehavior [ RunTime:0.004000s ]
INFO: [ view_filter ] --END-- [ RunTime:0.004000s ]
INFO: [ app_end ] --START--
INFO: Run Behavior\ShowPageTraceBehavior [ RunTime:0.005000s ]
INFO: [ app_end ] --END-- [ RunTime:0.005000s ]

[ 2017-05-22T14:38:12+08:00 ] 127.0.0.1 /named/search/c.html?stime=2017-05-22&etime=2017-05-22&class=15%E8%AE%A1%E7%AE%97%E6%9C%BA%E7%BD%91%E7%BB%9C%E6%8A%80%E6%9C%AF1
INFO: [ app_init ] --START--
INFO: Run Behavior\BuildLiteBehavior [ RunTime:0.000000s ]
INFO: [ app_init ] --END-- [ RunTime:0.000000s ]
INFO: [ app_begin ] --START--
INFO: Run Behavior\ReadHtmlCacheBehavior [ RunTime:0.099000s ]
INFO: [ app_begin ] --END-- [ RunTime:0.099000s ]
SQL: SHOW COLUMNS FROM `named_log` [ RunTime:0.0020s ]
SQL: SELECT `user_id`,`user_name` FROM `named_log` WHERE `come` = 0 AND ( FROM_UNIXTIME(`date`,'%Y-%m-%d') >= '2017-05-22' AND FROM_UNIXTIME(`date`,'%Y-%m-%d') <= '2017-05-22'  ) AND `class` = '15计算机网络技术1' GROUP BY user_id ORDER BY user_id  [ RunTime:0.0330s ]
INFO: [ view_parse ] --START--
INFO: [ template_filter ] --START--
INFO: Run Behavior\ContentReplaceBehavior [ RunTime:0.000000s ]
INFO: [ template_filter ] --END-- [ RunTime:0.000000s ]
INFO: Run Behavior\ParseTemplateBehavior [ RunTime:0.021000s ]
INFO: [ view_parse ] --END-- [ RunTime:0.021000s ]
INFO: [ view_filter ] --START--
INFO: Run Behavior\WriteHtmlCacheBehavior [ RunTime:0.004000s ]
INFO: [ view_filter ] --END-- [ RunTime:0.004000s ]
INFO: [ app_end ] --START--
INFO: Run Behavior\ShowPageTraceBehavior [ RunTime:0.003000s ]
INFO: [ app_end ] --END-- [ RunTime:0.003000s ]

[ 2017-05-22T14:39:12+08:00 ] 127.0.0.1 /named/search/c.html?stime=2016-05-10&etime=2017-05-22&class=15%E8%AE%A1%E7%AE%97%E6%9C%BA%E7%BD%91%E7%BB%9C%E6%8A%80%E6%9C%AF1
INFO: [ app_init ] --START--
INFO: Run Behavior\BuildLiteBehavior [ RunTime:0.000000s ]
INFO: [ app_init ] --END-- [ RunTime:0.001000s ]
INFO: [ app_begin ] --START--
INFO: Run Behavior\ReadHtmlCacheBehavior [ RunTime:0.006000s ]
INFO: [ app_begin ] --END-- [ RunTime:0.006000s ]
SQL: SHOW COLUMNS FROM `named_log` [ RunTime:0.0030s ]
SQL: SELECT `user_id`,`user_name` FROM `named_log` WHERE `come` = 0 AND ( FROM_UNIXTIME(`date`,'%Y-%m-%d') >= '2016-05-10' AND FROM_UNIXTIME(`date`,'%Y-%m-%d') <= '2017-05-22'  ) AND `class` = '15计算机网络技术1' GROUP BY user_id ORDER BY user_id  [ RunTime:0.0400s ]
SQL: SELECT COUNT(*) AS tp_count FROM `named_log` WHERE `come` = 0 AND `type` < 3 AND ( FROM_UNIXTIME(`date`,'%Y-%m-%d') >= '2016-05-10' AND FROM_UNIXTIME(`date`,'%Y-%m-%d') <= '2017-05-22'  ) AND `user_id` = 134104128 LIMIT 1   [ RunTime:0.0020s ]
SQL: SELECT COUNT(*) AS tp_count FROM `named_log` WHERE `come` = 0 AND `type` >= 3 AND ( FROM_UNIXTIME(`date`,'%Y-%m-%d') >= '2016-05-10' AND FROM_UNIXTIME(`date`,'%Y-%m-%d') <= '2017-05-22'  ) AND `user_id` = 134104128 LIMIT 1   [ RunTime:0.0020s ]
SQL: SELECT COUNT(*) AS tp_count FROM `named_log` WHERE `come` = 0 AND `type` < 3 AND ( FROM_UNIXTIME(`date`,'%Y-%m-%d') >= '2016-05-10' AND FROM_UNIXTIME(`date`,'%Y-%m-%d') <= '2017-05-22'  ) AND `user_id` = 154104101 LIMIT 1   [ RunTime:0.0020s ]
SQL: SELECT COUNT(*) AS tp_count FROM `named_log` WHERE `come` = 0 AND `type` >= 3 AND ( FROM_UNIXTIME(`date`,'%Y-%m-%d') >= '2016-05-10' AND FROM_UNIXTIME(`date`,'%Y-%m-%d') <= '2017-05-22'  ) AND `user_id` = 154104101 LIMIT 1   [ RunTime:0.0020s ]
SQL: SELECT COUNT(*) AS tp_count FROM `named_log` WHERE `come` = 0 AND `type` < 3 AND ( FROM_UNIXTIME(`date`,'%Y-%m-%d') >= '2016-05-10' AND FROM_UNIXTIME(`date`,'%Y-%m-%d') <= '2017-05-22'  ) AND `user_id` = 154104102 LIMIT 1   [ RunTime:0.0020s ]
SQL: SELECT COUNT(*) AS tp_count FROM `named_log` WHERE `come` = 0 AND `type` >= 3 AND ( FROM_UNIXTIME(`date`,'%Y-%m-%d') >= '2016-05-10' AND FROM_UNIXTIME(`date`,'%Y-%m-%d') <= '2017-05-22'  ) AND `user_id` = 154104102 LIMIT 1   [ RunTime:0.0020s ]
SQL: SELECT COUNT(*) AS tp_count FROM `named_log` WHERE `come` = 0 AND `type` < 3 AND ( FROM_UNIXTIME(`date`,'%Y-%m-%d') >= '2016-05-10' AND FROM_UNIXTIME(`date`,'%Y-%m-%d') <= '2017-05-22'  ) AND `user_id` = 154104103 LIMIT 1   [ RunTime:0.0020s ]
SQL: SELECT COUNT(*) AS tp_count FROM `named_log` WHERE `come` = 0 AND `type` >= 3 AND ( FROM_UNIXTIME(`date`,'%Y-%m-%d') >= '2016-05-10' AND FROM_UNIXTIME(`date`,'%Y-%m-%d') <= '2017-05-22'  ) AND `user_id` = 154104103 LIMIT 1   [ RunTime:0.0020s ]
SQL: SELECT COUNT(*) AS tp_count FROM `named_log` WHERE `come` = 0 AND `type` < 3 AND ( FROM_UNIXTIME(`date`,'%Y-%m-%d') >= '2016-05-10' AND FROM_UNIXTIME(`date`,'%Y-%m-%d') <= '2017-05-22'  ) AND `user_id` = 154104107 LIMIT 1   [ RunTime:0.0040s ]
SQL: SELECT COUNT(*) AS tp_count FROM `named_log` WHERE `come` = 0 AND `type` >= 3 AND ( FROM_UNIXTIME(`date`,'%Y-%m-%d') >= '2016-05-10' AND FROM_UNIXTIME(`date`,'%Y-%m-%d') <= '2017-05-22'  ) AND `user_id` = 154104107 LIMIT 1   [ RunTime:0.0020s ]
SQL: SELECT COUNT(*) AS tp_count FROM `named_log` WHERE `come` = 0 AND `type` < 3 AND ( FROM_UNIXTIME(`date`,'%Y-%m-%d') >= '2016-05-10' AND FROM_UNIXTIME(`date`,'%Y-%m-%d') <= '2017-05-22'  ) AND `user_id` = 154104108 LIMIT 1   [ RunTime:0.0020s ]
SQL: SELECT COUNT(*) AS tp_count FROM `named_log` WHERE `come` = 0 AND `type` >= 3 AND ( FROM_UNIXTIME(`date`,'%Y-%m-%d') >= '2016-05-10' AND FROM_UNIXTIME(`date`,'%Y-%m-%d') <= '2017-05-22'  ) AND `user_id` = 154104108 LIMIT 1   [ RunTime:0.0020s ]
SQL: SELECT COUNT(*) AS tp_count FROM `named_log` WHERE `come` = 0 AND `type` < 3 AND ( FROM_UNIXTIME(`date`,'%Y-%m-%d') >= '2016-05-10' AND FROM_UNIXTIME(`date`,'%Y-%m-%d') <= '2017-05-22'  ) AND `user_id` = 154104109 LIMIT 1   [ RunTime:0.0020s ]
SQL: SELECT COUNT(*) AS tp_count FROM `named_log` WHERE `come` = 0 AND `type` >= 3 AND ( FROM_UNIXTIME(`date`,'%Y-%m-%d') >= '2016-05-10' AND FROM_UNIXTIME(`date`,'%Y-%m-%d') <= '2017-05-22'  ) AND `user_id` = 154104109 LIMIT 1   [ RunTime:0.0020s ]
SQL: SELECT COUNT(*) AS tp_count FROM `named_log` WHERE `come` = 0 AND `type` < 3 AND ( FROM_UNIXTIME(`date`,'%Y-%m-%d') >= '2016-05-10' AND FROM_UNIXTIME(`date`,'%Y-%m-%d') <= '2017-05-22'  ) AND `user_id` = 154104111 LIMIT 1   [ RunTime:0.0020s ]
SQL: SELECT COUNT(*) AS tp_count FROM `named_log` WHERE `come` = 0 AND `type` >= 3 AND ( FROM_UNIXTIME(`date`,'%Y-%m-%d') >= '2016-05-10' AND FROM_UNIXTIME(`date`,'%Y-%m-%d') <= '2017-05-22'  ) AND `user_id` = 154104111 LIMIT 1   [ RunTime:0.0020s ]
SQL: SELECT COUNT(*) AS tp_count FROM `named_log` WHERE `come` = 0 AND `type` < 3 AND ( FROM_UNIXTIME(`date`,'%Y-%m-%d') >= '2016-05-10' AND FROM_UNIXTIME(`date`,'%Y-%m-%d') <= '2017-05-22'  ) AND `user_id` = 154104112 LIMIT 1   [ RunTime:0.0020s ]
SQL: SELECT COUNT(*) AS tp_count FROM `named_log` WHERE `come` = 0 AND `type` >= 3 AND ( FROM_UNIXTIME(`date`,'%Y-%m-%d') >= '2016-05-10' AND FROM_UNIXTIME(`date`,'%Y-%m-%d') <= '2017-05-22'  ) AND `user_id` = 154104112 LIMIT 1   [ RunTime:0.0020s ]
SQL: SELECT COUNT(*) AS tp_count FROM `named_log` WHERE `come` = 0 AND `type` < 3 AND ( FROM_UNIXTIME(`date`,'%Y-%m-%d') >= '2016-05-10' AND FROM_UNIXTIME(`date`,'%Y-%m-%d') <= '2017-05-22'  ) AND `user_id` = 154104113 LIMIT 1   [ RunTime:0.0020s ]
SQL: SELECT COUNT(*) AS tp_count FROM `named_log` WHERE `come` = 0 AND `type` >= 3 AND ( FROM_UNIXTIME(`date`,'%Y-%m-%d') >= '2016-05-10' AND FROM_UNIXTIME(`date`,'%Y-%m-%d') <= '2017-05-22'  ) AND `user_id` = 154104113 LIMIT 1   [ RunTime:0.0020s ]
SQL: SELECT COUNT(*) AS tp_count FROM `named_log` WHERE `come` = 0 AND `type` < 3 AND ( FROM_UNIXTIME(`date`,'%Y-%m-%d') >= '2016-05-10' AND FROM_UNIXTIME(`date`,'%Y-%m-%d') <= '2017-05-22'  ) AND `user_id` = 154104114 LIMIT 1   [ RunTime:0.0020s ]
SQL: SELECT COUNT(*) AS tp_count FROM `named_log` WHERE `come` = 0 AND `type` >= 3 AND ( FROM_UNIXTIME(`date`,'%Y-%m-%d') >= '2016-05-10' AND FROM_UNIXTIME(`date`,'%Y-%m-%d') <= '2017-05-22'  ) AND `user_id` = 154104114 LIMIT 1   [ RunTime:0.0030s ]
SQL: SELECT COUNT(*) AS tp_count FROM `named_log` WHERE `come` = 0 AND `type` < 3 AND ( FROM_UNIXTIME(`date`,'%Y-%m-%d') >= '2016-05-10' AND FROM_UNIXTIME(`date`,'%Y-%m-%d') <= '2017-05-22'  ) AND `user_id` = 154104115 LIMIT 1   [ RunTime:0.0020s ]
SQL: SELECT COUNT(*) AS tp_count FROM `named_log` WHERE `come` = 0 AND `type` >= 3 AND ( FROM_UNIXTIME(`date`,'%Y-%m-%d') >= '2016-05-10' AND FROM_UNIXTIME(`date`,'%Y-%m-%d') <= '2017-05-22'  ) AND `user_id` = 154104115 LIMIT 1   [ RunTime:0.0020s ]
SQL: SELECT COUNT(*) AS tp_count FROM `named_log` WHERE `come` = 0 AND `type` < 3 AND ( FROM_UNIXTIME(`date`,'%Y-%m-%d') >= '2016-05-10' AND FROM_UNIXTIME(`date`,'%Y-%m-%d') <= '2017-05-22'  ) AND `user_id` = 154104116 LIMIT 1   [ RunTime:0.0020s ]
SQL: SELECT COUNT(*) AS tp_count FROM `named_log` WHERE `come` = 0 AND `type` >= 3 AND ( FROM_UNIXTIME(`date`,'%Y-%m-%d') >= '2016-05-10' AND FROM_UNIXTIME(`date`,'%Y-%m-%d') <= '2017-05-22'  ) AND `user_id` = 154104116 LIMIT 1   [ RunTime:0.0020s ]
SQL: SELECT COUNT(*) AS tp_count FROM `named_log` WHERE `come` = 0 AND `type` < 3 AND ( FROM_UNIXTIME(`date`,'%Y-%m-%d') >= '2016-05-10' AND FROM_UNIXTIME(`date`,'%Y-%m-%d') <= '2017-05-22'  ) AND `user_id` = 154104118 LIMIT 1   [ RunTime:0.0020s ]
SQL: SELECT COUNT(*) AS tp_count FROM `named_log` WHERE `come` = 0 AND `type` >= 3 AND ( FROM_UNIXTIME(`date`,'%Y-%m-%d') >= '2016-05-10' AND FROM_UNIXTIME(`date`,'%Y-%m-%d') <= '2017-05-22'  ) AND `user_id` = 154104118 LIMIT 1   [ RunTime:0.0020s ]
SQL: SELECT COUNT(*) AS tp_count FROM `named_log` WHERE `come` = 0 AND `type` < 3 AND ( FROM_UNIXTIME(`date`,'%Y-%m-%d') >= '2016-05-10' AND FROM_UNIXTIME(`date`,'%Y-%m-%d') <= '2017-05-22'  ) AND `user_id` = 154104121 LIMIT 1   [ RunTime:0.0020s ]
SQL: SELECT COUNT(*) AS tp_count FROM `named_log` WHERE `come` = 0 AND `type` >= 3 AND ( FROM_UNIXTIME(`date`,'%Y-%m-%d') >= '2016-05-10' AND FROM_UNIXTIME(`date`,'%Y-%m-%d') <= '2017-05-22'  ) AND `user_id` = 154104121 LIMIT 1   [ RunTime:0.0020s ]
SQL: SELECT COUNT(*) AS tp_count FROM `named_log` WHERE `come` = 0 AND `type` < 3 AND ( FROM_UNIXTIME(`date`,'%Y-%m-%d') >= '2016-05-10' AND FROM_UNIXTIME(`date`,'%Y-%m-%d') <= '2017-05-22'  ) AND `user_id` = 154104124 LIMIT 1   [ RunTime:0.0020s ]
SQL: SELECT COUNT(*) AS tp_count FROM `named_log` WHERE `come` = 0 AND `type` >= 3 AND ( FROM_UNIXTIME(`date`,'%Y-%m-%d') >= '2016-05-10' AND FROM_UNIXTIME(`date`,'%Y-%m-%d') <= '2017-05-22'  ) AND `user_id` = 154104124 LIMIT 1   [ RunTime:0.0030s ]
SQL: SELECT COUNT(*) AS tp_count FROM `named_log` WHERE `come` = 0 AND `type` < 3 AND ( FROM_UNIXTIME(`date`,'%Y-%m-%d') >= '2016-05-10' AND FROM_UNIXTIME(`date`,'%Y-%m-%d') <= '2017-05-22'  ) AND `user_id` = 154104125 LIMIT 1   [ RunTime:0.0020s ]
SQL: SELECT COUNT(*) AS tp_count FROM `named_log` WHERE `come` = 0 AND `type` >= 3 AND ( FROM_UNIXTIME(`date`,'%Y-%m-%d') >= '2016-05-10' AND FROM_UNIXTIME(`date`,'%Y-%m-%d') <= '2017-05-22'  ) AND `user_id` = 154104125 LIMIT 1   [ RunTime:0.0030s ]
SQL: SELECT COUNT(*) AS tp_count FROM `named_log` WHERE `come` = 0 AND `type` < 3 AND ( FROM_UNIXTIME(`date`,'%Y-%m-%d') >= '2016-05-10' AND FROM_UNIXTIME(`date`,'%Y-%m-%d') <= '2017-05-22'  ) AND `user_id` = 154104126 LIMIT 1   [ RunTime:0.0020s ]
SQL: SELECT COUNT(*) AS tp_count FROM `named_log` WHERE `come` = 0 AND `type` >= 3 AND ( FROM_UNIXTIME(`date`,'%Y-%m-%d') >= '2016-05-10' AND FROM_UNIXTIME(`date`,'%Y-%m-%d') <= '2017-05-22'  ) AND `user_id` = 154104126 LIMIT 1   [ RunTime:0.0020s ]
SQL: SELECT COUNT(*) AS tp_count FROM `named_log` WHERE `come` = 0 AND `type` < 3 AND ( FROM_UNIXTIME(`date`,'%Y-%m-%d') >= '2016-05-10' AND FROM_UNIXTIME(`date`,'%Y-%m-%d') <= '2017-05-22'  ) AND `user_id` = 154104127 LIMIT 1   [ RunTime:0.0020s ]
SQL: SELECT COUNT(*) AS tp_count FROM `named_log` WHERE `come` = 0 AND `type` >= 3 AND ( FROM_UNIXTIME(`date`,'%Y-%m-%d') >= '2016-05-10' AND FROM_UNIXTIME(`date`,'%Y-%m-%d') <= '2017-05-22'  ) AND `user_id` = 154104127 LIMIT 1   [ RunTime:0.0020s ]
SQL: SELECT COUNT(*) AS tp_count FROM `named_log` WHERE `come` = 0 AND `type` < 3 AND ( FROM_UNIXTIME(`date`,'%Y-%m-%d') >= '2016-05-10' AND FROM_UNIXTIME(`date`,'%Y-%m-%d') <= '2017-05-22'  ) AND `user_id` = 154104128 LIMIT 1   [ RunTime:0.0020s ]
SQL: SELECT COUNT(*) AS tp_count FROM `named_log` WHERE `come` = 0 AND `type` >= 3 AND ( FROM_UNIXTIME(`date`,'%Y-%m-%d') >= '2016-05-10' AND FROM_UNIXTIME(`date`,'%Y-%m-%d') <= '2017-05-22'  ) AND `user_id` = 154104128 LIMIT 1   [ RunTime:0.0010s ]
SQL: SELECT COUNT(*) AS tp_count FROM `named_log` WHERE `come` = 0 AND `type` < 3 AND ( FROM_UNIXTIME(`date`,'%Y-%m-%d') >= '2016-05-10' AND FROM_UNIXTIME(`date`,'%Y-%m-%d') <= '2017-05-22'  ) AND `user_id` = 154104130 LIMIT 1   [ RunTime:0.0020s ]
SQL: SELECT COUNT(*) AS tp_count FROM `named_log` WHERE `come` = 0 AND `type` >= 3 AND ( FROM_UNIXTIME(`date`,'%Y-%m-%d') >= '2016-05-10' AND FROM_UNIXTIME(`date`,'%Y-%m-%d') <= '2017-05-22'  ) AND `user_id` = 154104130 LIMIT 1   [ RunTime:0.0020s ]
SQL: SELECT COUNT(*) AS tp_count FROM `named_log` WHERE `come` = 0 AND `type` < 3 AND ( FROM_UNIXTIME(`date`,'%Y-%m-%d') >= '2016-05-10' AND FROM_UNIXTIME(`date`,'%Y-%m-%d') <= '2017-05-22'  ) AND `user_id` = 154104132 LIMIT 1   [ RunTime:0.0020s ]
SQL: SELECT COUNT(*) AS tp_count FROM `named_log` WHERE `come` = 0 AND `type` >= 3 AND ( FROM_UNIXTIME(`date`,'%Y-%m-%d') >= '2016-05-10' AND FROM_UNIXTIME(`date`,'%Y-%m-%d') <= '2017-05-22'  ) AND `user_id` = 154104132 LIMIT 1   [ RunTime:0.0020s ]
SQL: SELECT COUNT(*) AS tp_count FROM `named_log` WHERE `come` = 0 AND `type` < 3 AND ( FROM_UNIXTIME(`date`,'%Y-%m-%d') >= '2016-05-10' AND FROM_UNIXTIME(`date`,'%Y-%m-%d') <= '2017-05-22'  ) AND `user_id` = 154104134 LIMIT 1   [ RunTime:0.0020s ]
SQL: SELECT COUNT(*) AS tp_count FROM `named_log` WHERE `come` = 0 AND `type` >= 3 AND ( FROM_UNIXTIME(`date`,'%Y-%m-%d') >= '2016-05-10' AND FROM_UNIXTIME(`date`,'%Y-%m-%d') <= '2017-05-22'  ) AND `user_id` = 154104134 LIMIT 1   [ RunTime:0.0020s ]
SQL: SELECT COUNT(*) AS tp_count FROM `named_log` WHERE `come` = 0 AND `type` < 3 AND ( FROM_UNIXTIME(`date`,'%Y-%m-%d') >= '2016-05-10' AND FROM_UNIXTIME(`date`,'%Y-%m-%d') <= '2017-05-22'  ) AND `user_id` = 154104138 LIMIT 1   [ RunTime:0.0010s ]
SQL: SELECT COUNT(*) AS tp_count FROM `named_log` WHERE `come` = 0 AND `type` >= 3 AND ( FROM_UNIXTIME(`date`,'%Y-%m-%d') >= '2016-05-10' AND FROM_UNIXTIME(`date`,'%Y-%m-%d') <= '2017-05-22'  ) AND `user_id` = 154104138 LIMIT 1   [ RunTime:0.0010s ]
SQL: SELECT COUNT(*) AS tp_count FROM `named_log` WHERE `come` = 0 AND `type` < 3 AND ( FROM_UNIXTIME(`date`,'%Y-%m-%d') >= '2016-05-10' AND FROM_UNIXTIME(`date`,'%Y-%m-%d') <= '2017-05-22'  ) AND `user_id` = 154104139 LIMIT 1   [ RunTime:0.0030s ]
SQL: SELECT COUNT(*) AS tp_count FROM `named_log` WHERE `come` = 0 AND `type` >= 3 AND ( FROM_UNIXTIME(`date`,'%Y-%m-%d') >= '2016-05-10' AND FROM_UNIXTIME(`date`,'%Y-%m-%d') <= '2017-05-22'  ) AND `user_id` = 154104139 LIMIT 1   [ RunTime:0.0020s ]
SQL: SELECT COUNT(*) AS tp_count FROM `named_log` WHERE `come` = 0 AND `type` < 3 AND ( FROM_UNIXTIME(`date`,'%Y-%m-%d') >= '2016-05-10' AND FROM_UNIXTIME(`date`,'%Y-%m-%d') <= '2017-05-22'  ) AND `user_id` = 154104142 LIMIT 1   [ RunTime:0.0020s ]
SQL: SELECT COUNT(*) AS tp_count FROM `named_log` WHERE `come` = 0 AND `type` >= 3 AND ( FROM_UNIXTIME(`date`,'%Y-%m-%d') >= '2016-05-10' AND FROM_UNIXTIME(`date`,'%Y-%m-%d') <= '2017-05-22'  ) AND `user_id` = 154104142 LIMIT 1   [ RunTime:0.0020s ]
SQL: SELECT COUNT(*) AS tp_count FROM `named_log` WHERE `come` = 0 AND `type` < 3 AND ( FROM_UNIXTIME(`date`,'%Y-%m-%d') >= '2016-05-10' AND FROM_UNIXTIME(`date`,'%Y-%m-%d') <= '2017-05-22'  ) AND `user_id` = 154104144 LIMIT 1   [ RunTime:0.0020s ]
SQL: SELECT COUNT(*) AS tp_count FROM `named_log` WHERE `come` = 0 AND `type` >= 3 AND ( FROM_UNIXTIME(`date`,'%Y-%m-%d') >= '2016-05-10' AND FROM_UNIXTIME(`date`,'%Y-%m-%d') <= '2017-05-22'  ) AND `user_id` = 154104144 LIMIT 1   [ RunTime:0.0010s ]
SQL: SELECT COUNT(*) AS tp_count FROM `named_log` WHERE `come` = 0 AND `type` < 3 AND ( FROM_UNIXTIME(`date`,'%Y-%m-%d') >= '2016-05-10' AND FROM_UNIXTIME(`date`,'%Y-%m-%d') <= '2017-05-22'  ) AND `user_id` = 154104146 LIMIT 1   [ RunTime:0.0020s ]
SQL: SELECT COUNT(*) AS tp_count FROM `named_log` WHERE `come` = 0 AND `type` >= 3 AND ( FROM_UNIXTIME(`date`,'%Y-%m-%d') >= '2016-05-10' AND FROM_UNIXTIME(`date`,'%Y-%m-%d') <= '2017-05-22'  ) AND `user_id` = 154104146 LIMIT 1   [ RunTime:0.0010s ]
SQL: SELECT COUNT(*) AS tp_count FROM `named_log` WHERE `come` = 0 AND `type` < 3 AND ( FROM_UNIXTIME(`date`,'%Y-%m-%d') >= '2016-05-10' AND FROM_UNIXTIME(`date`,'%Y-%m-%d') <= '2017-05-22'  ) AND `user_id` = 154104147 LIMIT 1   [ RunTime:0.0010s ]
SQL: SELECT COUNT(*) AS tp_count FROM `named_log` WHERE `come` = 0 AND `type` >= 3 AND ( FROM_UNIXTIME(`date`,'%Y-%m-%d') >= '2016-05-10' AND FROM_UNIXTIME(`date`,'%Y-%m-%d') <= '2017-05-22'  ) AND `user_id` = 154104147 LIMIT 1   [ RunTime:0.0010s ]
SQL: SELECT COUNT(*) AS tp_count FROM `named_log` WHERE `come` = 0 AND `type` < 3 AND ( FROM_UNIXTIME(`date`,'%Y-%m-%d') >= '2016-05-10' AND FROM_UNIXTIME(`date`,'%Y-%m-%d') <= '2017-05-22'  ) AND `user_id` = 154104149 LIMIT 1   [ RunTime:0.0020s ]
SQL: SELECT COUNT(*) AS tp_count FROM `named_log` WHERE `come` = 0 AND `type` >= 3 AND ( FROM_UNIXTIME(`date`,'%Y-%m-%d') >= '2016-05-10' AND FROM_UNIXTIME(`date`,'%Y-%m-%d') <= '2017-05-22'  ) AND `user_id` = 154104149 LIMIT 1   [ RunTime:0.0020s ]
SQL: SELECT COUNT(*) AS tp_count FROM `named_log` WHERE `come` = 0 AND `type` < 3 AND ( FROM_UNIXTIME(`date`,'%Y-%m-%d') >= '2016-05-10' AND FROM_UNIXTIME(`date`,'%Y-%m-%d') <= '2017-05-22'  ) AND `user_id` = 154104153 LIMIT 1   [ RunTime:0.0020s ]
SQL: SELECT COUNT(*) AS tp_count FROM `named_log` WHERE `come` = 0 AND `type` >= 3 AND ( FROM_UNIXTIME(`date`,'%Y-%m-%d') >= '2016-05-10' AND FROM_UNIXTIME(`date`,'%Y-%m-%d') <= '2017-05-22'  ) AND `user_id` = 154104153 LIMIT 1   [ RunTime:0.0030s ]
SQL: SELECT COUNT(*) AS tp_count FROM `named_log` WHERE `come` = 0 AND `type` < 3 AND ( FROM_UNIXTIME(`date`,'%Y-%m-%d') >= '2016-05-10' AND FROM_UNIXTIME(`date`,'%Y-%m-%d') <= '2017-05-22'  ) AND `user_id` = 154104154 LIMIT 1   [ RunTime:0.0030s ]
SQL: SELECT COUNT(*) AS tp_count FROM `named_log` WHERE `come` = 0 AND `type` >= 3 AND ( FROM_UNIXTIME(`date`,'%Y-%m-%d') >= '2016-05-10' AND FROM_UNIXTIME(`date`,'%Y-%m-%d') <= '2017-05-22'  ) AND `user_id` = 154104154 LIMIT 1   [ RunTime:0.0010s ]
SQL: SELECT COUNT(*) AS tp_count FROM `named_log` WHERE `come` = 0 AND `type` < 3 AND ( FROM_UNIXTIME(`date`,'%Y-%m-%d') >= '2016-05-10' AND FROM_UNIXTIME(`date`,'%Y-%m-%d') <= '2017-05-22'  ) AND `user_id` = 154104155 LIMIT 1   [ RunTime:0.0010s ]
SQL: SELECT COUNT(*) AS tp_count FROM `named_log` WHERE `come` = 0 AND `type` >= 3 AND ( FROM_UNIXTIME(`date`,'%Y-%m-%d') >= '2016-05-10' AND FROM_UNIXTIME(`date`,'%Y-%m-%d') <= '2017-05-22'  ) AND `user_id` = 154104155 LIMIT 1   [ RunTime:0.0020s ]
INFO: [ view_parse ] --START--
INFO: [ template_filter ] --START--
INFO: Run Behavior\ContentReplaceBehavior [ RunTime:0.000000s ]
INFO: [ template_filter ] --END-- [ RunTime:0.000000s ]
INFO: Run Behavior\ParseTemplateBehavior [ RunTime:0.028000s ]
INFO: [ view_parse ] --END-- [ RunTime:0.028000s ]
INFO: [ view_filter ] --START--
INFO: Run Behavior\WriteHtmlCacheBehavior [ RunTime:0.005000s ]
INFO: [ view_filter ] --END-- [ RunTime:0.005000s ]
INFO: [ app_end ] --START--
INFO: Run Behavior\ShowPageTraceBehavior [ RunTime:0.005000s ]
INFO: [ app_end ] --END-- [ RunTime:0.005000s ]

[ 2017-05-22T14:40:22+08:00 ] 127.0.0.1 /named/search/c.html?stime=2016-05-10&etime=2017-05-22&class=15%E8%AE%A1%E7%AE%97%E6%9C%BA%E7%BD%91%E7%BB%9C%E6%8A%80%E6%9C%AF1
INFO: [ app_init ] --START--
INFO: Run Behavior\BuildLiteBehavior [ RunTime:0.000000s ]
INFO: [ app_init ] --END-- [ RunTime:0.001000s ]
INFO: [ app_begin ] --START--
INFO: Run Behavior\ReadHtmlCacheBehavior [ RunTime:0.011000s ]
INFO: [ app_begin ] --END-- [ RunTime:0.011000s ]
SQL: SHOW COLUMNS FROM `named_log` [ RunTime:0.0050s ]
SQL: SELECT `user_id`,`user_name` FROM `named_log` WHERE `come` = 0 AND ( FROM_UNIXTIME(`date`,'%Y-%m-%d') >= '2016-05-10' AND FROM_UNIXTIME(`date`,'%Y-%m-%d') <= '2017-05-22'  ) AND `class` = '15计算机网络技术1' GROUP BY user_id ORDER BY user_id  [ RunTime:0.0810s ]
SQL: SELECT COUNT(*) AS tp_count FROM `named_log` WHERE `come` = 0 AND `type` < 3 AND ( FROM_UNIXTIME(`date`,'%Y-%m-%d') >= '2016-05-10' AND FROM_UNIXTIME(`date`,'%Y-%m-%d') <= '2017-05-22'  ) AND `user_id` = 134104128 LIMIT 1   [ RunTime:0.0460s ]
SQL: SELECT COUNT(*) AS tp_count FROM `named_log` WHERE `come` = 0 AND `type` >= 3 AND ( FROM_UNIXTIME(`date`,'%Y-%m-%d') >= '2016-05-10' AND FROM_UNIXTIME(`date`,'%Y-%m-%d') <= '2017-05-22'  ) AND `user_id` = 134104128 LIMIT 1   [ RunTime:0.0120s ]
SQL: SELECT COUNT(*) AS tp_count FROM `named_log` WHERE `come` = 0 AND `type` < 3 AND ( FROM_UNIXTIME(`date`,'%Y-%m-%d') >= '2016-05-10' AND FROM_UNIXTIME(`date`,'%Y-%m-%d') <= '2017-05-22'  ) AND `user_id` = 154104101 LIMIT 1   [ RunTime:0.0030s ]
SQL: SELECT COUNT(*) AS tp_count FROM `named_log` WHERE `come` = 0 AND `type` >= 3 AND ( FROM_UNIXTIME(`date`,'%Y-%m-%d') >= '2016-05-10' AND FROM_UNIXTIME(`date`,'%Y-%m-%d') <= '2017-05-22'  ) AND `user_id` = 154104101 LIMIT 1   [ RunTime:0.0030s ]
SQL: SELECT COUNT(*) AS tp_count FROM `named_log` WHERE `come` = 0 AND `type` < 3 AND ( FROM_UNIXTIME(`date`,'%Y-%m-%d') >= '2016-05-10' AND FROM_UNIXTIME(`date`,'%Y-%m-%d') <= '2017-05-22'  ) AND `user_id` = 154104102 LIMIT 1   [ RunTime:0.0030s ]
SQL: SELECT COUNT(*) AS tp_count FROM `named_log` WHERE `come` = 0 AND `type` >= 3 AND ( FROM_UNIXTIME(`date`,'%Y-%m-%d') >= '2016-05-10' AND FROM_UNIXTIME(`date`,'%Y-%m-%d') <= '2017-05-22'  ) AND `user_id` = 154104102 LIMIT 1   [ RunTime:0.0030s ]
SQL: SELECT COUNT(*) AS tp_count FROM `named_log` WHERE `come` = 0 AND `type` < 3 AND ( FROM_UNIXTIME(`date`,'%Y-%m-%d') >= '2016-05-10' AND FROM_UNIXTIME(`date`,'%Y-%m-%d') <= '2017-05-22'  ) AND `user_id` = 154104103 LIMIT 1   [ RunTime:0.0040s ]
SQL: SELECT COUNT(*) AS tp_count FROM `named_log` WHERE `come` = 0 AND `type` >= 3 AND ( FROM_UNIXTIME(`date`,'%Y-%m-%d') >= '2016-05-10' AND FROM_UNIXTIME(`date`,'%Y-%m-%d') <= '2017-05-22'  ) AND `user_id` = 154104103 LIMIT 1   [ RunTime:0.0030s ]
SQL: SELECT COUNT(*) AS tp_count FROM `named_log` WHERE `come` = 0 AND `type` < 3 AND ( FROM_UNIXTIME(`date`,'%Y-%m-%d') >= '2016-05-10' AND FROM_UNIXTIME(`date`,'%Y-%m-%d') <= '2017-05-22'  ) AND `user_id` = 154104107 LIMIT 1   [ RunTime:0.0030s ]
SQL: SELECT COUNT(*) AS tp_count FROM `named_log` WHERE `come` = 0 AND `type` >= 3 AND ( FROM_UNIXTIME(`date`,'%Y-%m-%d') >= '2016-05-10' AND FROM_UNIXTIME(`date`,'%Y-%m-%d') <= '2017-05-22'  ) AND `user_id` = 154104107 LIMIT 1   [ RunTime:0.0040s ]
SQL: SELECT COUNT(*) AS tp_count FROM `named_log` WHERE `come` = 0 AND `type` < 3 AND ( FROM_UNIXTIME(`date`,'%Y-%m-%d') >= '2016-05-10' AND FROM_UNIXTIME(`date`,'%Y-%m-%d') <= '2017-05-22'  ) AND `user_id` = 154104108 LIMIT 1   [ RunTime:0.0030s ]
SQL: SELECT COUNT(*) AS tp_count FROM `named_log` WHERE `come` = 0 AND `type` >= 3 AND ( FROM_UNIXTIME(`date`,'%Y-%m-%d') >= '2016-05-10' AND FROM_UNIXTIME(`date`,'%Y-%m-%d') <= '2017-05-22'  ) AND `user_id` = 154104108 LIMIT 1   [ RunTime:0.0030s ]
SQL: SELECT COUNT(*) AS tp_count FROM `named_log` WHERE `come` = 0 AND `type` < 3 AND ( FROM_UNIXTIME(`date`,'%Y-%m-%d') >= '2016-05-10' AND FROM_UNIXTIME(`date`,'%Y-%m-%d') <= '2017-05-22'  ) AND `user_id` = 154104109 LIMIT 1   [ RunTime:0.0030s ]
SQL: SELECT COUNT(*) AS tp_count FROM `named_log` WHERE `come` = 0 AND `type` >= 3 AND ( FROM_UNIXTIME(`date`,'%Y-%m-%d') >= '2016-05-10' AND FROM_UNIXTIME(`date`,'%Y-%m-%d') <= '2017-05-22'  ) AND `user_id` = 154104109 LIMIT 1   [ RunTime:0.0030s ]
SQL: SELECT COUNT(*) AS tp_count FROM `named_log` WHERE `come` = 0 AND `type` < 3 AND ( FROM_UNIXTIME(`date`,'%Y-%m-%d') >= '2016-05-10' AND FROM_UNIXTIME(`date`,'%Y-%m-%d') <= '2017-05-22'  ) AND `user_id` = 154104111 LIMIT 1   [ RunTime:0.0030s ]
SQL: SELECT COUNT(*) AS tp_count FROM `named_log` WHERE `come` = 0 AND `type` >= 3 AND ( FROM_UNIXTIME(`date`,'%Y-%m-%d') >= '2016-05-10' AND FROM_UNIXTIME(`date`,'%Y-%m-%d') <= '2017-05-22'  ) AND `user_id` = 154104111 LIMIT 1   [ RunTime:0.0030s ]
SQL: SELECT COUNT(*) AS tp_count FROM `named_log` WHERE `come` = 0 AND `type` < 3 AND ( FROM_UNIXTIME(`date`,'%Y-%m-%d') >= '2016-05-10' AND FROM_UNIXTIME(`date`,'%Y-%m-%d') <= '2017-05-22'  ) AND `user_id` = 154104112 LIMIT 1   [ RunTime:0.0030s ]
SQL: SELECT COUNT(*) AS tp_count FROM `named_log` WHERE `come` = 0 AND `type` >= 3 AND ( FROM_UNIXTIME(`date`,'%Y-%m-%d') >= '2016-05-10' AND FROM_UNIXTIME(`date`,'%Y-%m-%d') <= '2017-05-22'  ) AND `user_id` = 154104112 LIMIT 1   [ RunTime:0.0030s ]
SQL: SELECT COUNT(*) AS tp_count FROM `named_log` WHERE `come` = 0 AND `type` < 3 AND ( FROM_UNIXTIME(`date`,'%Y-%m-%d') >= '2016-05-10' AND FROM_UNIXTIME(`date`,'%Y-%m-%d') <= '2017-05-22'  ) AND `user_id` = 154104113 LIMIT 1   [ RunTime:0.0040s ]
SQL: SELECT COUNT(*) AS tp_count FROM `named_log` WHERE `come` = 0 AND `type` >= 3 AND ( FROM_UNIXTIME(`date`,'%Y-%m-%d') >= '2016-05-10' AND FROM_UNIXTIME(`date`,'%Y-%m-%d') <= '2017-05-22'  ) AND `user_id` = 154104113 LIMIT 1   [ RunTime:0.0020s ]
SQL: SELECT COUNT(*) AS tp_count FROM `named_log` WHERE `come` = 0 AND `type` < 3 AND ( FROM_UNIXTIME(`date`,'%Y-%m-%d') >= '2016-05-10' AND FROM_UNIXTIME(`date`,'%Y-%m-%d') <= '2017-05-22'  ) AND `user_id` = 154104114 LIMIT 1   [ RunTime:0.0030s ]
SQL: SELECT COUNT(*) AS tp_count FROM `named_log` WHERE `come` = 0 AND `type` >= 3 AND ( FROM_UNIXTIME(`date`,'%Y-%m-%d') >= '2016-05-10' AND FROM_UNIXTIME(`date`,'%Y-%m-%d') <= '2017-05-22'  ) AND `user_id` = 154104114 LIMIT 1   [ RunTime:0.0030s ]
SQL: SELECT COUNT(*) AS tp_count FROM `named_log` WHERE `come` = 0 AND `type` < 3 AND ( FROM_UNIXTIME(`date`,'%Y-%m-%d') >= '2016-05-10' AND FROM_UNIXTIME(`date`,'%Y-%m-%d') <= '2017-05-22'  ) AND `user_id` = 154104115 LIMIT 1   [ RunTime:0.0040s ]
SQL: SELECT COUNT(*) AS tp_count FROM `named_log` WHERE `come` = 0 AND `type` >= 3 AND ( FROM_UNIXTIME(`date`,'%Y-%m-%d') >= '2016-05-10' AND FROM_UNIXTIME(`date`,'%Y-%m-%d') <= '2017-05-22'  ) AND `user_id` = 154104115 LIMIT 1   [ RunTime:0.0030s ]
SQL: SELECT COUNT(*) AS tp_count FROM `named_log` WHERE `come` = 0 AND `type` < 3 AND ( FROM_UNIXTIME(`date`,'%Y-%m-%d') >= '2016-05-10' AND FROM_UNIXTIME(`date`,'%Y-%m-%d') <= '2017-05-22'  ) AND `user_id` = 154104116 LIMIT 1   [ RunTime:0.0030s ]
SQL: SELECT COUNT(*) AS tp_count FROM `named_log` WHERE `come` = 0 AND `type` >= 3 AND ( FROM_UNIXTIME(`date`,'%Y-%m-%d') >= '2016-05-10' AND FROM_UNIXTIME(`date`,'%Y-%m-%d') <= '2017-05-22'  ) AND `user_id` = 154104116 LIMIT 1   [ RunTime:0.0030s ]
SQL: SELECT COUNT(*) AS tp_count FROM `named_log` WHERE `come` = 0 AND `type` < 3 AND ( FROM_UNIXTIME(`date`,'%Y-%m-%d') >= '2016-05-10' AND FROM_UNIXTIME(`date`,'%Y-%m-%d') <= '2017-05-22'  ) AND `user_id` = 154104118 LIMIT 1   [ RunTime:0.0030s ]
SQL: SELECT COUNT(*) AS tp_count FROM `named_log` WHERE `come` = 0 AND `type` >= 3 AND ( FROM_UNIXTIME(`date`,'%Y-%m-%d') >= '2016-05-10' AND FROM_UNIXTIME(`date`,'%Y-%m-%d') <= '2017-05-22'  ) AND `user_id` = 154104118 LIMIT 1   [ RunTime:0.0030s ]
SQL: SELECT COUNT(*) AS tp_count FROM `named_log` WHERE `come` = 0 AND `type` < 3 AND ( FROM_UNIXTIME(`date`,'%Y-%m-%d') >= '2016-05-10' AND FROM_UNIXTIME(`date`,'%Y-%m-%d') <= '2017-05-22'  ) AND `user_id` = 154104121 LIMIT 1   [ RunTime:0.0030s ]
SQL: SELECT COUNT(*) AS tp_count FROM `named_log` WHERE `come` = 0 AND `type` >= 3 AND ( FROM_UNIXTIME(`date`,'%Y-%m-%d') >= '2016-05-10' AND FROM_UNIXTIME(`date`,'%Y-%m-%d') <= '2017-05-22'  ) AND `user_id` = 154104121 LIMIT 1   [ RunTime:0.0030s ]
SQL: SELECT COUNT(*) AS tp_count FROM `named_log` WHERE `come` = 0 AND `type` < 3 AND ( FROM_UNIXTIME(`date`,'%Y-%m-%d') >= '2016-05-10' AND FROM_UNIXTIME(`date`,'%Y-%m-%d') <= '2017-05-22'  ) AND `user_id` = 154104124 LIMIT 1   [ RunTime:0.0030s ]
SQL: SELECT COUNT(*) AS tp_count FROM `named_log` WHERE `come` = 0 AND `type` >= 3 AND ( FROM_UNIXTIME(`date`,'%Y-%m-%d') >= '2016-05-10' AND FROM_UNIXTIME(`date`,'%Y-%m-%d') <= '2017-05-22'  ) AND `user_id` = 154104124 LIMIT 1   [ RunTime:0.0030s ]
SQL: SELECT COUNT(*) AS tp_count FROM `named_log` WHERE `come` = 0 AND `type` < 3 AND ( FROM_UNIXTIME(`date`,'%Y-%m-%d') >= '2016-05-10' AND FROM_UNIXTIME(`date`,'%Y-%m-%d') <= '2017-05-22'  ) AND `user_id` = 154104125 LIMIT 1   [ RunTime:0.0030s ]
SQL: SELECT COUNT(*) AS tp_count FROM `named_log` WHERE `come` = 0 AND `type` >= 3 AND ( FROM_UNIXTIME(`date`,'%Y-%m-%d') >= '2016-05-10' AND FROM_UNIXTIME(`date`,'%Y-%m-%d') <= '2017-05-22'  ) AND `user_id` = 154104125 LIMIT 1   [ RunTime:0.0030s ]
SQL: SELECT COUNT(*) AS tp_count FROM `named_log` WHERE `come` = 0 AND `type` < 3 AND ( FROM_UNIXTIME(`date`,'%Y-%m-%d') >= '2016-05-10' AND FROM_UNIXTIME(`date`,'%Y-%m-%d') <= '2017-05-22'  ) AND `user_id` = 154104126 LIMIT 1   [ RunTime:0.0030s ]
SQL: SELECT COUNT(*) AS tp_count FROM `named_log` WHERE `come` = 0 AND `type` >= 3 AND ( FROM_UNIXTIME(`date`,'%Y-%m-%d') >= '2016-05-10' AND FROM_UNIXTIME(`date`,'%Y-%m-%d') <= '2017-05-22'  ) AND `user_id` = 154104126 LIMIT 1   [ RunTime:0.0020s ]
SQL: SELECT COUNT(*) AS tp_count FROM `named_log` WHERE `come` = 0 AND `type` < 3 AND ( FROM_UNIXTIME(`date`,'%Y-%m-%d') >= '2016-05-10' AND FROM_UNIXTIME(`date`,'%Y-%m-%d') <= '2017-05-22'  ) AND `user_id` = 154104127 LIMIT 1   [ RunTime:0.0030s ]
SQL: SELECT COUNT(*) AS tp_count FROM `named_log` WHERE `come` = 0 AND `type` >= 3 AND ( FROM_UNIXTIME(`date`,'%Y-%m-%d') >= '2016-05-10' AND FROM_UNIXTIME(`date`,'%Y-%m-%d') <= '2017-05-22'  ) AND `user_id` = 154104127 LIMIT 1   [ RunTime:0.0030s ]
SQL: SELECT COUNT(*) AS tp_count FROM `named_log` WHERE `come` = 0 AND `type` < 3 AND ( FROM_UNIXTIME(`date`,'%Y-%m-%d') >= '2016-05-10' AND FROM_UNIXTIME(`date`,'%Y-%m-%d') <= '2017-05-22'  ) AND `user_id` = 154104128 LIMIT 1   [ RunTime:0.0030s ]
SQL: SELECT COUNT(*) AS tp_count FROM `named_log` WHERE `come` = 0 AND `type` >= 3 AND ( FROM_UNIXTIME(`date`,'%Y-%m-%d') >= '2016-05-10' AND FROM_UNIXTIME(`date`,'%Y-%m-%d') <= '2017-05-22'  ) AND `user_id` = 154104128 LIMIT 1   [ RunTime:0.0030s ]
SQL: SELECT COUNT(*) AS tp_count FROM `named_log` WHERE `come` = 0 AND `type` < 3 AND ( FROM_UNIXTIME(`date`,'%Y-%m-%d') >= '2016-05-10' AND FROM_UNIXTIME(`date`,'%Y-%m-%d') <= '2017-05-22'  ) AND `user_id` = 154104130 LIMIT 1   [ RunTime:0.0030s ]
SQL: SELECT COUNT(*) AS tp_count FROM `named_log` WHERE `come` = 0 AND `type` >= 3 AND ( FROM_UNIXTIME(`date`,'%Y-%m-%d') >= '2016-05-10' AND FROM_UNIXTIME(`date`,'%Y-%m-%d') <= '2017-05-22'  ) AND `user_id` = 154104130 LIMIT 1   [ RunTime:0.0030s ]
SQL: SELECT COUNT(*) AS tp_count FROM `named_log` WHERE `come` = 0 AND `type` < 3 AND ( FROM_UNIXTIME(`date`,'%Y-%m-%d') >= '2016-05-10' AND FROM_UNIXTIME(`date`,'%Y-%m-%d') <= '2017-05-22'  ) AND `user_id` = 154104132 LIMIT 1   [ RunTime:0.0040s ]
SQL: SELECT COUNT(*) AS tp_count FROM `named_log` WHERE `come` = 0 AND `type` >= 3 AND ( FROM_UNIXTIME(`date`,'%Y-%m-%d') >= '2016-05-10' AND FROM_UNIXTIME(`date`,'%Y-%m-%d') <= '2017-05-22'  ) AND `user_id` = 154104132 LIMIT 1   [ RunTime:0.0030s ]
SQL: SELECT COUNT(*) AS tp_count FROM `named_log` WHERE `come` = 0 AND `type` < 3 AND ( FROM_UNIXTIME(`date`,'%Y-%m-%d') >= '2016-05-10' AND FROM_UNIXTIME(`date`,'%Y-%m-%d') <= '2017-05-22'  ) AND `user_id` = 154104134 LIMIT 1   [ RunTime:0.0030s ]
SQL: SELECT COUNT(*) AS tp_count FROM `named_log` WHERE `come` = 0 AND `type` >= 3 AND ( FROM_UNIXTIME(`date`,'%Y-%m-%d') >= '2016-05-10' AND FROM_UNIXTIME(`date`,'%Y-%m-%d') <= '2017-05-22'  ) AND `user_id` = 154104134 LIMIT 1   [ RunTime:0.0030s ]
SQL: SELECT COUNT(*) AS tp_count FROM `named_log` WHERE `come` = 0 AND `type` < 3 AND ( FROM_UNIXTIME(`date`,'%Y-%m-%d') >= '2016-05-10' AND FROM_UNIXTIME(`date`,'%Y-%m-%d') <= '2017-05-22'  ) AND `user_id` = 154104138 LIMIT 1   [ RunTime:0.0030s ]
SQL: SELECT COUNT(*) AS tp_count FROM `named_log` WHERE `come` = 0 AND `type` >= 3 AND ( FROM_UNIXTIME(`date`,'%Y-%m-%d') >= '2016-05-10' AND FROM_UNIXTIME(`date`,'%Y-%m-%d') <= '2017-05-22'  ) AND `user_id` = 154104138 LIMIT 1   [ RunTime:0.0030s ]
SQL: SELECT COUNT(*) AS tp_count FROM `named_log` WHERE `come` = 0 AND `type` < 3 AND ( FROM_UNIXTIME(`date`,'%Y-%m-%d') >= '2016-05-10' AND FROM_UNIXTIME(`date`,'%Y-%m-%d') <= '2017-05-22'  ) AND `user_id` = 154104139 LIMIT 1   [ RunTime:0.0040s ]
SQL: SELECT COUNT(*) AS tp_count FROM `named_log` WHERE `come` = 0 AND `type` >= 3 AND ( FROM_UNIXTIME(`date`,'%Y-%m-%d') >= '2016-05-10' AND FROM_UNIXTIME(`date`,'%Y-%m-%d') <= '2017-05-22'  ) AND `user_id` = 154104139 LIMIT 1   [ RunTime:0.0030s ]
SQL: SELECT COUNT(*) AS tp_count FROM `named_log` WHERE `come` = 0 AND `type` < 3 AND ( FROM_UNIXTIME(`date`,'%Y-%m-%d') >= '2016-05-10' AND FROM_UNIXTIME(`date`,'%Y-%m-%d') <= '2017-05-22'  ) AND `user_id` = 154104142 LIMIT 1   [ RunTime:0.0050s ]
SQL: SELECT COUNT(*) AS tp_count FROM `named_log` WHERE `come` = 0 AND `type` >= 3 AND ( FROM_UNIXTIME(`date`,'%Y-%m-%d') >= '2016-05-10' AND FROM_UNIXTIME(`date`,'%Y-%m-%d') <= '2017-05-22'  ) AND `user_id` = 154104142 LIMIT 1   [ RunTime:0.0040s ]
SQL: SELECT COUNT(*) AS tp_count FROM `named_log` WHERE `come` = 0 AND `type` < 3 AND ( FROM_UNIXTIME(`date`,'%Y-%m-%d') >= '2016-05-10' AND FROM_UNIXTIME(`date`,'%Y-%m-%d') <= '2017-05-22'  ) AND `user_id` = 154104144 LIMIT 1   [ RunTime:0.0160s ]
SQL: SELECT COUNT(*) AS tp_count FROM `named_log` WHERE `come` = 0 AND `type` >= 3 AND ( FROM_UNIXTIME(`date`,'%Y-%m-%d') >= '2016-05-10' AND FROM_UNIXTIME(`date`,'%Y-%m-%d') <= '2017-05-22'  ) AND `user_id` = 154104144 LIMIT 1   [ RunTime:0.0030s ]
SQL: SELECT COUNT(*) AS tp_count FROM `named_log` WHERE `come` = 0 AND `type` < 3 AND ( FROM_UNIXTIME(`date`,'%Y-%m-%d') >= '2016-05-10' AND FROM_UNIXTIME(`date`,'%Y-%m-%d') <= '2017-05-22'  ) AND `user_id` = 154104146 LIMIT 1   [ RunTime:0.0030s ]
SQL: SELECT COUNT(*) AS tp_count FROM `named_log` WHERE `come` = 0 AND `type` >= 3 AND ( FROM_UNIXTIME(`date`,'%Y-%m-%d') >= '2016-05-10' AND FROM_UNIXTIME(`date`,'%Y-%m-%d') <= '2017-05-22'  ) AND `user_id` = 154104146 LIMIT 1   [ RunTime:0.0030s ]
SQL: SELECT COUNT(*) AS tp_count FROM `named_log` WHERE `come` = 0 AND `type` < 3 AND ( FROM_UNIXTIME(`date`,'%Y-%m-%d') >= '2016-05-10' AND FROM_UNIXTIME(`date`,'%Y-%m-%d') <= '2017-05-22'  ) AND `user_id` = 154104147 LIMIT 1   [ RunTime:0.0030s ]
SQL: SELECT COUNT(*) AS tp_count FROM `named_log` WHERE `come` = 0 AND `type` >= 3 AND ( FROM_UNIXTIME(`date`,'%Y-%m-%d') >= '2016-05-10' AND FROM_UNIXTIME(`date`,'%Y-%m-%d') <= '2017-05-22'  ) AND `user_id` = 154104147 LIMIT 1   [ RunTime:0.0030s ]
SQL: SELECT COUNT(*) AS tp_count FROM `named_log` WHERE `come` = 0 AND `type` < 3 AND ( FROM_UNIXTIME(`date`,'%Y-%m-%d') >= '2016-05-10' AND FROM_UNIXTIME(`date`,'%Y-%m-%d') <= '2017-05-22'  ) AND `user_id` = 154104149 LIMIT 1   [ RunTime:0.0050s ]
SQL: SELECT COUNT(*) AS tp_count FROM `named_log` WHERE `come` = 0 AND `type` >= 3 AND ( FROM_UNIXTIME(`date`,'%Y-%m-%d') >= '2016-05-10' AND FROM_UNIXTIME(`date`,'%Y-%m-%d') <= '2017-05-22'  ) AND `user_id` = 154104149 LIMIT 1   [ RunTime:0.0030s ]
SQL: SELECT COUNT(*) AS tp_count FROM `named_log` WHERE `come` = 0 AND `type` < 3 AND ( FROM_UNIXTIME(`date`,'%Y-%m-%d') >= '2016-05-10' AND FROM_UNIXTIME(`date`,'%Y-%m-%d') <= '2017-05-22'  ) AND `user_id` = 154104153 LIMIT 1   [ RunTime:0.0050s ]
SQL: SELECT COUNT(*) AS tp_count FROM `named_log` WHERE `come` = 0 AND `type` >= 3 AND ( FROM_UNIXTIME(`date`,'%Y-%m-%d') >= '2016-05-10' AND FROM_UNIXTIME(`date`,'%Y-%m-%d') <= '2017-05-22'  ) AND `user_id` = 154104153 LIMIT 1   [ RunTime:0.0030s ]
SQL: SELECT COUNT(*) AS tp_count FROM `named_log` WHERE `come` = 0 AND `type` < 3 AND ( FROM_UNIXTIME(`date`,'%Y-%m-%d') >= '2016-05-10' AND FROM_UNIXTIME(`date`,'%Y-%m-%d') <= '2017-05-22'  ) AND `user_id` = 154104154 LIMIT 1   [ RunTime:0.0030s ]
SQL: SELECT COUNT(*) AS tp_count FROM `named_log` WHERE `come` = 0 AND `type` >= 3 AND ( FROM_UNIXTIME(`date`,'%Y-%m-%d') >= '2016-05-10' AND FROM_UNIXTIME(`date`,'%Y-%m-%d') <= '2017-05-22'  ) AND `user_id` = 154104154 LIMIT 1   [ RunTime:0.0030s ]
SQL: SELECT COUNT(*) AS tp_count FROM `named_log` WHERE `come` = 0 AND `type` < 3 AND ( FROM_UNIXTIME(`date`,'%Y-%m-%d') >= '2016-05-10' AND FROM_UNIXTIME(`date`,'%Y-%m-%d') <= '2017-05-22'  ) AND `user_id` = 154104155 LIMIT 1   [ RunTime:0.0030s ]
SQL: SELECT COUNT(*) AS tp_count FROM `named_log` WHERE `come` = 0 AND `type` >= 3 AND ( FROM_UNIXTIME(`date`,'%Y-%m-%d') >= '2016-05-10' AND FROM_UNIXTIME(`date`,'%Y-%m-%d') <= '2017-05-22'  ) AND `user_id` = 154104155 LIMIT 1   [ RunTime:0.0030s ]
INFO: [ view_parse ] --START--
INFO: [ template_filter ] --START--
INFO: Run Behavior\ContentReplaceBehavior [ RunTime:0.001000s ]
INFO: [ template_filter ] --END-- [ RunTime:0.001000s ]
INFO: Run Behavior\ParseTemplateBehavior [ RunTime:0.075000s ]
INFO: [ view_parse ] --END-- [ RunTime:0.075000s ]
INFO: [ view_filter ] --START--
INFO: Run Behavior\WriteHtmlCacheBehavior [ RunTime:0.015000s ]
INFO: [ view_filter ] --END-- [ RunTime:0.015000s ]
INFO: [ app_end ] --START--
INFO: Run Behavior\ShowPageTraceBehavior [ RunTime:0.007000s ]
INFO: [ app_end ] --END-- [ RunTime:0.007000s ]

