[ 2017-05-29T19:43:04+08:00 ] 127.0.0.1 /named/search.html
INFO: [ app_init ] --START--
INFO: Run Behavior\BuildLiteBehavior [ RunTime:0.000012s ]
INFO: [ app_init ] --END-- [ RunTime:0.000313s ]
INFO: [ app_begin ] --START--
INFO: Run Behavior\ReadHtmlCacheBehavior [ RunTime:0.001518s ]
INFO: [ app_begin ] --END-- [ RunTime:0.001556s ]
SQL: SHOW COLUMNS FROM `named_log` [ RunTime:0.0123s ]
SQL: SHOW COLUMNS FROM `user` [ RunTime:0.0068s ]
SQL: SELECT `user_id`,`user_name` FROM `named_log` WHERE `user_id` = 0 AND `come` = 0 AND ( FROM_UNIXTIME(`date`,'%Y-%m-%d') >= '' AND FROM_UNIXTIME(`date`,'%Y-%m-%d') <= ''  ) LIMIT 1   [ RunTime:0.0569s ]
NOTIC: [8] Undefined variable: about G:\UPUPW_AP7.0\htdocs\Application\Named\Controller\SearchController.class.php 第 76 行.
INFO: [ view_parse ] --START--
INFO: [ template_filter ] --START--
INFO: Run Behavior\ContentReplaceBehavior [ RunTime:0.000038s ]
INFO: [ template_filter ] --END-- [ RunTime:0.000066s ]
INFO: Run Behavior\ParseTemplateBehavior [ RunTime:0.058197s ]
INFO: [ view_parse ] --END-- [ RunTime:0.058240s ]
INFO: [ view_filter ] --START--
INFO: Run Behavior\WriteHtmlCacheBehavior [ RunTime:0.001699s ]
INFO: [ view_filter ] --END-- [ RunTime:0.001728s ]
INFO: [ app_end ] --START--
INFO: Run Behavior\ShowPageTraceBehavior [ RunTime:0.001712s ]
INFO: [ app_end ] --END-- [ RunTime:0.001742s ]

[ 2017-05-29T19:43:05+08:00 ] 127.0.0.1 /named/search.html
INFO: [ app_init ] --START--
INFO: Run Behavior\BuildLiteBehavior [ RunTime:0.000007s ]
INFO: [ app_init ] --END-- [ RunTime:0.000051s ]
INFO: [ app_begin ] --START--
INFO: Run Behavior\ReadHtmlCacheBehavior [ RunTime:0.001388s ]
INFO: [ app_begin ] --END-- [ RunTime:0.001424s ]
SQL: SHOW COLUMNS FROM `named_log` [ RunTime:0.0100s ]
SQL: SHOW COLUMNS FROM `user` [ RunTime:0.0097s ]
SQL: SELECT `user_id`,`user_name` FROM `named_log` WHERE `user_id` = 0 AND `come` = 0 AND ( FROM_UNIXTIME(`date`,'%Y-%m-%d') >= '' AND FROM_UNIXTIME(`date`,'%Y-%m-%d') <= ''  ) LIMIT 1   [ RunTime:0.0003s ]
NOTIC: [8] Undefined variable: about G:\UPUPW_AP7.0\htdocs\Application\Named\Controller\SearchController.class.php 第 76 行.
INFO: [ view_parse ] --START--
INFO: [ template_filter ] --START--
INFO: Run Behavior\ContentReplaceBehavior [ RunTime:0.000038s ]
INFO: [ template_filter ] --END-- [ RunTime:0.000068s ]
INFO: Run Behavior\ParseTemplateBehavior [ RunTime:0.010977s ]
INFO: [ view_parse ] --END-- [ RunTime:0.011018s ]
INFO: [ view_filter ] --START--
INFO: Run Behavior\WriteHtmlCacheBehavior [ RunTime:0.001387s ]
INFO: [ view_filter ] --END-- [ RunTime:0.001407s ]
INFO: [ app_end ] --START--
INFO: Run Behavior\ShowPageTraceBehavior [ RunTime:0.001334s ]
INFO: [ app_end ] --END-- [ RunTime:0.001353s ]

[ 2017-05-29T19:43:06+08:00 ] 127.0.0.1 /named/search.html
INFO: [ app_init ] --START--
INFO: Run Behavior\BuildLiteBehavior [ RunTime:0.000010s ]
INFO: [ app_init ] --END-- [ RunTime:0.000086s ]
INFO: [ app_begin ] --START--
INFO: Run Behavior\ReadHtmlCacheBehavior [ RunTime:0.003399s ]
INFO: [ app_begin ] --END-- [ RunTime:0.003511s ]
SQL: SHOW COLUMNS FROM `named_log` [ RunTime:0.0172s ]
SQL: SHOW COLUMNS FROM `user` [ RunTime:0.0070s ]
SQL: SELECT `user_id`,`user_name` FROM `named_log` WHERE `user_id` = 0 AND `come` = 0 AND ( FROM_UNIXTIME(`date`,'%Y-%m-%d') >= '' AND FROM_UNIXTIME(`date`,'%Y-%m-%d') <= ''  ) LIMIT 1   [ RunTime:0.0003s ]
NOTIC: [8] Undefined variable: about G:\UPUPW_AP7.0\htdocs\Application\Named\Controller\SearchController.class.php 第 76 行.
INFO: [ view_parse ] --START--
INFO: [ template_filter ] --START--
INFO: Run Behavior\ContentReplaceBehavior [ RunTime:0.000039s ]
INFO: [ template_filter ] --END-- [ RunTime:0.000071s ]
INFO: Run Behavior\ParseTemplateBehavior [ RunTime:0.013748s ]
INFO: [ view_parse ] --END-- [ RunTime:0.013792s ]
INFO: [ view_filter ] --START--
INFO: Run Behavior\WriteHtmlCacheBehavior [ RunTime:0.001465s ]
INFO: [ view_filter ] --END-- [ RunTime:0.001492s ]
INFO: [ app_end ] --START--
INFO: Run Behavior\ShowPageTraceBehavior [ RunTime:0.001910s ]
INFO: [ app_end ] --END-- [ RunTime:0.001953s ]

