[ 2017-06-06T22:39:47+08:00 ] 127.0.0.1 /Admin/Login.html
INFO: [ app_init ] --START--
INFO: Run Behavior\BuildLiteBehavior [ RunTime:0.000006s ]
INFO: [ app_init ] --END-- [ RunTime:0.000053s ]
INFO: [ app_begin ] --START--
INFO: Run Behavior\ReadHtmlCacheBehavior [ RunTime:0.001451s ]
INFO: [ app_begin ] --END-- [ RunTime:0.001481s ]
SQL: SHOW COLUMNS FROM `user` [ RunTime:0.0118s ]
SQL: SELECT COUNT(*) AS tp_count FROM `user` WHERE `openid` = 'opG2iuKpCEvINNR7DZW4CLdy_jbA' LIMIT 1   [ RunTime:0.0055s ]
ERR: Call to undefined function Admin\Controller\admin_login()

[ 2017-06-06T22:39:50+08:00 ] 127.0.0.1 /Admin/Login.html
INFO: [ app_init ] --START--
INFO: Run Behavior\BuildLiteBehavior [ RunTime:0.000012s ]
INFO: [ app_init ] --END-- [ RunTime:0.000085s ]
INFO: [ app_begin ] --START--
INFO: Run Behavior\ReadHtmlCacheBehavior [ RunTime:0.002875s ]
INFO: [ app_begin ] --END-- [ RunTime:0.002934s ]
SQL: SHOW COLUMNS FROM `user` [ RunTime:0.0127s ]
SQL: SELECT COUNT(*) AS tp_count FROM `user` WHERE `openid` = 'opG2iuKpCEvINNR7DZW4CLdy_jbA' LIMIT 1   [ RunTime:0.0053s ]
ERR: Call to undefined function Admin\Controller\admin_login()

[ 2017-06-06T22:40:21+08:00 ] 127.0.0.1 /admin
INFO: [ app_init ] --START--
INFO: Run Behavior\BuildLiteBehavior [ RunTime:0.000009s ]
INFO: [ app_init ] --END-- [ RunTime:0.000083s ]
INFO: [ app_begin ] --START--
INFO: Run Behavior\ReadHtmlCacheBehavior [ RunTime:0.001679s ]
INFO: [ app_begin ] --END-- [ RunTime:0.001726s ]

[ 2017-06-06T22:40:21+08:00 ] 127.0.0.1 /Admin/Login.html
INFO: [ app_init ] --START--
INFO: Run Behavior\BuildLiteBehavior [ RunTime:0.000007s ]
INFO: [ app_init ] --END-- [ RunTime:0.000059s ]
INFO: [ app_begin ] --START--
INFO: Run Behavior\ReadHtmlCacheBehavior [ RunTime:0.002154s ]
INFO: [ app_begin ] --END-- [ RunTime:0.002197s ]
SQL: SHOW COLUMNS FROM `user` [ RunTime:0.0123s ]
SQL: SELECT COUNT(*) AS tp_count FROM `user` WHERE `openid` = 'opG2iuM07f8Bhnoc_xAVO0CwISKA' LIMIT 1   [ RunTime:0.0064s ]
ERR: Call to undefined function Admin\Controller\admin_login()

[ 2017-06-06T22:40:51+08:00 ] 127.0.0.1 /admin
INFO: [ app_init ] --START--
INFO: Run Behavior\BuildLiteBehavior [ RunTime:0.000015s ]
INFO: [ app_init ] --END-- [ RunTime:0.000130s ]
INFO: [ app_begin ] --START--
INFO: Run Behavior\ReadHtmlCacheBehavior [ RunTime:0.001485s ]
INFO: [ app_begin ] --END-- [ RunTime:0.001521s ]

[ 2017-06-06T22:40:52+08:00 ] 127.0.0.1 /Admin/Login.html
INFO: [ app_init ] --START--
INFO: Run Behavior\BuildLiteBehavior [ RunTime:0.000008s ]
INFO: [ app_init ] --END-- [ RunTime:0.000063s ]
INFO: [ app_begin ] --START--
INFO: Run Behavior\ReadHtmlCacheBehavior [ RunTime:0.002007s ]
INFO: [ app_begin ] --END-- [ RunTime:0.002071s ]

[ 2017-06-06T22:40:59+08:00 ] 127.0.0.1 /admin
INFO: [ app_init ] --START--
INFO: Run Behavior\BuildLiteBehavior [ RunTime:0.000007s ]
INFO: [ app_init ] --END-- [ RunTime:0.000054s ]
INFO: [ app_begin ] --START--
INFO: Run Behavior\ReadHtmlCacheBehavior [ RunTime:0.001437s ]
INFO: [ app_begin ] --END-- [ RunTime:0.001479s ]

[ 2017-06-06T22:41:00+08:00 ] 127.0.0.1 /Admin/Login.html
INFO: [ app_init ] --START--
INFO: Run Behavior\BuildLiteBehavior [ RunTime:0.000012s ]
INFO: [ app_init ] --END-- [ RunTime:0.000104s ]
INFO: [ app_begin ] --START--
INFO: Run Behavior\ReadHtmlCacheBehavior [ RunTime:0.002176s ]
INFO: [ app_begin ] --END-- [ RunTime:0.002226s ]
SQL: SHOW COLUMNS FROM `user` [ RunTime:0.0100s ]
SQL: SELECT COUNT(*) AS tp_count FROM `user` WHERE `openid` = 'opG2iuOsjYM5r_6SRfrHT6JXT6_k' LIMIT 1   [ RunTime:0.0055s ]
ERR: Call to undefined function Admin\Controller\admin_login()

[ 2017-06-06T22:41:08+08:00 ] 127.0.0.1 /admin
INFO: [ app_init ] --START--
INFO: Run Behavior\BuildLiteBehavior [ RunTime:0.000009s ]
INFO: [ app_init ] --END-- [ RunTime:0.000071s ]
INFO: [ app_begin ] --START--
INFO: Run Behavior\ReadHtmlCacheBehavior [ RunTime:0.001474s ]
INFO: [ app_begin ] --END-- [ RunTime:0.001523s ]

[ 2017-06-06T22:41:09+08:00 ] 127.0.0.1 /Admin/Login.html
INFO: [ app_init ] --START--
INFO: Run Behavior\BuildLiteBehavior [ RunTime:0.000013s ]
INFO: [ app_init ] --END-- [ RunTime:0.000101s ]
INFO: [ app_begin ] --START--
INFO: Run Behavior\ReadHtmlCacheBehavior [ RunTime:0.003358s ]
INFO: [ app_begin ] --END-- [ RunTime:0.003431s ]
SQL: SHOW COLUMNS FROM `user` [ RunTime:0.0099s ]
SQL: SELECT COUNT(*) AS tp_count FROM `user` WHERE `openid` = 'opG2iuOsjYM5r_6SRfrHT6JXT6_k' LIMIT 1   [ RunTime:0.0054s ]
ERR: Call to undefined function Admin\Controller\admin_login()

[ 2017-06-06T22:41:10+08:00 ] 127.0.0.1 /admin
INFO: [ app_init ] --START--
INFO: Run Behavior\BuildLiteBehavior [ RunTime:0.000008s ]
INFO: [ app_init ] --END-- [ RunTime:0.000058s ]
INFO: [ app_begin ] --START--
INFO: Run Behavior\ReadHtmlCacheBehavior [ RunTime:0.001545s ]
INFO: [ app_begin ] --END-- [ RunTime:0.001589s ]

[ 2017-06-06T22:41:11+08:00 ] 127.0.0.1 /Admin/Login.html
INFO: [ app_init ] --START--
INFO: Run Behavior\BuildLiteBehavior [ RunTime:0.000008s ]
INFO: [ app_init ] --END-- [ RunTime:0.000058s ]
INFO: [ app_begin ] --START--
INFO: Run Behavior\ReadHtmlCacheBehavior [ RunTime:0.001474s ]
INFO: [ app_begin ] --END-- [ RunTime:0.001508s ]
SQL: SHOW COLUMNS FROM `user` [ RunTime:0.0096s ]
SQL: SELECT COUNT(*) AS tp_count FROM `user` WHERE `openid` = 'opG2iuOsjYM5r_6SRfrHT6JXT6_k' LIMIT 1   [ RunTime:0.0053s ]
ERR: Call to undefined function Admin\Controller\admin_login()

[ 2017-06-06T22:41:13+08:00 ] 127.0.0.1 /admin
INFO: [ app_init ] --START--
INFO: Run Behavior\BuildLiteBehavior [ RunTime:0.000011s ]
INFO: [ app_init ] --END-- [ RunTime:0.000085s ]
INFO: [ app_begin ] --START--
INFO: Run Behavior\ReadHtmlCacheBehavior [ RunTime:0.001725s ]
INFO: [ app_begin ] --END-- [ RunTime:0.001764s ]

[ 2017-06-06T22:41:13+08:00 ] 127.0.0.1 /Admin/Login.html
INFO: [ app_init ] --START--
INFO: Run Behavior\BuildLiteBehavior [ RunTime:0.000017s ]
INFO: [ app_init ] --END-- [ RunTime:0.000139s ]
INFO: [ app_begin ] --START--
INFO: Run Behavior\ReadHtmlCacheBehavior [ RunTime:0.001854s ]
INFO: [ app_begin ] --END-- [ RunTime:0.001899s ]
SQL: SHOW COLUMNS FROM `user` [ RunTime:0.0111s ]
SQL: SELECT COUNT(*) AS tp_count FROM `user` WHERE `openid` = 'opG2iuOsjYM5r_6SRfrHT6JXT6_k' LIMIT 1   [ RunTime:0.0061s ]
ERR: Call to undefined function Admin\Controller\admin_login()

[ 2017-06-06T22:41:15+08:00 ] 127.0.0.1 /admin
INFO: [ app_init ] --START--
INFO: Run Behavior\BuildLiteBehavior [ RunTime:0.000014s ]
INFO: [ app_init ] --END-- [ RunTime:0.000110s ]
INFO: [ app_begin ] --START--
INFO: Run Behavior\ReadHtmlCacheBehavior [ RunTime:0.002075s ]
INFO: [ app_begin ] --END-- [ RunTime:0.002119s ]

[ 2017-06-06T22:41:16+08:00 ] 127.0.0.1 /Admin/Login.html
INFO: [ app_init ] --START--
INFO: Run Behavior\BuildLiteBehavior [ RunTime:0.000012s ]
INFO: [ app_init ] --END-- [ RunTime:0.000189s ]
INFO: [ app_begin ] --START--
INFO: Run Behavior\ReadHtmlCacheBehavior [ RunTime:0.001755s ]
INFO: [ app_begin ] --END-- [ RunTime:0.001818s ]
SQL: SHOW COLUMNS FROM `user` [ RunTime:0.0120s ]
SQL: SELECT COUNT(*) AS tp_count FROM `user` WHERE `openid` = 'opG2iuOsjYM5r_6SRfrHT6JXT6_k' LIMIT 1   [ RunTime:0.0059s ]
ERR: Call to undefined function Admin\Controller\admin_login()

[ 2017-06-06T22:41:18+08:00 ] 127.0.0.1 /admin
INFO: [ app_init ] --START--
INFO: Run Behavior\BuildLiteBehavior [ RunTime:0.000010s ]
INFO: [ app_init ] --END-- [ RunTime:0.000084s ]
INFO: [ app_begin ] --START--
INFO: Run Behavior\ReadHtmlCacheBehavior [ RunTime:0.001466s ]
INFO: [ app_begin ] --END-- [ RunTime:0.001492s ]

[ 2017-06-06T22:41:18+08:00 ] 127.0.0.1 /Admin/Login.html
INFO: [ app_init ] --START--
INFO: Run Behavior\BuildLiteBehavior [ RunTime:0.000008s ]
INFO: [ app_init ] --END-- [ RunTime:0.000070s ]
INFO: [ app_begin ] --START--
INFO: Run Behavior\ReadHtmlCacheBehavior [ RunTime:0.002039s ]
INFO: [ app_begin ] --END-- [ RunTime:0.002083s ]
SQL: SHOW COLUMNS FROM `user` [ RunTime:0.0109s ]
SQL: SELECT COUNT(*) AS tp_count FROM `user` WHERE `openid` = 'opG2iuOsjYM5r_6SRfrHT6JXT6_k' LIMIT 1   [ RunTime:0.0052s ]
ERR: Call to undefined function Admin\Controller\admin_login()

[ 2017-06-06T22:41:28+08:00 ] 127.0.0.1 /admin
INFO: [ app_init ] --START--
INFO: Run Behavior\BuildLiteBehavior [ RunTime:0.000015s ]
INFO: [ app_init ] --END-- [ RunTime:0.000133s ]
INFO: [ app_begin ] --START--
INFO: Run Behavior\ReadHtmlCacheBehavior [ RunTime:0.005313s ]
INFO: [ app_begin ] --END-- [ RunTime:0.005385s ]

[ 2017-06-06T22:41:29+08:00 ] 127.0.0.1 /Admin/Login.html
INFO: [ app_init ] --START--
INFO: Run Behavior\BuildLiteBehavior [ RunTime:0.000008s ]
INFO: [ app_init ] --END-- [ RunTime:0.000064s ]
INFO: [ app_begin ] --START--
INFO: Run Behavior\ReadHtmlCacheBehavior [ RunTime:0.002148s ]
INFO: [ app_begin ] --END-- [ RunTime:0.002190s ]
SQL: SHOW COLUMNS FROM `user` [ RunTime:0.0097s ]
SQL: SELECT COUNT(*) AS tp_count FROM `user` WHERE `openid` = 'opG2iuOsjYM5r_6SRfrHT6JXT6_k' LIMIT 1   [ RunTime:0.0053s ]
ERR: Call to undefined function Admin\Controller\admin_login()

[ 2017-06-06T22:41:38+08:00 ] 127.0.0.1 /admin
INFO: [ app_init ] --START--
INFO: Run Behavior\BuildLiteBehavior [ RunTime:0.000008s ]
INFO: [ app_init ] --END-- [ RunTime:0.000062s ]
INFO: [ app_begin ] --START--
INFO: Run Behavior\ReadHtmlCacheBehavior [ RunTime:0.001897s ]
INFO: [ app_begin ] --END-- [ RunTime:0.001943s ]

[ 2017-06-06T22:41:38+08:00 ] 127.0.0.1 /Admin/Login.html
INFO: [ app_init ] --START--
INFO: Run Behavior\BuildLiteBehavior [ RunTime:0.000008s ]
INFO: [ app_init ] --END-- [ RunTime:0.000065s ]
INFO: [ app_begin ] --START--
INFO: Run Behavior\ReadHtmlCacheBehavior [ RunTime:0.001695s ]
INFO: [ app_begin ] --END-- [ RunTime:0.001739s ]
SQL: SHOW COLUMNS FROM `user` [ RunTime:0.0123s ]
SQL: SELECT COUNT(*) AS tp_count FROM `user` WHERE `openid` = 'opG2iuKpCEvINNR7DZW4CLdy_jbA' LIMIT 1   [ RunTime:0.0070s ]
ERR: Call to undefined function Admin\Controller\admin_login()

[ 2017-06-06T22:41:44+08:00 ] 127.0.0.1 /admin
INFO: [ app_init ] --START--
INFO: Run Behavior\BuildLiteBehavior [ RunTime:0.000008s ]
INFO: [ app_init ] --END-- [ RunTime:0.000058s ]
INFO: [ app_begin ] --START--
INFO: Run Behavior\ReadHtmlCacheBehavior [ RunTime:0.001451s ]
INFO: [ app_begin ] --END-- [ RunTime:0.001482s ]

[ 2017-06-06T22:41:45+08:00 ] 127.0.0.1 /Admin/Login.html
INFO: [ app_init ] --START--
INFO: Run Behavior\BuildLiteBehavior [ RunTime:0.000006s ]
INFO: [ app_init ] --END-- [ RunTime:0.000048s ]
INFO: [ app_begin ] --START--
INFO: Run Behavior\ReadHtmlCacheBehavior [ RunTime:0.001460s ]
INFO: [ app_begin ] --END-- [ RunTime:0.001497s ]
SQL: SHOW COLUMNS FROM `user` [ RunTime:0.0102s ]
SQL: SELECT COUNT(*) AS tp_count FROM `user` WHERE `openid` = 'opG2iuKpCEvINNR7DZW4CLdy_jbA' LIMIT 1   [ RunTime:0.0057s ]
NOTIC: [2] Missing argument 2 for alogin(), called in G:\UPUPW_AP7.0\htdocs\Application\Admin\Controller\LoginController.class.php on line 14 and defined G:\UPUPW_AP7.0\htdocs\Application\Admin\Common\function.php 第 9 行.
NOTIC: [8] Undefined variable: pwd G:\UPUPW_AP7.0\htdocs\Application\Admin\Common\function.php 第 11 行.
SQL: SELECT COUNT(*) AS tp_count FROM `user` WHERE `id` = 'opG2iuKpCEvINNR7DZW4CLdy_jbA' AND `password` = 'd41d8cd98f00b204e9800998ecf8427e' LIMIT 1   [ RunTime:0.0004s ]
SQL: SHOW COLUMNS FROM `named_admin` [ RunTime:0.0096s ]
SQL: SELECT COUNT(*) AS tp_count FROM `named_admin` WHERE `lv` = 10 AND `id` = 'opG2iuKpCEvINNR7DZW4CLdy_jbA' LIMIT 1   [ RunTime:0.0003s ]
NOTIC: [2] Missing argument 2 for alogin(), called in G:\UPUPW_AP7.0\htdocs\Application\Admin\Controller\LoginController.class.php on line 15 and defined G:\UPUPW_AP7.0\htdocs\Application\Admin\Common\function.php 第 9 行.
NOTIC: [8] Undefined variable: pwd G:\UPUPW_AP7.0\htdocs\Application\Admin\Common\function.php 第 11 行.
SQL: SELECT COUNT(*) AS tp_count FROM `user` WHERE `id` = 'opG2iuKpCEvINNR7DZW4CLdy_jbA' AND `password` = 'd41d8cd98f00b204e9800998ecf8427e' LIMIT 1   [ RunTime:0.0004s ]
SQL: SELECT COUNT(*) AS tp_count FROM `named_admin` WHERE `lv` = 10 AND `id` = 'opG2iuKpCEvINNR7DZW4CLdy_jbA' LIMIT 1   [ RunTime:0.0002s ]

[ 2017-06-06T22:41:59+08:00 ] 127.0.0.1 /admin
INFO: [ app_init ] --START--
INFO: Run Behavior\BuildLiteBehavior [ RunTime:0.000007s ]
INFO: [ app_init ] --END-- [ RunTime:0.000058s ]
INFO: [ app_begin ] --START--
INFO: Run Behavior\ReadHtmlCacheBehavior [ RunTime:0.001453s ]
INFO: [ app_begin ] --END-- [ RunTime:0.001484s ]

[ 2017-06-06T22:42:00+08:00 ] 127.0.0.1 /Admin/Login.html
INFO: [ app_init ] --START--
INFO: Run Behavior\BuildLiteBehavior [ RunTime:0.000007s ]
INFO: [ app_init ] --END-- [ RunTime:0.000063s ]
INFO: [ app_begin ] --START--
INFO: Run Behavior\ReadHtmlCacheBehavior [ RunTime:0.001455s ]
INFO: [ app_begin ] --END-- [ RunTime:0.001485s ]
SQL: SHOW COLUMNS FROM `user` [ RunTime:0.0112s ]
SQL: SELECT COUNT(*) AS tp_count FROM `user` WHERE `openid` = 'opG2iuKpCEvINNR7DZW4CLdy_jbA' LIMIT 1   [ RunTime:0.0053s ]
NOTIC: [2] Missing argument 2 for alogin(), called in G:\UPUPW_AP7.0\htdocs\Application\Admin\Controller\LoginController.class.php on line 14 and defined G:\UPUPW_AP7.0\htdocs\Application\Admin\Common\function.php 第 9 行.
NOTIC: [8] Undefined variable: pwd G:\UPUPW_AP7.0\htdocs\Application\Admin\Common\function.php 第 11 行.
SQL: SELECT COUNT(*) AS tp_count FROM `user` WHERE `id` = 'opG2iuKpCEvINNR7DZW4CLdy_jbA' AND `password` = 'd41d8cd98f00b204e9800998ecf8427e' LIMIT 1   [ RunTime:0.0004s ]
SQL: SHOW COLUMNS FROM `named_admin` [ RunTime:0.0065s ]
SQL: SELECT COUNT(*) AS tp_count FROM `named_admin` WHERE `lv` = 10 AND `id` = 'opG2iuKpCEvINNR7DZW4CLdy_jbA' LIMIT 1   [ RunTime:0.0002s ]
NOTIC: [2] Missing argument 2 for alogin(), called in G:\UPUPW_AP7.0\htdocs\Application\Admin\Controller\LoginController.class.php on line 15 and defined G:\UPUPW_AP7.0\htdocs\Application\Admin\Common\function.php 第 9 行.
NOTIC: [8] Undefined variable: pwd G:\UPUPW_AP7.0\htdocs\Application\Admin\Common\function.php 第 11 行.
SQL: SELECT COUNT(*) AS tp_count FROM `user` WHERE `id` = 'opG2iuKpCEvINNR7DZW4CLdy_jbA' AND `password` = 'd41d8cd98f00b204e9800998ecf8427e' LIMIT 1   [ RunTime:0.0003s ]
SQL: SELECT COUNT(*) AS tp_count FROM `named_admin` WHERE `lv` = 10 AND `id` = 'opG2iuKpCEvINNR7DZW4CLdy_jbA' LIMIT 1   [ RunTime:0.0001s ]

[ 2017-06-06T22:42:07+08:00 ] 127.0.0.1 /admin
INFO: [ app_init ] --START--
INFO: Run Behavior\BuildLiteBehavior [ RunTime:0.000010s ]
INFO: [ app_init ] --END-- [ RunTime:0.000074s ]
INFO: [ app_begin ] --START--
INFO: Run Behavior\ReadHtmlCacheBehavior [ RunTime:0.001498s ]
INFO: [ app_begin ] --END-- [ RunTime:0.001532s ]

[ 2017-06-06T22:42:07+08:00 ] 127.0.0.1 /Admin/Login.html
INFO: [ app_init ] --START--
INFO: Run Behavior\BuildLiteBehavior [ RunTime:0.000009s ]
INFO: [ app_init ] --END-- [ RunTime:0.000071s ]
INFO: [ app_begin ] --START--
INFO: Run Behavior\ReadHtmlCacheBehavior [ RunTime:0.002433s ]
INFO: [ app_begin ] --END-- [ RunTime:0.002493s ]
SQL: SHOW COLUMNS FROM `user` [ RunTime:0.0111s ]
SQL: SELECT COUNT(*) AS tp_count FROM `user` WHERE `openid` = 'opG2iuKpCEvINNR7DZW4CLdy_jbA' LIMIT 1   [ RunTime:0.0088s ]
NOTIC: [2] Missing argument 2 for alogin(), called in G:\UPUPW_AP7.0\htdocs\Application\Admin\Controller\LoginController.class.php on line 14 and defined G:\UPUPW_AP7.0\htdocs\Application\Admin\Common\function.php 第 9 行.
NOTIC: [8] Undefined variable: pwd G:\UPUPW_AP7.0\htdocs\Application\Admin\Common\function.php 第 11 行.
SQL: SELECT COUNT(*) AS tp_count FROM `user` WHERE `id` = 'opG2iuKpCEvINNR7DZW4CLdy_jbA' AND `password` = 'd41d8cd98f00b204e9800998ecf8427e' LIMIT 1   [ RunTime:0.0004s ]
SQL: SHOW COLUMNS FROM `named_admin` [ RunTime:0.0078s ]
SQL: SELECT COUNT(*) AS tp_count FROM `named_admin` WHERE `lv` = 10 AND `id` = 'opG2iuKpCEvINNR7DZW4CLdy_jbA' LIMIT 1   [ RunTime:0.0003s ]
NOTIC: [2] Missing argument 2 for alogin(), called in G:\UPUPW_AP7.0\htdocs\Application\Admin\Controller\LoginController.class.php on line 15 and defined G:\UPUPW_AP7.0\htdocs\Application\Admin\Common\function.php 第 9 行.
NOTIC: [8] Undefined variable: pwd G:\UPUPW_AP7.0\htdocs\Application\Admin\Common\function.php 第 11 行.
SQL: SELECT COUNT(*) AS tp_count FROM `user` WHERE `id` = 'opG2iuKpCEvINNR7DZW4CLdy_jbA' AND `password` = 'd41d8cd98f00b204e9800998ecf8427e' LIMIT 1   [ RunTime:0.0006s ]
SQL: SELECT COUNT(*) AS tp_count FROM `named_admin` WHERE `lv` = 10 AND `id` = 'opG2iuKpCEvINNR7DZW4CLdy_jbA' LIMIT 1   [ RunTime:0.0002s ]

[ 2017-06-06T22:42:10+08:00 ] 127.0.0.1 /admin
INFO: [ app_init ] --START--
INFO: Run Behavior\BuildLiteBehavior [ RunTime:0.000006s ]
INFO: [ app_init ] --END-- [ RunTime:0.000042s ]
INFO: [ app_begin ] --START--
INFO: Run Behavior\ReadHtmlCacheBehavior [ RunTime:0.002197s ]
INFO: [ app_begin ] --END-- [ RunTime:0.002241s ]

[ 2017-06-06T22:42:10+08:00 ] 127.0.0.1 /Admin/Login.html
INFO: [ app_init ] --START--
INFO: Run Behavior\BuildLiteBehavior [ RunTime:0.000007s ]
INFO: [ app_init ] --END-- [ RunTime:0.000050s ]
INFO: [ app_begin ] --START--
INFO: Run Behavior\ReadHtmlCacheBehavior [ RunTime:0.001589s ]
INFO: [ app_begin ] --END-- [ RunTime:0.001629s ]
SQL: SHOW COLUMNS FROM `user` [ RunTime:0.0108s ]
SQL: SELECT COUNT(*) AS tp_count FROM `user` WHERE `openid` = 'opG2iuKpCEvINNR7DZW4CLdy_jbA' LIMIT 1   [ RunTime:0.0051s ]
NOTIC: [2] Missing argument 2 for alogin(), called in G:\UPUPW_AP7.0\htdocs\Application\Admin\Controller\LoginController.class.php on line 14 and defined G:\UPUPW_AP7.0\htdocs\Application\Admin\Common\function.php 第 9 行.
NOTIC: [8] Undefined variable: pwd G:\UPUPW_AP7.0\htdocs\Application\Admin\Common\function.php 第 11 行.
SQL: SELECT COUNT(*) AS tp_count FROM `user` WHERE `id` = 'opG2iuKpCEvINNR7DZW4CLdy_jbA' AND `password` = 'd41d8cd98f00b204e9800998ecf8427e' LIMIT 1   [ RunTime:0.0004s ]
SQL: SHOW COLUMNS FROM `named_admin` [ RunTime:0.0066s ]
SQL: SELECT COUNT(*) AS tp_count FROM `named_admin` WHERE `lv` = 10 AND `id` = 'opG2iuKpCEvINNR7DZW4CLdy_jbA' LIMIT 1   [ RunTime:0.0002s ]
NOTIC: [2] Missing argument 2 for alogin(), called in G:\UPUPW_AP7.0\htdocs\Application\Admin\Controller\LoginController.class.php on line 15 and defined G:\UPUPW_AP7.0\htdocs\Application\Admin\Common\function.php 第 9 行.
NOTIC: [8] Undefined variable: pwd G:\UPUPW_AP7.0\htdocs\Application\Admin\Common\function.php 第 11 行.
SQL: SELECT COUNT(*) AS tp_count FROM `user` WHERE `id` = 'opG2iuKpCEvINNR7DZW4CLdy_jbA' AND `password` = 'd41d8cd98f00b204e9800998ecf8427e' LIMIT 1   [ RunTime:0.0004s ]
SQL: SELECT COUNT(*) AS tp_count FROM `named_admin` WHERE `lv` = 10 AND `id` = 'opG2iuKpCEvINNR7DZW4CLdy_jbA' LIMIT 1   [ RunTime:0.0002s ]

[ 2017-06-06T22:42:14+08:00 ] 127.0.0.1 /admin
INFO: [ app_init ] --START--
INFO: Run Behavior\BuildLiteBehavior [ RunTime:0.000006s ]
INFO: [ app_init ] --END-- [ RunTime:0.000052s ]
INFO: [ app_begin ] --START--
INFO: Run Behavior\ReadHtmlCacheBehavior [ RunTime:0.001498s ]
INFO: [ app_begin ] --END-- [ RunTime:0.001537s ]

[ 2017-06-06T22:42:14+08:00 ] 127.0.0.1 /Admin/Login.html
INFO: [ app_init ] --START--
INFO: Run Behavior\BuildLiteBehavior [ RunTime:0.000007s ]
INFO: [ app_init ] --END-- [ RunTime:0.000053s ]
INFO: [ app_begin ] --START--
INFO: Run Behavior\ReadHtmlCacheBehavior [ RunTime:0.001441s ]
INFO: [ app_begin ] --END-- [ RunTime:0.001469s ]
SQL: SHOW COLUMNS FROM `user` [ RunTime:0.0107s ]
SQL: SELECT COUNT(*) AS tp_count FROM `user` WHERE `openid` = 'opG2iuKpCEvINNR7DZW4CLdy_jbA' LIMIT 1   [ RunTime:0.0052s ]
NOTIC: [2] Missing argument 2 for alogin(), called in G:\UPUPW_AP7.0\htdocs\Application\Admin\Controller\LoginController.class.php on line 14 and defined G:\UPUPW_AP7.0\htdocs\Application\Admin\Common\function.php 第 9 行.
NOTIC: [8] Undefined variable: pwd G:\UPUPW_AP7.0\htdocs\Application\Admin\Common\function.php 第 11 行.
SQL: SELECT COUNT(*) AS tp_count FROM `user` WHERE `id` = 'opG2iuKpCEvINNR7DZW4CLdy_jbA' AND `password` = 'd41d8cd98f00b204e9800998ecf8427e' LIMIT 1   [ RunTime:0.0005s ]
SQL: SHOW COLUMNS FROM `named_admin` [ RunTime:0.0073s ]
SQL: SELECT COUNT(*) AS tp_count FROM `named_admin` WHERE `lv` = 10 AND `id` = 'opG2iuKpCEvINNR7DZW4CLdy_jbA' LIMIT 1   [ RunTime:0.0003s ]
INFO: [ app_end ] --START--
INFO: Run Behavior\ShowPageTraceBehavior [ RunTime:0.001597s ]
INFO: [ app_end ] --END-- [ RunTime:0.001620s ]

[ 2017-06-06T22:43:56+08:00 ] 127.0.0.1 /Admin/Login.html
INFO: [ app_init ] --START--
INFO: Run Behavior\BuildLiteBehavior [ RunTime:0.000008s ]
INFO: [ app_init ] --END-- [ RunTime:0.000068s ]
INFO: [ app_begin ] --START--
INFO: Run Behavior\ReadHtmlCacheBehavior [ RunTime:0.001994s ]
INFO: [ app_begin ] --END-- [ RunTime:0.002038s ]
SQL: SHOW COLUMNS FROM `user` [ RunTime:0.0116s ]
SQL: SELECT COUNT(*) AS tp_count FROM `user` WHERE `openid` = 'opG2iuKpCEvINNR7DZW4CLdy_jbA' LIMIT 1   [ RunTime:0.0054s ]
SQL: SHOW COLUMNS FROM `named_admin` [ RunTime:0.0077s ]
SQL: SELECT * FROM `named_admin` WHERE `id` = '144104144' LIMIT 1   [ RunTime:0.0003s ]
INFO: [ app_end ] --START--
INFO: Run Behavior\ShowPageTraceBehavior [ RunTime:0.001704s ]
INFO: [ app_end ] --END-- [ RunTime:0.001732s ]

[ 2017-06-06T22:45:50+08:00 ] 127.0.0.1 /admin
INFO: [ app_init ] --START--
INFO: Run Behavior\BuildLiteBehavior [ RunTime:0.000011s ]
INFO: [ app_init ] --END-- [ RunTime:0.000091s ]
INFO: [ app_begin ] --START--
INFO: Run Behavior\ReadHtmlCacheBehavior [ RunTime:0.002192s ]
INFO: [ app_begin ] --END-- [ RunTime:0.002235s ]

[ 2017-06-06T22:45:50+08:00 ] 127.0.0.1 /Admin/Login.html
INFO: [ app_init ] --START--
INFO: Run Behavior\BuildLiteBehavior [ RunTime:0.000008s ]
INFO: [ app_init ] --END-- [ RunTime:0.000064s ]
INFO: [ app_begin ] --START--
INFO: Run Behavior\ReadHtmlCacheBehavior [ RunTime:0.002099s ]
INFO: [ app_begin ] --END-- [ RunTime:0.002144s ]
SQL: SHOW COLUMNS FROM `user` [ RunTime:0.0106s ]
SQL: SELECT COUNT(*) AS tp_count FROM `user` WHERE `openid` = 'opG2iuKpCEvINNR7DZW4CLdy_jbA' LIMIT 1   [ RunTime:0.0054s ]
SQL: SHOW COLUMNS FROM `named_admin` [ RunTime:0.0072s ]
SQL: SELECT * FROM `named_admin` WHERE `id` = '144104144' LIMIT 1   [ RunTime:0.0003s ]

[ 2017-06-06T22:45:50+08:00 ] 127.0.0.1 /Admin/Index.html
INFO: [ app_init ] --START--
INFO: Run Behavior\BuildLiteBehavior [ RunTime:0.000007s ]
INFO: [ app_init ] --END-- [ RunTime:0.000052s ]
INFO: [ app_begin ] --START--
INFO: Run Behavior\ReadHtmlCacheBehavior [ RunTime:0.001481s ]
INFO: [ app_begin ] --END-- [ RunTime:0.001511s ]

[ 2017-06-06T22:45:50+08:00 ] 127.0.0.1 /Admin/Login.html
INFO: [ app_init ] --START--
INFO: Run Behavior\BuildLiteBehavior [ RunTime:0.000006s ]
INFO: [ app_init ] --END-- [ RunTime:0.000048s ]
INFO: [ app_begin ] --START--
INFO: Run Behavior\ReadHtmlCacheBehavior [ RunTime:0.001481s ]
INFO: [ app_begin ] --END-- [ RunTime:0.001507s ]
SQL: SHOW COLUMNS FROM `user` [ RunTime:0.0045s ]
SQL: SELECT COUNT(*) AS tp_count FROM `user` WHERE `openid` = 'opG2iuKpCEvINNR7DZW4CLdy_jbA' LIMIT 1   [ RunTime:0.0055s ]
SQL: SHOW COLUMNS FROM `named_admin` [ RunTime:0.0043s ]
SQL: SELECT * FROM `named_admin` WHERE `id` = '144104144' LIMIT 1   [ RunTime:0.0002s ]

[ 2017-06-06T22:45:50+08:00 ] 127.0.0.1 /Admin/Index.html
INFO: [ app_init ] --START--
INFO: Run Behavior\BuildLiteBehavior [ RunTime:0.000011s ]
INFO: [ app_init ] --END-- [ RunTime:0.000080s ]
INFO: [ app_begin ] --START--
INFO: Run Behavior\ReadHtmlCacheBehavior [ RunTime:0.001537s ]
INFO: [ app_begin ] --END-- [ RunTime:0.001569s ]

[ 2017-06-06T22:45:50+08:00 ] 127.0.0.1 /Admin/Login.html
INFO: [ app_init ] --START--
INFO: Run Behavior\BuildLiteBehavior [ RunTime:0.000007s ]
INFO: [ app_init ] --END-- [ RunTime:0.000048s ]
INFO: [ app_begin ] --START--
INFO: Run Behavior\ReadHtmlCacheBehavior [ RunTime:0.001429s ]
INFO: [ app_begin ] --END-- [ RunTime:0.001463s ]
SQL: SHOW COLUMNS FROM `user` [ RunTime:0.0045s ]
SQL: SELECT COUNT(*) AS tp_count FROM `user` WHERE `openid` = 'opG2iuKpCEvINNR7DZW4CLdy_jbA' LIMIT 1   [ RunTime:0.0058s ]
SQL: SHOW COLUMNS FROM `named_admin` [ RunTime:0.0053s ]
SQL: SELECT * FROM `named_admin` WHERE `id` = '144104144' LIMIT 1   [ RunTime:0.0002s ]

[ 2017-06-06T22:45:50+08:00 ] 127.0.0.1 /Admin/Index.html
INFO: [ app_init ] --START--
INFO: Run Behavior\BuildLiteBehavior [ RunTime:0.000009s ]
INFO: [ app_init ] --END-- [ RunTime:0.000075s ]
INFO: [ app_begin ] --START--
INFO: Run Behavior\ReadHtmlCacheBehavior [ RunTime:0.001558s ]
INFO: [ app_begin ] --END-- [ RunTime:0.001597s ]

[ 2017-06-06T22:45:51+08:00 ] 127.0.0.1 /Admin/Login.html
INFO: [ app_init ] --START--
INFO: Run Behavior\BuildLiteBehavior [ RunTime:0.000007s ]
INFO: [ app_init ] --END-- [ RunTime:0.000060s ]
INFO: [ app_begin ] --START--
INFO: Run Behavior\ReadHtmlCacheBehavior [ RunTime:0.001820s ]
INFO: [ app_begin ] --END-- [ RunTime:0.001860s ]
SQL: SHOW COLUMNS FROM `user` [ RunTime:0.0138s ]
SQL: SELECT COUNT(*) AS tp_count FROM `user` WHERE `openid` = 'opG2iuKpCEvINNR7DZW4CLdy_jbA' LIMIT 1   [ RunTime:0.0075s ]
SQL: SHOW COLUMNS FROM `named_admin` [ RunTime:0.0080s ]
SQL: SELECT * FROM `named_admin` WHERE `id` = '144104144' LIMIT 1   [ RunTime:0.0002s ]

[ 2017-06-06T22:45:51+08:00 ] 127.0.0.1 /Admin/Index.html
INFO: [ app_init ] --START--
INFO: Run Behavior\BuildLiteBehavior [ RunTime:0.000006s ]
INFO: [ app_init ] --END-- [ RunTime:0.000046s ]
INFO: [ app_begin ] --START--
INFO: Run Behavior\ReadHtmlCacheBehavior [ RunTime:0.001494s ]
INFO: [ app_begin ] --END-- [ RunTime:0.001525s ]

[ 2017-06-06T22:45:51+08:00 ] 127.0.0.1 /Admin/Login.html
INFO: [ app_init ] --START--
INFO: Run Behavior\BuildLiteBehavior [ RunTime:0.000012s ]
INFO: [ app_init ] --END-- [ RunTime:0.000093s ]
INFO: [ app_begin ] --START--
INFO: Run Behavior\ReadHtmlCacheBehavior [ RunTime:0.001502s ]
INFO: [ app_begin ] --END-- [ RunTime:0.001534s ]
SQL: SHOW COLUMNS FROM `user` [ RunTime:0.0045s ]
SQL: SELECT COUNT(*) AS tp_count FROM `user` WHERE `openid` = 'opG2iuKpCEvINNR7DZW4CLdy_jbA' LIMIT 1   [ RunTime:0.0057s ]
SQL: SHOW COLUMNS FROM `named_admin` [ RunTime:0.0048s ]
SQL: SELECT * FROM `named_admin` WHERE `id` = '144104144' LIMIT 1   [ RunTime:0.0002s ]

[ 2017-06-06T22:45:51+08:00 ] 127.0.0.1 /Admin/Index.html
INFO: [ app_init ] --START--
INFO: Run Behavior\BuildLiteBehavior [ RunTime:0.000009s ]
INFO: [ app_init ] --END-- [ RunTime:0.000072s ]
INFO: [ app_begin ] --START--
INFO: Run Behavior\ReadHtmlCacheBehavior [ RunTime:0.002206s ]
INFO: [ app_begin ] --END-- [ RunTime:0.002255s ]

[ 2017-06-06T22:45:51+08:00 ] 127.0.0.1 /Admin/Login.html
INFO: [ app_init ] --START--
INFO: Run Behavior\BuildLiteBehavior [ RunTime:0.000011s ]
INFO: [ app_init ] --END-- [ RunTime:0.000084s ]
INFO: [ app_begin ] --START--
INFO: Run Behavior\ReadHtmlCacheBehavior [ RunTime:0.001717s ]
INFO: [ app_begin ] --END-- [ RunTime:0.001767s ]
SQL: SHOW COLUMNS FROM `user` [ RunTime:0.0045s ]
SQL: SELECT COUNT(*) AS tp_count FROM `user` WHERE `openid` = 'opG2iuKpCEvINNR7DZW4CLdy_jbA' LIMIT 1   [ RunTime:0.0052s ]
SQL: SHOW COLUMNS FROM `named_admin` [ RunTime:0.0045s ]
SQL: SELECT * FROM `named_admin` WHERE `id` = '144104144' LIMIT 1   [ RunTime:0.0003s ]

[ 2017-06-06T22:45:51+08:00 ] 127.0.0.1 /Admin/Index.html
INFO: [ app_init ] --START--
INFO: Run Behavior\BuildLiteBehavior [ RunTime:0.000010s ]
INFO: [ app_init ] --END-- [ RunTime:0.000085s ]
INFO: [ app_begin ] --START--
INFO: Run Behavior\ReadHtmlCacheBehavior [ RunTime:0.001488s ]
INFO: [ app_begin ] --END-- [ RunTime:0.001522s ]

[ 2017-06-06T22:45:51+08:00 ] 127.0.0.1 /Admin/Login.html
INFO: [ app_init ] --START--
INFO: Run Behavior\BuildLiteBehavior [ RunTime:0.000010s ]
INFO: [ app_init ] --END-- [ RunTime:0.000085s ]
INFO: [ app_begin ] --START--
INFO: Run Behavior\ReadHtmlCacheBehavior [ RunTime:0.001470s ]
INFO: [ app_begin ] --END-- [ RunTime:0.001501s ]
SQL: SHOW COLUMNS FROM `user` [ RunTime:0.0048s ]
SQL: SELECT COUNT(*) AS tp_count FROM `user` WHERE `openid` = 'opG2iuKpCEvINNR7DZW4CLdy_jbA' LIMIT 1   [ RunTime:0.0061s ]
SQL: SHOW COLUMNS FROM `named_admin` [ RunTime:0.0047s ]
SQL: SELECT * FROM `named_admin` WHERE `id` = '144104144' LIMIT 1   [ RunTime:0.0002s ]

[ 2017-06-06T22:45:52+08:00 ] 127.0.0.1 /Admin/Index.html
INFO: [ app_init ] --START--
INFO: Run Behavior\BuildLiteBehavior [ RunTime:0.000009s ]
INFO: [ app_init ] --END-- [ RunTime:0.000079s ]
INFO: [ app_begin ] --START--
INFO: Run Behavior\ReadHtmlCacheBehavior [ RunTime:0.002787s ]
INFO: [ app_begin ] --END-- [ RunTime:0.002839s ]

[ 2017-06-06T22:45:52+08:00 ] 127.0.0.1 /Admin/Login.html
INFO: [ app_init ] --START--
INFO: Run Behavior\BuildLiteBehavior [ RunTime:0.000007s ]
INFO: [ app_init ] --END-- [ RunTime:0.000058s ]
INFO: [ app_begin ] --START--
INFO: Run Behavior\ReadHtmlCacheBehavior [ RunTime:0.001599s ]
INFO: [ app_begin ] --END-- [ RunTime:0.001642s ]
SQL: SHOW COLUMNS FROM `user` [ RunTime:0.0097s ]
SQL: SELECT COUNT(*) AS tp_count FROM `user` WHERE `openid` = 'opG2iuKpCEvINNR7DZW4CLdy_jbA' LIMIT 1   [ RunTime:0.0053s ]
SQL: SHOW COLUMNS FROM `named_admin` [ RunTime:0.0068s ]
SQL: SELECT * FROM `named_admin` WHERE `id` = '144104144' LIMIT 1   [ RunTime:0.0002s ]

[ 2017-06-06T22:45:52+08:00 ] 127.0.0.1 /Admin/Index.html
INFO: [ app_init ] --START--
INFO: Run Behavior\BuildLiteBehavior [ RunTime:0.000007s ]
INFO: [ app_init ] --END-- [ RunTime:0.000053s ]
INFO: [ app_begin ] --START--
INFO: Run Behavior\ReadHtmlCacheBehavior [ RunTime:0.001515s ]
INFO: [ app_begin ] --END-- [ RunTime:0.001543s ]

[ 2017-06-06T22:47:15+08:00 ] 127.0.0.1 /admin
INFO: [ app_init ] --START--
INFO: Run Behavior\BuildLiteBehavior [ RunTime:0.000010s ]
INFO: [ app_init ] --END-- [ RunTime:0.000087s ]
INFO: [ app_begin ] --START--
INFO: Run Behavior\ReadHtmlCacheBehavior [ RunTime:0.002083s ]
INFO: [ app_begin ] --END-- [ RunTime:0.002135s ]

[ 2017-06-06T22:47:15+08:00 ] 127.0.0.1 /Admin/Login.html
INFO: [ app_init ] --START--
INFO: Run Behavior\BuildLiteBehavior [ RunTime:0.000006s ]
INFO: [ app_init ] --END-- [ RunTime:0.000049s ]
INFO: [ app_begin ] --START--
INFO: Run Behavior\ReadHtmlCacheBehavior [ RunTime:0.001403s ]
INFO: [ app_begin ] --END-- [ RunTime:0.001429s ]
SQL: SHOW COLUMNS FROM `user` [ RunTime:0.0097s ]
SQL: SELECT COUNT(*) AS tp_count FROM `user` WHERE `openid` = 'opG2iuKpCEvINNR7DZW4CLdy_jbA' LIMIT 1   [ RunTime:0.0088s ]
SQL: SELECT `id`,`name`,`openid`,`class` FROM `user` WHERE `openid` = 'opG2iuKpCEvINNR7DZW4CLdy_jbA' LIMIT 1   [ RunTime:0.0022s ]
SQL: SHOW COLUMNS FROM `named_admin` [ RunTime:0.0070s ]
SQL: SELECT COUNT(*) AS tp_count FROM `named_admin` WHERE `id` = '144104144' LIMIT 1   [ RunTime:0.0003s ]

[ 2017-06-06T22:47:16+08:00 ] 127.0.0.1 /Admin/Index.html
INFO: [ app_init ] --START--
INFO: Run Behavior\BuildLiteBehavior [ RunTime:0.000010s ]
INFO: [ app_init ] --END-- [ RunTime:0.000133s ]
INFO: [ app_begin ] --START--
INFO: Run Behavior\ReadHtmlCacheBehavior [ RunTime:0.001465s ]
INFO: [ app_begin ] --END-- [ RunTime:0.001495s ]
INFO: [ view_parse ] --START--
INFO: [ template_filter ] --START--
INFO: Run Behavior\ContentReplaceBehavior [ RunTime:0.000028s ]
INFO: [ template_filter ] --END-- [ RunTime:0.000054s ]
NOTIC: [8] Undefined variable: uname G:\UPUPW_AP7.0\htdocs\Application\Runtime\Cache\Admin\b595b808c2ebeeeb0478ffc30bb4e87a.php 第 25 行.
INFO: Run Behavior\ParseTemplateBehavior [ RunTime:0.011018s ]
INFO: [ view_parse ] --END-- [ RunTime:0.011053s ]
INFO: [ view_filter ] --START--
INFO: Run Behavior\WriteHtmlCacheBehavior [ RunTime:0.001648s ]
INFO: [ view_filter ] --END-- [ RunTime:0.001696s ]
INFO: [ app_end ] --START--
INFO: Run Behavior\ShowPageTraceBehavior [ RunTime:0.001427s ]
INFO: [ app_end ] --END-- [ RunTime:0.001448s ]

[ 2017-06-06T22:47:30+08:00 ] 127.0.0.1 /Admin/exam.html
INFO: [ app_init ] --START--
INFO: Run Behavior\BuildLiteBehavior [ RunTime:0.000011s ]
INFO: [ app_init ] --END-- [ RunTime:0.000085s ]
INFO: [ app_begin ] --START--
INFO: Run Behavior\ReadHtmlCacheBehavior [ RunTime:0.001716s ]
INFO: [ app_begin ] --END-- [ RunTime:0.001761s ]
SQL: SHOW COLUMNS FROM `exam_menu` [ RunTime:0.0114s ]
SQL: SELECT * FROM `exam_menu`  [ RunTime:0.0002s ]
INFO: [ view_parse ] --START--
INFO: [ template_filter ] --START--
INFO: Run Behavior\ContentReplaceBehavior [ RunTime:0.000037s ]
INFO: [ template_filter ] --END-- [ RunTime:0.000066s ]
NOTIC: [8] Undefined variable: uname G:\UPUPW_AP7.0\htdocs\Application\Runtime\Cache\Admin\889d2a235c0f63765b6c6ab914fee77b.php 第 25 行.
INFO: Run Behavior\ParseTemplateBehavior [ RunTime:0.012083s ]
INFO: [ view_parse ] --END-- [ RunTime:0.012190s ]
INFO: [ view_filter ] --START--
INFO: Run Behavior\WriteHtmlCacheBehavior [ RunTime:0.002247s ]
INFO: [ view_filter ] --END-- [ RunTime:0.002298s ]
INFO: [ app_end ] --START--
INFO: Run Behavior\ShowPageTraceBehavior [ RunTime:0.004493s ]
INFO: [ app_end ] --END-- [ RunTime:0.004600s ]

